#
# There is insufficient memory for the Java Runtime Environment to continue.
# Native memory allocation (malloc) failed to allocate 60817408 bytes for committing reserved memory.
# Possible reasons:
#   The system is out of physical RAM or swap space
#   In 32 bit mode, the process size limit was hit
# Possible solutions:
#   Reduce memory load on the system
#   Increase physical memory or swap space
#   Check if swap backing store is full
#   Use 64 bit Java on a 64 bit OS
#   Decrease Java heap size (-Xmx/-Xms)
#   Decrease number of Java threads
#   Decrease Java thread stack sizes (-Xss)
#   Set larger code cache with -XX:ReservedCodeCacheSize=
# This output file may be truncated or incomplete.
#
#  Out of Memory Error (os_linux.cpp:2809), pid=7586, tid=139953298900736
#
# JRE version: OpenJDK Runtime Environment (7.0_79-b14) (build 1.7.0_79-b14)
# Java VM: OpenJDK 64-Bit Server VM (24.79-b02 mixed mode linux-amd64 compressed oops)
# Derivative: IcedTea 2.5.5
# Distribution: Ubuntu 14.04 LTS, package 7u79-2.5.5-0ubuntu0.14.04.2
# Failed to write core dump. Core dumps have been disabled. To enable core dumping, try "ulimit -c unlimited" before starting Java again
#

---------------  T H R E A D  ---------------

Current thread (0x00007f497407e000):  VMThread [stack: 0x00007f496a9a8000,0x00007f496aaa9000] [id=7600]

Stack: [0x00007f496a9a8000,0x00007f496aaa9000],  sp=0x00007f496aaa7490,  free space=1021k
Native frames: (J=compiled Java code, j=interpreted, Vv=VM code, C=native code)
V  [libjvm.so+0x94aec5]  VMError::report_and_die()+0x175
V  [libjvm.so+0x48b9c4]  report_vm_out_of_memory(char const*, int, unsigned long, char const*)+0x74
V  [libjvm.so+0x7c806b]  os::pd_commit_memory(char*, unsigned long, unsigned long, bool)+0xeb
V  [libjvm.so+0x7c2b0f]  os::commit_memory(char*, unsigned long, unsigned long, bool)+0x1f
V  [libjvm.so+0x83500b]  PSVirtualSpace::expand_by(unsigned long)+0x5b
V  [libjvm.so+0x835e60]  PSYoungGen::resize_generation(unsigned long, unsigned long)+0xb0
V  [libjvm.so+0x83654b]  PSYoungGen::resize(unsigned long, unsigned long)+0x1b
V  [libjvm.so+0x832830]  PSScavenge::invoke_no_policy()+0xde0
V  [libjvm.so+0x833008]  PSScavenge::invoke()+0x38
V  [libjvm.so+0x7e96f3]  ParallelScavengeHeap::failed_mem_allocate(unsigned long)+0x63
V  [libjvm.so+0x94c8c4]  VM_ParallelGCFailedAllocation::doit()+0x84
V  [libjvm.so+0x950dc7]  VM_Operation::evaluate()+0x47
V  [libjvm.so+0x94f738]  VMThread::evaluate_operation(VM_Operation*)+0x318
V  [libjvm.so+0x94fb99]  VMThread::loop()+0x219
V  [libjvm.so+0x94ffe2]  VMThread::run()+0x72
V  [libjvm.so+0x7c4f32]  java_start(Thread*)+0xf2

VM_Operation (0x00007f4953bd2300): ParallelGCFailedAllocation, mode: safepoint, requested by thread 0x00007f49742a1800


---------------  P R O C E S S  ---------------

Java Threads: ( => current thread )
  0x00007f497400a000 JavaThread "DestroyJavaVM" [_thread_blocked, id=7591, stack(0x00007f497c12d000,0x00007f497c22e000)]
  0x00007f49742a1800 JavaThread "AWT-EventQueue-0" [_thread_blocked, id=7612, stack(0x00007f4953ad5000,0x00007f4953bd6000)]
  0x00007f497429f800 JavaThread "AWT-Shutdown" [_thread_blocked, id=7611, stack(0x00007f4958002000,0x00007f4958103000)]
  0x00007f497429e800 JavaThread "Image Fetcher 0" daemon [_thread_blocked, id=7610, stack(0x00007f4958103000,0x00007f4958204000)]
  0x00007f497421a800 JavaThread "AWT-XAWT" daemon [_thread_in_native, id=7609, stack(0x00007f4958459000,0x00007f495855a000)]
  0x00007f49741f6000 JavaThread "Java2D Disposer" daemon [_thread_blocked, id=7608, stack(0x00007f495896a000,0x00007f4958a6b000)]
  0x00007f49740b7000 JavaThread "Service Thread" daemon [_thread_blocked, id=7606, stack(0x00007f496a0d9000,0x00007f496a1da000)]
  0x00007f49740b5000 JavaThread "C2 CompilerThread1" daemon [_thread_blocked, id=7605, stack(0x00007f496a1da000,0x00007f496a2db000)]
  0x00007f49740b2000 JavaThread "C2 CompilerThread0" daemon [_thread_blocked, id=7604, stack(0x00007f496a2db000,0x00007f496a3dc000)]
  0x00007f49740b0000 JavaThread "Signal Dispatcher" daemon [_thread_blocked, id=7603, stack(0x00007f496a3dc000,0x00007f496a4dd000)]
  0x00007f4974084800 JavaThread "Finalizer" daemon [_thread_blocked, id=7602, stack(0x00007f496a7a6000,0x00007f496a8a7000)]
  0x00007f4974082800 JavaThread "Reference Handler" daemon [_thread_blocked, id=7601, stack(0x00007f496a8a7000,0x00007f496a9a8000)]

Other Threads:
=>0x00007f497407e000 VMThread [stack: 0x00007f496a9a8000,0x00007f496aaa9000] [id=7600]
  0x00007f49740c2000 WatcherThread [stack: 0x00007f4969fd8000,0x00007f496a0d9000] [id=7607]

VM state:at safepoint (normal execution)

VM Mutex/Monitor currently owned by a thread:  ([mutex/lock_event])
[0x00007f4974006360] Threads_lock - owner thread: 0x00007f497407e000
[0x00007f4974006860] Heap_lock - owner thread: 0x00007f49742a1800

Heap
 PSYoungGen      total 69632K, used 2290K [0x00000007d6d00000, 0x00000007db600000, 0x0000000800000000)
  eden space 64512K, 0% used [0x00000007d6d00000,0x00000007d6d00000,0x00000007dac00000)
  from space 5120K, 44% used [0x00000007dac00000,0x00000007dae3c820,0x00000007db100000)
  to   space 5120K, 0% used [0x00000007db100000,0x00000007db100000,0x00000007db600000)
 ParOldGen       total 83968K, used 24K [0x0000000784800000, 0x0000000789a00000, 0x00000007d6d00000)
  object space 83968K, 0% used [0x0000000784800000,0x0000000784806000,0x0000000789a00000)
 PSPermGen       total 21504K, used 11133K [0x000000077a200000, 0x000000077b700000, 0x0000000784800000)
  object space 21504K, 51% used [0x000000077a200000,0x000000077acdf458,0x000000077b700000)

Card table byte_map: [0x00007f4978944000,0x00007f4978d74000] byte_map_base: 0x00007f4974d73000

Polling page: 0x00007f497c251000

Code Cache  [0x00007f4971000000, 0x00007f4971270000, 0x00007f4974000000)
 total_blobs=593 nmethods=128 adapters=418 free_code_cache=48328Kb largest_free_block=49458176

Compilation events (10 events):
Event: 3.338 Thread 0x00007f49740b2000 nmethod 124 0x00007f49710cc490 code [0x00007f49710cc5e0, 0x00007f49710cc688]
Event: 3.338 Thread 0x00007f49740b2000  125             Move::getX (5 bytes)
Event: 3.338 Thread 0x00007f49740b2000 nmethod 125 0x00007f49710c4350 code [0x00007f49710c4480, 0x00007f49710c44d8]
Event: 3.338 Thread 0x00007f49740b2000  126             Move::getY (5 bytes)
Event: 3.339 Thread 0x00007f49740b2000 nmethod 126 0x00007f49710cc290 code [0x00007f49710cc3c0, 0x00007f49710cc418]
Event: 3.339 Thread 0x00007f49740b2000  127             Move::getNewX (5 bytes)
Event: 3.339 Thread 0x00007f49740b2000 nmethod 127 0x00007f49710cc050 code [0x00007f49710cc180, 0x00007f49710cc1d8]
Event: 3.339 Thread 0x00007f49740b2000  128             Move::getNewY (5 bytes)
Event: 3.339 Thread 0x00007f49740b2000 nmethod 128 0x00007f49710ce6d0 code [0x00007f49710ce800, 0x00007f49710ce858]
Event: 3.347 Thread 0x00007f49740b5000 nmethod 120 0x00007f49710d28d0 code [0x00007f49710d2bc0, 0x00007f49710d3d60]

GC Heap History (9 events):
Event: 3.304 GC heap before
{Heap before GC invocations=1 (full 0):
 PSYoungGen      total 37376K, used 32256K [0x00000007d6d00000, 0x00000007d9680000, 0x0000000800000000)
  eden space 32256K, 100% used [0x00000007d6d00000,0x00000007d8c80000,0x00000007d8c80000)
  from space 5120K, 0% used [0x00000007d9180000,0x00000007d9180000,0x00000007d9680000)
  to   space 5120K, 0% used [0x00000007d8c80000,0x00000007d8c80000,0x00000007d9180000)
 ParOldGen       total 83968K, used 0K [0x0000000784800000, 0x0000000789a00000, 0x00000007d6d00000)
  object space 83968K, 0% used [0x0000000784800000,0x0000000784800000,0x0000000789a00000)
 PSPermGen       total 21504K, used 11130K [0x000000077a200000, 0x000000077b700000, 0x0000000784800000)
  object space 21504K, 51% used [0x000000077a200000,0x000000077acdeb18,0x000000077b700000)
Event: 3.310 GC heap after
Heap after GC invocations=1 (full 0):
 PSYoungGen      total 37376K, used 2400K [0x00000007d6d00000, 0x00000007d9680000, 0x0000000800000000)
  eden space 32256K, 0% used [0x00000007d6d00000,0x00000007d6d00000,0x00000007d8c80000)
  from space 5120K, 46% used [0x00000007d8c80000,0x00000007d8ed8020,0x00000007d9180000)
  to   space 5120K, 0% used [0x00000007d9180000,0x00000007d9180000,0x00000007d9680000)
 ParOldGen       total 83968K, used 8K [0x0000000784800000, 0x0000000789a00000, 0x00000007d6d00000)
  object space 83968K, 0% used [0x0000000784800000,0x0000000784802000,0x0000000789a00000)
 PSPermGen       total 21504K, used 11130K [0x000000077a200000, 0x000000077b700000, 0x0000000784800000)
  object space 21504K, 51% used [0x000000077a200000,0x000000077acdeb18,0x000000077b700000)
}
Event: 3.349 GC heap before
{Heap before GC invocations=2 (full 0):
 PSYoungGen      total 37376K, used 34656K [0x00000007d6d00000, 0x00000007d9680000, 0x0000000800000000)
  eden space 32256K, 100% used [0x00000007d6d00000,0x00000007d8c80000,0x00000007d8c80000)
  from space 5120K, 46% used [0x00000007d8c80000,0x00000007d8ed8020,0x00000007d9180000)
  to   space 5120K, 0% used [0x00000007d9180000,0x00000007d9180000,0x00000007d9680000)
 ParOldGen       total 83968K, used 8K [0x0000000784800000, 0x0000000789a00000, 0x00000007d6d00000)
  object space 83968K, 0% used [0x0000000784800000,0x0000000784802000,0x0000000789a00000)
 PSPermGen       total 21504K, used 11130K [0x000000077a200000, 0x000000077b700000, 0x0000000784800000)
  object space 21504K, 51% used [0x000000077a200000,0x000000077acdebd0,0x000000077b700000)
Event: 3.354 GC heap after
Heap after GC invocations=2 (full 0):
 PSYoungGen      total 37376K, used 2288K [0x00000007d6d00000, 0x00000007db600000, 0x0000000800000000)
  eden space 32256K, 0% used [0x00000007d6d00000,0x00000007d6d00000,0x00000007d8c80000)
  from space 5120K, 44% used [0x00000007d9180000,0x00000007d93bc010,0x00000007d9680000)
  to   space 5120K, 0% used [0x00000007d8c80000,0x00000007d8c80000,0x00000007d9180000)
 ParOldGen       total 83968K, used 8K [0x0000000784800000, 0x0000000789a00000, 0x00000007d6d00000)
  object space 83968K, 0% used [0x0000000784800000,0x0000000784802000,0x0000000789a00000)
 PSPermGen       total 21504K, used 11130K [0x000000077a200000, 0x000000077b700000, 0x0000000784800000)
  object space 21504K, 51% used [0x000000077a200000,0x000000077acdebd0,0x000000077b700000)
}
Event: 3.387 GC heap before
{Heap before GC invocations=3 (full 0):
 PSYoungGen      total 37376K, used 34544K [0x00000007d6d00000, 0x00000007db600000, 0x0000000800000000)
  eden space 32256K, 100% used [0x00000007d6d00000,0x00000007d8c80000,0x00000007d8c80000)
  from space 5120K, 44% used [0x00000007d9180000,0x00000007d93bc010,0x00000007d9680000)
  to   space 5120K, 0% used [0x00000007d8c80000,0x00000007d8c80000,0x00000007d9180000)
 ParOldGen       total 83968K, used 8K [0x0000000784800000, 0x0000000789a00000, 0x00000007d6d00000)
  object space 83968K, 0% used [0x0000000784800000,0x0000000784802000,0x0000000789a00000)
 PSPermGen       total 21504K, used 11131K [0x000000077a200000, 0x000000077b700000, 0x0000000784800000)
  object space 21504K, 51% used [0x000000077a200000,0x000000077acded58,0x000000077b700000)
Event: 3.390 GC heap after
Heap after GC invocations=3 (full 0):
 PSYoungGen      total 37376K, used 2242K [0x00000007d6d00000, 0x00000007db600000, 0x0000000800000000)
  eden space 32256K, 0% used [0x00000007d6d00000,0x00000007d6d00000,0x00000007d8c80000)
  from space 5120K, 43% used [0x00000007d8c80000,0x00000007d8eb0830,0x00000007d9180000)
  to   space 5120K, 0% used [0x00000007db100000,0x00000007db100000,0x00000007db600000)
 ParOldGen       total 83968K, used 16K [0x0000000784800000, 0x0000000789a00000, 0x00000007d6d00000)
  object space 83968K, 0% used [0x0000000784800000,0x0000000784804000,0x0000000789a00000)
 PSPermGen       total 21504K, used 11131K [0x000000077a200000, 0x000000077b700000, 0x0000000784800000)
  object space 21504K, 51% used [0x000000077a200000,0x000000077acded58,0x000000077b700000)
}
Event: 3.423 GC heap before
{Heap before GC invocations=4 (full 0):
 PSYoungGen      total 37376K, used 34498K [0x00000007d6d00000, 0x00000007db600000, 0x0000000800000000)
  eden space 32256K, 100% used [0x00000007d6d00000,0x00000007d8c80000,0x00000007d8c80000)
  from space 5120K, 43% used [0x00000007d8c80000,0x00000007d8eb0830,0x00000007d9180000)
  to   space 5120K, 0% used [0x00000007db100000,0x00000007db100000,0x00000007db600000)
 ParOldGen       total 83968K, used 16K [0x0000000784800000, 0x0000000789a00000, 0x00000007d6d00000)
  object space 83968K, 0% used [0x0000000784800000,0x0000000784804000,0x0000000789a00000)
 PSPermGen       total 21504K, used 11133K [0x000000077a200000, 0x000000077b700000, 0x0000000784800000)
  object space 21504K, 51% used [0x000000077a200000,0x000000077acdf458,0x000000077b700000)
Event: 3.437 GC heap after
Heap after GC invocations=4 (full 0):
 PSYoungGen      total 69632K, used 2322K [0x00000007d6d00000, 0x00000007db600000, 0x0000000800000000)
  eden space 64512K, 0% used [0x00000007d6d00000,0x00000007d6d00000,0x00000007dac00000)
  from space 5120K, 45% used [0x00000007db100000,0x00000007db344840,0x00000007db600000)
  to   space 5120K, 0% used [0x00000007dac00000,0x00000007dac00000,0x00000007db100000)
 ParOldGen       total 83968K, used 24K [0x0000000784800000, 0x0000000789a00000, 0x00000007d6d00000)
  object space 83968K, 0% used [0x0000000784800000,0x0000000784806000,0x0000000789a00000)
 PSPermGen       total 21504K, used 11133K [0x000000077a200000, 0x000000077b700000, 0x0000000784800000)
  object space 21504K, 51% used [0x000000077a200000,0x000000077acdf458,0x000000077b700000)
}
Event: 3.516 GC heap before
{Heap before GC invocations=5 (full 0):
 PSYoungGen      total 69632K, used 66834K [0x00000007d6d00000, 0x00000007db600000, 0x0000000800000000)
  eden space 64512K, 100% used [0x00000007d6d00000,0x00000007dac00000,0x00000007dac00000)
  from space 5120K, 45% used [0x00000007db100000,0x00000007db344840,0x00000007db600000)
  to   space 5120K, 0% used [0x00000007dac00000,0x00000007dac00000,0x00000007db100000)
 ParOldGen       total 83968K, used 24K [0x0000000784800000, 0x0000000789a00000, 0x00000007d6d00000)
  object space 83968K, 0% used [0x0000000784800000,0x0000000784806000,0x0000000789a00000)
 PSPermGen       total 21504K, used 11133K [0x000000077a200000, 0x000000077b700000, 0x0000000784800000)
  object space 21504K, 51% used [0x000000077a200000,0x000000077acdf458,0x000000077b700000)

Deoptimization events (5 events):
Event: 0.323 Thread 0x00007f497400a000 Uncommon trap: reason=class_check action=maybe_recompile pc=0x00007f497107d804 method=java.util.Properties$LineReader.readLine()I @ 62
Event: 0.324 Thread 0x00007f497400a000 Uncommon trap: reason=class_check action=maybe_recompile pc=0x00007f497107d804 method=java.util.Properties$LineReader.readLine()I @ 62
Event: 0.676 Thread 0x00007f497400a000 Uncommon trap: reason=unloaded action=reinterpret pc=0x00007f49710976ac method=java.lang.CharacterData.of(I)Ljava/lang/CharacterData; @ 96
Event: 2.544 Thread 0x00007f497429e800 Uncommon trap: reason=range_check action=make_not_entrant pc=0x00007f497108ba24 method=java.awt.image.DirectColorModel.setFields()V @ 65
Event: 3.228 Thread 0x00007f49742a1800 Uncommon trap: reason=unreached action=reinterpret pc=0x00007f49710aaa94 method=java.awt.Component.isDisplayable()Z @ 4

Internal exceptions (10 events):
Event: 0.207 Thread 0x00007f497400a000 Threw 0x00000007d6d9fca8 at /build/buildd/openjdk-7-7u79-2.5.5/build/openjdk/hotspot/src/share/vm/prims/jvm.cpp:1284
Event: 0.207 Thread 0x00007f497400a000 Threw 0x00000007d6d9fdd0 at /build/buildd/openjdk-7-7u79-2.5.5/build/openjdk/hotspot/src/share/vm/prims/jvm.cpp:1284
Event: 0.280 Thread 0x00007f497400a000 Threw 0x00000007d6ecf030 at /build/buildd/openjdk-7-7u79-2.5.5/build/openjdk/hotspot/src/share/vm/prims/jvm.cpp:1284
Event: 0.281 Thread 0x00007f497400a000 Threw 0x00000007d6ed2650 at /build/buildd/openjdk-7-7u79-2.5.5/build/openjdk/hotspot/src/share/vm/prims/jvm.cpp:1284
Event: 0.345 Thread 0x00007f497400a000 Threw 0x00000007d706df80 at /build/buildd/openjdk-7-7u79-2.5.5/build/openjdk/hotspot/src/share/vm/prims/jvm.cpp:1284
Event: 0.346 Thread 0x00007f497400a000 Threw 0x00000007d706fb50 at /build/buildd/openjdk-7-7u79-2.5.5/build/openjdk/hotspot/src/share/vm/prims/jvm.cpp:1284
Event: 0.346 Thread 0x00007f497400a000 Threw 0x00000007d70732f0 at /build/buildd/openjdk-7-7u79-2.5.5/build/openjdk/hotspot/src/share/vm/prims/jvm.cpp:1284
Event: 0.393 Thread 0x00007f497400a000 Threw 0x00000007d70ba8f0 at /build/buildd/openjdk-7-7u79-2.5.5/build/openjdk/hotspot/src/share/vm/prims/jvm.cpp:1284
Event: 0.870 Thread 0x00007f49742a1800 Threw 0x00000007d71b2770 at /build/buildd/openjdk-7-7u79-2.5.5/build/openjdk/hotspot/src/share/vm/prims/jni.cpp:747
Event: 3.249 Thread 0x00007f49742a1800 Threw 0x00000007d7962a40 at /build/buildd/openjdk-7-7u79-2.5.5/build/openjdk/hotspot/src/share/vm/prims/jvm.cpp:1284

Events (10 events):
Event: 3.249 loading class 0x00007f4920035fd0 done
Event: 3.303 Executing VM operation: ParallelGCFailedAllocation
Event: 3.310 Executing VM operation: ParallelGCFailedAllocation done
Event: 3.349 Executing VM operation: ParallelGCFailedAllocation
Event: 3.354 Executing VM operation: ParallelGCFailedAllocation done
Event: 3.387 Executing VM operation: ParallelGCFailedAllocation
Event: 3.390 Executing VM operation: ParallelGCFailedAllocation done
Event: 3.423 Executing VM operation: ParallelGCFailedAllocation
Event: 3.437 Executing VM operation: ParallelGCFailedAllocation done
Event: 3.516 Executing VM operation: ParallelGCFailedAllocation


Dynamic libraries:
00400000-00401000 r-xp 00000000 08:04 548117                             /usr/lib/jvm/java-7-openjdk-amd64/jre/bin/java
00600000-00601000 r--p 00000000 08:04 548117                             /usr/lib/jvm/java-7-openjdk-amd64/jre/bin/java
00601000-00602000 rw-p 00001000 08:04 548117                             /usr/lib/jvm/java-7-openjdk-amd64/jre/bin/java
00687000-006a8000 rw-p 00000000 00:00 0                                  [heap]
77a200000-77b700000 rw-p 00000000 00:00 0 
77b700000-784800000 rw-p 00000000 00:00 0 
784800000-789a00000 rw-p 00000000 00:00 0 
789a00000-7d6d00000 rw-p 00000000 00:00 0 
7d6d00000-7db600000 rw-p 00000000 00:00 0 
7df000000-800000000 rw-p 00000000 00:00 0 
7f4900000000-7f49001a3000 rw-p 00000000 00:00 0 
7f49001a3000-7f4904000000 ---p 00000000 00:00 0 
7f4908000000-7f4908059000 rw-p 00000000 00:00 0 
7f4908059000-7f490c000000 ---p 00000000 00:00 0 
7f490c000000-7f490c021000 rw-p 00000000 00:00 0 
7f490c021000-7f4910000000 ---p 00000000 00:00 0 
7f4910000000-7f4910021000 rw-p 00000000 00:00 0 
7f4910021000-7f4914000000 ---p 00000000 00:00 0 
7f4914000000-7f491402c000 rw-p 00000000 00:00 0 
7f491402c000-7f4918000000 ---p 00000000 00:00 0 
7f4918000000-7f4918021000 rw-p 00000000 00:00 0 
7f4918021000-7f491c000000 ---p 00000000 00:00 0 
7f491c000000-7f491c021000 rw-p 00000000 00:00 0 
7f491c021000-7f4920000000 ---p 00000000 00:00 0 
7f4920000000-7f4920705000 rw-p 00000000 00:00 0 
7f4920705000-7f4924000000 ---p 00000000 00:00 0 
7f4924000000-7f4924561000 rw-p 00000000 00:00 0 
7f4924561000-7f4928000000 ---p 00000000 00:00 0 
7f4928000000-7f4928021000 rw-p 00000000 00:00 0 
7f4928021000-7f492c000000 ---p 00000000 00:00 0 
7f492c000000-7f492c021000 rw-p 00000000 00:00 0 
7f492c021000-7f4930000000 ---p 00000000 00:00 0 
7f4930000000-7f4930021000 rw-p 00000000 00:00 0 
7f4930021000-7f4934000000 ---p 00000000 00:00 0 
7f4937d10000-7f493c000000 rw-p 00000000 00:00 0 
7f493c000000-7f493c021000 rw-p 00000000 00:00 0 
7f493c021000-7f4940000000 ---p 00000000 00:00 0 
7f4940000000-7f4940021000 rw-p 00000000 00:00 0 
7f4940021000-7f4944000000 ---p 00000000 00:00 0 
7f4944000000-7f4944021000 rw-p 00000000 00:00 0 
7f4944021000-7f4948000000 ---p 00000000 00:00 0 
7f494c000000-7f494c021000 rw-p 00000000 00:00 0 
7f494c021000-7f4950000000 ---p 00000000 00:00 0 
7f495360e000-7f495376f000 rw-p 00000000 00:00 0 
7f495376f000-7f4953773000 rw-s 00000000 00:05 10420260                   /SYSV00000000 (deleted)
7f49538ca000-7f49539a3000 rw-p 00000000 00:00 0 
7f49539a3000-7f49539ae000 r--s 00000000 08:04 421260                     /var/cache/fontconfig/945677eb7aeaf62f1d50efc3fb3ec7d8-le64.cache-4
7f49539ae000-7f49539b4000 r--s 00000000 08:04 421245                     /var/cache/fontconfig/2cd17615ca594fa2959ae173292e504c-le64.cache-4
7f49539b4000-7f49539bb000 r--s 00000000 08:04 421264                     /var/cache/fontconfig/a755afe4a08bf5b97852ceb7400b47bc-le64.cache-4
7f49539bb000-7f49539c7000 r--s 00000000 08:04 421255                     /var/cache/fontconfig/6d41288fd70b0be22e8c3a91e032eec0-le64.cache-4
7f49539c7000-7f49539db000 r--s 00000000 08:04 421239                     /var/cache/fontconfig/04aabc0a78ac019cf9454389977116d2-le64.cache-4
7f49539db000-7f49539df000 r--s 00000000 08:04 421248                     /var/cache/fontconfig/385c0604a188198f04d133e54aba7fe7-le64.cache-4
7f49539df000-7f49539f1000 r--s 00000000 08:04 421240                     /var/cache/fontconfig/0bd3dc0958fa2205aaaa8ebb13e2872b-le64.cache-4
7f49539f1000-7f49539f6000 r--s 00000000 08:04 421259                     /var/cache/fontconfig/8801497958630a81b71ace7c5f9b32a8-le64.cache-4
7f49539f6000-7f49539fd000 r--s 00000000 08:04 421246                     /var/cache/fontconfig/3047814df9a2f067bd2d96a2b9c36e5a-le64.cache-4
7f49539fd000-7f4953a03000 r--s 00000000 08:04 421265                     /var/cache/fontconfig/b47c4e1ecd0709278f4910c18777a504-le64.cache-4
7f4953a03000-7f4953a16000 r--s 00000000 08:04 421271                     /var/cache/fontconfig/d52a8644073d54c13679302ca1180695-le64.cache-4
7f4953a16000-7f4953a1f000 r--s 00000000 08:04 421249                     /var/cache/fontconfig/3f7329c5293ffd510edef78f73874cfd-le64.cache-4
7f4953ad5000-7f4953ad8000 ---p 00000000 00:00 0 
7f4953ad8000-7f4953bd6000 rw-p 00000000 00:00 0                          [stack:7612]
7f4953bd6000-7f4953be6000 r-xp 00000000 08:04 548168                     /usr/lib/jvm/java-7-openjdk-amd64/jre/lib/amd64/libnio.so
7f4953be6000-7f4953de6000 ---p 00010000 08:04 548168                     /usr/lib/jvm/java-7-openjdk-amd64/jre/lib/amd64/libnio.so
7f4953de6000-7f4953de7000 r--p 00010000 08:04 548168                     /usr/lib/jvm/java-7-openjdk-amd64/jre/lib/amd64/libnio.so
7f4953de7000-7f4953de8000 rw-p 00011000 08:04 548168                     /usr/lib/jvm/java-7-openjdk-amd64/jre/lib/amd64/libnio.so
7f4953de8000-7f4953dff000 r-xp 00000000 08:04 548181                     /usr/lib/jvm/java-7-openjdk-amd64/jre/lib/amd64/libnet.so
7f4953dff000-7f4953ffe000 ---p 00017000 08:04 548181                     /usr/lib/jvm/java-7-openjdk-amd64/jre/lib/amd64/libnet.so
7f4953ffe000-7f4953fff000 r--p 00016000 08:04 548181                     /usr/lib/jvm/java-7-openjdk-amd64/jre/lib/amd64/libnet.so
7f4953fff000-7f4954000000 rw-p 00017000 08:04 548181                     /usr/lib/jvm/java-7-openjdk-amd64/jre/lib/amd64/libnet.so
7f4954000000-7f4954021000 rw-p 00000000 00:00 0 
7f4954021000-7f4958000000 ---p 00000000 00:00 0 
7f4958002000-7f4958005000 ---p 00000000 00:00 0 
7f4958005000-7f4958103000 rw-p 00000000 00:00 0                          [stack:7611]
7f4958103000-7f4958106000 ---p 00000000 00:00 0 
7f4958106000-7f4958204000 rw-p 00000000 00:00 0                          [stack:7610]
7f4958204000-7f4958256000 r-xp 00000000 08:04 548170                     /usr/lib/jvm/java-7-openjdk-amd64/jre/lib/amd64/libfontmanager.so
7f4958256000-7f4958455000 ---p 00052000 08:04 548170                     /usr/lib/jvm/java-7-openjdk-amd64/jre/lib/amd64/libfontmanager.so
7f4958455000-7f4958458000 r--p 00051000 08:04 548170                     /usr/lib/jvm/java-7-openjdk-amd64/jre/lib/amd64/libfontmanager.so
7f4958458000-7f4958459000 rw-p 00054000 08:04 548170                     /usr/lib/jvm/java-7-openjdk-amd64/jre/lib/amd64/libfontmanager.so
7f4958459000-7f495845c000 ---p 00000000 00:00 0 
7f495845c000-7f495855a000 rw-p 00000000 00:00 0                          [stack:7609]
7f495855a000-7f495855f000 r-xp 00000000 08:04 547643                     /usr/lib/x86_64-linux-gnu/libXfixes.so.3.1.0
7f495855f000-7f495875e000 ---p 00005000 08:04 547643                     /usr/lib/x86_64-linux-gnu/libXfixes.so.3.1.0
7f495875e000-7f495875f000 r--p 00004000 08:04 547643                     /usr/lib/x86_64-linux-gnu/libXfixes.so.3.1.0
7f495875f000-7f4958760000 rw-p 00005000 08:04 547643                     /usr/lib/x86_64-linux-gnu/libXfixes.so.3.1.0
7f4958760000-7f4958769000 r-xp 00000000 08:04 537115                     /usr/lib/x86_64-linux-gnu/libXcursor.so.1.0.2
7f4958769000-7f4958968000 ---p 00009000 08:04 537115                     /usr/lib/x86_64-linux-gnu/libXcursor.so.1.0.2
7f4958968000-7f4958969000 r--p 00008000 08:04 537115                     /usr/lib/x86_64-linux-gnu/libXcursor.so.1.0.2
7f4958969000-7f495896a000 rw-p 00009000 08:04 537115                     /usr/lib/x86_64-linux-gnu/libXcursor.so.1.0.2
7f495896a000-7f495896d000 ---p 00000000 00:00 0 
7f495896d000-7f4958a6b000 rw-p 00000000 00:00 0                          [stack:7608]
7f4958a6b000-7f4958a6f000 r-xp 00000000 08:04 4914                       /lib/x86_64-linux-gnu/libgpg-error.so.0.10.0
7f4958a6f000-7f4958c6e000 ---p 00004000 08:04 4914                       /lib/x86_64-linux-gnu/libgpg-error.so.0.10.0
7f4958c6e000-7f4958c6f000 r--p 00003000 08:04 4914                       /lib/x86_64-linux-gnu/libgpg-error.so.0.10.0
7f4958c6f000-7f4958c70000 rw-p 00004000 08:04 4914                       /lib/x86_64-linux-gnu/libgpg-error.so.0.10.0
7f4958c70000-7f4958c72000 r-xp 00000000 08:04 4924                       /lib/x86_64-linux-gnu/libkeyutils.so.1.4
7f4958c72000-7f4958e72000 ---p 00002000 08:04 4924                       /lib/x86_64-linux-gnu/libkeyutils.so.1.4
7f4958e72000-7f4958e73000 r--p 00002000 08:04 4924                       /lib/x86_64-linux-gnu/libkeyutils.so.1.4
7f4958e73000-7f4958e74000 rw-p 00003000 08:04 4924                       /lib/x86_64-linux-gnu/libkeyutils.so.1.4
7f4958e74000-7f4958eb1000 r-xp 00000000 08:04 4985                       /lib/x86_64-linux-gnu/libpcre.so.3.13.1
7f4958eb1000-7f49590b0000 ---p 0003d000 08:04 4985                       /lib/x86_64-linux-gnu/libpcre.so.3.13.1
7f49590b0000-7f49590b1000 r--p 0003c000 08:04 4985                       /lib/x86_64-linux-gnu/libpcre.so.3.13.1
7f49590b1000-7f49590b2000 rw-p 0003d000 08:04 4985                       /lib/x86_64-linux-gnu/libpcre.so.3.13.1
7f49590b2000-7f49590d7000 r-xp 00000000 08:04 4997                       /lib/x86_64-linux-gnu/libpng12.so.0.50.0
7f49590d7000-7f49592d6000 ---p 00025000 08:04 4997                       /lib/x86_64-linux-gnu/libpng12.so.0.50.0
7f49592d6000-7f49592d7000 r--p 00024000 08:04 4997                       /lib/x86_64-linux-gnu/libpng12.so.0.50.0
7f49592d7000-7f49592d8000 rw-p 00025000 08:04 4997                       /lib/x86_64-linux-gnu/libpng12.so.0.50.0
7f49592d8000-7f495931c000 r-xp 00000000 08:04 1028                       /lib/x86_64-linux-gnu/libdbus-1.so.3.7.6
7f495931c000-7f495951b000 ---p 00044000 08:04 1028                       /lib/x86_64-linux-gnu/libdbus-1.so.3.7.6
7f495951b000-7f495951c000 r--p 00043000 08:04 1028                       /lib/x86_64-linux-gnu/libdbus-1.so.3.7.6
7f495951c000-7f495951d000 rw-p 00044000 08:04 1028                       /lib/x86_64-linux-gnu/libdbus-1.so.3.7.6
7f495951d000-7f4959558000 r-xp 00000000 08:04 537963                     /usr/lib/x86_64-linux-gnu/libp11-kit.so.0.0.0
7f4959558000-7f4959757000 ---p 0003b000 08:04 537963                     /usr/lib/x86_64-linux-gnu/libp11-kit.so.0.0.0
7f4959757000-7f495975d000 r--p 0003a000 08:04 537963                     /usr/lib/x86_64-linux-gnu/libp11-kit.so.0.0.0
7f495975d000-7f495975f000 rw-p 00040000 08:04 537963                     /usr/lib/x86_64-linux-gnu/libp11-kit.so.0.0.0
7f495975f000-7f4959771000 r-xp 00000000 08:04 547318                     /usr/lib/x86_64-linux-gnu/libtasn1.so.6.2.0
7f4959771000-7f4959971000 ---p 00012000 08:04 547318                     /usr/lib/x86_64-linux-gnu/libtasn1.so.6.2.0
7f4959971000-7f4959972000 r--p 00012000 08:04 547318                     /usr/lib/x86_64-linux-gnu/libtasn1.so.6.2.0
7f4959972000-7f4959973000 rw-p 00013000 08:04 547318                     /usr/lib/x86_64-linux-gnu/libtasn1.so.6.2.0
7f4959973000-7f49599ef000 r-xp 00000000 08:04 5260                       /lib/x86_64-linux-gnu/libgcrypt.so.11.8.2
7f49599ef000-7f4959bef000 ---p 0007c000 08:04 5260                       /lib/x86_64-linux-gnu/libgcrypt.so.11.8.2
7f4959bef000-7f4959bf0000 r--p 0007c000 08:04 5260                       /lib/x86_64-linux-gnu/libgcrypt.so.11.8.2
7f4959bf0000-7f4959bf3000 rw-p 0007d000 08:04 5260                       /lib/x86_64-linux-gnu/libgcrypt.so.11.8.2
7f4959bf3000-7f4959bfd000 r-xp 00000000 08:04 547406                     /usr/lib/x86_64-linux-gnu/libkrb5support.so.0.1
7f4959bfd000-7f4959dfc000 ---p 0000a000 08:04 547406                     /usr/lib/x86_64-linux-gnu/libkrb5support.so.0.1
7f4959dfc000-7f4959dfd000 r--p 00009000 08:04 547406                     /usr/lib/x86_64-linux-gnu/libkrb5support.so.0.1
7f4959dfd000-7f4959dfe000 rw-p 0000a000 08:04 547406                     /usr/lib/x86_64-linux-gnu/libkrb5support.so.0.1
7f4959dfe000-7f4959e01000 r-xp 00000000 08:04 4872                       /lib/x86_64-linux-gnu/libcom_err.so.2.1
7f4959e01000-7f495a000000 ---p 00003000 08:04 4872                       /lib/x86_64-linux-gnu/libcom_err.so.2.1
7f495a000000-7f495a001000 r--p 00002000 08:04 4872                       /lib/x86_64-linux-gnu/libcom_err.so.2.1
7f495a001000-7f495a002000 rw-p 00003000 08:04 4872                       /lib/x86_64-linux-gnu/libcom_err.so.2.1
7f495a002000-7f495a02e000 r-xp 00000000 08:04 547383                     /usr/lib/x86_64-linux-gnu/libk5crypto.so.3.1
7f495a02e000-7f495a22d000 ---p 0002c000 08:04 547383                     /usr/lib/x86_64-linux-gnu/libk5crypto.so.3.1
7f495a22d000-7f495a22f000 r--p 0002b000 08:04 547383                     /usr/lib/x86_64-linux-gnu/libk5crypto.so.3.1
7f495a22f000-7f495a230000 rw-p 0002d000 08:04 547383                     /usr/lib/x86_64-linux-gnu/libk5crypto.so.3.1
7f495a230000-7f495a231000 rw-p 00000000 00:00 0 
7f495a231000-7f495a2ed000 r-xp 00000000 08:04 534533                     /usr/lib/x86_64-linux-gnu/libkrb5.so.3.3
7f495a2ed000-7f495a4ed000 ---p 000bc000 08:04 534533                     /usr/lib/x86_64-linux-gnu/libkrb5.so.3.3
7f495a4ed000-7f495a4fa000 r--p 000bc000 08:04 534533                     /usr/lib/x86_64-linux-gnu/libkrb5.so.3.3
7f495a4fa000-7f495a4fc000 rw-p 000c9000 08:04 534533                     /usr/lib/x86_64-linux-gnu/libkrb5.so.3.3
7f495a4fc000-7f495a501000 r-xp 00000000 08:04 537119                     /usr/lib/x86_64-linux-gnu/libXdmcp.so.6.0.0
7f495a501000-7f495a700000 ---p 00005000 08:04 537119                     /usr/lib/x86_64-linux-gnu/libXdmcp.so.6.0.0
7f495a700000-7f495a701000 r--p 00004000 08:04 537119                     /usr/lib/x86_64-linux-gnu/libXdmcp.so.6.0.0
7f495a701000-7f495a702000 rw-p 00005000 08:04 537119                     /usr/lib/x86_64-linux-gnu/libXdmcp.so.6.0.0
7f495a702000-7f495a704000 r-xp 00000000 08:04 537108                     /usr/lib/x86_64-linux-gnu/libXau.so.6.0.0
7f495a704000-7f495a904000 ---p 00002000 08:04 537108                     /usr/lib/x86_64-linux-gnu/libXau.so.6.0.0
7f495a904000-7f495a905000 r--p 00002000 08:04 537108                     /usr/lib/x86_64-linux-gnu/libXau.so.6.0.0
7f495a905000-7f495a906000 rw-p 00003000 08:04 537108                     /usr/lib/x86_64-linux-gnu/libXau.so.6.0.0
7f495a906000-7f495a90d000 r-xp 00000000 08:04 537421                     /usr/lib/x86_64-linux-gnu/libffi.so.6.0.1
7f495a90d000-7f495ab0c000 ---p 00007000 08:04 537421                     /usr/lib/x86_64-linux-gnu/libffi.so.6.0.1
7f495ab0c000-7f495ab0d000 r--p 00006000 08:04 537421                     /usr/lib/x86_64-linux-gnu/libffi.so.6.0.1
7f495ab0d000-7f495ab0e000 rw-p 00007000 08:04 537421                     /usr/lib/x86_64-linux-gnu/libffi.so.6.0.1
7f495ab0e000-7f495ab25000 r-xp 00000000 08:04 5785                       /lib/x86_64-linux-gnu/libresolv-2.19.so
7f495ab25000-7f495ad25000 ---p 00017000 08:04 5785                       /lib/x86_64-linux-gnu/libresolv-2.19.so
7f495ad25000-7f495ad26000 r--p 00017000 08:04 5785                       /lib/x86_64-linux-gnu/libresolv-2.19.so
7f495ad26000-7f495ad27000 rw-p 00018000 08:04 5785                       /lib/x86_64-linux-gnu/libresolv-2.19.so
7f495ad27000-7f495ad29000 rw-p 00000000 00:00 0 
7f495ad29000-7f495ad49000 r-xp 00000000 08:04 5012                       /lib/x86_64-linux-gnu/libselinux.so.1
7f495ad49000-7f495af48000 ---p 00020000 08:04 5012                       /lib/x86_64-linux-gnu/libselinux.so.1
7f495af48000-7f495af49000 r--p 0001f000 08:04 5012                       /lib/x86_64-linux-gnu/libselinux.so.1
7f495af49000-7f495af4a000 rw-p 00020000 08:04 5012                       /lib/x86_64-linux-gnu/libselinux.so.1
7f495af4a000-7f495af4c000 rw-p 00000000 00:00 0 
7f495af4c000-7f495b052000 r-xp 00000000 08:04 4912                       /lib/x86_64-linux-gnu/libglib-2.0.so.0.4002.0
7f495b052000-7f495b251000 ---p 00106000 08:04 4912                       /lib/x86_64-linux-gnu/libglib-2.0.so.0.4002.0
7f495b251000-7f495b252000 r--p 00105000 08:04 4912                       /lib/x86_64-linux-gnu/libglib-2.0.so.0.4002.0
7f495b252000-7f495b253000 rw-p 00106000 08:04 4912                       /lib/x86_64-linux-gnu/libglib-2.0.so.0.4002.0
7f495b253000-7f495b254000 rw-p 00000000 00:00 0 
7f495b254000-7f495b257000 r-xp 00000000 08:04 537555                     /usr/lib/x86_64-linux-gnu/libgmodule-2.0.so.0.4002.0
7f495b257000-7f495b456000 ---p 00003000 08:04 537555                     /usr/lib/x86_64-linux-gnu/libgmodule-2.0.so.0.4002.0
7f495b456000-7f495b457000 r--p 00002000 08:04 537555                     /usr/lib/x86_64-linux-gnu/libgmodule-2.0.so.0.4002.0
7f495b457000-7f495b458000 rw-p 00003000 08:04 537555                     /usr/lib/x86_64-linux-gnu/libgmodule-2.0.so.0.4002.0
7f495b458000-7f495b47f000 r-xp 00000000 08:04 4903                       /lib/x86_64-linux-gnu/libexpat.so.1.6.0
7f495b47f000-7f495b67f000 ---p 00027000 08:04 4903                       /lib/x86_64-linux-gnu/libexpat.so.1.6.0
7f495b67f000-7f495b681000 r--p 00027000 08:04 4903                       /lib/x86_64-linux-gnu/libexpat.so.1.6.0
7f495b681000-7f495b682000 rw-p 00029000 08:04 4903                       /lib/x86_64-linux-gnu/libexpat.so.1.6.0
7f495b682000-7f495b71f000 r-xp 00000000 08:04 547404                     /usr/lib/x86_64-linux-gnu/libfreetype.so.6.11.1
7f495b71f000-7f495b91e000 ---p 0009d000 08:04 547404                     /usr/lib/x86_64-linux-gnu/libfreetype.so.6.11.1
7f495b91e000-7f495b924000 r--p 0009c000 08:04 547404                     /usr/lib/x86_64-linux-gnu/libfreetype.so.6.11.1
7f495b924000-7f495b925000 rw-p 000a2000 08:04 547404                     /usr/lib/x86_64-linux-gnu/libfreetype.so.6.11.1
7f495b925000-7f495b934000 r-xp 00000000 08:04 537214                     /usr/lib/x86_64-linux-gnu/libavahi-client.so.3.2.9
7f495b934000-7f495bb34000 ---p 0000f000 08:04 537214                     /usr/lib/x86_64-linux-gnu/libavahi-client.so.3.2.9
7f495bb34000-7f495bb35000 r--p 0000f000 08:04 537214                     /usr/lib/x86_64-linux-gnu/libavahi-client.so.3.2.9
7f495bb35000-7f495bb36000 rw-p 00010000 08:04 537214                     /usr/lib/x86_64-linux-gnu/libavahi-client.so.3.2.9
7f495bb36000-7f495bb41000 r-xp 00000000 08:04 537216                     /usr/lib/x86_64-linux-gnu/libavahi-common.so.3.5.3
7f495bb41000-7f495bd40000 ---p 0000b000 08:04 537216                     /usr/lib/x86_64-linux-gnu/libavahi-common.so.3.5.3
7f495bd40000-7f495bd41000 r--p 0000a000 08:04 537216                     /usr/lib/x86_64-linux-gnu/libavahi-common.so.3.5.3
7f495bd41000-7f495bd42000 rw-p 0000b000 08:04 537216                     /usr/lib/x86_64-linux-gnu/libavahi-common.so.3.5.3
7f495bd42000-7f495bdf8000 r-xp 00000000 08:04 547311                     /usr/lib/x86_64-linux-gnu/libgnutls.so.26.22.6
7f495bdf8000-7f495bff8000 ---p 000b6000 08:04 547311                     /usr/lib/x86_64-linux-gnu/libgnutls.so.26.22.6
7f495bff8000-7f495bffe000 r--p 000b6000 08:04 547311                     /usr/lib/x86_64-linux-gnu/libgnutls.so.26.22.6
7f495bffe000-7f495bfff000 rw-p 000bc000 08:04 547311                     /usr/lib/x86_64-linux-gnu/libgnutls.so.26.22.6
7f495bfff000-7f495c000000 rw-p 00000000 00:00 0 
7f495c000000-7f495c021000 rw-p 00000000 00:00 0 
7f495c021000-7f4960000000 ---p 00000000 00:00 0 
7f4960000000-7f4960021000 rw-p 00000000 00:00 0 
7f4960021000-7f4964000000 ---p 00000000 00:00 0 
7f4964000000-7f4964021000 rw-p 00000000 00:00 0 
7f4964021000-7f4968000000 ---p 00000000 00:00 0 
7f4968000000-7f4968002000 r--s 00000000 08:04 421262                     /var/cache/fontconfig/99e8ed0e538f840c565b6ed5dad60d56-le64.cache-4
7f496802b000-7f496805c000 rw-p 00000000 00:00 0 
7f496805c000-7f496809f000 r-xp 00000000 08:04 531278                     /usr/lib/x86_64-linux-gnu/libgssapi_krb5.so.2.2
7f496809f000-7f496829f000 ---p 00043000 08:04 531278                     /usr/lib/x86_64-linux-gnu/libgssapi_krb5.so.2.2
7f496829f000-7f49682a0000 r--p 00043000 08:04 531278                     /usr/lib/x86_64-linux-gnu/libgssapi_krb5.so.2.2
7f49682a0000-7f49682a2000 rw-p 00044000 08:04 531278                     /usr/lib/x86_64-linux-gnu/libgssapi_krb5.so.2.2
7f49682a2000-7f49682bf000 r-xp 00000000 08:04 538293                     /usr/lib/x86_64-linux-gnu/libxcb.so.1.1.0
7f49682bf000-7f49684bf000 ---p 0001d000 08:04 538293                     /usr/lib/x86_64-linux-gnu/libxcb.so.1.1.0
7f49684bf000-7f49684c0000 r--p 0001d000 08:04 538293                     /usr/lib/x86_64-linux-gnu/libxcb.so.1.1.0
7f49684c0000-7f49684c1000 rw-p 0001e000 08:04 538293                     /usr/lib/x86_64-linux-gnu/libxcb.so.1.1.0
7f49684c1000-7f4968510000 r-xp 00000000 08:04 537579                     /usr/lib/x86_64-linux-gnu/libgobject-2.0.so.0.4002.0
7f4968510000-7f4968710000 ---p 0004f000 08:04 537579                     /usr/lib/x86_64-linux-gnu/libgobject-2.0.so.0.4002.0
7f4968710000-7f4968711000 r--p 0004f000 08:04 537579                     /usr/lib/x86_64-linux-gnu/libgobject-2.0.so.0.4002.0
7f4968711000-7f4968712000 rw-p 00050000 08:04 537579                     /usr/lib/x86_64-linux-gnu/libgobject-2.0.so.0.4002.0
7f4968712000-7f496887e000 r-xp 00000000 08:04 537539                     /usr/lib/x86_64-linux-gnu/libgio-2.0.so.0.4002.0
7f496887e000-7f4968a7d000 ---p 0016c000 08:04 537539                     /usr/lib/x86_64-linux-gnu/libgio-2.0.so.0.4002.0
7f4968a7d000-7f4968a81000 r--p 0016b000 08:04 537539                     /usr/lib/x86_64-linux-gnu/libgio-2.0.so.0.4002.0
7f4968a81000-7f4968a83000 rw-p 0016f000 08:04 537539                     /usr/lib/x86_64-linux-gnu/libgio-2.0.so.0.4002.0
7f4968a83000-7f4968a85000 rw-p 00000000 00:00 0 
7f4968a85000-7f4968abf000 r-xp 00000000 08:04 537455                     /usr/lib/x86_64-linux-gnu/libfontconfig.so.1.8.0
7f4968abf000-7f4968cbe000 ---p 0003a000 08:04 537455                     /usr/lib/x86_64-linux-gnu/libfontconfig.so.1.8.0
7f4968cbe000-7f4968cc0000 r--p 00039000 08:04 537455                     /usr/lib/x86_64-linux-gnu/libfontconfig.so.1.8.0
7f4968cc0000-7f4968cc1000 rw-p 0003b000 08:04 537455                     /usr/lib/x86_64-linux-gnu/libfontconfig.so.1.8.0
7f4968cc1000-7f4968d2d000 r-xp 00000000 08:04 537319                     /usr/lib/x86_64-linux-gnu/libcups.so.2
7f4968d2d000-7f4968f2d000 ---p 0006c000 08:04 537319                     /usr/lib/x86_64-linux-gnu/libcups.so.2
7f4968f2d000-7f4968f34000 r--p 0006c000 08:04 537319                     /usr/lib/x86_64-linux-gnu/libcups.so.2
7f4968f34000-7f4968f35000 rw-p 00073000 08:04 537319                     /usr/lib/x86_64-linux-gnu/libcups.so.2
7f4968f35000-7f4968f44000 r-xp 00000000 08:04 547613                     /usr/lib/x86_64-linux-gnu/libXi.so.6.1.0
7f4968f44000-7f4969143000 ---p 0000f000 08:04 547613                     /usr/lib/x86_64-linux-gnu/libXi.so.6.1.0
7f4969143000-7f4969144000 r--p 0000e000 08:04 547613                     /usr/lib/x86_64-linux-gnu/libXi.so.6.1.0
7f4969144000-7f4969145000 rw-p 0000f000 08:04 547613                     /usr/lib/x86_64-linux-gnu/libXi.so.6.1.0
7f4969145000-7f496914a000 r-xp 00000000 08:04 537147                     /usr/lib/x86_64-linux-gnu/libXtst.so.6.1.0
7f496914a000-7f4969349000 ---p 00005000 08:04 537147                     /usr/lib/x86_64-linux-gnu/libXtst.so.6.1.0
7f4969349000-7f496934a000 r--p 00004000 08:04 537147                     /usr/lib/x86_64-linux-gnu/libXtst.so.6.1.0
7f496934a000-7f496934b000 rw-p 00005000 08:04 537147                     /usr/lib/x86_64-linux-gnu/libXtst.so.6.1.0
7f496934b000-7f4969354000 r-xp 00000000 08:04 547441                     /usr/lib/x86_64-linux-gnu/libXrender.so.1.3.0
7f4969354000-7f4969553000 ---p 00009000 08:04 547441                     /usr/lib/x86_64-linux-gnu/libXrender.so.1.3.0
7f4969553000-7f4969554000 r--p 00008000 08:04 547441                     /usr/lib/x86_64-linux-gnu/libXrender.so.1.3.0
7f4969554000-7f4969555000 rw-p 00009000 08:04 547441                     /usr/lib/x86_64-linux-gnu/libXrender.so.1.3.0
7f4969555000-7f4969685000 r-xp 00000000 08:04 537104                     /usr/lib/x86_64-linux-gnu/libX11.so.6.3.0
7f4969685000-7f4969885000 ---p 00130000 08:04 537104                     /usr/lib/x86_64-linux-gnu/libX11.so.6.3.0
7f4969885000-7f4969886000 r--p 00130000 08:04 537104                     /usr/lib/x86_64-linux-gnu/libX11.so.6.3.0
7f4969886000-7f496988a000 rw-p 00131000 08:04 537104                     /usr/lib/x86_64-linux-gnu/libX11.so.6.3.0
7f496988a000-7f496989b000 r-xp 00000000 08:04 531255                     /usr/lib/x86_64-linux-gnu/libXext.so.6.4.0
7f496989b000-7f4969a9a000 ---p 00011000 08:04 531255                     /usr/lib/x86_64-linux-gnu/libXext.so.6.4.0
7f4969a9a000-7f4969a9b000 r--p 00010000 08:04 531255                     /usr/lib/x86_64-linux-gnu/libXext.so.6.4.0
7f4969a9b000-7f4969a9c000 rw-p 00011000 08:04 531255                     /usr/lib/x86_64-linux-gnu/libXext.so.6.4.0
7f4969a9c000-7f4969a9d000 r--s 00000000 08:04 421267                     /var/cache/fontconfig/c05880de57d1f5e948fdfacc138775d9-le64.cache-4
7f4969a9d000-7f4969a9e000 r--s 00000000 08:04 421277                     /var/cache/fontconfig/e7071f4a29fa870f4323321c154eba04-le64.cache-4
7f4969a9e000-7f4969a9f000 r--s 00000000 08:04 421242                     /var/cache/fontconfig/0d8c3b2ac0904cb8a57a757ad11a4a08-le64.cache-4
7f4969a9f000-7f4969aaa000 r--s 00000000 08:04 421272                     /var/cache/fontconfig/d589a48862398ed80a3d6066f4f56f4c-le64.cache-4
7f4969abb000-7f4969b03000 r-xp 00000000 08:04 548059                     /usr/lib/jvm/java-7-openjdk-amd64/jre/lib/amd64/xawt/libmawt.so
7f4969b03000-7f4969d02000 ---p 00048000 08:04 548059                     /usr/lib/jvm/java-7-openjdk-amd64/jre/lib/amd64/xawt/libmawt.so
7f4969d02000-7f4969d03000 r--p 00047000 08:04 548059                     /usr/lib/jvm/java-7-openjdk-amd64/jre/lib/amd64/xawt/libmawt.so
7f4969d03000-7f4969d06000 rw-p 00048000 08:04 548059                     /usr/lib/jvm/java-7-openjdk-amd64/jre/lib/amd64/xawt/libmawt.so
7f4969d06000-7f4969d07000 rw-p 00000000 00:00 0 
7f4969d07000-7f4969da7000 r-xp 00000000 08:04 548153                     /usr/lib/jvm/java-7-openjdk-amd64/jre/lib/amd64/libawt.so
7f4969da7000-7f4969fa7000 ---p 000a0000 08:04 548153                     /usr/lib/jvm/java-7-openjdk-amd64/jre/lib/amd64/libawt.so
7f4969fa7000-7f4969fa8000 r--p 000a0000 08:04 548153                     /usr/lib/jvm/java-7-openjdk-amd64/jre/lib/amd64/libawt.so
7f4969fa8000-7f4969fb3000 rw-p 000a1000 08:04 548153                     /usr/lib/jvm/java-7-openjdk-amd64/jre/lib/amd64/libawt.so
7f4969fb3000-7f4969fd8000 rw-p 00000000 00:00 0 
7f4969fd8000-7f4969fd9000 ---p 00000000 00:00 0 
7f4969fd9000-7f496a0d9000 rw-p 00000000 00:00 0                          [stack:7607]
7f496a0d9000-7f496a0dc000 ---p 00000000 00:00 0 
7f496a0dc000-7f496a1da000 rw-p 00000000 00:00 0                          [stack:7606]
7f496a1da000-7f496a1dd000 ---p 00000000 00:00 0 
7f496a1dd000-7f496a2db000 rw-p 00000000 00:00 0                          [stack:7605]
7f496a2db000-7f496a2de000 ---p 00000000 00:00 0 
7f496a2de000-7f496a3dc000 rw-p 00000000 00:00 0                          [stack:7604]
7f496a3dc000-7f496a3df000 ---p 00000000 00:00 0 
7f496a3df000-7f496a4dd000 rw-p 00000000 00:00 0                          [stack:7603]
7f496a4dd000-7f496a7a6000 r--p 00000000 08:04 534525                     /usr/lib/locale/locale-archive
7f496a7a6000-7f496a7a9000 ---p 00000000 00:00 0 
7f496a7a9000-7f496a8a7000 rw-p 00000000 00:00 0                          [stack:7602]
7f496a8a7000-7f496a8aa000 ---p 00000000 00:00 0 
7f496a8aa000-7f496a9a8000 rw-p 00000000 00:00 0                          [stack:7601]
7f496a9a8000-7f496a9a9000 ---p 00000000 00:00 0 
7f496a9a9000-7f496c000000 rw-p 00000000 00:00 0                          [stack:7600]
7f496c000000-7f496c021000 rw-p 00000000 00:00 0 
7f496c021000-7f4970000000 ---p 00000000 00:00 0 
7f4970000000-7f4970001000 r--s 00000000 08:04 421244                     /var/cache/fontconfig/1ac9eb803944fde146138c791f5cc56a-le64.cache-4
7f4970001000-7f4970003000 r--s 00000000 08:04 421257                     /var/cache/fontconfig/767a8244fc0220cfb567a839d0392e0b-le64.cache-4
7f4970017000-7f497074d000 rw-p 00000000 00:00 0 
7f497074d000-7f49708fe000 r--s 01d27000 08:04 548188                     /usr/lib/jvm/java-7-openjdk-amd64/jre/lib/rt.jar
7f49708fe000-7f4970dfe000 rw-p 00000000 00:00 0 
7f4970dfe000-7f4970dff000 ---p 00000000 00:00 0 
7f4970dff000-7f4970eff000 rw-p 00000000 00:00 0                          [stack:7599]
7f4970eff000-7f4970f00000 ---p 00000000 00:00 0 
7f4970f00000-7f4971000000 rw-p 00000000 00:00 0                          [stack:7598]
7f4971000000-7f4971270000 rwxp 00000000 00:00 0 
7f4971270000-7f497437e000 rw-p 00000000 00:00 0 
7f497437e000-7f4978000000 ---p 00000000 00:00 0 
7f4978000000-7f4978001000 r--s 00000000 08:04 421274                     /var/cache/fontconfig/dc05db6664285cc2f12bf69c139ae4c3-le64.cache-4
7f4978001000-7f4978002000 r--s 00000000 08:04 401351                     /var/cache/fontconfig/4794a0821666d79190d59a36cb4f44b5-le64.cache-4
7f4978002000-7f4978003000 r--s 00000000 08:04 421252                     /var/cache/fontconfig/56cf4f4769d0f4abc89a4895d7bd3ae1-le64.cache-4
7f4978003000-7f4978006000 r--s 00000000 08:04 405706                     /var/cache/fontconfig/e13b20fdb08344e0e664864cc2ede53d-le64.cache-4
7f4978006000-7f4978058000 rw-p 00000000 00:00 0 
7f4978058000-7f4978059000 ---p 00000000 00:00 0 
7f4978059000-7f4978159000 rw-p 00000000 00:00 0                          [stack:7597]
7f4978159000-7f497815a000 ---p 00000000 00:00 0 
7f497815a000-7f497825a000 rw-p 00000000 00:00 0                          [stack:7596]
7f497825a000-7f497825b000 ---p 00000000 00:00 0 
7f497825b000-7f497835b000 rw-p 00000000 00:00 0                          [stack:7595]
7f497835b000-7f497835c000 ---p 00000000 00:00 0 
7f497835c000-7f497845c000 rw-p 00000000 00:00 0                          [stack:7594]
7f497845c000-7f497845d000 ---p 00000000 00:00 0 
7f497845d000-7f497855d000 rw-p 00000000 00:00 0                          [stack:7593]
7f497855d000-7f497855e000 ---p 00000000 00:00 0 
7f497855e000-7f4978669000 rw-p 00000000 00:00 0                          [stack:7592]
7f4978669000-7f49786b1000 rw-p 00000000 00:00 0 
7f49786b1000-7f49786da000 rw-p 00000000 00:00 0 
7f49786da000-7f4978944000 rw-p 00000000 00:00 0 
7f4978944000-7f497894f000 rw-p 00000000 00:00 0 
7f497894f000-7f4978997000 rw-p 00000000 00:00 0 
7f4978997000-7f49789c0000 rw-p 00000000 00:00 0 
7f49789c0000-7f4978c29000 rw-p 00000000 00:00 0 
7f4978c29000-7f4978c4e000 rw-p 00000000 00:00 0 
7f4978c4e000-7f4978d73000 rw-p 00000000 00:00 0 
7f4978d73000-7f4978d74000 rw-p 00000000 00:00 0 
7f4978d74000-7f4978d7c000 r-xp 00000000 08:04 548164                     /usr/lib/jvm/java-7-openjdk-amd64/jre/lib/amd64/libzip.so
7f4978d7c000-7f4978f7b000 ---p 00008000 08:04 548164                     /usr/lib/jvm/java-7-openjdk-amd64/jre/lib/amd64/libzip.so
7f4978f7b000-7f4978f7c000 r--p 00007000 08:04 548164                     /usr/lib/jvm/java-7-openjdk-amd64/jre/lib/amd64/libzip.so
7f4978f7c000-7f4978f7d000 rw-p 00008000 08:04 548164                     /usr/lib/jvm/java-7-openjdk-amd64/jre/lib/amd64/libzip.so
7f4978f7d000-7f4978f88000 r-xp 00000000 08:04 5787                       /lib/x86_64-linux-gnu/libnss_files-2.19.so
7f4978f88000-7f4979187000 ---p 0000b000 08:04 5787                       /lib/x86_64-linux-gnu/libnss_files-2.19.so
7f4979187000-7f4979188000 r--p 0000a000 08:04 5787                       /lib/x86_64-linux-gnu/libnss_files-2.19.so
7f4979188000-7f4979189000 rw-p 0000b000 08:04 5787                       /lib/x86_64-linux-gnu/libnss_files-2.19.so
7f4979189000-7f4979194000 r-xp 00000000 08:04 5807                       /lib/x86_64-linux-gnu/libnss_nis-2.19.so
7f4979194000-7f4979393000 ---p 0000b000 08:04 5807                       /lib/x86_64-linux-gnu/libnss_nis-2.19.so
7f4979393000-7f4979394000 r--p 0000a000 08:04 5807                       /lib/x86_64-linux-gnu/libnss_nis-2.19.so
7f4979394000-7f4979395000 rw-p 0000b000 08:04 5807                       /lib/x86_64-linux-gnu/libnss_nis-2.19.so
7f4979395000-7f49793ac000 r-xp 00000000 08:04 5796                       /lib/x86_64-linux-gnu/libnsl-2.19.so
7f49793ac000-7f49795ab000 ---p 00017000 08:04 5796                       /lib/x86_64-linux-gnu/libnsl-2.19.so
7f49795ab000-7f49795ac000 r--p 00016000 08:04 5796                       /lib/x86_64-linux-gnu/libnsl-2.19.so
7f49795ac000-7f49795ad000 rw-p 00017000 08:04 5796                       /lib/x86_64-linux-gnu/libnsl-2.19.so
7f49795ad000-7f49795af000 rw-p 00000000 00:00 0 
7f49795af000-7f49795b8000 r-xp 00000000 08:04 5795                       /lib/x86_64-linux-gnu/libnss_compat-2.19.so
7f49795b8000-7f49797b7000 ---p 00009000 08:04 5795                       /lib/x86_64-linux-gnu/libnss_compat-2.19.so
7f49797b7000-7f49797b8000 r--p 00008000 08:04 5795                       /lib/x86_64-linux-gnu/libnss_compat-2.19.so
7f49797b8000-7f49797b9000 rw-p 00009000 08:04 5795                       /lib/x86_64-linux-gnu/libnss_compat-2.19.so
7f49797b9000-7f49797e4000 r-xp 00000000 08:04 548180                     /usr/lib/jvm/java-7-openjdk-amd64/jre/lib/amd64/libjava.so
7f49797e4000-7f49799e4000 ---p 0002b000 08:04 548180                     /usr/lib/jvm/java-7-openjdk-amd64/jre/lib/amd64/libjava.so
7f49799e4000-7f49799e5000 r--p 0002b000 08:04 548180                     /usr/lib/jvm/java-7-openjdk-amd64/jre/lib/amd64/libjava.so
7f49799e5000-7f49799e7000 rw-p 0002c000 08:04 548180                     /usr/lib/jvm/java-7-openjdk-amd64/jre/lib/amd64/libjava.so
7f49799e7000-7f49799f7000 r-xp 00000000 08:04 548177                     /usr/lib/jvm/java-7-openjdk-amd64/jre/lib/amd64/libverify.so
7f49799f7000-7f4979bf6000 ---p 00010000 08:04 548177                     /usr/lib/jvm/java-7-openjdk-amd64/jre/lib/amd64/libverify.so
7f4979bf6000-7f4979bf8000 r--p 0000f000 08:04 548177                     /usr/lib/jvm/java-7-openjdk-amd64/jre/lib/amd64/libverify.so
7f4979bf8000-7f4979bf9000 rw-p 00011000 08:04 548177                     /usr/lib/jvm/java-7-openjdk-amd64/jre/lib/amd64/libverify.so
7f4979bf9000-7f4979c00000 r-xp 00000000 08:04 5804                       /lib/x86_64-linux-gnu/librt-2.19.so
7f4979c00000-7f4979dff000 ---p 00007000 08:04 5804                       /lib/x86_64-linux-gnu/librt-2.19.so
7f4979dff000-7f4979e00000 r--p 00006000 08:04 5804                       /lib/x86_64-linux-gnu/librt-2.19.so
7f4979e00000-7f4979e01000 rw-p 00007000 08:04 5804                       /lib/x86_64-linux-gnu/librt-2.19.so
7f4979e01000-7f4979e17000 r-xp 00000000 08:04 4908                       /lib/x86_64-linux-gnu/libgcc_s.so.1
7f4979e17000-7f497a016000 ---p 00016000 08:04 4908                       /lib/x86_64-linux-gnu/libgcc_s.so.1
7f497a016000-7f497a017000 rw-p 00015000 08:04 4908                       /lib/x86_64-linux-gnu/libgcc_s.so.1
7f497a017000-7f497a11c000 r-xp 00000000 08:04 5786                       /lib/x86_64-linux-gnu/libm-2.19.so
7f497a11c000-7f497a31b000 ---p 00105000 08:04 5786                       /lib/x86_64-linux-gnu/libm-2.19.so
7f497a31b000-7f497a31c000 r--p 00104000 08:04 5786                       /lib/x86_64-linux-gnu/libm-2.19.so
7f497a31c000-7f497a31d000 rw-p 00105000 08:04 5786                       /lib/x86_64-linux-gnu/libm-2.19.so
7f497a31d000-7f497a403000 r-xp 00000000 08:04 538134                     /usr/lib/x86_64-linux-gnu/libstdc++.so.6.0.19
7f497a403000-7f497a602000 ---p 000e6000 08:04 538134                     /usr/lib/x86_64-linux-gnu/libstdc++.so.6.0.19
7f497a602000-7f497a60a000 r--p 000e5000 08:04 538134                     /usr/lib/x86_64-linux-gnu/libstdc++.so.6.0.19
7f497a60a000-7f497a60c000 rw-p 000ed000 08:04 538134                     /usr/lib/x86_64-linux-gnu/libstdc++.so.6.0.19
7f497a60c000-7f497a621000 rw-p 00000000 00:00 0 
7f497a621000-7f497b139000 r-xp 00000000 08:04 548185                     /usr/lib/jvm/java-7-openjdk-amd64/jre/lib/amd64/server/libjvm.so
7f497b139000-7f497b339000 ---p 00b18000 08:04 548185                     /usr/lib/jvm/java-7-openjdk-amd64/jre/lib/amd64/server/libjvm.so
7f497b339000-7f497b3d3000 r--p 00b18000 08:04 548185                     /usr/lib/jvm/java-7-openjdk-amd64/jre/lib/amd64/server/libjvm.so
7f497b3d3000-7f497b3f6000 rw-p 00bb2000 08:04 548185                     /usr/lib/jvm/java-7-openjdk-amd64/jre/lib/amd64/server/libjvm.so
7f497b3f6000-7f497b424000 rw-p 00000000 00:00 0 
7f497b424000-7f497b43c000 r-xp 00000000 08:04 5045                       /lib/x86_64-linux-gnu/libz.so.1.2.8
7f497b43c000-7f497b63b000 ---p 00018000 08:04 5045                       /lib/x86_64-linux-gnu/libz.so.1.2.8
7f497b63b000-7f497b63c000 r--p 00017000 08:04 5045                       /lib/x86_64-linux-gnu/libz.so.1.2.8
7f497b63c000-7f497b63d000 rw-p 00018000 08:04 5045                       /lib/x86_64-linux-gnu/libz.so.1.2.8
7f497b63d000-7f497b656000 r-xp 00000000 08:04 5802                       /lib/x86_64-linux-gnu/libpthread-2.19.so
7f497b656000-7f497b855000 ---p 00019000 08:04 5802                       /lib/x86_64-linux-gnu/libpthread-2.19.so
7f497b855000-7f497b856000 r--p 00018000 08:04 5802                       /lib/x86_64-linux-gnu/libpthread-2.19.so
7f497b856000-7f497b857000 rw-p 00019000 08:04 5802                       /lib/x86_64-linux-gnu/libpthread-2.19.so
7f497b857000-7f497b85b000 rw-p 00000000 00:00 0 
7f497b85b000-7f497b85e000 r-xp 00000000 08:04 5790                       /lib/x86_64-linux-gnu/libdl-2.19.so
7f497b85e000-7f497ba5d000 ---p 00003000 08:04 5790                       /lib/x86_64-linux-gnu/libdl-2.19.so
7f497ba5d000-7f497ba5e000 r--p 00002000 08:04 5790                       /lib/x86_64-linux-gnu/libdl-2.19.so
7f497ba5e000-7f497ba5f000 rw-p 00003000 08:04 5790                       /lib/x86_64-linux-gnu/libdl-2.19.so
7f497ba5f000-7f497bc1a000 r-xp 00000000 08:04 5801                       /lib/x86_64-linux-gnu/libc-2.19.so
7f497bc1a000-7f497be19000 ---p 001bb000 08:04 5801                       /lib/x86_64-linux-gnu/libc-2.19.so
7f497be19000-7f497be1d000 r--p 001ba000 08:04 5801                       /lib/x86_64-linux-gnu/libc-2.19.so
7f497be1d000-7f497be1f000 rw-p 001be000 08:04 5801                       /lib/x86_64-linux-gnu/libc-2.19.so
7f497be1f000-7f497be24000 rw-p 00000000 00:00 0 
7f497be24000-7f497be31000 r-xp 00000000 08:04 548156                     /usr/lib/jvm/java-7-openjdk-amd64/jre/lib/amd64/jli/libjli.so
7f497be31000-7f497c030000 ---p 0000d000 08:04 548156                     /usr/lib/jvm/java-7-openjdk-amd64/jre/lib/amd64/jli/libjli.so
7f497c030000-7f497c031000 r--p 0000c000 08:04 548156                     /usr/lib/jvm/java-7-openjdk-amd64/jre/lib/amd64/jli/libjli.so
7f497c031000-7f497c032000 rw-p 0000d000 08:04 548156                     /usr/lib/jvm/java-7-openjdk-amd64/jre/lib/amd64/jli/libjli.so
7f497c032000-7f497c055000 r-xp 00000000 08:04 5798                       /lib/x86_64-linux-gnu/ld-2.19.so
7f497c055000-7f497c059000 r--s 00000000 08:04 421258                     /var/cache/fontconfig/7ef2298fde41cc6eeb7af42e48b7d293-le64.cache-4
7f497c062000-7f497c063000 rw-p 00000000 00:00 0 
7f497c063000-7f497c06d000 r--s 000ae000 08:04 548150                     /usr/lib/jvm/java-7-openjdk-amd64/jre/lib/resources.jar
7f497c06d000-7f497c077000 rw-p 00000000 00:00 0 
7f497c077000-7f497c12d000 rw-p 00000000 00:00 0 
7f497c12d000-7f497c130000 ---p 00000000 00:00 0 
7f497c130000-7f497c233000 rw-p 00000000 00:00 0                          [stack:7591]
7f497c233000-7f497c234000 r--s 00000000 08:04 421266                     /var/cache/fontconfig/b9d506c9ac06c20b433354fa67a72993-le64.cache-4
7f497c234000-7f497c235000 r--s 00000000 08:04 421241                     /var/cache/fontconfig/0c9eb80ebd1c36541ebe2852d3bb0c49-le64.cache-4
7f497c235000-7f497c239000 r--s 00034000 08:04 548195                     /usr/lib/jvm/java-7-openjdk-amd64/jre/lib/ext/sunjce_provider.jar
7f497c239000-7f497c23c000 r--s 0000f000 08:04 548191                     /usr/lib/jvm/java-7-openjdk-amd64/jre/lib/ext/icedtea-sound.jar
7f497c23c000-7f497c23f000 r--s 00086000 08:04 548194                     /usr/lib/jvm/java-7-openjdk-amd64/jre/lib/ext/localedata.jar
7f497c23f000-7f497c240000 r--s 00002000 08:04 548192                     /usr/lib/jvm/java-7-openjdk-amd64/jre/lib/ext/dnsns.jar
7f497c240000-7f497c242000 r--s 00012000 08:04 548196                     /usr/lib/jvm/java-7-openjdk-amd64/jre/lib/ext/zipfs.jar
7f497c242000-7f497c246000 r--s 0003c000 08:04 548193                     /usr/lib/jvm/java-7-openjdk-amd64/jre/lib/ext/sunpkcs11.jar
7f497c246000-7f497c248000 r--s 00006000 08:04 8591                       /usr/share/java/java-atk-wrapper.jar
7f497c248000-7f497c250000 rw-s 00000000 08:04 811411                     /tmp/hsperfdata_ted/7586
7f497c250000-7f497c251000 rw-p 00000000 00:00 0 
7f497c251000-7f497c252000 ---p 00000000 00:00 0 
7f497c252000-7f497c254000 rw-p 00000000 00:00 0 
7f497c254000-7f497c255000 r--p 00022000 08:04 5798                       /lib/x86_64-linux-gnu/ld-2.19.so
7f497c255000-7f497c256000 rw-p 00023000 08:04 5798                       /lib/x86_64-linux-gnu/ld-2.19.so
7f497c256000-7f497c257000 rw-p 00000000 00:00 0 
7ffcbaba2000-7ffcbabc3000 rw-p 00000000 00:00 0                          [stack]
7ffcbabcf000-7ffcbabd1000 r--p 00000000 00:00 0                          [vvar]
7ffcbabd1000-7ffcbabd3000 r-xp 00000000 00:00 0                          [vdso]
ffffffffff600000-ffffffffff601000 r-xp 00000000 00:00 0                  [vsyscall]

VM Arguments:
jvm_args: -Dfile.encoding=UTF-8 
java_command: CheckersGUI
Launcher Type: SUN_STANDARD

Environment Variables:
PATH=/usr/local/sbin:/usr/local/bin:/usr/sbin:/usr/bin:/sbin:/bin:/usr/games:/usr/local/games
USERNAME=ted
SHELL=/bin/bash
DISPLAY=:0

Signal Handlers:
SIGSEGV: [libjvm.so+0x94b9a0], sa_mask[0]=0x7ffbfeff, sa_flags=0x10000004
SIGBUS: [libjvm.so+0x94b9a0], sa_mask[0]=0x7ffbfeff, sa_flags=0x10000004
SIGFPE: [libjvm.so+0x7c3880], sa_mask[0]=0x7ffbfeff, sa_flags=0x10000004
SIGPIPE: [libjvm.so+0x7c3880], sa_mask[0]=0x7ffbfeff, sa_flags=0x10000004
SIGXFSZ: [libjvm.so+0x7c3880], sa_mask[0]=0x7ffbfeff, sa_flags=0x10000004
SIGILL: [libjvm.so+0x7c3880], sa_mask[0]=0x7ffbfeff, sa_flags=0x10000004
SIGUSR1: SIG_DFL, sa_mask[0]=0x00000000, sa_flags=0x00000000
SIGUSR2: [libjvm.so+0x7c3720], sa_mask[0]=0x00000004, sa_flags=0x10000004
SIGHUP: [libjvm.so+0x7c3900], sa_mask[0]=0x7ffbfeff, sa_flags=0x10000004
SIGINT: [libjvm.so+0x7c3900], sa_mask[0]=0x7ffbfeff, sa_flags=0x10000004
SIGTERM: [libjvm.so+0x7c3900], sa_mask[0]=0x7ffbfeff, sa_flags=0x10000004
SIGQUIT: [libjvm.so+0x7c3900], sa_mask[0]=0x7ffbfeff, sa_flags=0x10000004
SIGTRAP: SIG_DFL, sa_mask[0]=0x00000000, sa_flags=0x00000000


---------------  S Y S T E M  ---------------

OS:LinuxMint 17.1 (rebecca)
uname:Linux 3.19.0-18-generic #18~14.04.1-Ubuntu SMP Wed May 20 09:38:33 UTC 2015 x86_64
libc:glibc 2.19 NPTL 2.19 
rlimit: STACK 8192k, CORE 0k, NPROC 31284, NOFILE 4096, AS infinity
load average:1.73 0.63 0.31

/proc/meminfo:
MemTotal:        8089624 kB
MemFree:          144616 kB
MemAvailable:      80092 kB
Buffers:             424 kB
Cached:           521196 kB
SwapCached:            0 kB
Active:          7273188 kB
Inactive:         486404 kB
Active(anon):    7269964 kB
Inactive(anon):   482484 kB
Active(file):       3224 kB
Inactive(file):     3920 kB
Unevictable:          16 kB
Mlocked:              16 kB
SwapTotal:             0 kB
SwapFree:              0 kB
Dirty:               408 kB
Writeback:             0 kB
AnonPages:       7237800 kB
Mapped:           189416 kB
Shmem:            514684 kB
Slab:              68632 kB
SReclaimable:      32740 kB
SUnreclaim:        35892 kB
KernelStack:       17072 kB
PageTables:        43124 kB
NFS_Unstable:          0 kB
Bounce:                0 kB
WritebackTmp:          0 kB
CommitLimit:     4044812 kB
Committed_AS:   14590040 kB
VmallocTotal:   34359738367 kB
VmallocUsed:      364940 kB
VmallocChunk:   34359319004 kB
HardwareCorrupted:     0 kB
AnonHugePages:   5459968 kB
CmaTotal:              0 kB
CmaFree:               0 kB
HugePages_Total:       0
HugePages_Free:        0
HugePages_Rsvd:        0
HugePages_Surp:        0
Hugepagesize:       2048 kB
DirectMap4k:      122980 kB
DirectMap2M:     3985408 kB
DirectMap1G:     4194304 kB


CPU:total 8 (4 cores per cpu, 2 threads per core) family 6 model 60 stepping 3, cmov, cx8, fxsr, mmx, sse, sse2, sse3, ssse3, sse4.1, sse4.2, popcnt, avx, avx2, aes, erms, ht, tsc, tscinvbit

/proc/cpuinfo:
processor	: 0
vendor_id	: GenuineIntel
cpu family	: 6
model		: 60
model name	: Intel(R) Core(TM) i7-4710HQ CPU @ 2.50GHz
stepping	: 3
microcode	: 0x17
cpu MHz		: 3465.136
cache size	: 6144 KB
physical id	: 0
siblings	: 8
core id		: 0
cpu cores	: 4
apicid		: 0
initial apicid	: 0
fpu		: yes
fpu_exception	: yes
cpuid level	: 13
wp		: yes
flags		: fpu vme de pse tsc msr pae mce cx8 apic sep mtrr pge mca cmov pat pse36 clflush dts acpi mmx fxsr sse sse2 ss ht tm pbe syscall nx pdpe1gb rdtscp lm constant_tsc arch_perfmon pebs bts rep_good nopl xtopology nonstop_tsc aperfmperf eagerfpu pni pclmulqdq dtes64 monitor ds_cpl vmx est tm2 ssse3 fma cx16 xtpr pdcm pcid sse4_1 sse4_2 x2apic movbe popcnt tsc_deadline_timer aes xsave avx f16c rdrand lahf_lm abm ida arat epb pln pts dtherm tpr_shadow vnmi flexpriority ept vpid fsgsbase tsc_adjust bmi1 avx2 smep bmi2 erms invpcid xsaveopt
bugs		:
bogomips	: 4988.61
clflush size	: 64
cache_alignment	: 64
address sizes	: 39 bits physical, 48 bits virtual
power management:

processor	: 1
vendor_id	: GenuineIntel
cpu family	: 6
model		: 60
model name	: Intel(R) Core(TM) i7-4710HQ CPU @ 2.50GHz
stepping	: 3
microcode	: 0x17
cpu MHz		: 3289.843
cache size	: 6144 KB
physical id	: 0
siblings	: 8
core id		: 1
cpu cores	: 4
apicid		: 2
initial apicid	: 2
fpu		: yes
fpu_exception	: yes
cpuid level	: 13
wp		: yes
flags		: fpu vme de pse tsc msr pae mce cx8 apic sep mtrr pge mca cmov pat pse36 clflush dts acpi mmx fxsr sse sse2 ss ht tm pbe syscall nx pdpe1gb rdtscp lm constant_tsc arch_perfmon pebs bts rep_good nopl xtopology nonstop_tsc aperfmperf eagerfpu pni pclmulqdq dtes64 monitor ds_cpl vmx est tm2 ssse3 fma cx16 xtpr pdcm pcid sse4_1 sse4_2 x2apic movbe popcnt tsc_deadline_timer aes xsave avx f16c rdrand lahf_lm abm ida arat epb pln pts dtherm tpr_shadow vnmi flexpriority ept vpid fsgsbase tsc_adjust bmi1 avx2 smep bmi2 erms invpcid xsaveopt
bugs		:
bogomips	: 4988.61
clflush size	: 64
cache_alignment	: 64
address sizes	: 39 bits physical, 48 bits virtual
power management:

processor	: 2
vendor_id	: GenuineIntel
cpu family	: 6
model		: 60
model name	: Intel(R) Core(TM) i7-4710HQ CPU @ 2.50GHz
stepping	: 3
microcode	: 0x17
cpu MHz		: 3288.769
cache size	: 6144 KB
physical id	: 0
siblings	: 8
core id		: 2
cpu cores	: 4
apicid		: 4
initial apicid	: 4
fpu		: yes
fpu_exception	: yes
cpuid level	: 13
wp		: yes
flags		: fpu vme de pse tsc msr pae mce cx8 apic sep mtrr pge mca cmov pat pse36 clflush dts acpi mmx fxsr sse sse2 ss ht tm pbe syscall nx pdpe1gb rdtscp lm constant_tsc arch_perfmon pebs bts rep_good nopl xtopology nonstop_tsc aperfmperf eagerfpu pni pclmulqdq dtes64 monitor ds_cpl vmx est tm2 ssse3 fma cx16 xtpr pdcm pcid sse4_1 sse4_2 x2apic movbe popcnt tsc_deadline_timer aes xsave avx f16c rdrand lahf_lm abm ida arat epb pln pts dtherm tpr_shadow vnmi flexpriority ept vpid fsgsbase tsc_adjust bmi1 avx2 smep bmi2 erms invpcid xsaveopt
bugs		:
bogomips	: 4988.61
clflush size	: 64
cache_alignment	: 64
address sizes	: 39 bits physical, 48 bits virtual
power management:

processor	: 3
vendor_id	: GenuineIntel
cpu family	: 6
model		: 60
model name	: Intel(R) Core(TM) i7-4710HQ CPU @ 2.50GHz
stepping	: 3
microcode	: 0x17
cpu MHz		: 3216.699
cache size	: 6144 KB
physical id	: 0
siblings	: 8
core id		: 3
cpu cores	: 4
apicid		: 6
initial apicid	: 6
fpu		: yes
fpu_exception	: yes
cpuid level	: 13
wp		: yes
flags		: fpu vme de pse tsc msr pae mce cx8 apic sep mtrr pge mca cmov pat pse36 clflush dts acpi mmx fxsr sse sse2 ss ht tm pbe syscall nx pdpe1gb rdtscp lm constant_tsc arch_perfmon pebs bts rep_good nopl xtopology nonstop_tsc aperfmperf eagerfpu pni pclmulqdq dtes64 monitor ds_cpl vmx est tm2 ssse3 fma cx16 xtpr pdcm pcid sse4_1 sse4_2 x2apic movbe popcnt tsc_deadline_timer aes xsave avx f16c rdrand lahf_lm abm ida arat epb pln pts dtherm tpr_shadow vnmi flexpriority ept vpid fsgsbase tsc_adjust bmi1 avx2 smep bmi2 erms invpcid xsaveopt
bugs		:
bogomips	: 4988.61
clflush size	: 64
cache_alignment	: 64
address sizes	: 39 bits physical, 48 bits virtual
power management:

processor	: 4
vendor_id	: GenuineIntel
cpu family	: 6
model		: 60
model name	: Intel(R) Core(TM) i7-4710HQ CPU @ 2.50GHz
stepping	: 3
microcode	: 0x17
cpu MHz		: 3223.046
cache size	: 6144 KB
physical id	: 0
siblings	: 8
core id		: 0
cpu cores	: 4
apicid		: 1
initial apicid	: 1
fpu		: yes
fpu_exception	: yes
cpuid level	: 13
wp		: yes
flags		: fpu vme de pse tsc msr pae mce cx8 apic sep mtrr pge mca cmov pat pse36 clflush dts acpi mmx fxsr sse sse2 ss ht tm pbe syscall nx pdpe1gb rdtscp lm constant_tsc arch_perfmon pebs bts rep_good nopl xtopology nonstop_tsc aperfmperf eagerfpu pni pclmulqdq dtes64 monitor ds_cpl vmx est tm2 ssse3 fma cx16 xtpr pdcm pcid sse4_1 sse4_2 x2apic movbe popcnt tsc_deadline_timer aes xsave avx f16c rdrand lahf_lm abm ida arat epb pln pts dtherm tpr_shadow vnmi flexpriority ept vpid fsgsbase tsc_adjust bmi1 avx2 smep bmi2 erms invpcid xsaveopt
bugs		:
bogomips	: 4988.61
clflush size	: 64
cache_alignment	: 64
address sizes	: 39 bits physical, 48 bits virtual
power management:

processor	: 5
vendor_id	: GenuineIntel
cpu family	: 6
model		: 60
model name	: Intel(R) Core(TM) i7-4710HQ CPU @ 2.50GHz
stepping	: 3
microcode	: 0x17
cpu MHz		: 3371.386
cache size	: 6144 KB
physical id	: 0
siblings	: 8
core id		: 1
cpu cores	: 4
apicid		: 3
initial apicid	: 3
fpu		: yes
fpu_exception	: yes
cpuid level	: 13
wp		: yes
flags		: fpu vme de pse tsc msr pae mce cx8 apic sep mtrr pge mca cmov pat pse36 clflush dts acpi mmx fxsr sse sse2 ss ht tm pbe syscall nx pdpe1gb rdtscp lm constant_tsc arch_perfmon pebs bts rep_good nopl xtopology nonstop_tsc aperfmperf eagerfpu pni pclmulqdq dtes64 monitor ds_cpl vmx est tm2 ssse3 fma cx16 xtpr pdcm pcid sse4_1 sse4_2 x2apic movbe popcnt tsc_deadline_timer aes xsave avx f16c rdrand lahf_lm abm ida arat epb pln pts dtherm tpr_shadow vnmi flexpriority ept vpid fsgsbase tsc_adjust bmi1 avx2 smep bmi2 erms invpcid xsaveopt
bugs		:
bogomips	: 4988.61
clflush size	: 64
cache_alignment	: 64
address sizes	: 39 bits physical, 48 bits virtual
power management:

processor	: 6
vendor_id	: GenuineIntel
cpu family	: 6
model		: 60
model name	: Intel(R) Core(TM) i7-4710HQ CPU @ 2.50GHz
stepping	: 3
microcode	: 0x17
cpu MHz		: 3284.863
cache size	: 6144 KB
physical id	: 0
siblings	: 8
core id		: 2
cpu cores	: 4
apicid		: 5
initial apicid	: 5
fpu		: yes
fpu_exception	: yes
cpuid level	: 13
wp		: yes
flags		: fpu vme de pse tsc msr pae mce cx8 apic sep mtrr pge mca cmov pat pse36 clflush dts acpi mmx fxsr sse sse2 ss ht tm pbe syscall nx pdpe1gb rdtscp lm constant_tsc arch_perfmon pebs bts rep_good nopl xtopology nonstop_tsc aperfmperf eagerfpu pni pclmulqdq dtes64 monitor ds_cpl vmx est tm2 ssse3 fma cx16 xtpr pdcm pcid sse4_1 sse4_2 x2apic movbe popcnt tsc_deadline_timer aes xsave avx f16c rdrand lahf_lm abm ida arat epb pln pts dtherm tpr_shadow vnmi flexpriority ept vpid fsgsbase tsc_adjust bmi1 avx2 smep bmi2 erms invpcid xsaveopt
bugs		:
bogomips	: 4988.61
clflush size	: 64
cache_alignment	: 64
address sizes	: 39 bits physical, 48 bits virtual
power management:

processor	: 7
vendor_id	: GenuineIntel
cpu family	: 6
model		: 60
model name	: Intel(R) Core(TM) i7-4710HQ CPU @ 2.50GHz
stepping	: 3
microcode	: 0x17
cpu MHz		: 3297.265
cache size	: 6144 KB
physical id	: 0
siblings	: 8
core id		: 3
cpu cores	: 4
apicid		: 7
initial apicid	: 7
fpu		: yes
fpu_exception	: yes
cpuid level	: 13
wp		: yes
flags		: fpu vme de pse tsc msr pae mce cx8 apic sep mtrr pge mca cmov pat pse36 clflush dts acpi mmx fxsr sse sse2 ss ht tm pbe syscall nx pdpe1gb rdtscp lm constant_tsc arch_perfmon pebs bts rep_good nopl xtopology nonstop_tsc aperfmperf eagerfpu pni pclmulqdq dtes64 monitor ds_cpl vmx est tm2 ssse3 fma cx16 xtpr pdcm pcid sse4_1 sse4_2 x2apic movbe popcnt tsc_deadline_timer aes xsave avx f16c rdrand lahf_lm abm ida arat epb pln pts dtherm tpr_shadow vnmi flexpriority ept vpid fsgsbase tsc_adjust bmi1 avx2 smep bmi2 erms invpcid xsaveopt
bugs		:
bogomips	: 4988.61
clflush size	: 64
cache_alignment	: 64
address sizes	: 39 bits physical, 48 bits virtual
power management:



Memory: 4k page, physical 8089624k(145120k free), swap 0k(0k free)

vm_info: OpenJDK 64-Bit Server VM (24.79-b02) for linux-amd64 JRE (1.7.0_79-b14), built on Apr 16 2015 08:21:58 by "buildd" with gcc 4.8.2

time: Fri Jun  5 15:59:12 2015
elapsed time: 3 seconds

