#
# There is insufficient memory for the Java Runtime Environment to continue.
# Native memory allocation (malloc) failed to allocate 18874368 bytes for committing reserved memory.
# Possible reasons:
#   The system is out of physical RAM or swap space
#   In 32 bit mode, the process size limit was hit
# Possible solutions:
#   Reduce memory load on the system
#   Increase physical memory or swap space
#   Check if swap backing store is full
#   Use 64 bit Java on a 64 bit OS
#   Decrease Java heap size (-Xmx/-Xms)
#   Decrease number of Java threads
#   Decrease Java thread stack sizes (-Xss)
#   Set larger code cache with -XX:ReservedCodeCacheSize=
# This output file may be truncated or incomplete.
#
#  Out of Memory Error (os_linux.cpp:2798), pid=6101, tid=140321554646784
#
# JRE version: OpenJDK Runtime Environment (7.0_65-b32) (build 1.7.0_65-b32)
# Java VM: OpenJDK 64-Bit Server VM (24.65-b04 mixed mode linux-amd64 compressed oops)
# Derivative: IcedTea 2.5.3
# Distribution: Ubuntu 14.04 LTS, package 7u71-2.5.3-0ubuntu0.14.04.1
# Failed to write core dump. Core dumps have been disabled. To enable core dumping, try "ulimit -c unlimited" before starting Java again
#

---------------  T H R E A D  ---------------

Current thread (0x00007f9f2c071000):  VMThread [stack: 0x00007f9f285b4000,0x00007f9f286b5000] [id=6110]

Stack: [0x00007f9f285b4000,0x00007f9f286b5000],  sp=0x00007f9f286b3490,  free space=1021k
Native frames: (J=compiled Java code, j=interpreted, Vv=VM code, C=native code)
V  [libjvm.so+0x948b05]  VMError::report_and_die()+0x175
V  [libjvm.so+0x48bc34]  report_vm_out_of_memory(char const*, int, unsigned long, char const*)+0x74
V  [libjvm.so+0x7c7bfb]  os::pd_commit_memory(char*, unsigned long, unsigned long, bool)+0xeb
V  [libjvm.so+0x7c26bf]  os::commit_memory(char*, unsigned long, unsigned long, bool)+0x1f
V  [libjvm.so+0x833e4b]  PSVirtualSpace::expand_by(unsigned long)+0x5b
V  [libjvm.so+0x834ca0]  PSYoungGen::resize_generation(unsigned long, unsigned long)+0xb0
V  [libjvm.so+0x83538b]  PSYoungGen::resize(unsigned long, unsigned long)+0x1b
V  [libjvm.so+0x831670]  PSScavenge::invoke_no_policy()+0xde0
V  [libjvm.so+0x831e48]  PSScavenge::invoke()+0x38
V  [libjvm.so+0x7e8823]  ParallelScavengeHeap::failed_mem_allocate(unsigned long)+0x63
V  [libjvm.so+0x94a504]  VM_ParallelGCFailedAllocation::doit()+0x84
V  [libjvm.so+0x94e9f7]  VM_Operation::evaluate()+0x47
V  [libjvm.so+0x94d368]  VMThread::evaluate_operation(VM_Operation*)+0x318
V  [libjvm.so+0x94d7c9]  VMThread::loop()+0x219
V  [libjvm.so+0x94dc12]  VMThread::run()+0x72
V  [libjvm.so+0x7c4ac2]  java_start(Thread*)+0xf2

VM_Operation (0x00007f9eebdfa3d0): ParallelGCFailedAllocation, mode: safepoint, requested by thread 0x00007f9f2c247000


---------------  P R O C E S S  ---------------

Java Threads: ( => current thread )
  0x00007f9f2c00a000 JavaThread "DestroyJavaVM" [_thread_blocked, id=6107, stack(0x00007f9f33d52000,0x00007f9f33e53000)]
  0x00007f9f2c247000 JavaThread "AWT-EventQueue-0" [_thread_blocked, id=6123, stack(0x00007f9eebcfd000,0x00007f9eebdfe000)]
  0x00007f9f2c246000 JavaThread "AWT-Shutdown" [_thread_blocked, id=6122, stack(0x00007f9eebdfe000,0x00007f9eebeff000)]
  0x00007f9f2c244000 JavaThread "Image Fetcher 1" daemon [_thread_blocked, id=6121, stack(0x00007f9eebeff000,0x00007f9eec000000)]
  0x00007f9f2c22e800 JavaThread "Image Fetcher 0" daemon [_thread_blocked, id=6120, stack(0x00007f9ef845a000,0x00007f9ef855b000)]
  0x00007f9f2c202000 JavaThread "AWT-XAWT" daemon [_thread_blocked, id=6119, stack(0x00007f9ef855b000,0x00007f9ef865c000)]
  0x00007f9f2c1df800 JavaThread "Java2D Disposer" daemon [_thread_blocked, id=6118, stack(0x00007f9f2009d000,0x00007f9f2019e000)]
  0x00007f9f2c0ac000 JavaThread "Service Thread" daemon [_thread_blocked, id=6116, stack(0x00007f9f221fc000,0x00007f9f222fd000)]
  0x00007f9f2c0a9800 JavaThread "C2 CompilerThread1" daemon [_thread_blocked, id=6115, stack(0x00007f9f222fd000,0x00007f9f223fe000)]
  0x00007f9f2c0a6800 JavaThread "C2 CompilerThread0" daemon [_thread_blocked, id=6114, stack(0x00007f9f223fe000,0x00007f9f224ff000)]
  0x00007f9f2c0a4800 JavaThread "Signal Dispatcher" daemon [_thread_blocked, id=6113, stack(0x00007f9f224ff000,0x00007f9f22600000)]
  0x00007f9f2c077000 JavaThread "Finalizer" daemon [_thread_blocked, id=6112, stack(0x00007f9f283b2000,0x00007f9f284b3000)]
  0x00007f9f2c075000 JavaThread "Reference Handler" daemon [_thread_blocked, id=6111, stack(0x00007f9f284b3000,0x00007f9f285b4000)]

Other Threads:
=>0x00007f9f2c071000 VMThread [stack: 0x00007f9f285b4000,0x00007f9f286b5000] [id=6110]
  0x00007f9f2c0b6800 WatcherThread [stack: 0x00007f9f220fb000,0x00007f9f221fc000] [id=6117]

VM state:at safepoint (normal execution)

VM Mutex/Monitor currently owned by a thread:  ([mutex/lock_event])
[0x00007f9f2c006360] Threads_lock - owner thread: 0x00007f9f2c071000
[0x00007f9f2c006860] Heap_lock - owner thread: 0x00007f9f2c247000

Heap
 PSYoungGen      total 18432K, used 1024K [0x00000000f2200000, 0x00000000f3500000, 0x0000000100000000)
  eden space 17408K, 0% used [0x00000000f2200000,0x00000000f2200000,0x00000000f3300000)
  from space 1024K, 100% used [0x00000000f3300000,0x00000000f3400000,0x00000000f3400000)
  to   space 1024K, 0% used [0x00000000f3400000,0x00000000f3400000,0x00000000f3500000)
 ParOldGen       total 20992K, used 537K [0x00000000d6600000, 0x00000000d7a80000, 0x00000000f2200000)
  object space 20992K, 2% used [0x00000000d6600000,0x00000000d6686460,0x00000000d7a80000)
 PSPermGen       total 21504K, used 10968K [0x00000000cc000000, 0x00000000cd500000, 0x00000000d6600000)
  object space 21504K, 51% used [0x00000000cc000000,0x00000000ccab6290,0x00000000cd500000)

Card table byte_map: [0x00007f9f307fb000,0x00007f9f3099c000] byte_map_base: 0x00007f9f3019b000

Polling page: 0x00007f9f33e76000

Code Cache  [0x00007f9f29000000, 0x00007f9f29270000, 0x00007f9f2c000000)
 total_blobs=532 nmethods=69 adapters=417 free_code_cache=48472Kb largest_free_block=49611776

Compilation events (10 events):
Event: 4.406 Thread 0x00007f9f2c0a9800   65             TurnProcessor::isValidTurn (99 bytes)
Event: 4.412 Thread 0x00007f9f2c0a9800 nmethod 65 0x00007f9f290a1590 code [0x00007f9f290a1760, 0x00007f9f290a1c48]
Event: 4.441 Thread 0x00007f9f2c0a6800   66             TurnProcessor::getCaptureTarget (70 bytes)
Event: 4.442 Thread 0x00007f9f2c0a6800 nmethod 66 0x00007f9f290ab890 code [0x00007f9f290ab9e0, 0x00007f9f290abad8]
Event: 4.443 Thread 0x00007f9f2c0a6800   67             Board::doubleMove (173 bytes)
Event: 4.450 Thread 0x00007f9f2c0a6800 nmethod 67 0x00007f9f290a9590 code [0x00007f9f290a9700, 0x00007f9f290a9aa8]
Event: 4.454 Thread 0x00007f9f2c0a9800   68             Board::kingPromoter (81 bytes)
Event: 4.458 Thread 0x00007f9f2c0a9800 nmethod 68 0x00007f9f290a8e50 code [0x00007f9f290a8fe0, 0x00007f9f290a92d8]
Event: 4.463 Thread 0x00007f9f2c0a9800   69             java.lang.Math::abs (11 bytes)
Event: 4.463 Thread 0x00007f9f2c0a9800 nmethod 69 0x00007f9f290a8c50 code [0x00007f9f290a8d80, 0x00007f9f290a8dd8]

GC Heap History (9 events):
Event: 4.289 GC heap before
{Heap before GC invocations=1 (full 0):
 PSYoungGen      total 9728K, used 8704K [0x00000000f2200000, 0x00000000f2c80000, 0x0000000100000000)
  eden space 8704K, 100% used [0x00000000f2200000,0x00000000f2a80000,0x00000000f2a80000)
  from space 1024K, 0% used [0x00000000f2b80000,0x00000000f2b80000,0x00000000f2c80000)
  to   space 1024K, 0% used [0x00000000f2a80000,0x00000000f2a80000,0x00000000f2b80000)
 ParOldGen       total 20992K, used 0K [0x00000000d6600000, 0x00000000d7a80000, 0x00000000f2200000)
  object space 20992K, 0% used [0x00000000d6600000,0x00000000d6600000,0x00000000d7a80000)
 PSPermGen       total 21504K, used 10964K [0x00000000cc000000, 0x00000000cd500000, 0x00000000d6600000)
  object space 21504K, 50% used [0x00000000cc000000,0x00000000ccab5388,0x00000000cd500000)
Event: 4.310 GC heap after
Heap after GC invocations=1 (full 0):
 PSYoungGen      total 9728K, used 1010K [0x00000000f2200000, 0x00000000f2c80000, 0x0000000100000000)
  eden space 8704K, 0% used [0x00000000f2200000,0x00000000f2200000,0x00000000f2a80000)
  from space 1024K, 98% used [0x00000000f2a80000,0x00000000f2b7c840,0x00000000f2b80000)
  to   space 1024K, 0% used [0x00000000f2b80000,0x00000000f2b80000,0x00000000f2c80000)
 ParOldGen       total 20992K, used 521K [0x00000000d6600000, 0x00000000d7a80000, 0x00000000f2200000)
  object space 20992K, 2% used [0x00000000d6600000,0x00000000d6682460,0x00000000d7a80000)
 PSPermGen       total 21504K, used 10964K [0x00000000cc000000, 0x00000000cd500000, 0x00000000d6600000)
  object space 21504K, 50% used [0x00000000cc000000,0x00000000ccab5388,0x00000000cd500000)
}
Event: 4.389 GC heap before
{Heap before GC invocations=2 (full 0):
 PSYoungGen      total 9728K, used 9714K [0x00000000f2200000, 0x00000000f2c80000, 0x0000000100000000)
  eden space 8704K, 100% used [0x00000000f2200000,0x00000000f2a80000,0x00000000f2a80000)
  from space 1024K, 98% used [0x00000000f2a80000,0x00000000f2b7c840,0x00000000f2b80000)
  to   space 1024K, 0% used [0x00000000f2b80000,0x00000000f2b80000,0x00000000f2c80000)
 ParOldGen       total 20992K, used 521K [0x00000000d6600000, 0x00000000d7a80000, 0x00000000f2200000)
  object space 20992K, 2% used [0x00000000d6600000,0x00000000d6682460,0x00000000d7a80000)
 PSPermGen       total 21504K, used 10966K [0x00000000cc000000, 0x00000000cd500000, 0x00000000d6600000)
  object space 21504K, 50% used [0x00000000cc000000,0x00000000ccab59e8,0x00000000cd500000)
Event: 4.394 GC heap after
Heap after GC invocations=2 (full 0):
 PSYoungGen      total 9728K, used 1024K [0x00000000f2200000, 0x00000000f3500000, 0x0000000100000000)
  eden space 8704K, 0% used [0x00000000f2200000,0x00000000f2200000,0x00000000f2a80000)
  from space 1024K, 100% used [0x00000000f2b80000,0x00000000f2c80000,0x00000000f2c80000)
  to   space 1024K, 0% used [0x00000000f2a80000,0x00000000f2a80000,0x00000000f2b80000)
 ParOldGen       total 20992K, used 529K [0x00000000d6600000, 0x00000000d7a80000, 0x00000000f2200000)
  object space 20992K, 2% used [0x00000000d6600000,0x00000000d6684460,0x00000000d7a80000)
 PSPermGen       total 21504K, used 10966K [0x00000000cc000000, 0x00000000cd500000, 0x00000000d6600000)
  object space 21504K, 50% used [0x00000000cc000000,0x00000000ccab59e8,0x00000000cd500000)
}
Event: 4.414 GC heap before
{Heap before GC invocations=3 (full 0):
 PSYoungGen      total 9728K, used 9728K [0x00000000f2200000, 0x00000000f3500000, 0x0000000100000000)
  eden space 8704K, 100% used [0x00000000f2200000,0x00000000f2a80000,0x00000000f2a80000)
  from space 1024K, 100% used [0x00000000f2b80000,0x00000000f2c80000,0x00000000f2c80000)
  to   space 1024K, 0% used [0x00000000f2a80000,0x00000000f2a80000,0x00000000f2b80000)
 ParOldGen       total 20992K, used 529K [0x00000000d6600000, 0x00000000d7a80000, 0x00000000f2200000)
  object space 20992K, 2% used [0x00000000d6600000,0x00000000d6684460,0x00000000d7a80000)
 PSPermGen       total 21504K, used 10968K [0x00000000cc000000, 0x00000000cd500000, 0x00000000d6600000)
  object space 21504K, 51% used [0x00000000cc000000,0x00000000ccab6290,0x00000000cd500000)
Event: 4.417 GC heap after
Heap after GC invocations=3 (full 0):
 PSYoungGen      total 9728K, used 1024K [0x00000000f2200000, 0x00000000f3500000, 0x0000000100000000)
  eden space 8704K, 0% used [0x00000000f2200000,0x00000000f2200000,0x00000000f2a80000)
  from space 1024K, 100% used [0x00000000f2a80000,0x00000000f2b80000,0x00000000f2b80000)
  to   space 1024K, 0% used [0x00000000f3400000,0x00000000f3400000,0x00000000f3500000)
 ParOldGen       total 20992K, used 529K [0x00000000d6600000, 0x00000000d7a80000, 0x00000000f2200000)
  object space 20992K, 2% used [0x00000000d6600000,0x00000000d6684460,0x00000000d7a80000)
 PSPermGen       total 21504K, used 10968K [0x00000000cc000000, 0x00000000cd500000, 0x00000000d6600000)
  object space 21504K, 51% used [0x00000000cc000000,0x00000000ccab6290,0x00000000cd500000)
}
Event: 4.429 GC heap before
{Heap before GC invocations=4 (full 0):
 PSYoungGen      total 9728K, used 9728K [0x00000000f2200000, 0x00000000f3500000, 0x0000000100000000)
  eden space 8704K, 100% used [0x00000000f2200000,0x00000000f2a80000,0x00000000f2a80000)
  from space 1024K, 100% used [0x00000000f2a80000,0x00000000f2b80000,0x00000000f2b80000)
  to   space 1024K, 0% used [0x00000000f3400000,0x00000000f3400000,0x00000000f3500000)
 ParOldGen       total 20992K, used 529K [0x00000000d6600000, 0x00000000d7a80000, 0x00000000f2200000)
  object space 20992K, 2% used [0x00000000d6600000,0x00000000d6684460,0x00000000d7a80000)
 PSPermGen       total 21504K, used 10968K [0x00000000cc000000, 0x00000000cd500000, 0x00000000d6600000)
  object space 21504K, 51% used [0x00000000cc000000,0x00000000ccab6290,0x00000000cd500000)
Event: 4.434 GC heap after
Heap after GC invocations=4 (full 0):
 PSYoungGen      total 18432K, used 1024K [0x00000000f2200000, 0x00000000f3500000, 0x0000000100000000)
  eden space 17408K, 0% used [0x00000000f2200000,0x00000000f2200000,0x00000000f3300000)
  from space 1024K, 100% used [0x00000000f3400000,0x00000000f3500000,0x00000000f3500000)
  to   space 1024K, 0% used [0x00000000f3300000,0x00000000f3300000,0x00000000f3400000)
 ParOldGen       total 20992K, used 537K [0x00000000d6600000, 0x00000000d7a80000, 0x00000000f2200000)
  object space 20992K, 2% used [0x00000000d6600000,0x00000000d6686460,0x00000000d7a80000)
 PSPermGen       total 21504K, used 10968K [0x00000000cc000000, 0x00000000cd500000, 0x00000000d6600000)
  object space 21504K, 51% used [0x00000000cc000000,0x00000000ccab6290,0x00000000cd500000)
}
Event: 4.468 GC heap before
{Heap before GC invocations=5 (full 0):
 PSYoungGen      total 18432K, used 18432K [0x00000000f2200000, 0x00000000f3500000, 0x0000000100000000)
  eden space 17408K, 100% used [0x00000000f2200000,0x00000000f3300000,0x00000000f3300000)
  from space 1024K, 100% used [0x00000000f3400000,0x00000000f3500000,0x00000000f3500000)
  to   space 1024K, 0% used [0x00000000f3300000,0x00000000f3300000,0x00000000f3400000)
 ParOldGen       total 20992K, used 537K [0x00000000d6600000, 0x00000000d7a80000, 0x00000000f2200000)
  object space 20992K, 2% used [0x00000000d6600000,0x00000000d6686460,0x00000000d7a80000)
 PSPermGen       total 21504K, used 10968K [0x00000000cc000000, 0x00000000cd500000, 0x00000000d6600000)
  object space 21504K, 51% used [0x00000000cc000000,0x00000000ccab6290,0x00000000cd500000)

Deoptimization events (2 events):
Event: 3.582 Thread 0x00007f9f2c22e800 Uncommon trap: reason=range_check action=make_not_entrant pc=0x00007f9f2908b040 method=java.awt.image.DirectColorModel.setFields()V @ 65
Event: 4.150 Thread 0x00007f9f2c247000 Uncommon trap: reason=unreached action=reinterpret pc=0x00007f9f29096fc4 method=java.awt.Component.isDisplayable()Z @ 4

Internal exceptions (10 events):
Event: 0.485 Thread 0x00007f9f2c00a000 Threw 0x00000000f22ca210 at /build/buildd/openjdk-7-7u71-2.5.3/build/openjdk/hotspot/src/share/vm/prims/jvm.cpp:1284
Event: 0.485 Thread 0x00007f9f2c00a000 Threw 0x00000000f22ca338 at /build/buildd/openjdk-7-7u71-2.5.3/build/openjdk/hotspot/src/share/vm/prims/jvm.cpp:1284
Event: 0.659 Thread 0x00007f9f2c00a000 Threw 0x00000000f2378c10 at /build/buildd/openjdk-7-7u71-2.5.3/build/openjdk/hotspot/src/share/vm/prims/jvm.cpp:1284
Event: 0.661 Thread 0x00007f9f2c00a000 Threw 0x00000000f237bff0 at /build/buildd/openjdk-7-7u71-2.5.3/build/openjdk/hotspot/src/share/vm/prims/jvm.cpp:1284
Event: 0.689 Thread 0x00007f9f2c00a000 Threw 0x00000000f2397298 at /build/buildd/openjdk-7-7u71-2.5.3/build/openjdk/hotspot/src/share/vm/prims/jvm.cpp:1284
Event: 0.690 Thread 0x00007f9f2c00a000 Threw 0x00000000f2398e30 at /build/buildd/openjdk-7-7u71-2.5.3/build/openjdk/hotspot/src/share/vm/prims/jvm.cpp:1284
Event: 0.692 Thread 0x00007f9f2c00a000 Threw 0x00000000f239c2d8 at /build/buildd/openjdk-7-7u71-2.5.3/build/openjdk/hotspot/src/share/vm/prims/jvm.cpp:1284
Event: 0.803 Thread 0x00007f9f2c00a000 Threw 0x00000000f2465408 at /build/buildd/openjdk-7-7u71-2.5.3/build/openjdk/hotspot/src/share/vm/prims/jvm.cpp:1284
Event: 2.265 Thread 0x00007f9f2c247000 Threw 0x00000000f267f590 at /build/buildd/openjdk-7-7u71-2.5.3/build/openjdk/hotspot/src/share/vm/prims/jni.cpp:747
Event: 4.264 Thread 0x00007f9f2c247000 Threw 0x00000000f2761db8 at /build/buildd/openjdk-7-7u71-2.5.3/build/openjdk/hotspot/src/share/vm/prims/jvm.cpp:1284

Events (10 events):
Event: 4.321 Executing VM operation: RevokeBias done
Event: 4.321 Executing VM operation: RevokeBias
Event: 4.322 Executing VM operation: RevokeBias done
Event: 4.389 Executing VM operation: ParallelGCFailedAllocation
Event: 4.394 Executing VM operation: ParallelGCFailedAllocation done
Event: 4.413 Executing VM operation: ParallelGCFailedAllocation
Event: 4.417 Executing VM operation: ParallelGCFailedAllocation done
Event: 4.429 Executing VM operation: ParallelGCFailedAllocation
Event: 4.434 Executing VM operation: ParallelGCFailedAllocation done
Event: 4.468 Executing VM operation: ParallelGCFailedAllocation


Dynamic libraries:
00400000-00401000 r-xp 00000000 08:01 3802145                            /usr/lib/jvm/java-7-openjdk-amd64/jre/bin/java
00600000-00601000 r--p 00000000 08:01 3802145                            /usr/lib/jvm/java-7-openjdk-amd64/jre/bin/java
00601000-00602000 rw-p 00001000 08:01 3802145                            /usr/lib/jvm/java-7-openjdk-amd64/jre/bin/java
0225b000-0227c000 rw-p 00000000 00:00 0                                  [heap]
cc000000-cd500000 rw-p 00000000 00:00 0 
cd500000-d6600000 rw-p 00000000 00:00 0 
d6600000-d7a80000 rw-p 00000000 00:00 0 
d7a80000-f2200000 rw-p 00000000 00:00 0 
f2200000-f3500000 rw-p 00000000 00:00 0 
f4700000-100000000 rw-p 00000000 00:00 0 
7f9ee4000000-7f9ee41be000 rw-p 00000000 00:00 0 
7f9ee41be000-7f9ee8000000 ---p 00000000 00:00 0 
7f9eeb86f000-7f9eebaa9000 rw-p 00000000 00:00 0 
7f9eebaa9000-7f9eebafa000 r-xp 00000000 08:01 3802201                    /usr/lib/jvm/java-7-openjdk-amd64/jre/lib/amd64/libfontmanager.so
7f9eebafa000-7f9eebcf9000 ---p 00051000 08:01 3802201                    /usr/lib/jvm/java-7-openjdk-amd64/jre/lib/amd64/libfontmanager.so
7f9eebcf9000-7f9eebcfc000 r--p 00050000 08:01 3802201                    /usr/lib/jvm/java-7-openjdk-amd64/jre/lib/amd64/libfontmanager.so
7f9eebcfc000-7f9eebcfd000 rw-p 00053000 08:01 3802201                    /usr/lib/jvm/java-7-openjdk-amd64/jre/lib/amd64/libfontmanager.so
7f9eebcfd000-7f9eebd00000 ---p 00000000 00:00 0 
7f9eebd00000-7f9eebdfe000 rw-p 00000000 00:00 0                          [stack:6123]
7f9eebdfe000-7f9eebe01000 ---p 00000000 00:00 0 
7f9eebe01000-7f9eebeff000 rw-p 00000000 00:00 0                          [stack:6122]
7f9eebeff000-7f9eebf02000 ---p 00000000 00:00 0 
7f9eebf02000-7f9eec000000 rw-p 00000000 00:00 0                          [stack:6121]
7f9eec000000-7f9eec021000 rw-p 00000000 00:00 0 
7f9eec021000-7f9ef0000000 ---p 00000000 00:00 0 
7f9ef0000000-7f9ef005a000 rw-p 00000000 00:00 0 
7f9ef005a000-7f9ef4000000 ---p 00000000 00:00 0 
7f9ef4000000-7f9ef4021000 rw-p 00000000 00:00 0 
7f9ef4021000-7f9ef8000000 ---p 00000000 00:00 0 
7f9ef8030000-7f9ef8047000 r-xp 00000000 08:01 3802223                    /usr/lib/jvm/java-7-openjdk-amd64/jre/lib/amd64/libnet.so
7f9ef8047000-7f9ef8246000 ---p 00017000 08:01 3802223                    /usr/lib/jvm/java-7-openjdk-amd64/jre/lib/amd64/libnet.so
7f9ef8246000-7f9ef8247000 r--p 00016000 08:01 3802223                    /usr/lib/jvm/java-7-openjdk-amd64/jre/lib/amd64/libnet.so
7f9ef8247000-7f9ef8248000 rw-p 00017000 08:01 3802223                    /usr/lib/jvm/java-7-openjdk-amd64/jre/lib/amd64/libnet.so
7f9ef8248000-7f9ef8258000 r-xp 00000000 08:01 3802224                    /usr/lib/jvm/java-7-openjdk-amd64/jre/lib/amd64/libnio.so
7f9ef8258000-7f9ef8458000 ---p 00010000 08:01 3802224                    /usr/lib/jvm/java-7-openjdk-amd64/jre/lib/amd64/libnio.so
7f9ef8458000-7f9ef8459000 r--p 00010000 08:01 3802224                    /usr/lib/jvm/java-7-openjdk-amd64/jre/lib/amd64/libnio.so
7f9ef8459000-7f9ef845a000 rw-p 00011000 08:01 3802224                    /usr/lib/jvm/java-7-openjdk-amd64/jre/lib/amd64/libnio.so
7f9ef845a000-7f9ef845d000 ---p 00000000 00:00 0 
7f9ef845d000-7f9ef855b000 rw-p 00000000 00:00 0                          [stack:6120]
7f9ef855b000-7f9ef855e000 ---p 00000000 00:00 0 
7f9ef855e000-7f9ef865c000 rw-p 00000000 00:00 0                          [stack:6119]
7f9ef865c000-7f9ef8661000 r-xp 00000000 08:01 3679021                    /usr/lib/x86_64-linux-gnu/libXfixes.so.3.1.0
7f9ef8661000-7f9ef8860000 ---p 00005000 08:01 3679021                    /usr/lib/x86_64-linux-gnu/libXfixes.so.3.1.0
7f9ef8860000-7f9ef8861000 r--p 00004000 08:01 3679021                    /usr/lib/x86_64-linux-gnu/libXfixes.so.3.1.0
7f9ef8861000-7f9ef8862000 rw-p 00005000 08:01 3679021                    /usr/lib/x86_64-linux-gnu/libXfixes.so.3.1.0
7f9ef8862000-7f9ef886b000 r-xp 00000000 08:01 3679013                    /usr/lib/x86_64-linux-gnu/libXcursor.so.1.0.2
7f9ef886b000-7f9ef8a6a000 ---p 00009000 08:01 3679013                    /usr/lib/x86_64-linux-gnu/libXcursor.so.1.0.2
7f9ef8a6a000-7f9ef8a6b000 r--p 00008000 08:01 3679013                    /usr/lib/x86_64-linux-gnu/libXcursor.so.1.0.2
7f9ef8a6b000-7f9ef8a6c000 rw-p 00009000 08:01 3679013                    /usr/lib/x86_64-linux-gnu/libXcursor.so.1.0.2
7f9ef8a6c000-7f9ef8a70000 r-xp 00000000 08:01 921743                     /lib/x86_64-linux-gnu/libgpg-error.so.0.10.0
7f9ef8a70000-7f9ef8c6f000 ---p 00004000 08:01 921743                     /lib/x86_64-linux-gnu/libgpg-error.so.0.10.0
7f9ef8c6f000-7f9ef8c70000 r--p 00003000 08:01 921743                     /lib/x86_64-linux-gnu/libgpg-error.so.0.10.0
7f9ef8c70000-7f9ef8c71000 rw-p 00004000 08:01 921743                     /lib/x86_64-linux-gnu/libgpg-error.so.0.10.0
7f9ef8c71000-7f9ef8c73000 r-xp 00000000 08:01 921753                     /lib/x86_64-linux-gnu/libkeyutils.so.1.4
7f9ef8c73000-7f9ef8e73000 ---p 00002000 08:01 921753                     /lib/x86_64-linux-gnu/libkeyutils.so.1.4
7f9ef8e73000-7f9ef8e74000 r--p 00002000 08:01 921753                     /lib/x86_64-linux-gnu/libkeyutils.so.1.4
7f9ef8e74000-7f9ef8e75000 rw-p 00003000 08:01 921753                     /lib/x86_64-linux-gnu/libkeyutils.so.1.4
7f9ef8e75000-7f9ef8eb2000 r-xp 00000000 08:01 921814                     /lib/x86_64-linux-gnu/libpcre.so.3.13.1
7f9ef8eb2000-7f9ef90b1000 ---p 0003d000 08:01 921814                     /lib/x86_64-linux-gnu/libpcre.so.3.13.1
7f9ef90b1000-7f9ef90b2000 r--p 0003c000 08:01 921814                     /lib/x86_64-linux-gnu/libpcre.so.3.13.1
7f9ef90b2000-7f9ef90b3000 rw-p 0003d000 08:01 921814                     /lib/x86_64-linux-gnu/libpcre.so.3.13.1
7f9ef90b3000-7f9ef90d8000 r-xp 00000000 08:01 921826                     /lib/x86_64-linux-gnu/libpng12.so.0.50.0
7f9ef90d8000-7f9ef92d7000 ---p 00025000 08:01 921826                     /lib/x86_64-linux-gnu/libpng12.so.0.50.0
7f9ef92d7000-7f9ef92d8000 r--p 00024000 08:01 921826                     /lib/x86_64-linux-gnu/libpng12.so.0.50.0
7f9ef92d8000-7f9ef92d9000 rw-p 00025000 08:01 921826                     /lib/x86_64-linux-gnu/libpng12.so.0.50.0
7f9ef92d9000-7f9ef931d000 r-xp 00000000 08:01 921724                     /lib/x86_64-linux-gnu/libdbus-1.so.3.7.6
7f9ef931d000-7f9ef951c000 ---p 00044000 08:01 921724                     /lib/x86_64-linux-gnu/libdbus-1.so.3.7.6
7f9ef951c000-7f9ef951d000 r--p 00043000 08:01 921724                     /lib/x86_64-linux-gnu/libdbus-1.so.3.7.6
7f9ef951d000-7f9ef951e000 rw-p 00044000 08:01 921724                     /lib/x86_64-linux-gnu/libdbus-1.so.3.7.6
7f9ef951e000-7f9ef9559000 r-xp 00000000 08:01 3679873                    /usr/lib/x86_64-linux-gnu/libp11-kit.so.0.0.0
7f9ef9559000-7f9ef9758000 ---p 0003b000 08:01 3679873                    /usr/lib/x86_64-linux-gnu/libp11-kit.so.0.0.0
7f9ef9758000-7f9ef975e000 r--p 0003a000 08:01 3679873                    /usr/lib/x86_64-linux-gnu/libp11-kit.so.0.0.0
7f9ef975e000-7f9ef9760000 rw-p 00040000 08:01 3679873                    /usr/lib/x86_64-linux-gnu/libp11-kit.so.0.0.0
7f9ef9760000-7f9ef9772000 r-xp 00000000 08:01 3680054                    /usr/lib/x86_64-linux-gnu/libtasn1.so.6.2.0
7f9ef9772000-7f9ef9972000 ---p 00012000 08:01 3680054                    /usr/lib/x86_64-linux-gnu/libtasn1.so.6.2.0
7f9ef9972000-7f9ef9973000 r--p 00012000 08:01 3680054                    /usr/lib/x86_64-linux-gnu/libtasn1.so.6.2.0
7f9ef9973000-7f9ef9974000 rw-p 00013000 08:01 3680054                    /usr/lib/x86_64-linux-gnu/libtasn1.so.6.2.0
7f9ef9974000-7f9ef99f0000 r-xp 00000000 08:01 921739                     /lib/x86_64-linux-gnu/libgcrypt.so.11.8.2
7f9ef99f0000-7f9ef9bef000 ---p 0007c000 08:01 921739                     /lib/x86_64-linux-gnu/libgcrypt.so.11.8.2
7f9ef9bef000-7f9ef9bf0000 r--p 0007b000 08:01 921739                     /lib/x86_64-linux-gnu/libgcrypt.so.11.8.2
7f9ef9bf0000-7f9ef9bf3000 rw-p 0007c000 08:01 921739                     /lib/x86_64-linux-gnu/libgcrypt.so.11.8.2
7f9ef9bf3000-7f9ef9bfd000 r-xp 00000000 08:01 3679714                    /usr/lib/x86_64-linux-gnu/libkrb5support.so.0.1
7f9ef9bfd000-7f9ef9dfc000 ---p 0000a000 08:01 3679714                    /usr/lib/x86_64-linux-gnu/libkrb5support.so.0.1
7f9ef9dfc000-7f9ef9dfd000 r--p 00009000 08:01 3679714                    /usr/lib/x86_64-linux-gnu/libkrb5support.so.0.1
7f9ef9dfd000-7f9ef9dfe000 rw-p 0000a000 08:01 3679714                    /usr/lib/x86_64-linux-gnu/libkrb5support.so.0.1
7f9ef9dfe000-7f9ef9e01000 r-xp 00000000 08:01 921719                     /lib/x86_64-linux-gnu/libcom_err.so.2.1
7f9ef9e01000-7f9efa000000 ---p 00003000 08:01 921719                     /lib/x86_64-linux-gnu/libcom_err.so.2.1
7f9efa000000-7f9efa001000 r--p 00002000 08:01 921719                     /lib/x86_64-linux-gnu/libcom_err.so.2.1
7f9efa001000-7f9efa002000 rw-p 00003000 08:01 921719                     /lib/x86_64-linux-gnu/libcom_err.so.2.1
7f9efa002000-7f9efa02e000 r-xp 00000000 08:01 3679706                    /usr/lib/x86_64-linux-gnu/libk5crypto.so.3.1
7f9efa02e000-7f9efa22d000 ---p 0002c000 08:01 3679706                    /usr/lib/x86_64-linux-gnu/libk5crypto.so.3.1
7f9efa22d000-7f9efa22f000 r--p 0002b000 08:01 3679706                    /usr/lib/x86_64-linux-gnu/libk5crypto.so.3.1
7f9efa22f000-7f9efa230000 rw-p 0002d000 08:01 3679706                    /usr/lib/x86_64-linux-gnu/libk5crypto.so.3.1
7f9efa230000-7f9efa231000 rw-p 00000000 00:00 0 
7f9efa231000-7f9efa2ed000 r-xp 00000000 08:01 3679712                    /usr/lib/x86_64-linux-gnu/libkrb5.so.3.3
7f9efa2ed000-7f9efa4ed000 ---p 000bc000 08:01 3679712                    /usr/lib/x86_64-linux-gnu/libkrb5.so.3.3
7f9efa4ed000-7f9efa4fa000 r--p 000bc000 08:01 3679712                    /usr/lib/x86_64-linux-gnu/libkrb5.so.3.3
7f9efa4fa000-7f9efa4fc000 rw-p 000c9000 08:01 3679712                    /usr/lib/x86_64-linux-gnu/libkrb5.so.3.3
7f9efa4fc000-7f9efa501000 r-xp 00000000 08:01 3679017                    /usr/lib/x86_64-linux-gnu/libXdmcp.so.6.0.0
7f9efa501000-7f9efa700000 ---p 00005000 08:01 3679017                    /usr/lib/x86_64-linux-gnu/libXdmcp.so.6.0.0
7f9efa700000-7f9efa701000 r--p 00004000 08:01 3679017                    /usr/lib/x86_64-linux-gnu/libXdmcp.so.6.0.0
7f9efa701000-7f9efa702000 rw-p 00005000 08:01 3679017                    /usr/lib/x86_64-linux-gnu/libXdmcp.so.6.0.0
7f9efa702000-7f9efa704000 r-xp 00000000 08:01 3679006                    /usr/lib/x86_64-linux-gnu/libXau.so.6.0.0
7f9efa704000-7f9efa904000 ---p 00002000 08:01 3679006                    /usr/lib/x86_64-linux-gnu/libXau.so.6.0.0
7f9efa904000-7f9efa905000 r--p 00002000 08:01 3679006                    /usr/lib/x86_64-linux-gnu/libXau.so.6.0.0
7f9efa905000-7f9efa906000 rw-p 00003000 08:01 3679006                    /usr/lib/x86_64-linux-gnu/libXau.so.6.0.0
7f9efa906000-7f9efa90d000 r-xp 00000000 08:01 3679323                    /usr/lib/x86_64-linux-gnu/libffi.so.6.0.1
7f9efa90d000-7f9efab0c000 ---p 00007000 08:01 3679323                    /usr/lib/x86_64-linux-gnu/libffi.so.6.0.1
7f9efab0c000-7f9efab0d000 r--p 00006000 08:01 3679323                    /usr/lib/x86_64-linux-gnu/libffi.so.6.0.1
7f9efab0d000-7f9efab0e000 rw-p 00007000 08:01 3679323                    /usr/lib/x86_64-linux-gnu/libffi.so.6.0.1
7f9efab0e000-7f9efab25000 r-xp 00000000 08:01 921837                     /lib/x86_64-linux-gnu/libresolv-2.19.so
7f9efab25000-7f9efad25000 ---p 00017000 08:01 921837                     /lib/x86_64-linux-gnu/libresolv-2.19.so
7f9efad25000-7f9efad26000 r--p 00017000 08:01 921837                     /lib/x86_64-linux-gnu/libresolv-2.19.so
7f9efad26000-7f9efad27000 rw-p 00018000 08:01 921837                     /lib/x86_64-linux-gnu/libresolv-2.19.so
7f9efad27000-7f9efad29000 rw-p 00000000 00:00 0 
7f9efad29000-7f9efad49000 r-xp 00000000 08:01 921841                     /lib/x86_64-linux-gnu/libselinux.so.1
7f9efad49000-7f9efaf48000 ---p 00020000 08:01 921841                     /lib/x86_64-linux-gnu/libselinux.so.1
7f9efaf48000-7f9efaf49000 r--p 0001f000 08:01 921841                     /lib/x86_64-linux-gnu/libselinux.so.1
7f9efaf49000-7f9efaf4a000 rw-p 00020000 08:01 921841                     /lib/x86_64-linux-gnu/libselinux.so.1
7f9efaf4a000-7f9efaf4c000 rw-p 00000000 00:00 0 
7f9efaf4c000-7f9efb052000 r-xp 00000000 08:01 921741                     /lib/x86_64-linux-gnu/libglib-2.0.so.0.4002.0
7f9efb052000-7f9efb251000 ---p 00106000 08:01 921741                     /lib/x86_64-linux-gnu/libglib-2.0.so.0.4002.0
7f9efb251000-7f9efb252000 r--p 00105000 08:01 921741                     /lib/x86_64-linux-gnu/libglib-2.0.so.0.4002.0
7f9efb252000-7f9efb253000 rw-p 00106000 08:01 921741                     /lib/x86_64-linux-gnu/libglib-2.0.so.0.4002.0
7f9efb253000-7f9efb254000 rw-p 00000000 00:00 0 
7f9efb254000-7f9efb257000 r-xp 00000000 08:01 3679465                    /usr/lib/x86_64-linux-gnu/libgmodule-2.0.so.0.4002.0
7f9efb257000-7f9efb456000 ---p 00003000 08:01 3679465                    /usr/lib/x86_64-linux-gnu/libgmodule-2.0.so.0.4002.0
7f9efb456000-7f9efb457000 r--p 00002000 08:01 3679465                    /usr/lib/x86_64-linux-gnu/libgmodule-2.0.so.0.4002.0
7f9efb457000-7f9efb458000 rw-p 00003000 08:01 3679465                    /usr/lib/x86_64-linux-gnu/libgmodule-2.0.so.0.4002.0
7f9efb458000-7f9efb47f000 r-xp 00000000 08:01 921732                     /lib/x86_64-linux-gnu/libexpat.so.1.6.0
7f9efb47f000-7f9efb67f000 ---p 00027000 08:01 921732                     /lib/x86_64-linux-gnu/libexpat.so.1.6.0
7f9efb67f000-7f9efb681000 r--p 00027000 08:01 921732                     /lib/x86_64-linux-gnu/libexpat.so.1.6.0
7f9efb681000-7f9efb682000 rw-p 00029000 08:01 921732                     /lib/x86_64-linux-gnu/libexpat.so.1.6.0
7f9efb682000-7f9efb71f000 r-xp 00000000 08:01 3679385                    /usr/lib/x86_64-linux-gnu/libfreetype.so.6.11.1
7f9efb71f000-7f9efb91e000 ---p 0009d000 08:01 3679385                    /usr/lib/x86_64-linux-gnu/libfreetype.so.6.11.1
7f9efb91e000-7f9efb924000 r--p 0009c000 08:01 3679385                    /usr/lib/x86_64-linux-gnu/libfreetype.so.6.11.1
7f9efb924000-7f9efb925000 rw-p 000a2000 08:01 3679385                    /usr/lib/x86_64-linux-gnu/libfreetype.so.6.11.1
7f9efb925000-7f9efb934000 r-xp 00000000 08:01 3679112                    /usr/lib/x86_64-linux-gnu/libavahi-client.so.3.2.9
7f9efb934000-7f9efbb34000 ---p 0000f000 08:01 3679112                    /usr/lib/x86_64-linux-gnu/libavahi-client.so.3.2.9
7f9efbb34000-7f9efbb35000 r--p 0000f000 08:01 3679112                    /usr/lib/x86_64-linux-gnu/libavahi-client.so.3.2.9
7f9efbb35000-7f9efbb36000 rw-p 00010000 08:01 3679112                    /usr/lib/x86_64-linux-gnu/libavahi-client.so.3.2.9
7f9efbb36000-7f9efbb41000 r-xp 00000000 08:01 3679114                    /usr/lib/x86_64-linux-gnu/libavahi-common.so.3.5.3
7f9efbb41000-7f9efbd40000 ---p 0000b000 08:01 3679114                    /usr/lib/x86_64-linux-gnu/libavahi-common.so.3.5.3
7f9efbd40000-7f9efbd41000 r--p 0000a000 08:01 3679114                    /usr/lib/x86_64-linux-gnu/libavahi-common.so.3.5.3
7f9efbd41000-7f9efbd42000 rw-p 0000b000 08:01 3679114                    /usr/lib/x86_64-linux-gnu/libavahi-common.so.3.5.3
7f9efbd42000-7f9efbdf8000 r-xp 00000000 08:01 3679483                    /usr/lib/x86_64-linux-gnu/libgnutls.so.26.22.6
7f9efbdf8000-7f9efbff8000 ---p 000b6000 08:01 3679483                    /usr/lib/x86_64-linux-gnu/libgnutls.so.26.22.6
7f9efbff8000-7f9efbffe000 r--p 000b6000 08:01 3679483                    /usr/lib/x86_64-linux-gnu/libgnutls.so.26.22.6
7f9efbffe000-7f9efbfff000 rw-p 000bc000 08:01 3679483                    /usr/lib/x86_64-linux-gnu/libgnutls.so.26.22.6
7f9efbfff000-7f9efc000000 rw-p 00000000 00:00 0 
7f9efc000000-7f9efc021000 rw-p 00000000 00:00 0 
7f9efc021000-7f9f00000000 ---p 00000000 00:00 0 
7f9f00000000-7f9f00021000 rw-p 00000000 00:00 0 
7f9f00021000-7f9f04000000 ---p 00000000 00:00 0 
7f9f04000000-7f9f0479c000 rw-p 00000000 00:00 0 
7f9f0479c000-7f9f08000000 ---p 00000000 00:00 0 
7f9f08000000-7f9f08386000 rw-p 00000000 00:00 0 
7f9f08386000-7f9f0c000000 ---p 00000000 00:00 0 
7f9f0c000000-7f9f0c021000 rw-p 00000000 00:00 0 
7f9f0c021000-7f9f10000000 ---p 00000000 00:00 0 
7f9f10000000-7f9f10021000 rw-p 00000000 00:00 0 
7f9f10021000-7f9f14000000 ---p 00000000 00:00 0 
7f9f14000000-7f9f14021000 rw-p 00000000 00:00 0 
7f9f14021000-7f9f18000000 ---p 00000000 00:00 0 
7f9f18000000-7f9f18021000 rw-p 00000000 00:00 0 
7f9f18021000-7f9f1c000000 ---p 00000000 00:00 0 
7f9f1c000000-7f9f1c021000 rw-p 00000000 00:00 0 
7f9f1c021000-7f9f20000000 ---p 00000000 00:00 0 
7f9f2009d000-7f9f200a0000 ---p 00000000 00:00 0 
7f9f200a0000-7f9f2019e000 rw-p 00000000 00:00 0                          [stack:6118]
7f9f2019e000-7f9f201e1000 r-xp 00000000 08:01 3679517                    /usr/lib/x86_64-linux-gnu/libgssapi_krb5.so.2.2
7f9f201e1000-7f9f203e1000 ---p 00043000 08:01 3679517                    /usr/lib/x86_64-linux-gnu/libgssapi_krb5.so.2.2
7f9f203e1000-7f9f203e2000 r--p 00043000 08:01 3679517                    /usr/lib/x86_64-linux-gnu/libgssapi_krb5.so.2.2
7f9f203e2000-7f9f203e4000 rw-p 00044000 08:01 3679517                    /usr/lib/x86_64-linux-gnu/libgssapi_krb5.so.2.2
7f9f203e4000-7f9f20401000 r-xp 00000000 08:01 3680213                    /usr/lib/x86_64-linux-gnu/libxcb.so.1.1.0
7f9f20401000-7f9f20601000 ---p 0001d000 08:01 3680213                    /usr/lib/x86_64-linux-gnu/libxcb.so.1.1.0
7f9f20601000-7f9f20602000 r--p 0001d000 08:01 3680213                    /usr/lib/x86_64-linux-gnu/libxcb.so.1.1.0
7f9f20602000-7f9f20603000 rw-p 0001e000 08:01 3680213                    /usr/lib/x86_64-linux-gnu/libxcb.so.1.1.0
7f9f20603000-7f9f20652000 r-xp 00000000 08:01 3679489                    /usr/lib/x86_64-linux-gnu/libgobject-2.0.so.0.4002.0
7f9f20652000-7f9f20852000 ---p 0004f000 08:01 3679489                    /usr/lib/x86_64-linux-gnu/libgobject-2.0.so.0.4002.0
7f9f20852000-7f9f20853000 r--p 0004f000 08:01 3679489                    /usr/lib/x86_64-linux-gnu/libgobject-2.0.so.0.4002.0
7f9f20853000-7f9f20854000 rw-p 00050000 08:01 3679489                    /usr/lib/x86_64-linux-gnu/libgobject-2.0.so.0.4002.0
7f9f20854000-7f9f209c0000 r-xp 00000000 08:01 3679449                    /usr/lib/x86_64-linux-gnu/libgio-2.0.so.0.4002.0
7f9f209c0000-7f9f20bbf000 ---p 0016c000 08:01 3679449                    /usr/lib/x86_64-linux-gnu/libgio-2.0.so.0.4002.0
7f9f20bbf000-7f9f20bc3000 r--p 0016b000 08:01 3679449                    /usr/lib/x86_64-linux-gnu/libgio-2.0.so.0.4002.0
7f9f20bc3000-7f9f20bc5000 rw-p 0016f000 08:01 3679449                    /usr/lib/x86_64-linux-gnu/libgio-2.0.so.0.4002.0
7f9f20bc5000-7f9f20bc7000 rw-p 00000000 00:00 0 
7f9f20bc7000-7f9f20c01000 r-xp 00000000 08:01 3679357                    /usr/lib/x86_64-linux-gnu/libfontconfig.so.1.8.0
7f9f20c01000-7f9f20e00000 ---p 0003a000 08:01 3679357                    /usr/lib/x86_64-linux-gnu/libfontconfig.so.1.8.0
7f9f20e00000-7f9f20e02000 r--p 00039000 08:01 3679357                    /usr/lib/x86_64-linux-gnu/libfontconfig.so.1.8.0
7f9f20e02000-7f9f20e03000 rw-p 0003b000 08:01 3679357                    /usr/lib/x86_64-linux-gnu/libfontconfig.so.1.8.0
7f9f20e03000-7f9f20e6f000 r-xp 00000000 08:01 3679213                    /usr/lib/x86_64-linux-gnu/libcups.so.2
7f9f20e6f000-7f9f2106f000 ---p 0006c000 08:01 3679213                    /usr/lib/x86_64-linux-gnu/libcups.so.2
7f9f2106f000-7f9f21076000 r--p 0006c000 08:01 3679213                    /usr/lib/x86_64-linux-gnu/libcups.so.2
7f9f21076000-7f9f21077000 rw-p 00073000 08:01 3679213                    /usr/lib/x86_64-linux-gnu/libcups.so.2
7f9f21077000-7f9f21086000 r-xp 00000000 08:01 3679027                    /usr/lib/x86_64-linux-gnu/libXi.so.6.1.0
7f9f21086000-7f9f21285000 ---p 0000f000 08:01 3679027                    /usr/lib/x86_64-linux-gnu/libXi.so.6.1.0
7f9f21285000-7f9f21286000 r--p 0000e000 08:01 3679027                    /usr/lib/x86_64-linux-gnu/libXi.so.6.1.0
7f9f21286000-7f9f21287000 rw-p 0000f000 08:01 3679027                    /usr/lib/x86_64-linux-gnu/libXi.so.6.1.0
7f9f21287000-7f9f2128c000 r-xp 00000000 08:01 3679045                    /usr/lib/x86_64-linux-gnu/libXtst.so.6.1.0
7f9f2128c000-7f9f2148b000 ---p 00005000 08:01 3679045                    /usr/lib/x86_64-linux-gnu/libXtst.so.6.1.0
7f9f2148b000-7f9f2148c000 r--p 00004000 08:01 3679045                    /usr/lib/x86_64-linux-gnu/libXtst.so.6.1.0
7f9f2148c000-7f9f2148d000 rw-p 00005000 08:01 3679045                    /usr/lib/x86_64-linux-gnu/libXtst.so.6.1.0
7f9f2148d000-7f9f21496000 r-xp 00000000 08:01 3679039                    /usr/lib/x86_64-linux-gnu/libXrender.so.1.3.0
7f9f21496000-7f9f21695000 ---p 00009000 08:01 3679039                    /usr/lib/x86_64-linux-gnu/libXrender.so.1.3.0
7f9f21695000-7f9f21696000 r--p 00008000 08:01 3679039                    /usr/lib/x86_64-linux-gnu/libXrender.so.1.3.0
7f9f21696000-7f9f21697000 rw-p 00009000 08:01 3679039                    /usr/lib/x86_64-linux-gnu/libXrender.so.1.3.0
7f9f21697000-7f9f217c7000 r-xp 00000000 08:01 3679002                    /usr/lib/x86_64-linux-gnu/libX11.so.6.3.0
7f9f217c7000-7f9f219c7000 ---p 00130000 08:01 3679002                    /usr/lib/x86_64-linux-gnu/libX11.so.6.3.0
7f9f219c7000-7f9f219c8000 r--p 00130000 08:01 3679002                    /usr/lib/x86_64-linux-gnu/libX11.so.6.3.0
7f9f219c8000-7f9f219cc000 rw-p 00131000 08:01 3679002                    /usr/lib/x86_64-linux-gnu/libX11.so.6.3.0
7f9f219cc000-7f9f219dd000 r-xp 00000000 08:01 3679019                    /usr/lib/x86_64-linux-gnu/libXext.so.6.4.0
7f9f219dd000-7f9f21bdc000 ---p 00011000 08:01 3679019                    /usr/lib/x86_64-linux-gnu/libXext.so.6.4.0
7f9f21bdc000-7f9f21bdd000 r--p 00010000 08:01 3679019                    /usr/lib/x86_64-linux-gnu/libXext.so.6.4.0
7f9f21bdd000-7f9f21bde000 rw-p 00011000 08:01 3679019                    /usr/lib/x86_64-linux-gnu/libXext.so.6.4.0
7f9f21bde000-7f9f21c26000 r-xp 00000000 08:01 3802239                    /usr/lib/jvm/java-7-openjdk-amd64/jre/lib/amd64/xawt/libmawt.so
7f9f21c26000-7f9f21e25000 ---p 00048000 08:01 3802239                    /usr/lib/jvm/java-7-openjdk-amd64/jre/lib/amd64/xawt/libmawt.so
7f9f21e25000-7f9f21e26000 r--p 00047000 08:01 3802239                    /usr/lib/jvm/java-7-openjdk-amd64/jre/lib/amd64/xawt/libmawt.so
7f9f21e26000-7f9f21e29000 rw-p 00048000 08:01 3802239                    /usr/lib/jvm/java-7-openjdk-amd64/jre/lib/amd64/xawt/libmawt.so
7f9f21e29000-7f9f21e2a000 rw-p 00000000 00:00 0 
7f9f21e2a000-7f9f21eca000 r-xp 00000000 08:01 3802199                    /usr/lib/jvm/java-7-openjdk-amd64/jre/lib/amd64/libawt.so
7f9f21eca000-7f9f220ca000 ---p 000a0000 08:01 3802199                    /usr/lib/jvm/java-7-openjdk-amd64/jre/lib/amd64/libawt.so
7f9f220ca000-7f9f220cb000 r--p 000a0000 08:01 3802199                    /usr/lib/jvm/java-7-openjdk-amd64/jre/lib/amd64/libawt.so
7f9f220cb000-7f9f220d6000 rw-p 000a1000 08:01 3802199                    /usr/lib/jvm/java-7-openjdk-amd64/jre/lib/amd64/libawt.so
7f9f220d6000-7f9f220fb000 rw-p 00000000 00:00 0 
7f9f220fb000-7f9f220fc000 ---p 00000000 00:00 0 
7f9f220fc000-7f9f221fc000 rw-p 00000000 00:00 0                          [stack:6117]
7f9f221fc000-7f9f221ff000 ---p 00000000 00:00 0 
7f9f221ff000-7f9f222fd000 rw-p 00000000 00:00 0                          [stack:6116]
7f9f222fd000-7f9f22300000 ---p 00000000 00:00 0 
7f9f22300000-7f9f223fe000 rw-p 00000000 00:00 0                          [stack:6115]
7f9f223fe000-7f9f22401000 ---p 00000000 00:00 0 
7f9f22401000-7f9f224ff000 rw-p 00000000 00:00 0                          [stack:6114]
7f9f224ff000-7f9f22502000 ---p 00000000 00:00 0 
7f9f22502000-7f9f24000000 rw-p 00000000 00:00 0                          [stack:6113]
7f9f24000000-7f9f24021000 rw-p 00000000 00:00 0 
7f9f24021000-7f9f28000000 ---p 00000000 00:00 0 
7f9f280b8000-7f9f280e9000 rw-p 00000000 00:00 0 
7f9f280e9000-7f9f283b2000 r--p 00000000 08:01 3677397                    /usr/lib/locale/locale-archive
7f9f283b2000-7f9f283b5000 ---p 00000000 00:00 0 
7f9f283b5000-7f9f284b3000 rw-p 00000000 00:00 0                          [stack:6112]
7f9f284b3000-7f9f284b6000 ---p 00000000 00:00 0 
7f9f284b6000-7f9f285b4000 rw-p 00000000 00:00 0                          [stack:6111]
7f9f285b4000-7f9f285b5000 ---p 00000000 00:00 0 
7f9f285b5000-7f9f29000000 rw-p 00000000 00:00 0                          [stack:6110]
7f9f29000000-7f9f29270000 rwxp 00000000 00:00 0 
7f9f29270000-7f9f2c2b3000 rw-p 00000000 00:00 0 
7f9f2c2b3000-7f9f30000000 ---p 00000000 00:00 0 
7f9f3000b000-7f9f30014000 r--s 000b9000 08:01 3802184                    /usr/lib/jvm/java-7-openjdk-amd64/jre/lib/resources.jar
7f9f30014000-7f9f3007e000 rw-p 00000000 00:00 0 
7f9f3007e000-7f9f3022f000 r--s 01d25000 08:01 3802186                    /usr/lib/jvm/java-7-openjdk-amd64/jre/lib/rt.jar
7f9f3022f000-7f9f304c8000 rw-p 00000000 00:00 0 
7f9f304c8000-7f9f304c9000 ---p 00000000 00:00 0 
7f9f304c9000-7f9f305c9000 rw-p 00000000 00:00 0                          [stack:6109]
7f9f305c9000-7f9f305ca000 ---p 00000000 00:00 0 
7f9f305ca000-7f9f306d5000 rw-p 00000000 00:00 0                          [stack:6108]
7f9f306d5000-7f9f3071d000 rw-p 00000000 00:00 0 
7f9f3071d000-7f9f30728000 rw-p 00000000 00:00 0 
7f9f30728000-7f9f307fb000 rw-p 00000000 00:00 0 
7f9f307fb000-7f9f30806000 rw-p 00000000 00:00 0 
7f9f30806000-7f9f3084e000 rw-p 00000000 00:00 0 
7f9f3084e000-7f9f30859000 rw-p 00000000 00:00 0 
7f9f30859000-7f9f3092c000 rw-p 00000000 00:00 0 
7f9f3092c000-7f9f30936000 rw-p 00000000 00:00 0 
7f9f30936000-7f9f3099b000 rw-p 00000000 00:00 0 
7f9f3099b000-7f9f3099c000 rw-p 00000000 00:00 0 
7f9f3099c000-7f9f309a4000 r-xp 00000000 08:01 3802231                    /usr/lib/jvm/java-7-openjdk-amd64/jre/lib/amd64/libzip.so
7f9f309a4000-7f9f30ba3000 ---p 00008000 08:01 3802231                    /usr/lib/jvm/java-7-openjdk-amd64/jre/lib/amd64/libzip.so
7f9f30ba3000-7f9f30ba4000 r--p 00007000 08:01 3802231                    /usr/lib/jvm/java-7-openjdk-amd64/jre/lib/amd64/libzip.so
7f9f30ba4000-7f9f30ba5000 rw-p 00008000 08:01 3802231                    /usr/lib/jvm/java-7-openjdk-amd64/jre/lib/amd64/libzip.so
7f9f30ba5000-7f9f30bb0000 r-xp 00000000 08:01 921786                     /lib/x86_64-linux-gnu/libnss_files-2.19.so
7f9f30bb0000-7f9f30daf000 ---p 0000b000 08:01 921786                     /lib/x86_64-linux-gnu/libnss_files-2.19.so
7f9f30daf000-7f9f30db0000 r--p 0000a000 08:01 921786                     /lib/x86_64-linux-gnu/libnss_files-2.19.so
7f9f30db0000-7f9f30db1000 rw-p 0000b000 08:01 921786                     /lib/x86_64-linux-gnu/libnss_files-2.19.so
7f9f30db1000-7f9f30dbc000 r-xp 00000000 08:01 921796                     /lib/x86_64-linux-gnu/libnss_nis-2.19.so
7f9f30dbc000-7f9f30fbb000 ---p 0000b000 08:01 921796                     /lib/x86_64-linux-gnu/libnss_nis-2.19.so
7f9f30fbb000-7f9f30fbc000 r--p 0000a000 08:01 921796                     /lib/x86_64-linux-gnu/libnss_nis-2.19.so
7f9f30fbc000-7f9f30fbd000 rw-p 0000b000 08:01 921796                     /lib/x86_64-linux-gnu/libnss_nis-2.19.so
7f9f30fbd000-7f9f30fd4000 r-xp 00000000 08:01 921780                     /lib/x86_64-linux-gnu/libnsl-2.19.so
7f9f30fd4000-7f9f311d3000 ---p 00017000 08:01 921780                     /lib/x86_64-linux-gnu/libnsl-2.19.so
7f9f311d3000-7f9f311d4000 r--p 00016000 08:01 921780                     /lib/x86_64-linux-gnu/libnsl-2.19.so
7f9f311d4000-7f9f311d5000 rw-p 00017000 08:01 921780                     /lib/x86_64-linux-gnu/libnsl-2.19.so
7f9f311d5000-7f9f311d7000 rw-p 00000000 00:00 0 
7f9f311d7000-7f9f311e0000 r-xp 00000000 08:01 921782                     /lib/x86_64-linux-gnu/libnss_compat-2.19.so
7f9f311e0000-7f9f313df000 ---p 00009000 08:01 921782                     /lib/x86_64-linux-gnu/libnss_compat-2.19.so
7f9f313df000-7f9f313e0000 r--p 00008000 08:01 921782                     /lib/x86_64-linux-gnu/libnss_compat-2.19.so
7f9f313e0000-7f9f313e1000 rw-p 00009000 08:01 921782                     /lib/x86_64-linux-gnu/libnss_compat-2.19.so
7f9f313e1000-7f9f3140c000 r-xp 00000000 08:01 3802210                    /usr/lib/jvm/java-7-openjdk-amd64/jre/lib/amd64/libjava.so
7f9f3140c000-7f9f3160b000 ---p 0002b000 08:01 3802210                    /usr/lib/jvm/java-7-openjdk-amd64/jre/lib/amd64/libjava.so
7f9f3160b000-7f9f3160c000 r--p 0002a000 08:01 3802210                    /usr/lib/jvm/java-7-openjdk-amd64/jre/lib/amd64/libjava.so
7f9f3160c000-7f9f3160e000 rw-p 0002b000 08:01 3802210                    /usr/lib/jvm/java-7-openjdk-amd64/jre/lib/amd64/libjava.so
7f9f3160e000-7f9f3161e000 r-xp 00000000 08:01 3802230                    /usr/lib/jvm/java-7-openjdk-amd64/jre/lib/amd64/libverify.so
7f9f3161e000-7f9f3181d000 ---p 00010000 08:01 3802230                    /usr/lib/jvm/java-7-openjdk-amd64/jre/lib/amd64/libverify.so
7f9f3181d000-7f9f3181f000 r--p 0000f000 08:01 3802230                    /usr/lib/jvm/java-7-openjdk-amd64/jre/lib/amd64/libverify.so
7f9f3181f000-7f9f31820000 rw-p 00011000 08:01 3802230                    /usr/lib/jvm/java-7-openjdk-amd64/jre/lib/amd64/libverify.so
7f9f31820000-7f9f31827000 r-xp 00000000 08:01 921839                     /lib/x86_64-linux-gnu/librt-2.19.so
7f9f31827000-7f9f31a26000 ---p 00007000 08:01 921839                     /lib/x86_64-linux-gnu/librt-2.19.so
7f9f31a26000-7f9f31a27000 r--p 00006000 08:01 921839                     /lib/x86_64-linux-gnu/librt-2.19.so
7f9f31a27000-7f9f31a28000 rw-p 00007000 08:01 921839                     /lib/x86_64-linux-gnu/librt-2.19.so
7f9f31a28000-7f9f31a3e000 r-xp 00000000 08:01 921737                     /lib/x86_64-linux-gnu/libgcc_s.so.1
7f9f31a3e000-7f9f31c3d000 ---p 00016000 08:01 921737                     /lib/x86_64-linux-gnu/libgcc_s.so.1
7f9f31c3d000-7f9f31c3e000 rw-p 00015000 08:01 921737                     /lib/x86_64-linux-gnu/libgcc_s.so.1
7f9f31c3e000-7f9f31d43000 r-xp 00000000 08:01 921761                     /lib/x86_64-linux-gnu/libm-2.19.so
7f9f31d43000-7f9f31f42000 ---p 00105000 08:01 921761                     /lib/x86_64-linux-gnu/libm-2.19.so
7f9f31f42000-7f9f31f43000 r--p 00104000 08:01 921761                     /lib/x86_64-linux-gnu/libm-2.19.so
7f9f31f43000-7f9f31f44000 rw-p 00105000 08:01 921761                     /lib/x86_64-linux-gnu/libm-2.19.so
7f9f31f44000-7f9f3202a000 r-xp 00000000 08:01 3680044                    /usr/lib/x86_64-linux-gnu/libstdc++.so.6.0.19
7f9f3202a000-7f9f32229000 ---p 000e6000 08:01 3680044                    /usr/lib/x86_64-linux-gnu/libstdc++.so.6.0.19
7f9f32229000-7f9f32231000 r--p 000e5000 08:01 3680044                    /usr/lib/x86_64-linux-gnu/libstdc++.so.6.0.19
7f9f32231000-7f9f32233000 rw-p 000ed000 08:01 3680044                    /usr/lib/x86_64-linux-gnu/libstdc++.so.6.0.19
7f9f32233000-7f9f32248000 rw-p 00000000 00:00 0 
7f9f32248000-7f9f32d5e000 r-xp 00000000 08:01 3802238                    /usr/lib/jvm/java-7-openjdk-amd64/jre/lib/amd64/server/libjvm.so
7f9f32d5e000-7f9f32f5d000 ---p 00b16000 08:01 3802238                    /usr/lib/jvm/java-7-openjdk-amd64/jre/lib/amd64/server/libjvm.so
7f9f32f5d000-7f9f32ff7000 r--p 00b15000 08:01 3802238                    /usr/lib/jvm/java-7-openjdk-amd64/jre/lib/amd64/server/libjvm.so
7f9f32ff7000-7f9f3301a000 rw-p 00baf000 08:01 3802238                    /usr/lib/jvm/java-7-openjdk-amd64/jre/lib/amd64/server/libjvm.so
7f9f3301a000-7f9f33048000 rw-p 00000000 00:00 0 
7f9f33048000-7f9f33060000 r-xp 00000000 08:01 921872                     /lib/x86_64-linux-gnu/libz.so.1.2.8
7f9f33060000-7f9f3325f000 ---p 00018000 08:01 921872                     /lib/x86_64-linux-gnu/libz.so.1.2.8
7f9f3325f000-7f9f33260000 r--p 00017000 08:01 921872                     /lib/x86_64-linux-gnu/libz.so.1.2.8
7f9f33260000-7f9f33261000 rw-p 00018000 08:01 921872                     /lib/x86_64-linux-gnu/libz.so.1.2.8
7f9f33261000-7f9f3327a000 r-xp 00000000 08:01 921831                     /lib/x86_64-linux-gnu/libpthread-2.19.so
7f9f3327a000-7f9f33479000 ---p 00019000 08:01 921831                     /lib/x86_64-linux-gnu/libpthread-2.19.so
7f9f33479000-7f9f3347a000 r--p 00018000 08:01 921831                     /lib/x86_64-linux-gnu/libpthread-2.19.so
7f9f3347a000-7f9f3347b000 rw-p 00019000 08:01 921831                     /lib/x86_64-linux-gnu/libpthread-2.19.so
7f9f3347b000-7f9f3347f000 rw-p 00000000 00:00 0 
7f9f3347f000-7f9f33482000 r-xp 00000000 08:01 921727                     /lib/x86_64-linux-gnu/libdl-2.19.so
7f9f33482000-7f9f33681000 ---p 00003000 08:01 921727                     /lib/x86_64-linux-gnu/libdl-2.19.so
7f9f33681000-7f9f33682000 r--p 00002000 08:01 921727                     /lib/x86_64-linux-gnu/libdl-2.19.so
7f9f33682000-7f9f33683000 rw-p 00003000 08:01 921727                     /lib/x86_64-linux-gnu/libdl-2.19.so
7f9f33683000-7f9f3383e000 r-xp 00000000 08:01 921710                     /lib/x86_64-linux-gnu/libc-2.19.so
7f9f3383e000-7f9f33a3e000 ---p 001bb000 08:01 921710                     /lib/x86_64-linux-gnu/libc-2.19.so
7f9f33a3e000-7f9f33a42000 r--p 001bb000 08:01 921710                     /lib/x86_64-linux-gnu/libc-2.19.so
7f9f33a42000-7f9f33a44000 rw-p 001bf000 08:01 921710                     /lib/x86_64-linux-gnu/libc-2.19.so
7f9f33a44000-7f9f33a49000 rw-p 00000000 00:00 0 
7f9f33a49000-7f9f33a56000 r-xp 00000000 08:01 3802234                    /usr/lib/jvm/java-7-openjdk-amd64/jre/lib/amd64/jli/libjli.so
7f9f33a56000-7f9f33c55000 ---p 0000d000 08:01 3802234                    /usr/lib/jvm/java-7-openjdk-amd64/jre/lib/amd64/jli/libjli.so
7f9f33c55000-7f9f33c56000 r--p 0000c000 08:01 3802234                    /usr/lib/jvm/java-7-openjdk-amd64/jre/lib/amd64/jli/libjli.so
7f9f33c56000-7f9f33c57000 rw-p 0000d000 08:01 3802234                    /usr/lib/jvm/java-7-openjdk-amd64/jre/lib/amd64/jli/libjli.so
7f9f33c57000-7f9f33c7a000 r-xp 00000000 08:01 921686                     /lib/x86_64-linux-gnu/ld-2.19.so
7f9f33c7d000-7f9f33c7e000 rw-p 00000000 00:00 0 
7f9f33c7e000-7f9f33c82000 rw-s 00000000 00:04 5668907                    /SYSV00000000 (deleted)
7f9f33c82000-7f9f33c85000 r--s 0000f000 08:01 3802246                    /usr/lib/jvm/java-7-openjdk-amd64/jre/lib/ext/icedtea-sound.jar
7f9f33c85000-7f9f33c86000 r--s 00002000 08:01 3802245                    /usr/lib/jvm/java-7-openjdk-amd64/jre/lib/ext/dnsns.jar
7f9f33c86000-7f9f33c8a000 r--s 0003c000 08:01 3802251                    /usr/lib/jvm/java-7-openjdk-amd64/jre/lib/ext/sunpkcs11.jar
7f9f33c8a000-7f9f33c8e000 r--s 00034000 08:01 3802250                    /usr/lib/jvm/java-7-openjdk-amd64/jre/lib/ext/sunjce_provider.jar
7f9f33c8e000-7f9f33c92000 r--s 00085000 08:01 3802249                    /usr/lib/jvm/java-7-openjdk-amd64/jre/lib/ext/localedata.jar
7f9f33c92000-7f9f33c9c000 rw-p 00000000 00:00 0 
7f9f33c9c000-7f9f33d52000 rw-p 00000000 00:00 0 
7f9f33d52000-7f9f33d55000 ---p 00000000 00:00 0 
7f9f33d55000-7f9f33e58000 rw-p 00000000 00:00 0                          [stack:6107]
7f9f33e58000-7f9f33e5a000 r--s 00006000 08:01 137765                     /usr/share/java/java-atk-wrapper.jar
7f9f33e5a000-7f9f33e5c000 r--s 00012000 08:01 3802252                    /usr/lib/jvm/java-7-openjdk-amd64/jre/lib/ext/zipfs.jar
7f9f33e5c000-7f9f33e6d000 rw-p 00000000 00:00 0 
7f9f33e6d000-7f9f33e75000 rw-s 00000000 08:01 1447098                    /tmp/hsperfdata_ted/6101
7f9f33e75000-7f9f33e76000 rw-p 00000000 00:00 0 
7f9f33e76000-7f9f33e77000 ---p 00000000 00:00 0 
7f9f33e77000-7f9f33e79000 rw-p 00000000 00:00 0 
7f9f33e79000-7f9f33e7a000 r--p 00022000 08:01 921686                     /lib/x86_64-linux-gnu/ld-2.19.so
7f9f33e7a000-7f9f33e7b000 rw-p 00023000 08:01 921686                     /lib/x86_64-linux-gnu/ld-2.19.so
7f9f33e7b000-7f9f33e7c000 rw-p 00000000 00:00 0 
7fff6a761000-7fff6a782000 rw-p 00000000 00:00 0                          [stack]
7fff6a7fe000-7fff6a800000 r-xp 00000000 00:00 0                          [vdso]
ffffffffff600000-ffffffffff601000 r-xp 00000000 00:00 0                  [vsyscall]

VM Arguments:
jvm_args: -Dfile.encoding=UTF-8 
java_command: CheckersGUI
Launcher Type: SUN_STANDARD

Environment Variables:
PATH=/usr/local/sbin:/usr/local/bin:/usr/sbin:/usr/bin:/sbin:/bin:/usr/games:/usr/local/games
USERNAME=ted
SHELL=/bin/bash
DISPLAY=:0.0

Signal Handlers:
SIGSEGV: [libjvm.so+0x9495e0], sa_mask[0]=0x7ffbfeff, sa_flags=0x10000004
SIGBUS: [libjvm.so+0x9495e0], sa_mask[0]=0x7ffbfeff, sa_flags=0x10000004
SIGFPE: [libjvm.so+0x7c3410], sa_mask[0]=0x7ffbfeff, sa_flags=0x10000004
SIGPIPE: [libjvm.so+0x7c3410], sa_mask[0]=0x7ffbfeff, sa_flags=0x10000004
SIGXFSZ: [libjvm.so+0x7c3410], sa_mask[0]=0x7ffbfeff, sa_flags=0x10000004
SIGILL: [libjvm.so+0x7c3410], sa_mask[0]=0x7ffbfeff, sa_flags=0x10000004
SIGUSR1: SIG_DFL, sa_mask[0]=0x00000000, sa_flags=0x00000000
SIGUSR2: [libjvm.so+0x7c32b0], sa_mask[0]=0x00000004, sa_flags=0x10000004
SIGHUP: [libjvm.so+0x7c3490], sa_mask[0]=0x7ffbfeff, sa_flags=0x10000004
SIGINT: [libjvm.so+0x7c3490], sa_mask[0]=0x7ffbfeff, sa_flags=0x10000004
SIGTERM: [libjvm.so+0x7c3490], sa_mask[0]=0x7ffbfeff, sa_flags=0x10000004
SIGQUIT: [libjvm.so+0x7c3490], sa_mask[0]=0x7ffbfeff, sa_flags=0x10000004
SIGTRAP: SIG_DFL, sa_mask[0]=0x00000000, sa_flags=0x00000000


---------------  S Y S T E M  ---------------

OS:LinuxMint 17.1 (rebecca)
uname:Linux 3.13.0-37-generic #64-Ubuntu SMP Mon Sep 22 21:28:38 UTC 2014 x86_64
libc:glibc 2.19 NPTL 2.19 
rlimit: STACK 8192k, CORE 0k, NPROC 15771, NOFILE 4096, AS infinity
load average:0.23 0.58 0.77

/proc/meminfo:
MemTotal:        2049920 kB
MemFree:           53084 kB
Buffers:             136 kB
Cached:            13088 kB
SwapCached:        17844 kB
Active:          1409084 kB
Inactive:         479928 kB
Active(anon):    1407896 kB
Inactive(anon):   471632 kB
Active(file):       1188 kB
Inactive(file):     8296 kB
Unevictable:           0 kB
Mlocked:               0 kB
SwapTotal:       2095100 kB
SwapFree:              0 kB
Dirty:               204 kB
Writeback:             0 kB
AnonPages:       1858120 kB
Mapped:             5456 kB
Shmem:              3592 kB
Slab:              35912 kB
SReclaimable:      12704 kB
SUnreclaim:        23208 kB
KernelStack:        7152 kB
PageTables:        37064 kB
NFS_Unstable:          0 kB
Bounce:                0 kB
WritebackTmp:          0 kB
CommitLimit:     3120060 kB
Committed_AS:    7458308 kB
VmallocTotal:   34359738367 kB
VmallocUsed:       26452 kB
VmallocChunk:   34359708583 kB
HardwareCorrupted:     0 kB
AnonHugePages:    722944 kB
HugePages_Total:       0
HugePages_Free:        0
HugePages_Rsvd:        0
HugePages_Surp:        0
Hugepagesize:       2048 kB
DirectMap4k:       49088 kB
DirectMap2M:     2048000 kB


CPU:total 2 (2 cores per cpu, 1 threads per core) family 6 model 60 stepping 3, cmov, cx8, fxsr, mmx, sse, sse2, sse3, ssse3, tsc

/proc/cpuinfo:
processor	: 0
vendor_id	: GenuineIntel
cpu family	: 6
model		: 60
model name	: Intel(R) Core(TM) i7-4710HQ CPU @ 2.50GHz
stepping	: 3
microcode	: 0x19
cpu MHz		: 2577.367
cache size	: 6144 KB
physical id	: 0
siblings	: 2
core id		: 0
cpu cores	: 2
apicid		: 0
initial apicid	: 0
fpu		: yes
fpu_exception	: yes
cpuid level	: 5
wp		: yes
flags		: fpu vme de pse tsc msr pae mce cx8 apic sep mtrr pge mca cmov pat pse36 clflush mmx fxsr sse sse2 ht syscall nx rdtscp lm constant_tsc rep_good nopl pni ssse3 lahf_lm
bogomips	: 5154.73
clflush size	: 64
cache_alignment	: 64
address sizes	: 39 bits physical, 48 bits virtual
power management:

processor	: 1
vendor_id	: GenuineIntel
cpu family	: 6
model		: 60
model name	: Intel(R) Core(TM) i7-4710HQ CPU @ 2.50GHz
stepping	: 3
microcode	: 0x19
cpu MHz		: 2577.367
cache size	: 6144 KB
physical id	: 0
siblings	: 2
core id		: 1
cpu cores	: 2
apicid		: 1
initial apicid	: 1
fpu		: yes
fpu_exception	: yes
cpuid level	: 5
wp		: yes
flags		: fpu vme de pse tsc msr pae mce cx8 apic sep mtrr pge mca cmov pat pse36 clflush mmx fxsr sse sse2 ht syscall nx rdtscp lm constant_tsc rep_good nopl pni ssse3 lahf_lm
bogomips	: 5154.73
clflush size	: 64
cache_alignment	: 64
address sizes	: 39 bits physical, 48 bits virtual
power management:



Memory: 4k page, physical 2049920k(52976k free), swap 2095100k(0k free)

vm_info: OpenJDK 64-Bit Server VM (24.65-b04) for linux-amd64 JRE (1.7.0_65-b32), built on Oct 22 2014 04:37:44 by "buildd" with gcc 4.8.2

time: Wed Jun  3 14:00:12 2015
elapsed time: 4 seconds

