#
# There is insufficient memory for the Java Runtime Environment to continue.
# Native memory allocation (malloc) failed to allocate 157810688 bytes for committing reserved memory.
# Possible reasons:
#   The system is out of physical RAM or swap space
#   In 32 bit mode, the process size limit was hit
# Possible solutions:
#   Reduce memory load on the system
#   Increase physical memory or swap space
#   Check if swap backing store is full
#   Use 64 bit Java on a 64 bit OS
#   Decrease Java heap size (-Xmx/-Xms)
#   Decrease number of Java threads
#   Decrease Java thread stack sizes (-Xss)
#   Set larger code cache with -XX:ReservedCodeCacheSize=
# This output file may be truncated or incomplete.
#
#  Out of Memory Error (os_linux.cpp:2809), pid=7759, tid=140691958605568
#
# JRE version: OpenJDK Runtime Environment (7.0_79-b14) (build 1.7.0_79-b14)
# Java VM: OpenJDK 64-Bit Server VM (24.79-b02 mixed mode linux-amd64 compressed oops)
# Derivative: IcedTea 2.5.5
# Distribution: Ubuntu 14.04 LTS, package 7u79-2.5.5-0ubuntu0.14.04.2
# Failed to write core dump. Core dumps have been disabled. To enable core dumping, try "ulimit -c unlimited" before starting Java again
#

---------------  T H R E A D  ---------------

Current thread (0x00007ff57807e000):  VMThread [stack: 0x00007ff566272000,0x00007ff566373000] [id=7776]

Stack: [0x00007ff566272000,0x00007ff566373000],  sp=0x00007ff566371490,  free space=1021k
Native frames: (J=compiled Java code, j=interpreted, Vv=VM code, C=native code)
V  [libjvm.so+0x94aec5]  VMError::report_and_die()+0x175
V  [libjvm.so+0x48b9c4]  report_vm_out_of_memory(char const*, int, unsigned long, char const*)+0x74
V  [libjvm.so+0x7c806b]  os::pd_commit_memory(char*, unsigned long, unsigned long, bool)+0xeb
V  [libjvm.so+0x7c2b0f]  os::commit_memory(char*, unsigned long, unsigned long, bool)+0x1f
V  [libjvm.so+0x83500b]  PSVirtualSpace::expand_by(unsigned long)+0x5b
V  [libjvm.so+0x835e60]  PSYoungGen::resize_generation(unsigned long, unsigned long)+0xb0
V  [libjvm.so+0x83654b]  PSYoungGen::resize(unsigned long, unsigned long)+0x1b
V  [libjvm.so+0x832830]  PSScavenge::invoke_no_policy()+0xde0
V  [libjvm.so+0x833008]  PSScavenge::invoke()+0x38
V  [libjvm.so+0x7e96f3]  ParallelScavengeHeap::failed_mem_allocate(unsigned long)+0x63
V  [libjvm.so+0x94c8c4]  VM_ParallelGCFailedAllocation::doit()+0x84
V  [libjvm.so+0x950dc7]  VM_Operation::evaluate()+0x47
V  [libjvm.so+0x94f738]  VMThread::evaluate_operation(VM_Operation*)+0x318
V  [libjvm.so+0x94fb99]  VMThread::loop()+0x219
V  [libjvm.so+0x94ffe2]  VMThread::run()+0x72
V  [libjvm.so+0x7c4f32]  java_start(Thread*)+0xf2

VM_Operation (0x00007ff52b0654b0): ParallelGCFailedAllocation, mode: safepoint, requested by thread 0x00007ff578299800


---------------  P R O C E S S  ---------------

Java Threads: ( => current thread )
  0x00007ff57800a000 JavaThread "DestroyJavaVM" [_thread_blocked, id=7766, stack(0x00007ff57f9f2000,0x00007ff57faf3000)]
  0x00007ff578299800 JavaThread "AWT-EventQueue-0" [_thread_blocked, id=7788, stack(0x00007ff52af68000,0x00007ff52b069000)]
  0x00007ff578298000 JavaThread "AWT-Shutdown" [_thread_blocked, id=7787, stack(0x00007ff52b069000,0x00007ff52b16a000)]
  0x00007ff57820a800 JavaThread "AWT-XAWT" daemon [_thread_blocked, id=7785, stack(0x00007ff52b8ea000,0x00007ff52b9eb000)]
  0x00007ff5781e6000 JavaThread "Java2D Disposer" daemon [_thread_blocked, id=7784, stack(0x00007ff5480a7000,0x00007ff5481a8000)]
  0x00007ff5780b7000 JavaThread "Service Thread" daemon [_thread_blocked, id=7782, stack(0x00007ff5659a3000,0x00007ff565aa4000)]
  0x00007ff5780b5000 JavaThread "C2 CompilerThread1" daemon [_thread_blocked, id=7781, stack(0x00007ff565aa4000,0x00007ff565ba5000)]
  0x00007ff5780b2000 JavaThread "C2 CompilerThread0" daemon [_thread_blocked, id=7780, stack(0x00007ff565ba5000,0x00007ff565ca6000)]
  0x00007ff5780b0000 JavaThread "Signal Dispatcher" daemon [_thread_blocked, id=7779, stack(0x00007ff565ca6000,0x00007ff565da7000)]
  0x00007ff578084800 JavaThread "Finalizer" daemon [_thread_blocked, id=7778, stack(0x00007ff566070000,0x00007ff566171000)]
  0x00007ff578082800 JavaThread "Reference Handler" daemon [_thread_blocked, id=7777, stack(0x00007ff566171000,0x00007ff566272000)]

Other Threads:
=>0x00007ff57807e000 VMThread [stack: 0x00007ff566272000,0x00007ff566373000] [id=7776]
  0x00007ff5780c2000 WatcherThread [stack: 0x00007ff5658a2000,0x00007ff5659a3000] [id=7783]

VM state:at safepoint (normal execution)

VM Mutex/Monitor currently owned by a thread:  ([mutex/lock_event])
[0x00007ff578006360] Threads_lock - owner thread: 0x00007ff57807e000
[0x00007ff578006860] Heap_lock - owner thread: 0x00007ff578299800

Heap
 PSYoungGen      total 261120K, used 128K [0x00000007d6d00000, 0x00000007e7000000, 0x0000000800000000)
  eden space 257536K, 0% used [0x00000007d6d00000,0x00000007d6d00000,0x00000007e6880000)
  from space 3584K, 3% used [0x00000007e6880000,0x00000007e68a0000,0x00000007e6c00000)
  to   space 3072K, 0% used [0x00000007e6c00000,0x00000007e6c00000,0x00000007e6f00000)
 ParOldGen       total 83968K, used 2243K [0x0000000784800000, 0x0000000789a00000, 0x00000007d6d00000)
  object space 83968K, 2% used [0x0000000784800000,0x0000000784a30f00,0x0000000789a00000)
 PSPermGen       total 21504K, used 11239K [0x000000077a200000, 0x000000077b700000, 0x0000000784800000)
  object space 21504K, 52% used [0x000000077a200000,0x000000077acf9f38,0x000000077b700000)

Card table byte_map: [0x00007ff57c209000,0x00007ff57c639000] byte_map_base: 0x00007ff578638000

Polling page: 0x00007ff57fb16000

Code Cache  [0x00007ff575000000, 0x00007ff575270000, 0x00007ff578000000)
 total_blobs=658 nmethods=193 adapters=418 free_code_cache=48222Kb largest_free_block=49356672

Compilation events (10 events):
Event: 15.402 Thread 0x00007ff5780b5000  196             java.awt.AWTEvent::getID (5 bytes)
Event: 15.403 Thread 0x00007ff5780b5000 nmethod 196 0x00007ff57508efd0 code [0x00007ff57508f100, 0x00007ff57508f158]
Event: 16.139 Thread 0x00007ff5780b2000  197             java.util.ArrayList::iterator (10 bytes)
Event: 16.140 Thread 0x00007ff5780b2000 nmethod 197 0x00007ff57508ed10 code [0x00007ff57508ee60, 0x00007ff57508ef38]
Event: 16.140 Thread 0x00007ff5780b5000  198             sun.awt.SunHints$Value::hashCode (5 bytes)
Event: 16.141 Thread 0x00007ff5780b5000 nmethod 198 0x00007ff57508ea90 code [0x00007ff57508ebe0, 0x00007ff57508ec88]
Event: 16.143 Thread 0x00007ff5780b2000  199             java.awt.Component::getFont_NoClientCode (29 bytes)
Event: 16.143 Thread 0x00007ff5780b2000 nmethod 199 0x00007ff57508e790 code [0x00007ff57508e8e0, 0x00007ff57508e9a8]
Event: 16.144 Thread 0x00007ff5780b5000  200             java.awt.Component::getFont (5 bytes)
Event: 16.144 Thread 0x00007ff5780b5000 nmethod 200 0x00007ff5750ec590 code [0x00007ff5750ec6e0, 0x00007ff5750ec7a8]

GC Heap History (10 events):
Event: 3.358 GC heap after
Heap after GC invocations=4 (full 0):
 PSYoungGen      total 69632K, used 2274K [0x00000007d6d00000, 0x00000007db600000, 0x0000000800000000)
  eden space 64512K, 0% used [0x00000007d6d00000,0x00000007d6d00000,0x00000007dac00000)
  from space 5120K, 44% used [0x00000007db100000,0x00000007db338830,0x00000007db600000)
  to   space 5120K, 0% used [0x00000007dac00000,0x00000007dac00000,0x00000007db100000)
 ParOldGen       total 83968K, used 24K [0x0000000784800000, 0x0000000789a00000, 0x00000007d6d00000)
  object space 83968K, 0% used [0x0000000784800000,0x0000000784806000,0x0000000789a00000)
 PSPermGen       total 21504K, used 11160K [0x000000077a200000, 0x000000077b700000, 0x0000000784800000)
  object space 21504K, 51% used [0x000000077a200000,0x000000077ace60f0,0x000000077b700000)
}
Event: 7.634 GC heap before
{Heap before GC invocations=5 (full 0):
 PSYoungGen      total 69632K, used 66786K [0x00000007d6d00000, 0x00000007db600000, 0x0000000800000000)
  eden space 64512K, 100% used [0x00000007d6d00000,0x00000007dac00000,0x00000007dac00000)
  from space 5120K, 44% used [0x00000007db100000,0x00000007db338830,0x00000007db600000)
  to   space 5120K, 0% used [0x00000007dac00000,0x00000007dac00000,0x00000007db100000)
 ParOldGen       total 83968K, used 24K [0x0000000784800000, 0x0000000789a00000, 0x00000007d6d00000)
  object space 83968K, 0% used [0x0000000784800000,0x0000000784806000,0x0000000789a00000)
 PSPermGen       total 21504K, used 11182K [0x000000077a200000, 0x000000077b700000, 0x0000000784800000)
  object space 21504K, 52% used [0x000000077a200000,0x000000077aceb898,0x000000077b700000)
Event: 7.638 GC heap after
Heap after GC invocations=5 (full 0):
 PSYoungGen      total 69632K, used 2274K [0x00000007d6d00000, 0x00000007df000000, 0x0000000800000000)
  eden space 64512K, 0% used [0x00000007d6d00000,0x00000007d6d00000,0x00000007dac00000)
  from space 5120K, 44% used [0x00000007dac00000,0x00000007dae38830,0x00000007db100000)
  to   space 2560K, 0% used [0x00000007ded80000,0x00000007ded80000,0x00000007df000000)
 ParOldGen       total 83968K, used 32K [0x0000000784800000, 0x0000000789a00000, 0x00000007d6d00000)
  object space 83968K, 0% used [0x0000000784800000,0x0000000784808000,0x0000000789a00000)
 PSPermGen       total 21504K, used 11182K [0x000000077a200000, 0x000000077b700000, 0x0000000784800000)
  object space 21504K, 52% used [0x000000077a200000,0x000000077aceb898,0x000000077b700000)
}
Event: 7.711 GC heap before
{Heap before GC invocations=6 (full 0):
 PSYoungGen      total 69632K, used 66786K [0x00000007d6d00000, 0x00000007df000000, 0x0000000800000000)
  eden space 64512K, 100% used [0x00000007d6d00000,0x00000007dac00000,0x00000007dac00000)
  from space 5120K, 44% used [0x00000007dac00000,0x00000007dae38830,0x00000007db100000)
  to   space 2560K, 0% used [0x00000007ded80000,0x00000007ded80000,0x00000007df000000)
 ParOldGen       total 83968K, used 32K [0x0000000784800000, 0x0000000789a00000, 0x00000007d6d00000)
  object space 83968K, 0% used [0x0000000784800000,0x0000000784808000,0x0000000789a00000)
 PSPermGen       total 21504K, used 11183K [0x000000077a200000, 0x000000077b700000, 0x0000000784800000)
  object space 21504K, 52% used [0x000000077a200000,0x000000077acebe80,0x000000077b700000)
Event: 7.717 GC heap after
Heap after GC invocations=6 (full 0):
 PSYoungGen      total 131584K, used 2226K [0x00000007d6d00000, 0x00000007df000000, 0x0000000800000000)
  eden space 129024K, 0% used [0x00000007d6d00000,0x00000007d6d00000,0x00000007deb00000)
  from space 2560K, 86% used [0x00000007ded80000,0x00000007defac840,0x00000007df000000)
  to   space 2560K, 0% used [0x00000007deb00000,0x00000007deb00000,0x00000007ded80000)
 ParOldGen       total 83968K, used 40K [0x0000000784800000, 0x0000000789a00000, 0x00000007d6d00000)
  object space 83968K, 0% used [0x0000000784800000,0x000000078480a000,0x0000000789a00000)
 PSPermGen       total 21504K, used 11183K [0x000000077a200000, 0x000000077b700000, 0x0000000784800000)
  object space 21504K, 52% used [0x000000077a200000,0x000000077acebe80,0x000000077b700000)
}
Event: 10.021 GC heap before
{Heap before GC invocations=7 (full 0):
 PSYoungGen      total 131584K, used 131250K [0x00000007d6d00000, 0x00000007df000000, 0x0000000800000000)
  eden space 129024K, 100% used [0x00000007d6d00000,0x00000007deb00000,0x00000007deb00000)
  from space 2560K, 86% used [0x00000007ded80000,0x00000007defac840,0x00000007df000000)
  to   space 2560K, 0% used [0x00000007deb00000,0x00000007deb00000,0x00000007ded80000)
 ParOldGen       total 83968K, used 40K [0x0000000784800000, 0x0000000789a00000, 0x00000007d6d00000)
  object space 83968K, 0% used [0x0000000784800000,0x000000078480a000,0x0000000789a00000)
 PSPermGen       total 21504K, used 11209K [0x000000077a200000, 0x000000077b700000, 0x0000000784800000)
  object space 21504K, 52% used [0x000000077a200000,0x000000077acf27e0,0x000000077b700000)
Event: 10.026 GC heap after
Heap after GC invocations=7 (full 0):
 PSYoungGen      total 131584K, used 160K [0x00000007d6d00000, 0x00000007e6f00000, 0x0000000800000000)
  eden space 129024K, 0% used [0x00000007d6d00000,0x00000007d6d00000,0x00000007deb00000)
  from space 2560K, 6% used [0x00000007deb00000,0x00000007deb28000,0x00000007ded80000)
  to   space 3072K, 0% used [0x00000007e6c00000,0x00000007e6c00000,0x00000007e6f00000)
 ParOldGen       total 83968K, used 2211K [0x0000000784800000, 0x0000000789a00000, 0x00000007d6d00000)
  object space 83968K, 2% used [0x0000000784800000,0x0000000784a28f00,0x0000000789a00000)
 PSPermGen       total 21504K, used 11209K [0x000000077a200000, 0x000000077b700000, 0x0000000784800000)
  object space 21504K, 52% used [0x000000077a200000,0x000000077acf27e0,0x000000077b700000)
}
Event: 10.151 GC heap before
{Heap before GC invocations=8 (full 0):
 PSYoungGen      total 131584K, used 129184K [0x00000007d6d00000, 0x00000007e6f00000, 0x0000000800000000)
  eden space 129024K, 100% used [0x00000007d6d00000,0x00000007deb00000,0x00000007deb00000)
  from space 2560K, 6% used [0x00000007deb00000,0x00000007deb28000,0x00000007ded80000)
  to   space 3072K, 0% used [0x00000007e6c00000,0x00000007e6c00000,0x00000007e6f00000)
 ParOldGen       total 83968K, used 2211K [0x0000000784800000, 0x0000000789a00000, 0x00000007d6d00000)
  object space 83968K, 2% used [0x0000000784800000,0x0000000784a28f00,0x0000000789a00000)
 PSPermGen       total 21504K, used 11209K [0x000000077a200000, 0x000000077b700000, 0x0000000784800000)
  object space 21504K, 52% used [0x000000077a200000,0x000000077acf27e0,0x000000077b700000)
Event: 10.163 GC heap after
Heap after GC invocations=8 (full 0):
 PSYoungGen      total 260608K, used 224K [0x00000007d6d00000, 0x00000007e7000000, 0x0000000800000000)
  eden space 257536K, 0% used [0x00000007d6d00000,0x00000007d6d00000,0x00000007e6880000)
  from space 3072K, 7% used [0x00000007e6c00000,0x00000007e6c38000,0x00000007e6f00000)
  to   space 3584K, 0% used [0x00000007e6880000,0x00000007e6880000,0x00000007e6c00000)
 ParOldGen       total 83968K, used 2211K [0x0000000784800000, 0x0000000789a00000, 0x00000007d6d00000)
  object space 83968K, 2% used [0x0000000784800000,0x0000000784a28f00,0x0000000789a00000)
 PSPermGen       total 21504K, used 11209K [0x000000077a200000, 0x000000077b700000, 0x0000000784800000)
  object space 21504K, 52% used [0x000000077a200000,0x000000077acf27e0,0x000000077b700000)
}
Event: 16.202 GC heap before
{Heap before GC invocations=9 (full 0):
 PSYoungGen      total 260608K, used 257760K [0x00000007d6d00000, 0x00000007e7000000, 0x0000000800000000)
  eden space 257536K, 100% used [0x00000007d6d00000,0x00000007e6880000,0x00000007e6880000)
  from space 3072K, 7% used [0x00000007e6c00000,0x00000007e6c38000,0x00000007e6f00000)
  to   space 3584K, 0% used [0x00000007e6880000,0x00000007e6880000,0x00000007e6c00000)
 ParOldGen       total 83968K, used 2211K [0x0000000784800000, 0x0000000789a00000, 0x00000007d6d00000)
  object space 83968K, 2% used [0x0000000784800000,0x0000000784a28f00,0x0000000789a00000)
 PSPermGen       total 21504K, used 11239K [0x000000077a200000, 0x000000077b700000, 0x0000000784800000)
  object space 21504K, 52% used [0x000000077a200000,0x000000077acf9f38,0x000000077b700000)

Deoptimization events (8 events):
Event: 0.194 Thread 0x00007ff57800a000 Uncommon trap: reason=class_check action=maybe_recompile pc=0x00007ff57507d938 method=java.util.Properties$LineReader.readLine()I @ 62
Event: 0.195 Thread 0x00007ff57800a000 Uncommon trap: reason=class_check action=maybe_recompile pc=0x00007ff57507d938 method=java.util.Properties$LineReader.readLine()I @ 62
Event: 0.195 Thread 0x00007ff57800a000 Uncommon trap: reason=class_check action=maybe_recompile pc=0x00007ff57507d938 method=java.util.Properties$LineReader.readLine()I @ 62
Event: 0.196 Thread 0x00007ff57800a000 Uncommon trap: reason=class_check action=maybe_recompile pc=0x00007ff57507d938 method=java.util.Properties$LineReader.readLine()I @ 62
Event: 0.393 Thread 0x00007ff57800a000 Uncommon trap: reason=unloaded action=reinterpret pc=0x00007ff57509962c method=java.lang.CharacterData.of(I)Ljava/lang/CharacterData; @ 96
Event: 2.518 Thread 0x00007ff578296800 Uncommon trap: reason=range_check action=make_not_entrant pc=0x00007ff57508f364 method=java.awt.image.DirectColorModel.setFields()V @ 65
Event: 3.146 Thread 0x00007ff578299800 Uncommon trap: reason=unreached action=reinterpret pc=0x00007ff5750b3114 method=java.awt.Component.isDisplayable()Z @ 4
Event: 14.087 Thread 0x00007ff578299800 Uncommon trap: reason=null_check action=make_not_entrant pc=0x00007ff5750eb484 method=java.awt.KeyboardFocusManager.getMostRecentFocusOwner(Ljava/awt/Window;)Ljava/awt/Component; @ 9

Internal exceptions (10 events):
Event: 0.116 Thread 0x00007ff57800a000 Threw 0x00000007d6d9fd50 at /build/buildd/openjdk-7-7u79-2.5.5/build/openjdk/hotspot/src/share/vm/prims/jvm.cpp:1284
Event: 0.163 Thread 0x00007ff57800a000 Threw 0x00000007d6ecef20 at /build/buildd/openjdk-7-7u79-2.5.5/build/openjdk/hotspot/src/share/vm/prims/jvm.cpp:1284
Event: 0.164 Thread 0x00007ff57800a000 Threw 0x00000007d6ed2540 at /build/buildd/openjdk-7-7u79-2.5.5/build/openjdk/hotspot/src/share/vm/prims/jvm.cpp:1284
Event: 0.212 Thread 0x00007ff57800a000 Threw 0x00000007d706df08 at /build/buildd/openjdk-7-7u79-2.5.5/build/openjdk/hotspot/src/share/vm/prims/jvm.cpp:1284
Event: 0.212 Thread 0x00007ff57800a000 Threw 0x00000007d706fb18 at /build/buildd/openjdk-7-7u79-2.5.5/build/openjdk/hotspot/src/share/vm/prims/jvm.cpp:1284
Event: 0.213 Thread 0x00007ff57800a000 Threw 0x00000007d70732c0 at /build/buildd/openjdk-7-7u79-2.5.5/build/openjdk/hotspot/src/share/vm/prims/jvm.cpp:1284
Event: 0.255 Thread 0x00007ff57800a000 Threw 0x00000007d70ba8c0 at /build/buildd/openjdk-7-7u79-2.5.5/build/openjdk/hotspot/src/share/vm/prims/jvm.cpp:1284
Event: 0.520 Thread 0x00007ff578299800 Threw 0x00000007d71884d8 at /build/buildd/openjdk-7-7u79-2.5.5/build/openjdk/hotspot/src/share/vm/prims/jni.cpp:747
Event: 3.163 Thread 0x00007ff578299800 Threw 0x00000007d793ff68 at /build/buildd/openjdk-7-7u79-2.5.5/build/openjdk/hotspot/src/share/vm/prims/jvm.cpp:1284
Event: 14.087 Thread 0x00007ff578299800 Implicit null exception at 0x00007ff5750eb004 to 0x00007ff5750eb479

Events (10 events):
Event: 10.026 Executing VM operation: ParallelGCFailedAllocation done
Event: 10.151 Executing VM operation: ParallelGCFailedAllocation
Event: 10.163 Executing VM operation: ParallelGCFailedAllocation done
Event: 10.186 Thread 0x00007ff5780b2000 flushing nmethod 0x00007ff57508e590
Event: 11.964 Thread 0x00007ff5780b5000 flushing nmethod 0x00007ff5750b2f90
Event: 11.964 Thread 0x00007ff5780b5000 flushing nmethod 0x00007ff5750b3fd0
Event: 14.087 Thread 0x00007ff578299800 Uncommon trap: trap_request=0xfffffff4 fr.pc=0x00007ff5750eb484
Event: 14.087 Thread 0x00007ff578299800 DEOPT PACKING pc=0x00007ff5750eb484 sp=0x00007ff52b065500
Event: 14.087 Thread 0x00007ff578299800 DEOPT UNPACKING pc=0x00007ff575039445 sp=0x00007ff52b065448 mode 2
Event: 16.202 Executing VM operation: ParallelGCFailedAllocation


Dynamic libraries:
00400000-00401000 r-xp 00000000 08:04 548117                             /usr/lib/jvm/java-7-openjdk-amd64/jre/bin/java
00600000-00601000 r--p 00000000 08:04 548117                             /usr/lib/jvm/java-7-openjdk-amd64/jre/bin/java
00601000-00602000 rw-p 00001000 08:04 548117                             /usr/lib/jvm/java-7-openjdk-amd64/jre/bin/java
01e11000-01e32000 rw-p 00000000 00:00 0                                  [heap]
77a200000-77b700000 rw-p 00000000 00:00 0 
77b700000-784800000 rw-p 00000000 00:00 0 
784800000-789a00000 rw-p 00000000 00:00 0 
789a00000-7d6d00000 rw-p 00000000 00:00 0 
7d6d00000-7e7000000 rw-p 00000000 00:00 0 
7f0680000-800000000 rw-p 00000000 00:00 0 
7ff510000000-7ff510021000 rw-p 00000000 00:00 0 
7ff510021000-7ff514000000 ---p 00000000 00:00 0 
7ff514000000-7ff5141d2000 rw-p 00000000 00:00 0 
7ff5141d2000-7ff518000000 ---p 00000000 00:00 0 
7ff518000000-7ff518021000 rw-p 00000000 00:00 0 
7ff518021000-7ff51c000000 ---p 00000000 00:00 0 
7ff51c000000-7ff51c071000 rw-p 00000000 00:00 0 
7ff51c071000-7ff520000000 ---p 00000000 00:00 0 
7ff520000000-7ff520021000 rw-p 00000000 00:00 0 
7ff520021000-7ff524000000 ---p 00000000 00:00 0 
7ff524000000-7ff524021000 rw-p 00000000 00:00 0 
7ff524021000-7ff528000000 ---p 00000000 00:00 0 
7ff52ae07000-7ff52af68000 rw-p 00000000 00:00 0 
7ff52af68000-7ff52af6b000 ---p 00000000 00:00 0 
7ff52af6b000-7ff52b069000 rw-p 00000000 00:00 0                          [stack:7788]
7ff52b069000-7ff52b06c000 ---p 00000000 00:00 0 
7ff52b06c000-7ff52b16a000 rw-p 00000000 00:00 0                          [stack:7787]
7ff52b16a000-7ff52b16d000 ---p 00000000 00:00 0 
7ff52b16d000-7ff52b26b000 rw-p 00000000 00:00 0 
7ff52b26b000-7ff52b27b000 r-xp 00000000 08:04 548168                     /usr/lib/jvm/java-7-openjdk-amd64/jre/lib/amd64/libnio.so
7ff52b27b000-7ff52b47b000 ---p 00010000 08:04 548168                     /usr/lib/jvm/java-7-openjdk-amd64/jre/lib/amd64/libnio.so
7ff52b47b000-7ff52b47c000 r--p 00010000 08:04 548168                     /usr/lib/jvm/java-7-openjdk-amd64/jre/lib/amd64/libnio.so
7ff52b47c000-7ff52b47d000 rw-p 00011000 08:04 548168                     /usr/lib/jvm/java-7-openjdk-amd64/jre/lib/amd64/libnio.so
7ff52b47d000-7ff52b494000 r-xp 00000000 08:04 548181                     /usr/lib/jvm/java-7-openjdk-amd64/jre/lib/amd64/libnet.so
7ff52b494000-7ff52b693000 ---p 00017000 08:04 548181                     /usr/lib/jvm/java-7-openjdk-amd64/jre/lib/amd64/libnet.so
7ff52b693000-7ff52b694000 r--p 00016000 08:04 548181                     /usr/lib/jvm/java-7-openjdk-amd64/jre/lib/amd64/libnet.so
7ff52b694000-7ff52b695000 rw-p 00017000 08:04 548181                     /usr/lib/jvm/java-7-openjdk-amd64/jre/lib/amd64/libnet.so
7ff52b695000-7ff52b6e7000 r-xp 00000000 08:04 548170                     /usr/lib/jvm/java-7-openjdk-amd64/jre/lib/amd64/libfontmanager.so
7ff52b6e7000-7ff52b8e6000 ---p 00052000 08:04 548170                     /usr/lib/jvm/java-7-openjdk-amd64/jre/lib/amd64/libfontmanager.so
7ff52b8e6000-7ff52b8e9000 r--p 00051000 08:04 548170                     /usr/lib/jvm/java-7-openjdk-amd64/jre/lib/amd64/libfontmanager.so
7ff52b8e9000-7ff52b8ea000 rw-p 00054000 08:04 548170                     /usr/lib/jvm/java-7-openjdk-amd64/jre/lib/amd64/libfontmanager.so
7ff52b8ea000-7ff52b8ed000 ---p 00000000 00:00 0 
7ff52b8ed000-7ff52b9eb000 rw-p 00000000 00:00 0                          [stack:7785]
7ff52b9eb000-7ff52b9f0000 r-xp 00000000 08:04 547643                     /usr/lib/x86_64-linux-gnu/libXfixes.so.3.1.0
7ff52b9f0000-7ff52bbef000 ---p 00005000 08:04 547643                     /usr/lib/x86_64-linux-gnu/libXfixes.so.3.1.0
7ff52bbef000-7ff52bbf0000 r--p 00004000 08:04 547643                     /usr/lib/x86_64-linux-gnu/libXfixes.so.3.1.0
7ff52bbf0000-7ff52bbf1000 rw-p 00005000 08:04 547643                     /usr/lib/x86_64-linux-gnu/libXfixes.so.3.1.0
7ff52bbf1000-7ff52bbfa000 r-xp 00000000 08:04 537115                     /usr/lib/x86_64-linux-gnu/libXcursor.so.1.0.2
7ff52bbfa000-7ff52bdf9000 ---p 00009000 08:04 537115                     /usr/lib/x86_64-linux-gnu/libXcursor.so.1.0.2
7ff52bdf9000-7ff52bdfa000 r--p 00008000 08:04 537115                     /usr/lib/x86_64-linux-gnu/libXcursor.so.1.0.2
7ff52bdfa000-7ff52bdfb000 rw-p 00009000 08:04 537115                     /usr/lib/x86_64-linux-gnu/libXcursor.so.1.0.2
7ff52bdfb000-7ff52bdff000 r-xp 00000000 08:04 4914                       /lib/x86_64-linux-gnu/libgpg-error.so.0.10.0
7ff52bdff000-7ff52bffe000 ---p 00004000 08:04 4914                       /lib/x86_64-linux-gnu/libgpg-error.so.0.10.0
7ff52bffe000-7ff52bfff000 r--p 00003000 08:04 4914                       /lib/x86_64-linux-gnu/libgpg-error.so.0.10.0
7ff52bfff000-7ff52c000000 rw-p 00004000 08:04 4914                       /lib/x86_64-linux-gnu/libgpg-error.so.0.10.0
7ff52c000000-7ff52c593000 rw-p 00000000 00:00 0 
7ff52c593000-7ff530000000 ---p 00000000 00:00 0 
7ff530000000-7ff530021000 rw-p 00000000 00:00 0 
7ff530021000-7ff534000000 ---p 00000000 00:00 0 
7ff534000000-7ff534021000 rw-p 00000000 00:00 0 
7ff534021000-7ff538000000 ---p 00000000 00:00 0 
7ff538000000-7ff5388d0000 rw-p 00000000 00:00 0 
7ff5388d0000-7ff53c000000 ---p 00000000 00:00 0 
7ff53c000000-7ff53c021000 rw-p 00000000 00:00 0 
7ff53c021000-7ff540000000 ---p 00000000 00:00 0 
7ff540000000-7ff540021000 rw-p 00000000 00:00 0 
7ff540021000-7ff544000000 ---p 00000000 00:00 0 
7ff544000000-7ff5440df000 rw-p 00000000 00:00 0 
7ff5440df000-7ff548000000 ---p 00000000 00:00 0 
7ff548004000-7ff548008000 rw-s 00000000 00:05 10649636                   /SYSV00000000 (deleted)
7ff548012000-7ff548013000 r--s 00000000 08:04 421267                     /var/cache/fontconfig/c05880de57d1f5e948fdfacc138775d9-le64.cache-4
7ff548013000-7ff54801e000 r--s 00000000 08:04 421260                     /var/cache/fontconfig/945677eb7aeaf62f1d50efc3fb3ec7d8-le64.cache-4
7ff54801e000-7ff548020000 r--s 00000000 08:04 421262                     /var/cache/fontconfig/99e8ed0e538f840c565b6ed5dad60d56-le64.cache-4
7ff548020000-7ff548026000 r--s 00000000 08:04 421245                     /var/cache/fontconfig/2cd17615ca594fa2959ae173292e504c-le64.cache-4
7ff548026000-7ff54802d000 r--s 00000000 08:04 421264                     /var/cache/fontconfig/a755afe4a08bf5b97852ceb7400b47bc-le64.cache-4
7ff54802d000-7ff548039000 r--s 00000000 08:04 421255                     /var/cache/fontconfig/6d41288fd70b0be22e8c3a91e032eec0-le64.cache-4
7ff548039000-7ff54804d000 r--s 00000000 08:04 421239                     /var/cache/fontconfig/04aabc0a78ac019cf9454389977116d2-le64.cache-4
7ff54804d000-7ff54805f000 r--s 00000000 08:04 421240                     /var/cache/fontconfig/0bd3dc0958fa2205aaaa8ebb13e2872b-le64.cache-4
7ff54805f000-7ff548066000 r--s 00000000 08:04 421246                     /var/cache/fontconfig/3047814df9a2f067bd2d96a2b9c36e5a-le64.cache-4
7ff548066000-7ff548079000 r--s 00000000 08:04 421271                     /var/cache/fontconfig/d52a8644073d54c13679302ca1180695-le64.cache-4
7ff5480a7000-7ff5480aa000 ---p 00000000 00:00 0 
7ff5480aa000-7ff5481a8000 rw-p 00000000 00:00 0                          [stack:7784]
7ff5481a8000-7ff5481aa000 r-xp 00000000 08:04 4924                       /lib/x86_64-linux-gnu/libkeyutils.so.1.4
7ff5481aa000-7ff5483aa000 ---p 00002000 08:04 4924                       /lib/x86_64-linux-gnu/libkeyutils.so.1.4
7ff5483aa000-7ff5483ab000 r--p 00002000 08:04 4924                       /lib/x86_64-linux-gnu/libkeyutils.so.1.4
7ff5483ab000-7ff5483ac000 rw-p 00003000 08:04 4924                       /lib/x86_64-linux-gnu/libkeyutils.so.1.4
7ff5483ac000-7ff5483e9000 r-xp 00000000 08:04 4985                       /lib/x86_64-linux-gnu/libpcre.so.3.13.1
7ff5483e9000-7ff5485e8000 ---p 0003d000 08:04 4985                       /lib/x86_64-linux-gnu/libpcre.so.3.13.1
7ff5485e8000-7ff5485e9000 r--p 0003c000 08:04 4985                       /lib/x86_64-linux-gnu/libpcre.so.3.13.1
7ff5485e9000-7ff5485ea000 rw-p 0003d000 08:04 4985                       /lib/x86_64-linux-gnu/libpcre.so.3.13.1
7ff5485ea000-7ff54860f000 r-xp 00000000 08:04 4997                       /lib/x86_64-linux-gnu/libpng12.so.0.50.0
7ff54860f000-7ff54880e000 ---p 00025000 08:04 4997                       /lib/x86_64-linux-gnu/libpng12.so.0.50.0
7ff54880e000-7ff54880f000 r--p 00024000 08:04 4997                       /lib/x86_64-linux-gnu/libpng12.so.0.50.0
7ff54880f000-7ff548810000 rw-p 00025000 08:04 4997                       /lib/x86_64-linux-gnu/libpng12.so.0.50.0
7ff548810000-7ff548854000 r-xp 00000000 08:04 1028                       /lib/x86_64-linux-gnu/libdbus-1.so.3.7.6
7ff548854000-7ff548a53000 ---p 00044000 08:04 1028                       /lib/x86_64-linux-gnu/libdbus-1.so.3.7.6
7ff548a53000-7ff548a54000 r--p 00043000 08:04 1028                       /lib/x86_64-linux-gnu/libdbus-1.so.3.7.6
7ff548a54000-7ff548a55000 rw-p 00044000 08:04 1028                       /lib/x86_64-linux-gnu/libdbus-1.so.3.7.6
7ff548a55000-7ff548a90000 r-xp 00000000 08:04 537963                     /usr/lib/x86_64-linux-gnu/libp11-kit.so.0.0.0
7ff548a90000-7ff548c8f000 ---p 0003b000 08:04 537963                     /usr/lib/x86_64-linux-gnu/libp11-kit.so.0.0.0
7ff548c8f000-7ff548c95000 r--p 0003a000 08:04 537963                     /usr/lib/x86_64-linux-gnu/libp11-kit.so.0.0.0
7ff548c95000-7ff548c97000 rw-p 00040000 08:04 537963                     /usr/lib/x86_64-linux-gnu/libp11-kit.so.0.0.0
7ff548c97000-7ff548ca9000 r-xp 00000000 08:04 547318                     /usr/lib/x86_64-linux-gnu/libtasn1.so.6.2.0
7ff548ca9000-7ff548ea9000 ---p 00012000 08:04 547318                     /usr/lib/x86_64-linux-gnu/libtasn1.so.6.2.0
7ff548ea9000-7ff548eaa000 r--p 00012000 08:04 547318                     /usr/lib/x86_64-linux-gnu/libtasn1.so.6.2.0
7ff548eaa000-7ff548eab000 rw-p 00013000 08:04 547318                     /usr/lib/x86_64-linux-gnu/libtasn1.so.6.2.0
7ff548eab000-7ff548f27000 r-xp 00000000 08:04 5260                       /lib/x86_64-linux-gnu/libgcrypt.so.11.8.2
7ff548f27000-7ff549127000 ---p 0007c000 08:04 5260                       /lib/x86_64-linux-gnu/libgcrypt.so.11.8.2
7ff549127000-7ff549128000 r--p 0007c000 08:04 5260                       /lib/x86_64-linux-gnu/libgcrypt.so.11.8.2
7ff549128000-7ff54912b000 rw-p 0007d000 08:04 5260                       /lib/x86_64-linux-gnu/libgcrypt.so.11.8.2
7ff54912b000-7ff549135000 r-xp 00000000 08:04 547406                     /usr/lib/x86_64-linux-gnu/libkrb5support.so.0.1
7ff549135000-7ff549334000 ---p 0000a000 08:04 547406                     /usr/lib/x86_64-linux-gnu/libkrb5support.so.0.1
7ff549334000-7ff549335000 r--p 00009000 08:04 547406                     /usr/lib/x86_64-linux-gnu/libkrb5support.so.0.1
7ff549335000-7ff549336000 rw-p 0000a000 08:04 547406                     /usr/lib/x86_64-linux-gnu/libkrb5support.so.0.1
7ff549336000-7ff549339000 r-xp 00000000 08:04 4872                       /lib/x86_64-linux-gnu/libcom_err.so.2.1
7ff549339000-7ff549538000 ---p 00003000 08:04 4872                       /lib/x86_64-linux-gnu/libcom_err.so.2.1
7ff549538000-7ff549539000 r--p 00002000 08:04 4872                       /lib/x86_64-linux-gnu/libcom_err.so.2.1
7ff549539000-7ff54953a000 rw-p 00003000 08:04 4872                       /lib/x86_64-linux-gnu/libcom_err.so.2.1
7ff54953a000-7ff549566000 r-xp 00000000 08:04 547383                     /usr/lib/x86_64-linux-gnu/libk5crypto.so.3.1
7ff549566000-7ff549765000 ---p 0002c000 08:04 547383                     /usr/lib/x86_64-linux-gnu/libk5crypto.so.3.1
7ff549765000-7ff549767000 r--p 0002b000 08:04 547383                     /usr/lib/x86_64-linux-gnu/libk5crypto.so.3.1
7ff549767000-7ff549768000 rw-p 0002d000 08:04 547383                     /usr/lib/x86_64-linux-gnu/libk5crypto.so.3.1
7ff549768000-7ff549769000 rw-p 00000000 00:00 0 
7ff549769000-7ff549825000 r-xp 00000000 08:04 534533                     /usr/lib/x86_64-linux-gnu/libkrb5.so.3.3
7ff549825000-7ff549a25000 ---p 000bc000 08:04 534533                     /usr/lib/x86_64-linux-gnu/libkrb5.so.3.3
7ff549a25000-7ff549a32000 r--p 000bc000 08:04 534533                     /usr/lib/x86_64-linux-gnu/libkrb5.so.3.3
7ff549a32000-7ff549a34000 rw-p 000c9000 08:04 534533                     /usr/lib/x86_64-linux-gnu/libkrb5.so.3.3
7ff549a34000-7ff549a39000 r-xp 00000000 08:04 537119                     /usr/lib/x86_64-linux-gnu/libXdmcp.so.6.0.0
7ff549a39000-7ff549c38000 ---p 00005000 08:04 537119                     /usr/lib/x86_64-linux-gnu/libXdmcp.so.6.0.0
7ff549c38000-7ff549c39000 r--p 00004000 08:04 537119                     /usr/lib/x86_64-linux-gnu/libXdmcp.so.6.0.0
7ff549c39000-7ff549c3a000 rw-p 00005000 08:04 537119                     /usr/lib/x86_64-linux-gnu/libXdmcp.so.6.0.0
7ff549c3a000-7ff549c3c000 r-xp 00000000 08:04 537108                     /usr/lib/x86_64-linux-gnu/libXau.so.6.0.0
7ff549c3c000-7ff549e3c000 ---p 00002000 08:04 537108                     /usr/lib/x86_64-linux-gnu/libXau.so.6.0.0
7ff549e3c000-7ff549e3d000 r--p 00002000 08:04 537108                     /usr/lib/x86_64-linux-gnu/libXau.so.6.0.0
7ff549e3d000-7ff549e3e000 rw-p 00003000 08:04 537108                     /usr/lib/x86_64-linux-gnu/libXau.so.6.0.0
7ff549e3e000-7ff549e45000 r-xp 00000000 08:04 537421                     /usr/lib/x86_64-linux-gnu/libffi.so.6.0.1
7ff549e45000-7ff54a044000 ---p 00007000 08:04 537421                     /usr/lib/x86_64-linux-gnu/libffi.so.6.0.1
7ff54a044000-7ff54a045000 r--p 00006000 08:04 537421                     /usr/lib/x86_64-linux-gnu/libffi.so.6.0.1
7ff54a045000-7ff54a046000 rw-p 00007000 08:04 537421                     /usr/lib/x86_64-linux-gnu/libffi.so.6.0.1
7ff54a046000-7ff54a05d000 r-xp 00000000 08:04 5785                       /lib/x86_64-linux-gnu/libresolv-2.19.so
7ff54a05d000-7ff54a25d000 ---p 00017000 08:04 5785                       /lib/x86_64-linux-gnu/libresolv-2.19.so
7ff54a25d000-7ff54a25e000 r--p 00017000 08:04 5785                       /lib/x86_64-linux-gnu/libresolv-2.19.so
7ff54a25e000-7ff54a25f000 rw-p 00018000 08:04 5785                       /lib/x86_64-linux-gnu/libresolv-2.19.so
7ff54a25f000-7ff54a261000 rw-p 00000000 00:00 0 
7ff54a261000-7ff54a281000 r-xp 00000000 08:04 5012                       /lib/x86_64-linux-gnu/libselinux.so.1
7ff54a281000-7ff54a480000 ---p 00020000 08:04 5012                       /lib/x86_64-linux-gnu/libselinux.so.1
7ff54a480000-7ff54a481000 r--p 0001f000 08:04 5012                       /lib/x86_64-linux-gnu/libselinux.so.1
7ff54a481000-7ff54a482000 rw-p 00020000 08:04 5012                       /lib/x86_64-linux-gnu/libselinux.so.1
7ff54a482000-7ff54a484000 rw-p 00000000 00:00 0 
7ff54a484000-7ff54a58a000 r-xp 00000000 08:04 4912                       /lib/x86_64-linux-gnu/libglib-2.0.so.0.4002.0
7ff54a58a000-7ff54a789000 ---p 00106000 08:04 4912                       /lib/x86_64-linux-gnu/libglib-2.0.so.0.4002.0
7ff54a789000-7ff54a78a000 r--p 00105000 08:04 4912                       /lib/x86_64-linux-gnu/libglib-2.0.so.0.4002.0
7ff54a78a000-7ff54a78b000 rw-p 00106000 08:04 4912                       /lib/x86_64-linux-gnu/libglib-2.0.so.0.4002.0
7ff54a78b000-7ff54a78c000 rw-p 00000000 00:00 0 
7ff54a78c000-7ff54a78f000 r-xp 00000000 08:04 537555                     /usr/lib/x86_64-linux-gnu/libgmodule-2.0.so.0.4002.0
7ff54a78f000-7ff54a98e000 ---p 00003000 08:04 537555                     /usr/lib/x86_64-linux-gnu/libgmodule-2.0.so.0.4002.0
7ff54a98e000-7ff54a98f000 r--p 00002000 08:04 537555                     /usr/lib/x86_64-linux-gnu/libgmodule-2.0.so.0.4002.0
7ff54a98f000-7ff54a990000 rw-p 00003000 08:04 537555                     /usr/lib/x86_64-linux-gnu/libgmodule-2.0.so.0.4002.0
7ff54a990000-7ff54a9b7000 r-xp 00000000 08:04 4903                       /lib/x86_64-linux-gnu/libexpat.so.1.6.0
7ff54a9b7000-7ff54abb7000 ---p 00027000 08:04 4903                       /lib/x86_64-linux-gnu/libexpat.so.1.6.0
7ff54abb7000-7ff54abb9000 r--p 00027000 08:04 4903                       /lib/x86_64-linux-gnu/libexpat.so.1.6.0
7ff54abb9000-7ff54abba000 rw-p 00029000 08:04 4903                       /lib/x86_64-linux-gnu/libexpat.so.1.6.0
7ff54abba000-7ff54ac57000 r-xp 00000000 08:04 547404                     /usr/lib/x86_64-linux-gnu/libfreetype.so.6.11.1
7ff54ac57000-7ff54ae56000 ---p 0009d000 08:04 547404                     /usr/lib/x86_64-linux-gnu/libfreetype.so.6.11.1
7ff54ae56000-7ff54ae5c000 r--p 0009c000 08:04 547404                     /usr/lib/x86_64-linux-gnu/libfreetype.so.6.11.1
7ff54ae5c000-7ff54ae5d000 rw-p 000a2000 08:04 547404                     /usr/lib/x86_64-linux-gnu/libfreetype.so.6.11.1
7ff54ae5d000-7ff54ae6c000 r-xp 00000000 08:04 537214                     /usr/lib/x86_64-linux-gnu/libavahi-client.so.3.2.9
7ff54ae6c000-7ff54b06c000 ---p 0000f000 08:04 537214                     /usr/lib/x86_64-linux-gnu/libavahi-client.so.3.2.9
7ff54b06c000-7ff54b06d000 r--p 0000f000 08:04 537214                     /usr/lib/x86_64-linux-gnu/libavahi-client.so.3.2.9
7ff54b06d000-7ff54b06e000 rw-p 00010000 08:04 537214                     /usr/lib/x86_64-linux-gnu/libavahi-client.so.3.2.9
7ff54b06e000-7ff54b079000 r-xp 00000000 08:04 537216                     /usr/lib/x86_64-linux-gnu/libavahi-common.so.3.5.3
7ff54b079000-7ff54b278000 ---p 0000b000 08:04 537216                     /usr/lib/x86_64-linux-gnu/libavahi-common.so.3.5.3
7ff54b278000-7ff54b279000 r--p 0000a000 08:04 537216                     /usr/lib/x86_64-linux-gnu/libavahi-common.so.3.5.3
7ff54b279000-7ff54b27a000 rw-p 0000b000 08:04 537216                     /usr/lib/x86_64-linux-gnu/libavahi-common.so.3.5.3
7ff54b27a000-7ff54b330000 r-xp 00000000 08:04 547311                     /usr/lib/x86_64-linux-gnu/libgnutls.so.26.22.6
7ff54b330000-7ff54b530000 ---p 000b6000 08:04 547311                     /usr/lib/x86_64-linux-gnu/libgnutls.so.26.22.6
7ff54b530000-7ff54b536000 r--p 000b6000 08:04 547311                     /usr/lib/x86_64-linux-gnu/libgnutls.so.26.22.6
7ff54b536000-7ff54b537000 rw-p 000bc000 08:04 547311                     /usr/lib/x86_64-linux-gnu/libgnutls.so.26.22.6
7ff54b537000-7ff54b538000 rw-p 00000000 00:00 0 
7ff54b538000-7ff54b57b000 r-xp 00000000 08:04 531278                     /usr/lib/x86_64-linux-gnu/libgssapi_krb5.so.2.2
7ff54b57b000-7ff54b77b000 ---p 00043000 08:04 531278                     /usr/lib/x86_64-linux-gnu/libgssapi_krb5.so.2.2
7ff54b77b000-7ff54b77c000 r--p 00043000 08:04 531278                     /usr/lib/x86_64-linux-gnu/libgssapi_krb5.so.2.2
7ff54b77c000-7ff54b77e000 rw-p 00044000 08:04 531278                     /usr/lib/x86_64-linux-gnu/libgssapi_krb5.so.2.2
7ff54b77e000-7ff54b79b000 r-xp 00000000 08:04 538293                     /usr/lib/x86_64-linux-gnu/libxcb.so.1.1.0
7ff54b79b000-7ff54b99b000 ---p 0001d000 08:04 538293                     /usr/lib/x86_64-linux-gnu/libxcb.so.1.1.0
7ff54b99b000-7ff54b99c000 r--p 0001d000 08:04 538293                     /usr/lib/x86_64-linux-gnu/libxcb.so.1.1.0
7ff54b99c000-7ff54b99d000 rw-p 0001e000 08:04 538293                     /usr/lib/x86_64-linux-gnu/libxcb.so.1.1.0
7ff54b99d000-7ff54bb09000 r-xp 00000000 08:04 537539                     /usr/lib/x86_64-linux-gnu/libgio-2.0.so.0.4002.0
7ff54bb09000-7ff54bd08000 ---p 0016c000 08:04 537539                     /usr/lib/x86_64-linux-gnu/libgio-2.0.so.0.4002.0
7ff54bd08000-7ff54bd0c000 r--p 0016b000 08:04 537539                     /usr/lib/x86_64-linux-gnu/libgio-2.0.so.0.4002.0
7ff54bd0c000-7ff54bd0e000 rw-p 0016f000 08:04 537539                     /usr/lib/x86_64-linux-gnu/libgio-2.0.so.0.4002.0
7ff54bd0e000-7ff550000000 rw-p 00000000 00:00 0 
7ff550000000-7ff550021000 rw-p 00000000 00:00 0 
7ff550021000-7ff554000000 ---p 00000000 00:00 0 
7ff554000000-7ff554021000 rw-p 00000000 00:00 0 
7ff554021000-7ff558000000 ---p 00000000 00:00 0 
7ff558000000-7ff558021000 rw-p 00000000 00:00 0 
7ff558021000-7ff55c000000 ---p 00000000 00:00 0 
7ff55c000000-7ff55c021000 rw-p 00000000 00:00 0 
7ff55c021000-7ff560000000 ---p 00000000 00:00 0 
7ff560000000-7ff560021000 rw-p 00000000 00:00 0 
7ff560021000-7ff564000000 ---p 00000000 00:00 0 
7ff564000000-7ff564001000 r--s 00000000 08:04 421277                     /var/cache/fontconfig/e7071f4a29fa870f4323321c154eba04-le64.cache-4
7ff564001000-7ff564005000 r--s 00000000 08:04 421248                     /var/cache/fontconfig/385c0604a188198f04d133e54aba7fe7-le64.cache-4
7ff564005000-7ff56400b000 r--s 00000000 08:04 421265                     /var/cache/fontconfig/b47c4e1ecd0709278f4910c18777a504-le64.cache-4
7ff5640cd000-7ff5640fe000 rw-p 00000000 00:00 0 
7ff5640fe000-7ff56414d000 r-xp 00000000 08:04 537579                     /usr/lib/x86_64-linux-gnu/libgobject-2.0.so.0.4002.0
7ff56414d000-7ff56434d000 ---p 0004f000 08:04 537579                     /usr/lib/x86_64-linux-gnu/libgobject-2.0.so.0.4002.0
7ff56434d000-7ff56434e000 r--p 0004f000 08:04 537579                     /usr/lib/x86_64-linux-gnu/libgobject-2.0.so.0.4002.0
7ff56434e000-7ff56434f000 rw-p 00050000 08:04 537579                     /usr/lib/x86_64-linux-gnu/libgobject-2.0.so.0.4002.0
7ff56434f000-7ff564389000 r-xp 00000000 08:04 537455                     /usr/lib/x86_64-linux-gnu/libfontconfig.so.1.8.0
7ff564389000-7ff564588000 ---p 0003a000 08:04 537455                     /usr/lib/x86_64-linux-gnu/libfontconfig.so.1.8.0
7ff564588000-7ff56458a000 r--p 00039000 08:04 537455                     /usr/lib/x86_64-linux-gnu/libfontconfig.so.1.8.0
7ff56458a000-7ff56458b000 rw-p 0003b000 08:04 537455                     /usr/lib/x86_64-linux-gnu/libfontconfig.so.1.8.0
7ff56458b000-7ff5645f7000 r-xp 00000000 08:04 537319                     /usr/lib/x86_64-linux-gnu/libcups.so.2
7ff5645f7000-7ff5647f7000 ---p 0006c000 08:04 537319                     /usr/lib/x86_64-linux-gnu/libcups.so.2
7ff5647f7000-7ff5647fe000 r--p 0006c000 08:04 537319                     /usr/lib/x86_64-linux-gnu/libcups.so.2
7ff5647fe000-7ff5647ff000 rw-p 00073000 08:04 537319                     /usr/lib/x86_64-linux-gnu/libcups.so.2
7ff5647ff000-7ff56480e000 r-xp 00000000 08:04 547613                     /usr/lib/x86_64-linux-gnu/libXi.so.6.1.0
7ff56480e000-7ff564a0d000 ---p 0000f000 08:04 547613                     /usr/lib/x86_64-linux-gnu/libXi.so.6.1.0
7ff564a0d000-7ff564a0e000 r--p 0000e000 08:04 547613                     /usr/lib/x86_64-linux-gnu/libXi.so.6.1.0
7ff564a0e000-7ff564a0f000 rw-p 0000f000 08:04 547613                     /usr/lib/x86_64-linux-gnu/libXi.so.6.1.0
7ff564a0f000-7ff564a14000 r-xp 00000000 08:04 537147                     /usr/lib/x86_64-linux-gnu/libXtst.so.6.1.0
7ff564a14000-7ff564c13000 ---p 00005000 08:04 537147                     /usr/lib/x86_64-linux-gnu/libXtst.so.6.1.0
7ff564c13000-7ff564c14000 r--p 00004000 08:04 537147                     /usr/lib/x86_64-linux-gnu/libXtst.so.6.1.0
7ff564c14000-7ff564c15000 rw-p 00005000 08:04 537147                     /usr/lib/x86_64-linux-gnu/libXtst.so.6.1.0
7ff564c15000-7ff564c1e000 r-xp 00000000 08:04 547441                     /usr/lib/x86_64-linux-gnu/libXrender.so.1.3.0
7ff564c1e000-7ff564e1d000 ---p 00009000 08:04 547441                     /usr/lib/x86_64-linux-gnu/libXrender.so.1.3.0
7ff564e1d000-7ff564e1e000 r--p 00008000 08:04 547441                     /usr/lib/x86_64-linux-gnu/libXrender.so.1.3.0
7ff564e1e000-7ff564e1f000 rw-p 00009000 08:04 547441                     /usr/lib/x86_64-linux-gnu/libXrender.so.1.3.0
7ff564e1f000-7ff564f4f000 r-xp 00000000 08:04 537104                     /usr/lib/x86_64-linux-gnu/libX11.so.6.3.0
7ff564f4f000-7ff56514f000 ---p 00130000 08:04 537104                     /usr/lib/x86_64-linux-gnu/libX11.so.6.3.0
7ff56514f000-7ff565150000 r--p 00130000 08:04 537104                     /usr/lib/x86_64-linux-gnu/libX11.so.6.3.0
7ff565150000-7ff565154000 rw-p 00131000 08:04 537104                     /usr/lib/x86_64-linux-gnu/libX11.so.6.3.0
7ff565154000-7ff565165000 r-xp 00000000 08:04 531255                     /usr/lib/x86_64-linux-gnu/libXext.so.6.4.0
7ff565165000-7ff565364000 ---p 00011000 08:04 531255                     /usr/lib/x86_64-linux-gnu/libXext.so.6.4.0
7ff565364000-7ff565365000 r--p 00010000 08:04 531255                     /usr/lib/x86_64-linux-gnu/libXext.so.6.4.0
7ff565365000-7ff565366000 rw-p 00011000 08:04 531255                     /usr/lib/x86_64-linux-gnu/libXext.so.6.4.0
7ff565366000-7ff565367000 r--s 00000000 08:04 421242                     /var/cache/fontconfig/0d8c3b2ac0904cb8a57a757ad11a4a08-le64.cache-4
7ff565367000-7ff565368000 r--s 00000000 08:04 421244                     /var/cache/fontconfig/1ac9eb803944fde146138c791f5cc56a-le64.cache-4
7ff565368000-7ff565371000 r--s 00000000 08:04 421249                     /var/cache/fontconfig/3f7329c5293ffd510edef78f73874cfd-le64.cache-4
7ff565385000-7ff5653cd000 r-xp 00000000 08:04 548059                     /usr/lib/jvm/java-7-openjdk-amd64/jre/lib/amd64/xawt/libmawt.so
7ff5653cd000-7ff5655cc000 ---p 00048000 08:04 548059                     /usr/lib/jvm/java-7-openjdk-amd64/jre/lib/amd64/xawt/libmawt.so
7ff5655cc000-7ff5655cd000 r--p 00047000 08:04 548059                     /usr/lib/jvm/java-7-openjdk-amd64/jre/lib/amd64/xawt/libmawt.so
7ff5655cd000-7ff5655d0000 rw-p 00048000 08:04 548059                     /usr/lib/jvm/java-7-openjdk-amd64/jre/lib/amd64/xawt/libmawt.so
7ff5655d0000-7ff5655d1000 rw-p 00000000 00:00 0 
7ff5655d1000-7ff565671000 r-xp 00000000 08:04 548153                     /usr/lib/jvm/java-7-openjdk-amd64/jre/lib/amd64/libawt.so
7ff565671000-7ff565871000 ---p 000a0000 08:04 548153                     /usr/lib/jvm/java-7-openjdk-amd64/jre/lib/amd64/libawt.so
7ff565871000-7ff565872000 r--p 000a0000 08:04 548153                     /usr/lib/jvm/java-7-openjdk-amd64/jre/lib/amd64/libawt.so
7ff565872000-7ff56587d000 rw-p 000a1000 08:04 548153                     /usr/lib/jvm/java-7-openjdk-amd64/jre/lib/amd64/libawt.so
7ff56587d000-7ff5658a2000 rw-p 00000000 00:00 0 
7ff5658a2000-7ff5658a3000 ---p 00000000 00:00 0 
7ff5658a3000-7ff5659a3000 rw-p 00000000 00:00 0                          [stack:7783]
7ff5659a3000-7ff5659a6000 ---p 00000000 00:00 0 
7ff5659a6000-7ff565aa4000 rw-p 00000000 00:00 0                          [stack:7782]
7ff565aa4000-7ff565aa7000 ---p 00000000 00:00 0 
7ff565aa7000-7ff565ba5000 rw-p 00000000 00:00 0                          [stack:7781]
7ff565ba5000-7ff565ba8000 ---p 00000000 00:00 0 
7ff565ba8000-7ff565ca6000 rw-p 00000000 00:00 0                          [stack:7780]
7ff565ca6000-7ff565ca9000 ---p 00000000 00:00 0 
7ff565ca9000-7ff565da7000 rw-p 00000000 00:00 0                          [stack:7779]
7ff565da7000-7ff566070000 r--p 00000000 08:04 534525                     /usr/lib/locale/locale-archive
7ff566070000-7ff566073000 ---p 00000000 00:00 0 
7ff566073000-7ff566171000 rw-p 00000000 00:00 0                          [stack:7778]
7ff566171000-7ff566174000 ---p 00000000 00:00 0 
7ff566174000-7ff566272000 rw-p 00000000 00:00 0                          [stack:7777]
7ff566272000-7ff566273000 ---p 00000000 00:00 0 
7ff566273000-7ff568000000 rw-p 00000000 00:00 0                          [stack:7776]
7ff568000000-7ff568021000 rw-p 00000000 00:00 0 
7ff568021000-7ff56c000000 ---p 00000000 00:00 0 
7ff56c000000-7ff56c021000 rw-p 00000000 00:00 0 
7ff56c021000-7ff570000000 ---p 00000000 00:00 0 
7ff570000000-7ff570021000 rw-p 00000000 00:00 0 
7ff570021000-7ff574000000 ---p 00000000 00:00 0 
7ff574000000-7ff574005000 r--s 00000000 08:04 421259                     /var/cache/fontconfig/8801497958630a81b71ace7c5f9b32a8-le64.cache-4
7ff574005000-7ff574010000 r--s 00000000 08:04 421272                     /var/cache/fontconfig/d589a48862398ed80a3d6066f4f56f4c-le64.cache-4
7ff574010000-7ff5741c1000 r--s 01d27000 08:04 548188                     /usr/lib/jvm/java-7-openjdk-amd64/jre/lib/rt.jar
7ff5741c1000-7ff574666000 rw-p 00000000 00:00 0 
7ff574666000-7ff574667000 ---p 00000000 00:00 0 
7ff574667000-7ff574767000 rw-p 00000000 00:00 0                          [stack:7775]
7ff574767000-7ff574768000 ---p 00000000 00:00 0 
7ff574768000-7ff574868000 rw-p 00000000 00:00 0                          [stack:7774]
7ff574868000-7ff574869000 ---p 00000000 00:00 0 
7ff574869000-7ff574969000 rw-p 00000000 00:00 0                          [stack:7773]
7ff574969000-7ff57496a000 ---p 00000000 00:00 0 
7ff57496a000-7ff574a6a000 rw-p 00000000 00:00 0                          [stack:7772]
7ff574a6a000-7ff574a6b000 ---p 00000000 00:00 0 
7ff574a6b000-7ff574b6b000 rw-p 00000000 00:00 0                          [stack:7771]
7ff574b6b000-7ff574b6c000 ---p 00000000 00:00 0 
7ff574b6c000-7ff574c6c000 rw-p 00000000 00:00 0                          [stack:7770]
7ff574c6c000-7ff574c6d000 ---p 00000000 00:00 0 
7ff574c6d000-7ff574d96000 rw-p 00000000 00:00 0                          [stack:7769]
7ff574d96000-7ff575000000 rw-p 00000000 00:00 0 
7ff575000000-7ff575270000 rwxp 00000000 00:00 0 
7ff575270000-7ff57836e000 rw-p 00000000 00:00 0 
7ff57836e000-7ff57c000000 ---p 00000000 00:00 0 
7ff57c000000-7ff57c001000 r--s 00000000 08:04 421274                     /var/cache/fontconfig/dc05db6664285cc2f12bf69c139ae4c3-le64.cache-4
7ff57c001000-7ff57c003000 r--s 00000000 08:04 421257                     /var/cache/fontconfig/767a8244fc0220cfb567a839d0392e0b-le64.cache-4
7ff57c003000-7ff57c004000 r--s 00000000 08:04 401351                     /var/cache/fontconfig/4794a0821666d79190d59a36cb4f44b5-le64.cache-4
7ff57c004000-7ff57c005000 r--s 00000000 08:04 421252                     /var/cache/fontconfig/56cf4f4769d0f4abc89a4895d7bd3ae1-le64.cache-4
7ff57c005000-7ff57c008000 r--s 00000000 08:04 405706                     /var/cache/fontconfig/e13b20fdb08344e0e664864cc2ede53d-le64.cache-4
7ff57c008000-7ff57c0b5000 rw-p 00000000 00:00 0 
7ff57c0b5000-7ff57c0b6000 ---p 00000000 00:00 0 
7ff57c0b6000-7ff57c1c1000 rw-p 00000000 00:00 0                          [stack:7768]
7ff57c1c1000-7ff57c209000 rw-p 00000000 00:00 0 
7ff57c209000-7ff57c214000 rw-p 00000000 00:00 0 
7ff57c214000-7ff57c25c000 rw-p 00000000 00:00 0 
7ff57c25c000-7ff57c285000 rw-p 00000000 00:00 0 
7ff57c285000-7ff57c4ee000 rw-p 00000000 00:00 0 
7ff57c4ee000-7ff57c570000 rw-p 00000000 00:00 0 
7ff57c570000-7ff57c638000 rw-p 00000000 00:00 0 
7ff57c638000-7ff57c639000 rw-p 00000000 00:00 0 
7ff57c639000-7ff57c641000 r-xp 00000000 08:04 548164                     /usr/lib/jvm/java-7-openjdk-amd64/jre/lib/amd64/libzip.so
7ff57c641000-7ff57c840000 ---p 00008000 08:04 548164                     /usr/lib/jvm/java-7-openjdk-amd64/jre/lib/amd64/libzip.so
7ff57c840000-7ff57c841000 r--p 00007000 08:04 548164                     /usr/lib/jvm/java-7-openjdk-amd64/jre/lib/amd64/libzip.so
7ff57c841000-7ff57c842000 rw-p 00008000 08:04 548164                     /usr/lib/jvm/java-7-openjdk-amd64/jre/lib/amd64/libzip.so
7ff57c842000-7ff57c84d000 r-xp 00000000 08:04 5787                       /lib/x86_64-linux-gnu/libnss_files-2.19.so
7ff57c84d000-7ff57ca4c000 ---p 0000b000 08:04 5787                       /lib/x86_64-linux-gnu/libnss_files-2.19.so
7ff57ca4c000-7ff57ca4d000 r--p 0000a000 08:04 5787                       /lib/x86_64-linux-gnu/libnss_files-2.19.so
7ff57ca4d000-7ff57ca4e000 rw-p 0000b000 08:04 5787                       /lib/x86_64-linux-gnu/libnss_files-2.19.so
7ff57ca4e000-7ff57ca59000 r-xp 00000000 08:04 5807                       /lib/x86_64-linux-gnu/libnss_nis-2.19.so
7ff57ca59000-7ff57cc58000 ---p 0000b000 08:04 5807                       /lib/x86_64-linux-gnu/libnss_nis-2.19.so
7ff57cc58000-7ff57cc59000 r--p 0000a000 08:04 5807                       /lib/x86_64-linux-gnu/libnss_nis-2.19.so
7ff57cc59000-7ff57cc5a000 rw-p 0000b000 08:04 5807                       /lib/x86_64-linux-gnu/libnss_nis-2.19.so
7ff57cc5a000-7ff57cc71000 r-xp 00000000 08:04 5796                       /lib/x86_64-linux-gnu/libnsl-2.19.so
7ff57cc71000-7ff57ce70000 ---p 00017000 08:04 5796                       /lib/x86_64-linux-gnu/libnsl-2.19.so
7ff57ce70000-7ff57ce71000 r--p 00016000 08:04 5796                       /lib/x86_64-linux-gnu/libnsl-2.19.so
7ff57ce71000-7ff57ce72000 rw-p 00017000 08:04 5796                       /lib/x86_64-linux-gnu/libnsl-2.19.so
7ff57ce72000-7ff57ce74000 rw-p 00000000 00:00 0 
7ff57ce74000-7ff57ce7d000 r-xp 00000000 08:04 5795                       /lib/x86_64-linux-gnu/libnss_compat-2.19.so
7ff57ce7d000-7ff57d07c000 ---p 00009000 08:04 5795                       /lib/x86_64-linux-gnu/libnss_compat-2.19.so
7ff57d07c000-7ff57d07d000 r--p 00008000 08:04 5795                       /lib/x86_64-linux-gnu/libnss_compat-2.19.so
7ff57d07d000-7ff57d07e000 rw-p 00009000 08:04 5795                       /lib/x86_64-linux-gnu/libnss_compat-2.19.so
7ff57d07e000-7ff57d0a9000 r-xp 00000000 08:04 548180                     /usr/lib/jvm/java-7-openjdk-amd64/jre/lib/amd64/libjava.so
7ff57d0a9000-7ff57d2a9000 ---p 0002b000 08:04 548180                     /usr/lib/jvm/java-7-openjdk-amd64/jre/lib/amd64/libjava.so
7ff57d2a9000-7ff57d2aa000 r--p 0002b000 08:04 548180                     /usr/lib/jvm/java-7-openjdk-amd64/jre/lib/amd64/libjava.so
7ff57d2aa000-7ff57d2ac000 rw-p 0002c000 08:04 548180                     /usr/lib/jvm/java-7-openjdk-amd64/jre/lib/amd64/libjava.so
7ff57d2ac000-7ff57d2bc000 r-xp 00000000 08:04 548177                     /usr/lib/jvm/java-7-openjdk-amd64/jre/lib/amd64/libverify.so
7ff57d2bc000-7ff57d4bb000 ---p 00010000 08:04 548177                     /usr/lib/jvm/java-7-openjdk-amd64/jre/lib/amd64/libverify.so
7ff57d4bb000-7ff57d4bd000 r--p 0000f000 08:04 548177                     /usr/lib/jvm/java-7-openjdk-amd64/jre/lib/amd64/libverify.so
7ff57d4bd000-7ff57d4be000 rw-p 00011000 08:04 548177                     /usr/lib/jvm/java-7-openjdk-amd64/jre/lib/amd64/libverify.so
7ff57d4be000-7ff57d4c5000 r-xp 00000000 08:04 5804                       /lib/x86_64-linux-gnu/librt-2.19.so
7ff57d4c5000-7ff57d6c4000 ---p 00007000 08:04 5804                       /lib/x86_64-linux-gnu/librt-2.19.so
7ff57d6c4000-7ff57d6c5000 r--p 00006000 08:04 5804                       /lib/x86_64-linux-gnu/librt-2.19.so
7ff57d6c5000-7ff57d6c6000 rw-p 00007000 08:04 5804                       /lib/x86_64-linux-gnu/librt-2.19.so
7ff57d6c6000-7ff57d6dc000 r-xp 00000000 08:04 4908                       /lib/x86_64-linux-gnu/libgcc_s.so.1
7ff57d6dc000-7ff57d8db000 ---p 00016000 08:04 4908                       /lib/x86_64-linux-gnu/libgcc_s.so.1
7ff57d8db000-7ff57d8dc000 rw-p 00015000 08:04 4908                       /lib/x86_64-linux-gnu/libgcc_s.so.1
7ff57d8dc000-7ff57d9e1000 r-xp 00000000 08:04 5786                       /lib/x86_64-linux-gnu/libm-2.19.so
7ff57d9e1000-7ff57dbe0000 ---p 00105000 08:04 5786                       /lib/x86_64-linux-gnu/libm-2.19.so
7ff57dbe0000-7ff57dbe1000 r--p 00104000 08:04 5786                       /lib/x86_64-linux-gnu/libm-2.19.so
7ff57dbe1000-7ff57dbe2000 rw-p 00105000 08:04 5786                       /lib/x86_64-linux-gnu/libm-2.19.so
7ff57dbe2000-7ff57dcc8000 r-xp 00000000 08:04 538134                     /usr/lib/x86_64-linux-gnu/libstdc++.so.6.0.19
7ff57dcc8000-7ff57dec7000 ---p 000e6000 08:04 538134                     /usr/lib/x86_64-linux-gnu/libstdc++.so.6.0.19
7ff57dec7000-7ff57decf000 r--p 000e5000 08:04 538134                     /usr/lib/x86_64-linux-gnu/libstdc++.so.6.0.19
7ff57decf000-7ff57ded1000 rw-p 000ed000 08:04 538134                     /usr/lib/x86_64-linux-gnu/libstdc++.so.6.0.19
7ff57ded1000-7ff57dee6000 rw-p 00000000 00:00 0 
7ff57dee6000-7ff57e9fe000 r-xp 00000000 08:04 548185                     /usr/lib/jvm/java-7-openjdk-amd64/jre/lib/amd64/server/libjvm.so
7ff57e9fe000-7ff57ebfe000 ---p 00b18000 08:04 548185                     /usr/lib/jvm/java-7-openjdk-amd64/jre/lib/amd64/server/libjvm.so
7ff57ebfe000-7ff57ec98000 r--p 00b18000 08:04 548185                     /usr/lib/jvm/java-7-openjdk-amd64/jre/lib/amd64/server/libjvm.so
7ff57ec98000-7ff57ecbb000 rw-p 00bb2000 08:04 548185                     /usr/lib/jvm/java-7-openjdk-amd64/jre/lib/amd64/server/libjvm.so
7ff57ecbb000-7ff57ece9000 rw-p 00000000 00:00 0 
7ff57ece9000-7ff57ed01000 r-xp 00000000 08:04 5045                       /lib/x86_64-linux-gnu/libz.so.1.2.8
7ff57ed01000-7ff57ef00000 ---p 00018000 08:04 5045                       /lib/x86_64-linux-gnu/libz.so.1.2.8
7ff57ef00000-7ff57ef01000 r--p 00017000 08:04 5045                       /lib/x86_64-linux-gnu/libz.so.1.2.8
7ff57ef01000-7ff57ef02000 rw-p 00018000 08:04 5045                       /lib/x86_64-linux-gnu/libz.so.1.2.8
7ff57ef02000-7ff57ef1b000 r-xp 00000000 08:04 5802                       /lib/x86_64-linux-gnu/libpthread-2.19.so
7ff57ef1b000-7ff57f11a000 ---p 00019000 08:04 5802                       /lib/x86_64-linux-gnu/libpthread-2.19.so
7ff57f11a000-7ff57f11b000 r--p 00018000 08:04 5802                       /lib/x86_64-linux-gnu/libpthread-2.19.so
7ff57f11b000-7ff57f11c000 rw-p 00019000 08:04 5802                       /lib/x86_64-linux-gnu/libpthread-2.19.so
7ff57f11c000-7ff57f120000 rw-p 00000000 00:00 0 
7ff57f120000-7ff57f123000 r-xp 00000000 08:04 5790                       /lib/x86_64-linux-gnu/libdl-2.19.so
7ff57f123000-7ff57f322000 ---p 00003000 08:04 5790                       /lib/x86_64-linux-gnu/libdl-2.19.so
7ff57f322000-7ff57f323000 r--p 00002000 08:04 5790                       /lib/x86_64-linux-gnu/libdl-2.19.so
7ff57f323000-7ff57f324000 rw-p 00003000 08:04 5790                       /lib/x86_64-linux-gnu/libdl-2.19.so
7ff57f324000-7ff57f4df000 r-xp 00000000 08:04 5801                       /lib/x86_64-linux-gnu/libc-2.19.so
7ff57f4df000-7ff57f6de000 ---p 001bb000 08:04 5801                       /lib/x86_64-linux-gnu/libc-2.19.so
7ff57f6de000-7ff57f6e2000 r--p 001ba000 08:04 5801                       /lib/x86_64-linux-gnu/libc-2.19.so
7ff57f6e2000-7ff57f6e4000 rw-p 001be000 08:04 5801                       /lib/x86_64-linux-gnu/libc-2.19.so
7ff57f6e4000-7ff57f6e9000 rw-p 00000000 00:00 0 
7ff57f6e9000-7ff57f6f6000 r-xp 00000000 08:04 548156                     /usr/lib/jvm/java-7-openjdk-amd64/jre/lib/amd64/jli/libjli.so
7ff57f6f6000-7ff57f8f5000 ---p 0000d000 08:04 548156                     /usr/lib/jvm/java-7-openjdk-amd64/jre/lib/amd64/jli/libjli.so
7ff57f8f5000-7ff57f8f6000 r--p 0000c000 08:04 548156                     /usr/lib/jvm/java-7-openjdk-amd64/jre/lib/amd64/jli/libjli.so
7ff57f8f6000-7ff57f8f7000 rw-p 0000d000 08:04 548156                     /usr/lib/jvm/java-7-openjdk-amd64/jre/lib/amd64/jli/libjli.so
7ff57f8f7000-7ff57f91a000 r-xp 00000000 08:04 5798                       /lib/x86_64-linux-gnu/ld-2.19.so
7ff57f91a000-7ff57f91e000 r--s 00000000 08:04 421258                     /var/cache/fontconfig/7ef2298fde41cc6eeb7af42e48b7d293-le64.cache-4
7ff57f927000-7ff57f928000 rw-p 00000000 00:00 0 
7ff57f928000-7ff57f932000 r--s 000ae000 08:04 548150                     /usr/lib/jvm/java-7-openjdk-amd64/jre/lib/resources.jar
7ff57f932000-7ff57f93c000 rw-p 00000000 00:00 0 
7ff57f93c000-7ff57f9f2000 rw-p 00000000 00:00 0 
7ff57f9f2000-7ff57f9f5000 ---p 00000000 00:00 0 
7ff57f9f5000-7ff57faf8000 rw-p 00000000 00:00 0                          [stack:7766]
7ff57faf8000-7ff57faf9000 r--s 00000000 08:04 421266                     /var/cache/fontconfig/b9d506c9ac06c20b433354fa67a72993-le64.cache-4
7ff57faf9000-7ff57fafa000 r--s 00000000 08:04 421241                     /var/cache/fontconfig/0c9eb80ebd1c36541ebe2852d3bb0c49-le64.cache-4
7ff57fafa000-7ff57fafe000 r--s 00034000 08:04 548195                     /usr/lib/jvm/java-7-openjdk-amd64/jre/lib/ext/sunjce_provider.jar
7ff57fafe000-7ff57fb01000 r--s 0000f000 08:04 548191                     /usr/lib/jvm/java-7-openjdk-amd64/jre/lib/ext/icedtea-sound.jar
7ff57fb01000-7ff57fb04000 r--s 00086000 08:04 548194                     /usr/lib/jvm/java-7-openjdk-amd64/jre/lib/ext/localedata.jar
7ff57fb04000-7ff57fb05000 r--s 00002000 08:04 548192                     /usr/lib/jvm/java-7-openjdk-amd64/jre/lib/ext/dnsns.jar
7ff57fb05000-7ff57fb07000 r--s 00012000 08:04 548196                     /usr/lib/jvm/java-7-openjdk-amd64/jre/lib/ext/zipfs.jar
7ff57fb07000-7ff57fb0b000 r--s 0003c000 08:04 548193                     /usr/lib/jvm/java-7-openjdk-amd64/jre/lib/ext/sunpkcs11.jar
7ff57fb0b000-7ff57fb0d000 r--s 00006000 08:04 8591                       /usr/share/java/java-atk-wrapper.jar
7ff57fb0d000-7ff57fb15000 rw-s 00000000 08:04 811430                     /tmp/hsperfdata_ted/7759
7ff57fb15000-7ff57fb16000 rw-p 00000000 00:00 0 
7ff57fb16000-7ff57fb17000 ---p 00000000 00:00 0 
7ff57fb17000-7ff57fb19000 rw-p 00000000 00:00 0 
7ff57fb19000-7ff57fb1a000 r--p 00022000 08:04 5798                       /lib/x86_64-linux-gnu/ld-2.19.so
7ff57fb1a000-7ff57fb1b000 rw-p 00023000 08:04 5798                       /lib/x86_64-linux-gnu/ld-2.19.so
7ff57fb1b000-7ff57fb1c000 rw-p 00000000 00:00 0 
7fff949c6000-7fff949e7000 rw-p 00000000 00:00 0                          [stack]
7fff949f9000-7fff949fb000 r--p 00000000 00:00 0                          [vvar]
7fff949fb000-7fff949fd000 r-xp 00000000 00:00 0                          [vdso]
ffffffffff600000-ffffffffff601000 r-xp 00000000 00:00 0                  [vsyscall]

VM Arguments:
jvm_args: -Dfile.encoding=UTF-8 
java_command: CheckersGUI
Launcher Type: SUN_STANDARD

Environment Variables:
PATH=/usr/local/sbin:/usr/local/bin:/usr/sbin:/usr/bin:/sbin:/bin:/usr/games:/usr/local/games
USERNAME=ted
SHELL=/bin/bash
DISPLAY=:0

Signal Handlers:
SIGSEGV: [libjvm.so+0x94b9a0], sa_mask[0]=0x7ffbfeff, sa_flags=0x10000004
SIGBUS: [libjvm.so+0x94b9a0], sa_mask[0]=0x7ffbfeff, sa_flags=0x10000004
SIGFPE: [libjvm.so+0x7c3880], sa_mask[0]=0x7ffbfeff, sa_flags=0x10000004
SIGPIPE: [libjvm.so+0x7c3880], sa_mask[0]=0x7ffbfeff, sa_flags=0x10000004
SIGXFSZ: [libjvm.so+0x7c3880], sa_mask[0]=0x7ffbfeff, sa_flags=0x10000004
SIGILL: [libjvm.so+0x7c3880], sa_mask[0]=0x7ffbfeff, sa_flags=0x10000004
SIGUSR1: SIG_DFL, sa_mask[0]=0x00000000, sa_flags=0x00000000
SIGUSR2: [libjvm.so+0x7c3720], sa_mask[0]=0x00000004, sa_flags=0x10000004
SIGHUP: [libjvm.so+0x7c3900], sa_mask[0]=0x7ffbfeff, sa_flags=0x10000004
SIGINT: [libjvm.so+0x7c3900], sa_mask[0]=0x7ffbfeff, sa_flags=0x10000004
SIGTERM: [libjvm.so+0x7c3900], sa_mask[0]=0x7ffbfeff, sa_flags=0x10000004
SIGQUIT: [libjvm.so+0x7c3900], sa_mask[0]=0x7ffbfeff, sa_flags=0x10000004
SIGTRAP: SIG_DFL, sa_mask[0]=0x00000000, sa_flags=0x00000000


---------------  S Y S T E M  ---------------

OS:LinuxMint 17.1 (rebecca)
uname:Linux 3.19.0-18-generic #18~14.04.1-Ubuntu SMP Wed May 20 09:38:33 UTC 2015 x86_64
libc:glibc 2.19 NPTL 2.19 
rlimit: STACK 8192k, CORE 0k, NPROC 31284, NOFILE 4096, AS infinity
load average:0.17 0.39 0.28

/proc/meminfo:
MemTotal:        8089624 kB
MemFree:          134760 kB
MemAvailable:      86632 kB
Buffers:             536 kB
Cached:           389924 kB
SwapCached:            0 kB
Active:          7445952 kB
Inactive:         326328 kB
Active(anon):    7426992 kB
Inactive(anon):   304764 kB
Active(file):      18960 kB
Inactive(file):    21564 kB
Unevictable:          16 kB
Mlocked:              16 kB
SwapTotal:             0 kB
SwapFree:              0 kB
Dirty:               312 kB
Writeback:             0 kB
AnonPages:       7381680 kB
Mapped:           161116 kB
Shmem:            350140 kB
Slab:              68244 kB
SReclaimable:      32148 kB
SUnreclaim:        36096 kB
KernelStack:       17040 kB
PageTables:        43392 kB
NFS_Unstable:          0 kB
Bounce:                0 kB
WritebackTmp:          0 kB
CommitLimit:     4044812 kB
Committed_AS:   14628576 kB
VmallocTotal:   34359738367 kB
VmallocUsed:      364940 kB
VmallocChunk:   34359310176 kB
HardwareCorrupted:     0 kB
AnonHugePages:   5537792 kB
CmaTotal:              0 kB
CmaFree:               0 kB
HugePages_Total:       0
HugePages_Free:        0
HugePages_Rsvd:        0
HugePages_Surp:        0
Hugepagesize:       2048 kB
DirectMap4k:      122980 kB
DirectMap2M:     3985408 kB
DirectMap1G:     4194304 kB


CPU:total 8 (4 cores per cpu, 2 threads per core) family 6 model 60 stepping 3, cmov, cx8, fxsr, mmx, sse, sse2, sse3, ssse3, sse4.1, sse4.2, popcnt, avx, avx2, aes, erms, ht, tsc, tscinvbit

/proc/cpuinfo:
processor	: 0
vendor_id	: GenuineIntel
cpu family	: 6
model		: 60
model name	: Intel(R) Core(TM) i7-4710HQ CPU @ 2.50GHz
stepping	: 3
microcode	: 0x17
cpu MHz		: 3329.199
cache size	: 6144 KB
physical id	: 0
siblings	: 8
core id		: 0
cpu cores	: 4
apicid		: 0
initial apicid	: 0
fpu		: yes
fpu_exception	: yes
cpuid level	: 13
wp		: yes
flags		: fpu vme de pse tsc msr pae mce cx8 apic sep mtrr pge mca cmov pat pse36 clflush dts acpi mmx fxsr sse sse2 ss ht tm pbe syscall nx pdpe1gb rdtscp lm constant_tsc arch_perfmon pebs bts rep_good nopl xtopology nonstop_tsc aperfmperf eagerfpu pni pclmulqdq dtes64 monitor ds_cpl vmx est tm2 ssse3 fma cx16 xtpr pdcm pcid sse4_1 sse4_2 x2apic movbe popcnt tsc_deadline_timer aes xsave avx f16c rdrand lahf_lm abm ida arat epb pln pts dtherm tpr_shadow vnmi flexpriority ept vpid fsgsbase tsc_adjust bmi1 avx2 smep bmi2 erms invpcid xsaveopt
bugs		:
bogomips	: 4988.61
clflush size	: 64
cache_alignment	: 64
address sizes	: 39 bits physical, 48 bits virtual
power management:

processor	: 1
vendor_id	: GenuineIntel
cpu family	: 6
model		: 60
model name	: Intel(R) Core(TM) i7-4710HQ CPU @ 2.50GHz
stepping	: 3
microcode	: 0x17
cpu MHz		: 2990.429
cache size	: 6144 KB
physical id	: 0
siblings	: 8
core id		: 1
cpu cores	: 4
apicid		: 2
initial apicid	: 2
fpu		: yes
fpu_exception	: yes
cpuid level	: 13
wp		: yes
flags		: fpu vme de pse tsc msr pae mce cx8 apic sep mtrr pge mca cmov pat pse36 clflush dts acpi mmx fxsr sse sse2 ss ht tm pbe syscall nx pdpe1gb rdtscp lm constant_tsc arch_perfmon pebs bts rep_good nopl xtopology nonstop_tsc aperfmperf eagerfpu pni pclmulqdq dtes64 monitor ds_cpl vmx est tm2 ssse3 fma cx16 xtpr pdcm pcid sse4_1 sse4_2 x2apic movbe popcnt tsc_deadline_timer aes xsave avx f16c rdrand lahf_lm abm ida arat epb pln pts dtherm tpr_shadow vnmi flexpriority ept vpid fsgsbase tsc_adjust bmi1 avx2 smep bmi2 erms invpcid xsaveopt
bugs		:
bogomips	: 4988.61
clflush size	: 64
cache_alignment	: 64
address sizes	: 39 bits physical, 48 bits virtual
power management:

processor	: 2
vendor_id	: GenuineIntel
cpu family	: 6
model		: 60
model name	: Intel(R) Core(TM) i7-4710HQ CPU @ 2.50GHz
stepping	: 3
microcode	: 0x17
cpu MHz		: 2762.207
cache size	: 6144 KB
physical id	: 0
siblings	: 8
core id		: 2
cpu cores	: 4
apicid		: 4
initial apicid	: 4
fpu		: yes
fpu_exception	: yes
cpuid level	: 13
wp		: yes
flags		: fpu vme de pse tsc msr pae mce cx8 apic sep mtrr pge mca cmov pat pse36 clflush dts acpi mmx fxsr sse sse2 ss ht tm pbe syscall nx pdpe1gb rdtscp lm constant_tsc arch_perfmon pebs bts rep_good nopl xtopology nonstop_tsc aperfmperf eagerfpu pni pclmulqdq dtes64 monitor ds_cpl vmx est tm2 ssse3 fma cx16 xtpr pdcm pcid sse4_1 sse4_2 x2apic movbe popcnt tsc_deadline_timer aes xsave avx f16c rdrand lahf_lm abm ida arat epb pln pts dtherm tpr_shadow vnmi flexpriority ept vpid fsgsbase tsc_adjust bmi1 avx2 smep bmi2 erms invpcid xsaveopt
bugs		:
bogomips	: 4988.61
clflush size	: 64
cache_alignment	: 64
address sizes	: 39 bits physical, 48 bits virtual
power management:

processor	: 3
vendor_id	: GenuineIntel
cpu family	: 6
model		: 60
model name	: Intel(R) Core(TM) i7-4710HQ CPU @ 2.50GHz
stepping	: 3
microcode	: 0x17
cpu MHz		: 2716.406
cache size	: 6144 KB
physical id	: 0
siblings	: 8
core id		: 3
cpu cores	: 4
apicid		: 6
initial apicid	: 6
fpu		: yes
fpu_exception	: yes
cpuid level	: 13
wp		: yes
flags		: fpu vme de pse tsc msr pae mce cx8 apic sep mtrr pge mca cmov pat pse36 clflush dts acpi mmx fxsr sse sse2 ss ht tm pbe syscall nx pdpe1gb rdtscp lm constant_tsc arch_perfmon pebs bts rep_good nopl xtopology nonstop_tsc aperfmperf eagerfpu pni pclmulqdq dtes64 monitor ds_cpl vmx est tm2 ssse3 fma cx16 xtpr pdcm pcid sse4_1 sse4_2 x2apic movbe popcnt tsc_deadline_timer aes xsave avx f16c rdrand lahf_lm abm ida arat epb pln pts dtherm tpr_shadow vnmi flexpriority ept vpid fsgsbase tsc_adjust bmi1 avx2 smep bmi2 erms invpcid xsaveopt
bugs		:
bogomips	: 4988.61
clflush size	: 64
cache_alignment	: 64
address sizes	: 39 bits physical, 48 bits virtual
power management:

processor	: 4
vendor_id	: GenuineIntel
cpu family	: 6
model		: 60
model name	: Intel(R) Core(TM) i7-4710HQ CPU @ 2.50GHz
stepping	: 3
microcode	: 0x17
cpu MHz		: 2737.988
cache size	: 6144 KB
physical id	: 0
siblings	: 8
core id		: 0
cpu cores	: 4
apicid		: 1
initial apicid	: 1
fpu		: yes
fpu_exception	: yes
cpuid level	: 13
wp		: yes
flags		: fpu vme de pse tsc msr pae mce cx8 apic sep mtrr pge mca cmov pat pse36 clflush dts acpi mmx fxsr sse sse2 ss ht tm pbe syscall nx pdpe1gb rdtscp lm constant_tsc arch_perfmon pebs bts rep_good nopl xtopology nonstop_tsc aperfmperf eagerfpu pni pclmulqdq dtes64 monitor ds_cpl vmx est tm2 ssse3 fma cx16 xtpr pdcm pcid sse4_1 sse4_2 x2apic movbe popcnt tsc_deadline_timer aes xsave avx f16c rdrand lahf_lm abm ida arat epb pln pts dtherm tpr_shadow vnmi flexpriority ept vpid fsgsbase tsc_adjust bmi1 avx2 smep bmi2 erms invpcid xsaveopt
bugs		:
bogomips	: 4988.61
clflush size	: 64
cache_alignment	: 64
address sizes	: 39 bits physical, 48 bits virtual
power management:

processor	: 5
vendor_id	: GenuineIntel
cpu family	: 6
model		: 60
model name	: Intel(R) Core(TM) i7-4710HQ CPU @ 2.50GHz
stepping	: 3
microcode	: 0x17
cpu MHz		: 2989.355
cache size	: 6144 KB
physical id	: 0
siblings	: 8
core id		: 1
cpu cores	: 4
apicid		: 3
initial apicid	: 3
fpu		: yes
fpu_exception	: yes
cpuid level	: 13
wp		: yes
flags		: fpu vme de pse tsc msr pae mce cx8 apic sep mtrr pge mca cmov pat pse36 clflush dts acpi mmx fxsr sse sse2 ss ht tm pbe syscall nx pdpe1gb rdtscp lm constant_tsc arch_perfmon pebs bts rep_good nopl xtopology nonstop_tsc aperfmperf eagerfpu pni pclmulqdq dtes64 monitor ds_cpl vmx est tm2 ssse3 fma cx16 xtpr pdcm pcid sse4_1 sse4_2 x2apic movbe popcnt tsc_deadline_timer aes xsave avx f16c rdrand lahf_lm abm ida arat epb pln pts dtherm tpr_shadow vnmi flexpriority ept vpid fsgsbase tsc_adjust bmi1 avx2 smep bmi2 erms invpcid xsaveopt
bugs		:
bogomips	: 4988.61
clflush size	: 64
cache_alignment	: 64
address sizes	: 39 bits physical, 48 bits virtual
power management:

processor	: 6
vendor_id	: GenuineIntel
cpu family	: 6
model		: 60
model name	: Intel(R) Core(TM) i7-4710HQ CPU @ 2.50GHz
stepping	: 3
microcode	: 0x17
cpu MHz		: 2495.214
cache size	: 6144 KB
physical id	: 0
siblings	: 8
core id		: 2
cpu cores	: 4
apicid		: 5
initial apicid	: 5
fpu		: yes
fpu_exception	: yes
cpuid level	: 13
wp		: yes
flags		: fpu vme de pse tsc msr pae mce cx8 apic sep mtrr pge mca cmov pat pse36 clflush dts acpi mmx fxsr sse sse2 ss ht tm pbe syscall nx pdpe1gb rdtscp lm constant_tsc arch_perfmon pebs bts rep_good nopl xtopology nonstop_tsc aperfmperf eagerfpu pni pclmulqdq dtes64 monitor ds_cpl vmx est tm2 ssse3 fma cx16 xtpr pdcm pcid sse4_1 sse4_2 x2apic movbe popcnt tsc_deadline_timer aes xsave avx f16c rdrand lahf_lm abm ida arat epb pln pts dtherm tpr_shadow vnmi flexpriority ept vpid fsgsbase tsc_adjust bmi1 avx2 smep bmi2 erms invpcid xsaveopt
bugs		:
bogomips	: 4988.61
clflush size	: 64
cache_alignment	: 64
address sizes	: 39 bits physical, 48 bits virtual
power management:

processor	: 7
vendor_id	: GenuineIntel
cpu family	: 6
model		: 60
model name	: Intel(R) Core(TM) i7-4710HQ CPU @ 2.50GHz
stepping	: 3
microcode	: 0x17
cpu MHz		: 3160.937
cache size	: 6144 KB
physical id	: 0
siblings	: 8
core id		: 3
cpu cores	: 4
apicid		: 7
initial apicid	: 7
fpu		: yes
fpu_exception	: yes
cpuid level	: 13
wp		: yes
flags		: fpu vme de pse tsc msr pae mce cx8 apic sep mtrr pge mca cmov pat pse36 clflush dts acpi mmx fxsr sse sse2 ss ht tm pbe syscall nx pdpe1gb rdtscp lm constant_tsc arch_perfmon pebs bts rep_good nopl xtopology nonstop_tsc aperfmperf eagerfpu pni pclmulqdq dtes64 monitor ds_cpl vmx est tm2 ssse3 fma cx16 xtpr pdcm pcid sse4_1 sse4_2 x2apic movbe popcnt tsc_deadline_timer aes xsave avx f16c rdrand lahf_lm abm ida arat epb pln pts dtherm tpr_shadow vnmi flexpriority ept vpid fsgsbase tsc_adjust bmi1 avx2 smep bmi2 erms invpcid xsaveopt
bugs		:
bogomips	: 4988.61
clflush size	: 64
cache_alignment	: 64
address sizes	: 39 bits physical, 48 bits virtual
power management:



Memory: 4k page, physical 8089624k(134760k free), swap 0k(0k free)

vm_info: OpenJDK 64-Bit Server VM (24.79-b02) for linux-amd64 JRE (1.7.0_79-b14), built on Apr 16 2015 08:21:58 by "buildd" with gcc 4.8.2

time: Fri Jun  5 16:02:48 2015
elapsed time: 16 seconds

