#
# There is insufficient memory for the Java Runtime Environment to continue.
# Native memory allocation (malloc) failed to allocate 36700160 bytes for committing reserved memory.
# Possible reasons:
#   The system is out of physical RAM or swap space
#   In 32 bit mode, the process size limit was hit
# Possible solutions:
#   Reduce memory load on the system
#   Increase physical memory or swap space
#   Check if swap backing store is full
#   Use 64 bit Java on a 64 bit OS
#   Decrease Java heap size (-Xmx/-Xms)
#   Decrease number of Java threads
#   Decrease Java thread stack sizes (-Xss)
#   Set larger code cache with -XX:ReservedCodeCacheSize=
# This output file may be truncated or incomplete.
#
#  Out of Memory Error (os_linux.cpp:2798), pid=5831, tid=139958204339968
#
# JRE version: OpenJDK Runtime Environment (7.0_65-b32) (build 1.7.0_65-b32)
# Java VM: OpenJDK 64-Bit Server VM (24.65-b04 mixed mode linux-amd64 compressed oops)
# Derivative: IcedTea 2.5.3
# Distribution: Ubuntu 14.04 LTS, package 7u71-2.5.3-0ubuntu0.14.04.1
# Failed to write core dump. Core dumps have been disabled. To enable core dumping, try "ulimit -c unlimited" before starting Java again
#

---------------  T H R E A D  ---------------

Current thread (0x00007f4a94071000):  VMThread [stack: 0x00007f4a8efd9000,0x00007f4a8f0da000] [id=5841]

Stack: [0x00007f4a8efd9000,0x00007f4a8f0da000],  sp=0x00007f4a8f0d8490,  free space=1021k
Native frames: (J=compiled Java code, j=interpreted, Vv=VM code, C=native code)
V  [libjvm.so+0x948b05]  VMError::report_and_die()+0x175
V  [libjvm.so+0x48bc34]  report_vm_out_of_memory(char const*, int, unsigned long, char const*)+0x74
V  [libjvm.so+0x7c7bfb]  os::pd_commit_memory(char*, unsigned long, unsigned long, bool)+0xeb
V  [libjvm.so+0x7c26bf]  os::commit_memory(char*, unsigned long, unsigned long, bool)+0x1f
V  [libjvm.so+0x833e4b]  PSVirtualSpace::expand_by(unsigned long)+0x5b
V  [libjvm.so+0x834ca0]  PSYoungGen::resize_generation(unsigned long, unsigned long)+0xb0
V  [libjvm.so+0x83538b]  PSYoungGen::resize(unsigned long, unsigned long)+0x1b
V  [libjvm.so+0x831670]  PSScavenge::invoke_no_policy()+0xde0
V  [libjvm.so+0x831e48]  PSScavenge::invoke()+0x38
V  [libjvm.so+0x7e8823]  ParallelScavengeHeap::failed_mem_allocate(unsigned long)+0x63
V  [libjvm.so+0x94a504]  VM_ParallelGCFailedAllocation::doit()+0x84
V  [libjvm.so+0x94e9f7]  VM_Operation::evaluate()+0x47
V  [libjvm.so+0x94d368]  VMThread::evaluate_operation(VM_Operation*)+0x318
V  [libjvm.so+0x94d7c9]  VMThread::loop()+0x219
V  [libjvm.so+0x94dc12]  VMThread::run()+0x72
V  [libjvm.so+0x7c4ac2]  java_start(Thread*)+0xf2

VM_Operation (0x00007f4a643f53b0): ParallelGCFailedAllocation, mode: safepoint, requested by thread 0x00007f4a94253800


---------------  P R O C E S S  ---------------

Java Threads: ( => current thread )
  0x00007f4a9400a000 JavaThread "DestroyJavaVM" [_thread_blocked, id=5837, stack(0x00007f4a9c16d000,0x00007f4a9c26e000)]
  0x00007f4a94253800 JavaThread "AWT-EventQueue-0" [_thread_blocked, id=5853, stack(0x00007f4a642f8000,0x00007f4a643f9000)]
  0x00007f4a94252800 JavaThread "AWT-Shutdown" [_thread_blocked, id=5852, stack(0x00007f4a643f9000,0x00007f4a644fa000)]
  0x00007f4a94250800 JavaThread "Image Fetcher 0" daemon [_thread_blocked, id=5851, stack(0x00007f4a64924000,0x00007f4a64a25000)]
  0x00007f4a94212000 JavaThread "AWT-XAWT" daemon [_thread_blocked, id=5850, stack(0x00007f4a64a25000,0x00007f4a64b26000)]
  0x00007f4a941ef800 JavaThread "Java2D Disposer" daemon [_thread_blocked, id=5849, stack(0x00007f4a8c0c2000,0x00007f4a8c1c3000)]
  0x00007f4a940ac000 JavaThread "Service Thread" daemon [_thread_blocked, id=5847, stack(0x00007f4a8e70a000,0x00007f4a8e80b000)]
  0x00007f4a940a9800 JavaThread "C2 CompilerThread1" daemon [_thread_blocked, id=5846, stack(0x00007f4a8e80b000,0x00007f4a8e90c000)]
  0x00007f4a940a6800 JavaThread "C2 CompilerThread0" daemon [_thread_blocked, id=5845, stack(0x00007f4a8e90c000,0x00007f4a8ea0d000)]
  0x00007f4a940a4800 JavaThread "Signal Dispatcher" daemon [_thread_blocked, id=5844, stack(0x00007f4a8ea0d000,0x00007f4a8eb0e000)]
  0x00007f4a94077000 JavaThread "Finalizer" daemon [_thread_blocked, id=5843, stack(0x00007f4a8edd7000,0x00007f4a8eed8000)]
  0x00007f4a94075000 JavaThread "Reference Handler" daemon [_thread_blocked, id=5842, stack(0x00007f4a8eed8000,0x00007f4a8efd9000)]

Other Threads:
=>0x00007f4a94071000 VMThread [stack: 0x00007f4a8efd9000,0x00007f4a8f0da000] [id=5841]
  0x00007f4a940b6800 WatcherThread [stack: 0x00007f4a8e609000,0x00007f4a8e70a000] [id=5848]

VM state:at safepoint (normal execution)

VM Mutex/Monitor currently owned by a thread:  ([mutex/lock_event])
[0x00007f4a94006360] Threads_lock - owner thread: 0x00007f4a94071000
[0x00007f4a94006860] Heap_lock - owner thread: 0x00007f4a94253800

Heap
 PSYoungGen      total 36352K, used 32K [0x00000000f2200000, 0x00000000f4700000, 0x0000000100000000)
  eden space 34816K, 0% used [0x00000000f2200000,0x00000000f2200000,0x00000000f4400000)
  from space 1536K, 2% used [0x00000000f4400000,0x00000000f4408000,0x00000000f4580000)
  to   space 1536K, 0% used [0x00000000f4580000,0x00000000f4580000,0x00000000f4700000)
 ParOldGen       total 20992K, used 1527K [0x00000000d6600000, 0x00000000d7a80000, 0x00000000f2200000)
  object space 20992K, 7% used [0x00000000d6600000,0x00000000d677dee0,0x00000000d7a80000)
 PSPermGen       total 21504K, used 10973K [0x00000000cc000000, 0x00000000cd500000, 0x00000000d6600000)
  object space 21504K, 51% used [0x00000000cc000000,0x00000000ccab74d0,0x00000000cd500000)

Card table byte_map: [0x00007f4a98c16000,0x00007f4a98db7000] byte_map_base: 0x00007f4a985b6000

Polling page: 0x00007f4a9c291000

Code Cache  [0x00007f4a91000000, 0x00007f4a91270000, 0x00007f4a94000000)
 total_blobs=531 nmethods=68 adapters=417 free_code_cache=48476Kb largest_free_block=49616576

Compilation events (10 events):
Event: 3.165 Thread 0x00007f4a940a9800   64             Piece::getIsKing (5 bytes)
Event: 3.165 Thread 0x00007f4a940a9800 nmethod 64 0x00007f4a910a1910 code [0x00007f4a910a1a40, 0x00007f4a910a1a98]
Event: 3.165 Thread 0x00007f4a940a9800   65             TurnProcessor::isValidTurn (99 bytes)
Event: 3.172 Thread 0x00007f4a940a9800 nmethod 65 0x00007f4a910a4650 code [0x00007f4a910a4820, 0x00007f4a910a4d08]
Event: 3.190 Thread 0x00007f4a940a6800   66             TurnProcessor::getCaptureTarget (70 bytes)
Event: 3.190 Thread 0x00007f4a940a6800 nmethod 66 0x00007f4a910a54d0 code [0x00007f4a910a5620, 0x00007f4a910a5718]
Event: 3.191 Thread 0x00007f4a940a6800   67             Board::doubleMove (173 bytes)
Event: 3.195 Thread 0x00007f4a940a6800 nmethod 67 0x00007f4a910a3e10 code [0x00007f4a910a3f80, 0x00007f4a910a4328]
Event: 3.207 Thread 0x00007f4a940a9800   68             Board::kingPromoter (81 bytes)
Event: 3.210 Thread 0x00007f4a940a9800 nmethod 68 0x00007f4a910a36d0 code [0x00007f4a910a3860, 0x00007f4a910a3b58]

GC Heap History (10 events):
Event: 3.150 GC heap after
Heap after GC invocations=2 (full 0):
 PSYoungGen      total 9728K, used 1010K [0x00000000f2200000, 0x00000000f3500000, 0x0000000100000000)
  eden space 8704K, 0% used [0x00000000f2200000,0x00000000f2200000,0x00000000f2a80000)
  from space 1024K, 98% used [0x00000000f2b80000,0x00000000f2c7c820,0x00000000f2c80000)
  to   space 1024K, 0% used [0x00000000f2a80000,0x00000000f2a80000,0x00000000f2b80000)
 ParOldGen       total 20992K, used 537K [0x00000000d6600000, 0x00000000d7a80000, 0x00000000f2200000)
  object space 20992K, 2% used [0x00000000d6600000,0x00000000d66865d0,0x00000000d7a80000)
 PSPermGen       total 21504K, used 10967K [0x00000000cc000000, 0x00000000cd500000, 0x00000000d6600000)
  object space 21504K, 51% used [0x00000000cc000000,0x00000000ccab5d20,0x00000000cd500000)
}
Event: 3.165 GC heap before
{Heap before GC invocations=3 (full 0):
 PSYoungGen      total 9728K, used 9714K [0x00000000f2200000, 0x00000000f3500000, 0x0000000100000000)
  eden space 8704K, 100% used [0x00000000f2200000,0x00000000f2a80000,0x00000000f2a80000)
  from space 1024K, 98% used [0x00000000f2b80000,0x00000000f2c7c820,0x00000000f2c80000)
  to   space 1024K, 0% used [0x00000000f2a80000,0x00000000f2a80000,0x00000000f2b80000)
 ParOldGen       total 20992K, used 537K [0x00000000d6600000, 0x00000000d7a80000, 0x00000000f2200000)
  object space 20992K, 2% used [0x00000000d6600000,0x00000000d66865d0,0x00000000d7a80000)
 PSPermGen       total 21504K, used 10969K [0x00000000cc000000, 0x00000000cd500000, 0x00000000d6600000)
  object space 21504K, 51% used [0x00000000cc000000,0x00000000ccab6588,0x00000000cd500000)
Event: 3.168 GC heap after
Heap after GC invocations=3 (full 0):
 PSYoungGen      total 9728K, used 1010K [0x00000000f2200000, 0x00000000f3500000, 0x0000000100000000)
  eden space 8704K, 0% used [0x00000000f2200000,0x00000000f2200000,0x00000000f2a80000)
  from space 1024K, 98% used [0x00000000f2a80000,0x00000000f2b7c840,0x00000000f2b80000)
  to   space 1024K, 0% used [0x00000000f3400000,0x00000000f3400000,0x00000000f3500000)
 ParOldGen       total 20992K, used 545K [0x00000000d6600000, 0x00000000d7a80000, 0x00000000f2200000)
  object space 20992K, 2% used [0x00000000d6600000,0x00000000d66885d0,0x00000000d7a80000)
 PSPermGen       total 21504K, used 10969K [0x00000000cc000000, 0x00000000cd500000, 0x00000000d6600000)
  object space 21504K, 51% used [0x00000000cc000000,0x00000000ccab6588,0x00000000cd500000)
}
Event: 3.181 GC heap before
{Heap before GC invocations=4 (full 0):
 PSYoungGen      total 9728K, used 9714K [0x00000000f2200000, 0x00000000f3500000, 0x0000000100000000)
  eden space 8704K, 100% used [0x00000000f2200000,0x00000000f2a80000,0x00000000f2a80000)
  from space 1024K, 98% used [0x00000000f2a80000,0x00000000f2b7c840,0x00000000f2b80000)
  to   space 1024K, 0% used [0x00000000f3400000,0x00000000f3400000,0x00000000f3500000)
 ParOldGen       total 20992K, used 545K [0x00000000d6600000, 0x00000000d7a80000, 0x00000000f2200000)
  object space 20992K, 2% used [0x00000000d6600000,0x00000000d66885d0,0x00000000d7a80000)
 PSPermGen       total 21504K, used 10969K [0x00000000cc000000, 0x00000000cd500000, 0x00000000d6600000)
  object space 21504K, 51% used [0x00000000cc000000,0x00000000ccab6588,0x00000000cd500000)
Event: 3.183 GC heap after
Heap after GC invocations=4 (full 0):
 PSYoungGen      total 18432K, used 1010K [0x00000000f2200000, 0x00000000f3500000, 0x0000000100000000)
  eden space 17408K, 0% used [0x00000000f2200000,0x00000000f2200000,0x00000000f3300000)
  from space 1024K, 98% used [0x00000000f3400000,0x00000000f34fc840,0x00000000f3500000)
  to   space 1024K, 0% used [0x00000000f3300000,0x00000000f3300000,0x00000000f3400000)
 ParOldGen       total 20992K, used 545K [0x00000000d6600000, 0x00000000d7a80000, 0x00000000f2200000)
  object space 20992K, 2% used [0x00000000d6600000,0x00000000d66885d0,0x00000000d7a80000)
 PSPermGen       total 21504K, used 10969K [0x00000000cc000000, 0x00000000cd500000, 0x00000000d6600000)
  object space 21504K, 51% used [0x00000000cc000000,0x00000000ccab6588,0x00000000cd500000)
}
Event: 3.214 GC heap before
{Heap before GC invocations=5 (full 0):
 PSYoungGen      total 18432K, used 18418K [0x00000000f2200000, 0x00000000f3500000, 0x0000000100000000)
  eden space 17408K, 100% used [0x00000000f2200000,0x00000000f3300000,0x00000000f3300000)
  from space 1024K, 98% used [0x00000000f3400000,0x00000000f34fc840,0x00000000f3500000)
  to   space 1024K, 0% used [0x00000000f3300000,0x00000000f3300000,0x00000000f3400000)
 ParOldGen       total 20992K, used 545K [0x00000000d6600000, 0x00000000d7a80000, 0x00000000f2200000)
  object space 20992K, 2% used [0x00000000d6600000,0x00000000d66885d0,0x00000000d7a80000)
 PSPermGen       total 21504K, used 10969K [0x00000000cc000000, 0x00000000cd500000, 0x00000000d6600000)
  object space 21504K, 51% used [0x00000000cc000000,0x00000000ccab6588,0x00000000cd500000)
Event: 3.217 GC heap after
Heap after GC invocations=5 (full 0):
 PSYoungGen      total 18432K, used 1010K [0x00000000f2200000, 0x00000000f4700000, 0x0000000100000000)
  eden space 17408K, 0% used [0x00000000f2200000,0x00000000f2200000,0x00000000f3300000)
  from space 1024K, 98% used [0x00000000f3300000,0x00000000f33fc820,0x00000000f3400000)
  to   space 1536K, 0% used [0x00000000f4580000,0x00000000f4580000,0x00000000f4700000)
 ParOldGen       total 20992K, used 553K [0x00000000d6600000, 0x00000000d7a80000, 0x00000000f2200000)
  object space 20992K, 2% used [0x00000000d6600000,0x00000000d668a5d0,0x00000000d7a80000)
 PSPermGen       total 21504K, used 10969K [0x00000000cc000000, 0x00000000cd500000, 0x00000000d6600000)
  object space 21504K, 51% used [0x00000000cc000000,0x00000000ccab6588,0x00000000cd500000)
}
Event: 3.239 GC heap before
{Heap before GC invocations=6 (full 0):
 PSYoungGen      total 18432K, used 18418K [0x00000000f2200000, 0x00000000f4700000, 0x0000000100000000)
  eden space 17408K, 100% used [0x00000000f2200000,0x00000000f3300000,0x00000000f3300000)
  from space 1024K, 98% used [0x00000000f3300000,0x00000000f33fc820,0x00000000f3400000)
  to   space 1536K, 0% used [0x00000000f4580000,0x00000000f4580000,0x00000000f4700000)
 ParOldGen       total 20992K, used 553K [0x00000000d6600000, 0x00000000d7a80000, 0x00000000f2200000)
  object space 20992K, 2% used [0x00000000d6600000,0x00000000d668a5d0,0x00000000d7a80000)
 PSPermGen       total 21504K, used 10970K [0x00000000cc000000, 0x00000000cd500000, 0x00000000d6600000)
  object space 21504K, 51% used [0x00000000cc000000,0x00000000ccab6a60,0x00000000cd500000)
Event: 3.245 GC heap after
Heap after GC invocations=6 (full 0):
 PSYoungGen      total 36352K, used 1026K [0x00000000f2200000, 0x00000000f4700000, 0x0000000100000000)
  eden space 34816K, 0% used [0x00000000f2200000,0x00000000f2200000,0x00000000f4400000)
  from space 1536K, 66% used [0x00000000f4580000,0x00000000f4680830,0x00000000f4700000)
  to   space 1536K, 0% used [0x00000000f4400000,0x00000000f4400000,0x00000000f4580000)
 ParOldGen       total 20992K, used 553K [0x00000000d6600000, 0x00000000d7a80000, 0x00000000f2200000)
  object space 20992K, 2% used [0x00000000d6600000,0x00000000d668a5d0,0x00000000d7a80000)
 PSPermGen       total 21504K, used 10970K [0x00000000cc000000, 0x00000000cd500000, 0x00000000d6600000)
  object space 21504K, 51% used [0x00000000cc000000,0x00000000ccab6a60,0x00000000cd500000)
}
Event: 3.299 GC heap before
{Heap before GC invocations=7 (full 0):
 PSYoungGen      total 36352K, used 35842K [0x00000000f2200000, 0x00000000f4700000, 0x0000000100000000)
  eden space 34816K, 100% used [0x00000000f2200000,0x00000000f4400000,0x00000000f4400000)
  from space 1536K, 66% used [0x00000000f4580000,0x00000000f4680830,0x00000000f4700000)
  to   space 1536K, 0% used [0x00000000f4400000,0x00000000f4400000,0x00000000f4580000)
 ParOldGen       total 20992K, used 553K [0x00000000d6600000, 0x00000000d7a80000, 0x00000000f2200000)
  object space 20992K, 2% used [0x00000000d6600000,0x00000000d668a5d0,0x00000000d7a80000)
 PSPermGen       total 21504K, used 10973K [0x00000000cc000000, 0x00000000cd500000, 0x00000000d6600000)
  object space 21504K, 51% used [0x00000000cc000000,0x00000000ccab74d0,0x00000000cd500000)

Deoptimization events (2 events):
Event: 2.470 Thread 0x00007f4a94250800 Uncommon trap: reason=range_check action=make_not_entrant pc=0x00007f4a910845c0 method=java.awt.image.DirectColorModel.setFields()V @ 65
Event: 3.068 Thread 0x00007f4a94253800 Uncommon trap: reason=unreached action=reinterpret pc=0x00007f4a910965c4 method=java.awt.Component.isDisplayable()Z @ 4

Internal exceptions (10 events):
Event: 0.194 Thread 0x00007f4a9400a000 Threw 0x00000000f22ca7b0 at /build/buildd/openjdk-7-7u71-2.5.3/build/openjdk/hotspot/src/share/vm/prims/jvm.cpp:1284
Event: 0.194 Thread 0x00007f4a9400a000 Threw 0x00000000f22ca8d8 at /build/buildd/openjdk-7-7u71-2.5.3/build/openjdk/hotspot/src/share/vm/prims/jvm.cpp:1284
Event: 0.315 Thread 0x00007f4a9400a000 Threw 0x00000000f2378540 at /build/buildd/openjdk-7-7u71-2.5.3/build/openjdk/hotspot/src/share/vm/prims/jvm.cpp:1284
Event: 0.316 Thread 0x00007f4a9400a000 Threw 0x00000000f237b920 at /build/buildd/openjdk-7-7u71-2.5.3/build/openjdk/hotspot/src/share/vm/prims/jvm.cpp:1284
Event: 0.332 Thread 0x00007f4a9400a000 Threw 0x00000000f2396bc8 at /build/buildd/openjdk-7-7u71-2.5.3/build/openjdk/hotspot/src/share/vm/prims/jvm.cpp:1284
Event: 0.333 Thread 0x00007f4a9400a000 Threw 0x00000000f2398760 at /build/buildd/openjdk-7-7u71-2.5.3/build/openjdk/hotspot/src/share/vm/prims/jvm.cpp:1284
Event: 0.334 Thread 0x00007f4a9400a000 Threw 0x00000000f239bc08 at /build/buildd/openjdk-7-7u71-2.5.3/build/openjdk/hotspot/src/share/vm/prims/jvm.cpp:1284
Event: 0.465 Thread 0x00007f4a9400a000 Threw 0x00000000f2464ad8 at /build/buildd/openjdk-7-7u71-2.5.3/build/openjdk/hotspot/src/share/vm/prims/jvm.cpp:1284
Event: 0.939 Thread 0x00007f4a94253800 Threw 0x00000000f264d520 at /build/buildd/openjdk-7-7u71-2.5.3/build/openjdk/hotspot/src/share/vm/prims/jni.cpp:747
Event: 3.092 Thread 0x00007f4a94253800 Threw 0x00000000f27468d8 at /build/buildd/openjdk-7-7u71-2.5.3/build/openjdk/hotspot/src/share/vm/prims/jvm.cpp:1284

Events (10 events):
Event: 3.150 Executing VM operation: ParallelGCFailedAllocation done
Event: 3.165 Executing VM operation: ParallelGCFailedAllocation
Event: 3.168 Executing VM operation: ParallelGCFailedAllocation done
Event: 3.181 Executing VM operation: ParallelGCFailedAllocation
Event: 3.183 Executing VM operation: ParallelGCFailedAllocation done
Event: 3.214 Executing VM operation: ParallelGCFailedAllocation
Event: 3.217 Executing VM operation: ParallelGCFailedAllocation done
Event: 3.239 Executing VM operation: ParallelGCFailedAllocation
Event: 3.245 Executing VM operation: ParallelGCFailedAllocation done
Event: 3.298 Executing VM operation: ParallelGCFailedAllocation


Dynamic libraries:
00400000-00401000 r-xp 00000000 08:01 3802145                            /usr/lib/jvm/java-7-openjdk-amd64/jre/bin/java
00600000-00601000 r--p 00000000 08:01 3802145                            /usr/lib/jvm/java-7-openjdk-amd64/jre/bin/java
00601000-00602000 rw-p 00001000 08:01 3802145                            /usr/lib/jvm/java-7-openjdk-amd64/jre/bin/java
013a0000-0154c000 rw-p 00000000 00:00 0                                  [heap]
cc000000-cd500000 rw-p 00000000 00:00 0 
cd500000-d6600000 rw-p 00000000 00:00 0 
d6600000-d7a80000 rw-p 00000000 00:00 0 
d7a80000-f2200000 rw-p 00000000 00:00 0 
f2200000-f4700000 rw-p 00000000 00:00 0 
f6a00000-100000000 rw-p 00000000 00:00 0 
7f4a4c000000-7f4a4c021000 rw-p 00000000 00:00 0 
7f4a4c021000-7f4a50000000 ---p 00000000 00:00 0 
7f4a53dc6000-7f4a54000000 rw-p 00000000 00:00 0 
7f4a54000000-7f4a54021000 rw-p 00000000 00:00 0 
7f4a54021000-7f4a58000000 ---p 00000000 00:00 0 
7f4a58000000-7f4a5807d000 rw-p 00000000 00:00 0 
7f4a5807d000-7f4a5c000000 ---p 00000000 00:00 0 
7f4a5c000000-7f4a5c021000 rw-p 00000000 00:00 0 
7f4a5c021000-7f4a60000000 ---p 00000000 00:00 0 
7f4a60000000-7f4a60021000 rw-p 00000000 00:00 0 
7f4a60021000-7f4a64000000 ---p 00000000 00:00 0 
7f4a640a4000-7f4a640f5000 r-xp 00000000 08:01 3802201                    /usr/lib/jvm/java-7-openjdk-amd64/jre/lib/amd64/libfontmanager.so
7f4a640f5000-7f4a642f4000 ---p 00051000 08:01 3802201                    /usr/lib/jvm/java-7-openjdk-amd64/jre/lib/amd64/libfontmanager.so
7f4a642f4000-7f4a642f7000 r--p 00050000 08:01 3802201                    /usr/lib/jvm/java-7-openjdk-amd64/jre/lib/amd64/libfontmanager.so
7f4a642f7000-7f4a642f8000 rw-p 00053000 08:01 3802201                    /usr/lib/jvm/java-7-openjdk-amd64/jre/lib/amd64/libfontmanager.so
7f4a642f8000-7f4a642fb000 ---p 00000000 00:00 0 
7f4a642fb000-7f4a643f9000 rw-p 00000000 00:00 0                          [stack:5853]
7f4a643f9000-7f4a643fc000 ---p 00000000 00:00 0 
7f4a643fc000-7f4a644fa000 rw-p 00000000 00:00 0                          [stack:5852]
7f4a644fa000-7f4a64511000 r-xp 00000000 08:01 3802223                    /usr/lib/jvm/java-7-openjdk-amd64/jre/lib/amd64/libnet.so
7f4a64511000-7f4a64710000 ---p 00017000 08:01 3802223                    /usr/lib/jvm/java-7-openjdk-amd64/jre/lib/amd64/libnet.so
7f4a64710000-7f4a64711000 r--p 00016000 08:01 3802223                    /usr/lib/jvm/java-7-openjdk-amd64/jre/lib/amd64/libnet.so
7f4a64711000-7f4a64712000 rw-p 00017000 08:01 3802223                    /usr/lib/jvm/java-7-openjdk-amd64/jre/lib/amd64/libnet.so
7f4a64712000-7f4a64722000 r-xp 00000000 08:01 3802224                    /usr/lib/jvm/java-7-openjdk-amd64/jre/lib/amd64/libnio.so
7f4a64722000-7f4a64922000 ---p 00010000 08:01 3802224                    /usr/lib/jvm/java-7-openjdk-amd64/jre/lib/amd64/libnio.so
7f4a64922000-7f4a64923000 r--p 00010000 08:01 3802224                    /usr/lib/jvm/java-7-openjdk-amd64/jre/lib/amd64/libnio.so
7f4a64923000-7f4a64924000 rw-p 00011000 08:01 3802224                    /usr/lib/jvm/java-7-openjdk-amd64/jre/lib/amd64/libnio.so
7f4a64924000-7f4a64927000 ---p 00000000 00:00 0 
7f4a64927000-7f4a64a25000 rw-p 00000000 00:00 0                          [stack:5851]
7f4a64a25000-7f4a64a28000 ---p 00000000 00:00 0 
7f4a64a28000-7f4a64b26000 rw-p 00000000 00:00 0                          [stack:5850]
7f4a64b26000-7f4a64b2b000 r-xp 00000000 08:01 3679021                    /usr/lib/x86_64-linux-gnu/libXfixes.so.3.1.0
7f4a64b2b000-7f4a64d2a000 ---p 00005000 08:01 3679021                    /usr/lib/x86_64-linux-gnu/libXfixes.so.3.1.0
7f4a64d2a000-7f4a64d2b000 r--p 00004000 08:01 3679021                    /usr/lib/x86_64-linux-gnu/libXfixes.so.3.1.0
7f4a64d2b000-7f4a64d2c000 rw-p 00005000 08:01 3679021                    /usr/lib/x86_64-linux-gnu/libXfixes.so.3.1.0
7f4a64d2c000-7f4a64d35000 r-xp 00000000 08:01 3679013                    /usr/lib/x86_64-linux-gnu/libXcursor.so.1.0.2
7f4a64d35000-7f4a64f34000 ---p 00009000 08:01 3679013                    /usr/lib/x86_64-linux-gnu/libXcursor.so.1.0.2
7f4a64f34000-7f4a64f35000 r--p 00008000 08:01 3679013                    /usr/lib/x86_64-linux-gnu/libXcursor.so.1.0.2
7f4a64f35000-7f4a64f36000 rw-p 00009000 08:01 3679013                    /usr/lib/x86_64-linux-gnu/libXcursor.so.1.0.2
7f4a64f36000-7f4a64f3a000 r-xp 00000000 08:01 921743                     /lib/x86_64-linux-gnu/libgpg-error.so.0.10.0
7f4a64f3a000-7f4a65139000 ---p 00004000 08:01 921743                     /lib/x86_64-linux-gnu/libgpg-error.so.0.10.0
7f4a65139000-7f4a6513a000 r--p 00003000 08:01 921743                     /lib/x86_64-linux-gnu/libgpg-error.so.0.10.0
7f4a6513a000-7f4a6513b000 rw-p 00004000 08:01 921743                     /lib/x86_64-linux-gnu/libgpg-error.so.0.10.0
7f4a6513b000-7f4a6513d000 r-xp 00000000 08:01 921753                     /lib/x86_64-linux-gnu/libkeyutils.so.1.4
7f4a6513d000-7f4a6533d000 ---p 00002000 08:01 921753                     /lib/x86_64-linux-gnu/libkeyutils.so.1.4
7f4a6533d000-7f4a6533e000 r--p 00002000 08:01 921753                     /lib/x86_64-linux-gnu/libkeyutils.so.1.4
7f4a6533e000-7f4a6533f000 rw-p 00003000 08:01 921753                     /lib/x86_64-linux-gnu/libkeyutils.so.1.4
7f4a6533f000-7f4a6537c000 r-xp 00000000 08:01 921814                     /lib/x86_64-linux-gnu/libpcre.so.3.13.1
7f4a6537c000-7f4a6557b000 ---p 0003d000 08:01 921814                     /lib/x86_64-linux-gnu/libpcre.so.3.13.1
7f4a6557b000-7f4a6557c000 r--p 0003c000 08:01 921814                     /lib/x86_64-linux-gnu/libpcre.so.3.13.1
7f4a6557c000-7f4a6557d000 rw-p 0003d000 08:01 921814                     /lib/x86_64-linux-gnu/libpcre.so.3.13.1
7f4a6557d000-7f4a655a2000 r-xp 00000000 08:01 921826                     /lib/x86_64-linux-gnu/libpng12.so.0.50.0
7f4a655a2000-7f4a657a1000 ---p 00025000 08:01 921826                     /lib/x86_64-linux-gnu/libpng12.so.0.50.0
7f4a657a1000-7f4a657a2000 r--p 00024000 08:01 921826                     /lib/x86_64-linux-gnu/libpng12.so.0.50.0
7f4a657a2000-7f4a657a3000 rw-p 00025000 08:01 921826                     /lib/x86_64-linux-gnu/libpng12.so.0.50.0
7f4a657a3000-7f4a657e7000 r-xp 00000000 08:01 921724                     /lib/x86_64-linux-gnu/libdbus-1.so.3.7.6
7f4a657e7000-7f4a659e6000 ---p 00044000 08:01 921724                     /lib/x86_64-linux-gnu/libdbus-1.so.3.7.6
7f4a659e6000-7f4a659e7000 r--p 00043000 08:01 921724                     /lib/x86_64-linux-gnu/libdbus-1.so.3.7.6
7f4a659e7000-7f4a659e8000 rw-p 00044000 08:01 921724                     /lib/x86_64-linux-gnu/libdbus-1.so.3.7.6
7f4a659e8000-7f4a65a23000 r-xp 00000000 08:01 3679873                    /usr/lib/x86_64-linux-gnu/libp11-kit.so.0.0.0
7f4a65a23000-7f4a65c22000 ---p 0003b000 08:01 3679873                    /usr/lib/x86_64-linux-gnu/libp11-kit.so.0.0.0
7f4a65c22000-7f4a65c28000 r--p 0003a000 08:01 3679873                    /usr/lib/x86_64-linux-gnu/libp11-kit.so.0.0.0
7f4a65c28000-7f4a65c2a000 rw-p 00040000 08:01 3679873                    /usr/lib/x86_64-linux-gnu/libp11-kit.so.0.0.0
7f4a65c2a000-7f4a65c3c000 r-xp 00000000 08:01 3680054                    /usr/lib/x86_64-linux-gnu/libtasn1.so.6.2.0
7f4a65c3c000-7f4a65e3c000 ---p 00012000 08:01 3680054                    /usr/lib/x86_64-linux-gnu/libtasn1.so.6.2.0
7f4a65e3c000-7f4a65e3d000 r--p 00012000 08:01 3680054                    /usr/lib/x86_64-linux-gnu/libtasn1.so.6.2.0
7f4a65e3d000-7f4a65e3e000 rw-p 00013000 08:01 3680054                    /usr/lib/x86_64-linux-gnu/libtasn1.so.6.2.0
7f4a65e3e000-7f4a65eba000 r-xp 00000000 08:01 921739                     /lib/x86_64-linux-gnu/libgcrypt.so.11.8.2
7f4a65eba000-7f4a660b9000 ---p 0007c000 08:01 921739                     /lib/x86_64-linux-gnu/libgcrypt.so.11.8.2
7f4a660b9000-7f4a660ba000 r--p 0007b000 08:01 921739                     /lib/x86_64-linux-gnu/libgcrypt.so.11.8.2
7f4a660ba000-7f4a660bd000 rw-p 0007c000 08:01 921739                     /lib/x86_64-linux-gnu/libgcrypt.so.11.8.2
7f4a660bd000-7f4a660c7000 r-xp 00000000 08:01 3679714                    /usr/lib/x86_64-linux-gnu/libkrb5support.so.0.1
7f4a660c7000-7f4a662c6000 ---p 0000a000 08:01 3679714                    /usr/lib/x86_64-linux-gnu/libkrb5support.so.0.1
7f4a662c6000-7f4a662c7000 r--p 00009000 08:01 3679714                    /usr/lib/x86_64-linux-gnu/libkrb5support.so.0.1
7f4a662c7000-7f4a662c8000 rw-p 0000a000 08:01 3679714                    /usr/lib/x86_64-linux-gnu/libkrb5support.so.0.1
7f4a662c8000-7f4a662cb000 r-xp 00000000 08:01 921719                     /lib/x86_64-linux-gnu/libcom_err.so.2.1
7f4a662cb000-7f4a664ca000 ---p 00003000 08:01 921719                     /lib/x86_64-linux-gnu/libcom_err.so.2.1
7f4a664ca000-7f4a664cb000 r--p 00002000 08:01 921719                     /lib/x86_64-linux-gnu/libcom_err.so.2.1
7f4a664cb000-7f4a664cc000 rw-p 00003000 08:01 921719                     /lib/x86_64-linux-gnu/libcom_err.so.2.1
7f4a664cc000-7f4a664f8000 r-xp 00000000 08:01 3679706                    /usr/lib/x86_64-linux-gnu/libk5crypto.so.3.1
7f4a664f8000-7f4a666f7000 ---p 0002c000 08:01 3679706                    /usr/lib/x86_64-linux-gnu/libk5crypto.so.3.1
7f4a666f7000-7f4a666f9000 r--p 0002b000 08:01 3679706                    /usr/lib/x86_64-linux-gnu/libk5crypto.so.3.1
7f4a666f9000-7f4a666fa000 rw-p 0002d000 08:01 3679706                    /usr/lib/x86_64-linux-gnu/libk5crypto.so.3.1
7f4a666fa000-7f4a666fb000 rw-p 00000000 00:00 0 
7f4a666fb000-7f4a667b7000 r-xp 00000000 08:01 3679712                    /usr/lib/x86_64-linux-gnu/libkrb5.so.3.3
7f4a667b7000-7f4a669b7000 ---p 000bc000 08:01 3679712                    /usr/lib/x86_64-linux-gnu/libkrb5.so.3.3
7f4a669b7000-7f4a669c4000 r--p 000bc000 08:01 3679712                    /usr/lib/x86_64-linux-gnu/libkrb5.so.3.3
7f4a669c4000-7f4a669c6000 rw-p 000c9000 08:01 3679712                    /usr/lib/x86_64-linux-gnu/libkrb5.so.3.3
7f4a669c6000-7f4a669cb000 r-xp 00000000 08:01 3679017                    /usr/lib/x86_64-linux-gnu/libXdmcp.so.6.0.0
7f4a669cb000-7f4a66bca000 ---p 00005000 08:01 3679017                    /usr/lib/x86_64-linux-gnu/libXdmcp.so.6.0.0
7f4a66bca000-7f4a66bcb000 r--p 00004000 08:01 3679017                    /usr/lib/x86_64-linux-gnu/libXdmcp.so.6.0.0
7f4a66bcb000-7f4a66bcc000 rw-p 00005000 08:01 3679017                    /usr/lib/x86_64-linux-gnu/libXdmcp.so.6.0.0
7f4a66bcc000-7f4a66bce000 r-xp 00000000 08:01 3679006                    /usr/lib/x86_64-linux-gnu/libXau.so.6.0.0
7f4a66bce000-7f4a66dce000 ---p 00002000 08:01 3679006                    /usr/lib/x86_64-linux-gnu/libXau.so.6.0.0
7f4a66dce000-7f4a66dcf000 r--p 00002000 08:01 3679006                    /usr/lib/x86_64-linux-gnu/libXau.so.6.0.0
7f4a66dcf000-7f4a66dd0000 rw-p 00003000 08:01 3679006                    /usr/lib/x86_64-linux-gnu/libXau.so.6.0.0
7f4a66dd0000-7f4a66dd7000 r-xp 00000000 08:01 3679323                    /usr/lib/x86_64-linux-gnu/libffi.so.6.0.1
7f4a66dd7000-7f4a66fd6000 ---p 00007000 08:01 3679323                    /usr/lib/x86_64-linux-gnu/libffi.so.6.0.1
7f4a66fd6000-7f4a66fd7000 r--p 00006000 08:01 3679323                    /usr/lib/x86_64-linux-gnu/libffi.so.6.0.1
7f4a66fd7000-7f4a66fd8000 rw-p 00007000 08:01 3679323                    /usr/lib/x86_64-linux-gnu/libffi.so.6.0.1
7f4a66fd8000-7f4a66fef000 r-xp 00000000 08:01 921837                     /lib/x86_64-linux-gnu/libresolv-2.19.so
7f4a66fef000-7f4a671ef000 ---p 00017000 08:01 921837                     /lib/x86_64-linux-gnu/libresolv-2.19.so
7f4a671ef000-7f4a671f0000 r--p 00017000 08:01 921837                     /lib/x86_64-linux-gnu/libresolv-2.19.so
7f4a671f0000-7f4a671f1000 rw-p 00018000 08:01 921837                     /lib/x86_64-linux-gnu/libresolv-2.19.so
7f4a671f1000-7f4a671f3000 rw-p 00000000 00:00 0 
7f4a671f3000-7f4a67213000 r-xp 00000000 08:01 921841                     /lib/x86_64-linux-gnu/libselinux.so.1
7f4a67213000-7f4a67412000 ---p 00020000 08:01 921841                     /lib/x86_64-linux-gnu/libselinux.so.1
7f4a67412000-7f4a67413000 r--p 0001f000 08:01 921841                     /lib/x86_64-linux-gnu/libselinux.so.1
7f4a67413000-7f4a67414000 rw-p 00020000 08:01 921841                     /lib/x86_64-linux-gnu/libselinux.so.1
7f4a67414000-7f4a67416000 rw-p 00000000 00:00 0 
7f4a67416000-7f4a6751c000 r-xp 00000000 08:01 921741                     /lib/x86_64-linux-gnu/libglib-2.0.so.0.4002.0
7f4a6751c000-7f4a6771b000 ---p 00106000 08:01 921741                     /lib/x86_64-linux-gnu/libglib-2.0.so.0.4002.0
7f4a6771b000-7f4a6771c000 r--p 00105000 08:01 921741                     /lib/x86_64-linux-gnu/libglib-2.0.so.0.4002.0
7f4a6771c000-7f4a6771d000 rw-p 00106000 08:01 921741                     /lib/x86_64-linux-gnu/libglib-2.0.so.0.4002.0
7f4a6771d000-7f4a6771e000 rw-p 00000000 00:00 0 
7f4a6771e000-7f4a67721000 r-xp 00000000 08:01 3679465                    /usr/lib/x86_64-linux-gnu/libgmodule-2.0.so.0.4002.0
7f4a67721000-7f4a67920000 ---p 00003000 08:01 3679465                    /usr/lib/x86_64-linux-gnu/libgmodule-2.0.so.0.4002.0
7f4a67920000-7f4a67921000 r--p 00002000 08:01 3679465                    /usr/lib/x86_64-linux-gnu/libgmodule-2.0.so.0.4002.0
7f4a67921000-7f4a67922000 rw-p 00003000 08:01 3679465                    /usr/lib/x86_64-linux-gnu/libgmodule-2.0.so.0.4002.0
7f4a67922000-7f4a67949000 r-xp 00000000 08:01 921732                     /lib/x86_64-linux-gnu/libexpat.so.1.6.0
7f4a67949000-7f4a67b49000 ---p 00027000 08:01 921732                     /lib/x86_64-linux-gnu/libexpat.so.1.6.0
7f4a67b49000-7f4a67b4b000 r--p 00027000 08:01 921732                     /lib/x86_64-linux-gnu/libexpat.so.1.6.0
7f4a67b4b000-7f4a67b4c000 rw-p 00029000 08:01 921732                     /lib/x86_64-linux-gnu/libexpat.so.1.6.0
7f4a67b4c000-7f4a67be9000 r-xp 00000000 08:01 3679385                    /usr/lib/x86_64-linux-gnu/libfreetype.so.6.11.1
7f4a67be9000-7f4a67de8000 ---p 0009d000 08:01 3679385                    /usr/lib/x86_64-linux-gnu/libfreetype.so.6.11.1
7f4a67de8000-7f4a67dee000 r--p 0009c000 08:01 3679385                    /usr/lib/x86_64-linux-gnu/libfreetype.so.6.11.1
7f4a67dee000-7f4a67def000 rw-p 000a2000 08:01 3679385                    /usr/lib/x86_64-linux-gnu/libfreetype.so.6.11.1
7f4a67def000-7f4a67dfe000 r-xp 00000000 08:01 3679112                    /usr/lib/x86_64-linux-gnu/libavahi-client.so.3.2.9
7f4a67dfe000-7f4a67ffe000 ---p 0000f000 08:01 3679112                    /usr/lib/x86_64-linux-gnu/libavahi-client.so.3.2.9
7f4a67ffe000-7f4a67fff000 r--p 0000f000 08:01 3679112                    /usr/lib/x86_64-linux-gnu/libavahi-client.so.3.2.9
7f4a67fff000-7f4a68000000 rw-p 00010000 08:01 3679112                    /usr/lib/x86_64-linux-gnu/libavahi-client.so.3.2.9
7f4a68000000-7f4a683e1000 rw-p 00000000 00:00 0 
7f4a683e1000-7f4a6c000000 ---p 00000000 00:00 0 
7f4a6c000000-7f4a6c021000 rw-p 00000000 00:00 0 
7f4a6c021000-7f4a70000000 ---p 00000000 00:00 0 
7f4a70000000-7f4a70021000 rw-p 00000000 00:00 0 
7f4a70021000-7f4a74000000 ---p 00000000 00:00 0 
7f4a74000000-7f4a745b8000 rw-p 00000000 00:00 0 
7f4a745b8000-7f4a78000000 ---p 00000000 00:00 0 
7f4a78000000-7f4a78021000 rw-p 00000000 00:00 0 
7f4a78021000-7f4a7c000000 ---p 00000000 00:00 0 
7f4a7c000000-7f4a7c021000 rw-p 00000000 00:00 0 
7f4a7c021000-7f4a80000000 ---p 00000000 00:00 0 
7f4a80000000-7f4a80021000 rw-p 00000000 00:00 0 
7f4a80021000-7f4a84000000 ---p 00000000 00:00 0 
7f4a84000000-7f4a84021000 rw-p 00000000 00:00 0 
7f4a84021000-7f4a88000000 ---p 00000000 00:00 0 
7f4a88000000-7f4a88021000 rw-p 00000000 00:00 0 
7f4a88021000-7f4a8c000000 ---p 00000000 00:00 0 
7f4a8c091000-7f4a8c0c2000 rw-p 00000000 00:00 0 
7f4a8c0c2000-7f4a8c0c5000 ---p 00000000 00:00 0 
7f4a8c0c5000-7f4a8c1c3000 rw-p 00000000 00:00 0                          [stack:5849]
7f4a8c1c3000-7f4a8c1ce000 r-xp 00000000 08:01 3679114                    /usr/lib/x86_64-linux-gnu/libavahi-common.so.3.5.3
7f4a8c1ce000-7f4a8c3cd000 ---p 0000b000 08:01 3679114                    /usr/lib/x86_64-linux-gnu/libavahi-common.so.3.5.3
7f4a8c3cd000-7f4a8c3ce000 r--p 0000a000 08:01 3679114                    /usr/lib/x86_64-linux-gnu/libavahi-common.so.3.5.3
7f4a8c3ce000-7f4a8c3cf000 rw-p 0000b000 08:01 3679114                    /usr/lib/x86_64-linux-gnu/libavahi-common.so.3.5.3
7f4a8c3cf000-7f4a8c485000 r-xp 00000000 08:01 3679483                    /usr/lib/x86_64-linux-gnu/libgnutls.so.26.22.6
7f4a8c485000-7f4a8c685000 ---p 000b6000 08:01 3679483                    /usr/lib/x86_64-linux-gnu/libgnutls.so.26.22.6
7f4a8c685000-7f4a8c68b000 r--p 000b6000 08:01 3679483                    /usr/lib/x86_64-linux-gnu/libgnutls.so.26.22.6
7f4a8c68b000-7f4a8c68c000 rw-p 000bc000 08:01 3679483                    /usr/lib/x86_64-linux-gnu/libgnutls.so.26.22.6
7f4a8c68c000-7f4a8c68d000 rw-p 00000000 00:00 0 
7f4a8c68d000-7f4a8c6d0000 r-xp 00000000 08:01 3679517                    /usr/lib/x86_64-linux-gnu/libgssapi_krb5.so.2.2
7f4a8c6d0000-7f4a8c8d0000 ---p 00043000 08:01 3679517                    /usr/lib/x86_64-linux-gnu/libgssapi_krb5.so.2.2
7f4a8c8d0000-7f4a8c8d1000 r--p 00043000 08:01 3679517                    /usr/lib/x86_64-linux-gnu/libgssapi_krb5.so.2.2
7f4a8c8d1000-7f4a8c8d3000 rw-p 00044000 08:01 3679517                    /usr/lib/x86_64-linux-gnu/libgssapi_krb5.so.2.2
7f4a8c8d3000-7f4a8c8f0000 r-xp 00000000 08:01 3680213                    /usr/lib/x86_64-linux-gnu/libxcb.so.1.1.0
7f4a8c8f0000-7f4a8caf0000 ---p 0001d000 08:01 3680213                    /usr/lib/x86_64-linux-gnu/libxcb.so.1.1.0
7f4a8caf0000-7f4a8caf1000 r--p 0001d000 08:01 3680213                    /usr/lib/x86_64-linux-gnu/libxcb.so.1.1.0
7f4a8caf1000-7f4a8caf2000 rw-p 0001e000 08:01 3680213                    /usr/lib/x86_64-linux-gnu/libxcb.so.1.1.0
7f4a8caf2000-7f4a8cb41000 r-xp 00000000 08:01 3679489                    /usr/lib/x86_64-linux-gnu/libgobject-2.0.so.0.4002.0
7f4a8cb41000-7f4a8cd41000 ---p 0004f000 08:01 3679489                    /usr/lib/x86_64-linux-gnu/libgobject-2.0.so.0.4002.0
7f4a8cd41000-7f4a8cd42000 r--p 0004f000 08:01 3679489                    /usr/lib/x86_64-linux-gnu/libgobject-2.0.so.0.4002.0
7f4a8cd42000-7f4a8cd43000 rw-p 00050000 08:01 3679489                    /usr/lib/x86_64-linux-gnu/libgobject-2.0.so.0.4002.0
7f4a8cd43000-7f4a8ceaf000 r-xp 00000000 08:01 3679449                    /usr/lib/x86_64-linux-gnu/libgio-2.0.so.0.4002.0
7f4a8ceaf000-7f4a8d0ae000 ---p 0016c000 08:01 3679449                    /usr/lib/x86_64-linux-gnu/libgio-2.0.so.0.4002.0
7f4a8d0ae000-7f4a8d0b2000 r--p 0016b000 08:01 3679449                    /usr/lib/x86_64-linux-gnu/libgio-2.0.so.0.4002.0
7f4a8d0b2000-7f4a8d0b4000 rw-p 0016f000 08:01 3679449                    /usr/lib/x86_64-linux-gnu/libgio-2.0.so.0.4002.0
7f4a8d0b4000-7f4a8d0b6000 rw-p 00000000 00:00 0 
7f4a8d0b6000-7f4a8d0f0000 r-xp 00000000 08:01 3679357                    /usr/lib/x86_64-linux-gnu/libfontconfig.so.1.8.0
7f4a8d0f0000-7f4a8d2ef000 ---p 0003a000 08:01 3679357                    /usr/lib/x86_64-linux-gnu/libfontconfig.so.1.8.0
7f4a8d2ef000-7f4a8d2f1000 r--p 00039000 08:01 3679357                    /usr/lib/x86_64-linux-gnu/libfontconfig.so.1.8.0
7f4a8d2f1000-7f4a8d2f2000 rw-p 0003b000 08:01 3679357                    /usr/lib/x86_64-linux-gnu/libfontconfig.so.1.8.0
7f4a8d2f2000-7f4a8d35e000 r-xp 00000000 08:01 3679213                    /usr/lib/x86_64-linux-gnu/libcups.so.2
7f4a8d35e000-7f4a8d55e000 ---p 0006c000 08:01 3679213                    /usr/lib/x86_64-linux-gnu/libcups.so.2
7f4a8d55e000-7f4a8d565000 r--p 0006c000 08:01 3679213                    /usr/lib/x86_64-linux-gnu/libcups.so.2
7f4a8d565000-7f4a8d566000 rw-p 00073000 08:01 3679213                    /usr/lib/x86_64-linux-gnu/libcups.so.2
7f4a8d566000-7f4a8d575000 r-xp 00000000 08:01 3679027                    /usr/lib/x86_64-linux-gnu/libXi.so.6.1.0
7f4a8d575000-7f4a8d774000 ---p 0000f000 08:01 3679027                    /usr/lib/x86_64-linux-gnu/libXi.so.6.1.0
7f4a8d774000-7f4a8d775000 r--p 0000e000 08:01 3679027                    /usr/lib/x86_64-linux-gnu/libXi.so.6.1.0
7f4a8d775000-7f4a8d776000 rw-p 0000f000 08:01 3679027                    /usr/lib/x86_64-linux-gnu/libXi.so.6.1.0
7f4a8d776000-7f4a8d77b000 r-xp 00000000 08:01 3679045                    /usr/lib/x86_64-linux-gnu/libXtst.so.6.1.0
7f4a8d77b000-7f4a8d97a000 ---p 00005000 08:01 3679045                    /usr/lib/x86_64-linux-gnu/libXtst.so.6.1.0
7f4a8d97a000-7f4a8d97b000 r--p 00004000 08:01 3679045                    /usr/lib/x86_64-linux-gnu/libXtst.so.6.1.0
7f4a8d97b000-7f4a8d97c000 rw-p 00005000 08:01 3679045                    /usr/lib/x86_64-linux-gnu/libXtst.so.6.1.0
7f4a8d97c000-7f4a8d985000 r-xp 00000000 08:01 3679039                    /usr/lib/x86_64-linux-gnu/libXrender.so.1.3.0
7f4a8d985000-7f4a8db84000 ---p 00009000 08:01 3679039                    /usr/lib/x86_64-linux-gnu/libXrender.so.1.3.0
7f4a8db84000-7f4a8db85000 r--p 00008000 08:01 3679039                    /usr/lib/x86_64-linux-gnu/libXrender.so.1.3.0
7f4a8db85000-7f4a8db86000 rw-p 00009000 08:01 3679039                    /usr/lib/x86_64-linux-gnu/libXrender.so.1.3.0
7f4a8db86000-7f4a8dcb6000 r-xp 00000000 08:01 3679002                    /usr/lib/x86_64-linux-gnu/libX11.so.6.3.0
7f4a8dcb6000-7f4a8deb6000 ---p 00130000 08:01 3679002                    /usr/lib/x86_64-linux-gnu/libX11.so.6.3.0
7f4a8deb6000-7f4a8deb7000 r--p 00130000 08:01 3679002                    /usr/lib/x86_64-linux-gnu/libX11.so.6.3.0
7f4a8deb7000-7f4a8debb000 rw-p 00131000 08:01 3679002                    /usr/lib/x86_64-linux-gnu/libX11.so.6.3.0
7f4a8debb000-7f4a8decc000 r-xp 00000000 08:01 3679019                    /usr/lib/x86_64-linux-gnu/libXext.so.6.4.0
7f4a8decc000-7f4a8e0cb000 ---p 00011000 08:01 3679019                    /usr/lib/x86_64-linux-gnu/libXext.so.6.4.0
7f4a8e0cb000-7f4a8e0cc000 r--p 00010000 08:01 3679019                    /usr/lib/x86_64-linux-gnu/libXext.so.6.4.0
7f4a8e0cc000-7f4a8e0cd000 rw-p 00011000 08:01 3679019                    /usr/lib/x86_64-linux-gnu/libXext.so.6.4.0
7f4a8e0ec000-7f4a8e134000 r-xp 00000000 08:01 3802239                    /usr/lib/jvm/java-7-openjdk-amd64/jre/lib/amd64/xawt/libmawt.so
7f4a8e134000-7f4a8e333000 ---p 00048000 08:01 3802239                    /usr/lib/jvm/java-7-openjdk-amd64/jre/lib/amd64/xawt/libmawt.so
7f4a8e333000-7f4a8e334000 r--p 00047000 08:01 3802239                    /usr/lib/jvm/java-7-openjdk-amd64/jre/lib/amd64/xawt/libmawt.so
7f4a8e334000-7f4a8e337000 rw-p 00048000 08:01 3802239                    /usr/lib/jvm/java-7-openjdk-amd64/jre/lib/amd64/xawt/libmawt.so
7f4a8e337000-7f4a8e338000 rw-p 00000000 00:00 0 
7f4a8e338000-7f4a8e3d8000 r-xp 00000000 08:01 3802199                    /usr/lib/jvm/java-7-openjdk-amd64/jre/lib/amd64/libawt.so
7f4a8e3d8000-7f4a8e5d8000 ---p 000a0000 08:01 3802199                    /usr/lib/jvm/java-7-openjdk-amd64/jre/lib/amd64/libawt.so
7f4a8e5d8000-7f4a8e5d9000 r--p 000a0000 08:01 3802199                    /usr/lib/jvm/java-7-openjdk-amd64/jre/lib/amd64/libawt.so
7f4a8e5d9000-7f4a8e5e4000 rw-p 000a1000 08:01 3802199                    /usr/lib/jvm/java-7-openjdk-amd64/jre/lib/amd64/libawt.so
7f4a8e5e4000-7f4a8e609000 rw-p 00000000 00:00 0 
7f4a8e609000-7f4a8e60a000 ---p 00000000 00:00 0 
7f4a8e60a000-7f4a8e70a000 rw-p 00000000 00:00 0                          [stack:5848]
7f4a8e70a000-7f4a8e70d000 ---p 00000000 00:00 0 
7f4a8e70d000-7f4a8e80b000 rw-p 00000000 00:00 0                          [stack:5847]
7f4a8e80b000-7f4a8e80e000 ---p 00000000 00:00 0 
7f4a8e80e000-7f4a8e90c000 rw-p 00000000 00:00 0                          [stack:5846]
7f4a8e90c000-7f4a8e90f000 ---p 00000000 00:00 0 
7f4a8e90f000-7f4a8ea0d000 rw-p 00000000 00:00 0                          [stack:5845]
7f4a8ea0d000-7f4a8ea10000 ---p 00000000 00:00 0 
7f4a8ea10000-7f4a8eb0e000 rw-p 00000000 00:00 0                          [stack:5844]
7f4a8eb0e000-7f4a8edd7000 r--p 00000000 08:01 3677397                    /usr/lib/locale/locale-archive
7f4a8edd7000-7f4a8edda000 ---p 00000000 00:00 0 
7f4a8edda000-7f4a8eed8000 rw-p 00000000 00:00 0                          [stack:5843]
7f4a8eed8000-7f4a8eedb000 ---p 00000000 00:00 0 
7f4a8eedb000-7f4a8efd9000 rw-p 00000000 00:00 0                          [stack:5842]
7f4a8efd9000-7f4a8efda000 ---p 00000000 00:00 0 
7f4a8efda000-7f4a91000000 rw-p 00000000 00:00 0                          [stack:5841]
7f4a91000000-7f4a91270000 rwxp 00000000 00:00 0 
7f4a91270000-7f4a942e5000 rw-p 00000000 00:00 0 
7f4a942e5000-7f4a98000000 ---p 00000000 00:00 0 
7f4a98001000-7f4a9800a000 r--s 000b9000 08:01 3802184                    /usr/lib/jvm/java-7-openjdk-amd64/jre/lib/resources.jar
7f4a9800a000-7f4a98499000 rw-p 00000000 00:00 0 
7f4a98499000-7f4a9864a000 r--s 01d25000 08:01 3802186                    /usr/lib/jvm/java-7-openjdk-amd64/jre/lib/rt.jar
7f4a9864a000-7f4a988e3000 rw-p 00000000 00:00 0 
7f4a988e3000-7f4a988e4000 ---p 00000000 00:00 0 
7f4a988e4000-7f4a989e4000 rw-p 00000000 00:00 0                          [stack:5840]
7f4a989e4000-7f4a989e5000 ---p 00000000 00:00 0 
7f4a989e5000-7f4a98af0000 rw-p 00000000 00:00 0                          [stack:5839]
7f4a98af0000-7f4a98b38000 rw-p 00000000 00:00 0 
7f4a98b38000-7f4a98b43000 rw-p 00000000 00:00 0 
7f4a98b43000-7f4a98c16000 rw-p 00000000 00:00 0 
7f4a98c16000-7f4a98c21000 rw-p 00000000 00:00 0 
7f4a98c21000-7f4a98c69000 rw-p 00000000 00:00 0 
7f4a98c69000-7f4a98c74000 rw-p 00000000 00:00 0 
7f4a98c74000-7f4a98d47000 rw-p 00000000 00:00 0 
7f4a98d47000-7f4a98d5a000 rw-p 00000000 00:00 0 
7f4a98d5a000-7f4a98db6000 rw-p 00000000 00:00 0 
7f4a98db6000-7f4a98db7000 rw-p 00000000 00:00 0 
7f4a98db7000-7f4a98dbf000 r-xp 00000000 08:01 3802231                    /usr/lib/jvm/java-7-openjdk-amd64/jre/lib/amd64/libzip.so
7f4a98dbf000-7f4a98fbe000 ---p 00008000 08:01 3802231                    /usr/lib/jvm/java-7-openjdk-amd64/jre/lib/amd64/libzip.so
7f4a98fbe000-7f4a98fbf000 r--p 00007000 08:01 3802231                    /usr/lib/jvm/java-7-openjdk-amd64/jre/lib/amd64/libzip.so
7f4a98fbf000-7f4a98fc0000 rw-p 00008000 08:01 3802231                    /usr/lib/jvm/java-7-openjdk-amd64/jre/lib/amd64/libzip.so
7f4a98fc0000-7f4a98fcb000 r-xp 00000000 08:01 921786                     /lib/x86_64-linux-gnu/libnss_files-2.19.so
7f4a98fcb000-7f4a991ca000 ---p 0000b000 08:01 921786                     /lib/x86_64-linux-gnu/libnss_files-2.19.so
7f4a991ca000-7f4a991cb000 r--p 0000a000 08:01 921786                     /lib/x86_64-linux-gnu/libnss_files-2.19.so
7f4a991cb000-7f4a991cc000 rw-p 0000b000 08:01 921786                     /lib/x86_64-linux-gnu/libnss_files-2.19.so
7f4a991cc000-7f4a991d7000 r-xp 00000000 08:01 921796                     /lib/x86_64-linux-gnu/libnss_nis-2.19.so
7f4a991d7000-7f4a993d6000 ---p 0000b000 08:01 921796                     /lib/x86_64-linux-gnu/libnss_nis-2.19.so
7f4a993d6000-7f4a993d7000 r--p 0000a000 08:01 921796                     /lib/x86_64-linux-gnu/libnss_nis-2.19.so
7f4a993d7000-7f4a993d8000 rw-p 0000b000 08:01 921796                     /lib/x86_64-linux-gnu/libnss_nis-2.19.so
7f4a993d8000-7f4a993ef000 r-xp 00000000 08:01 921780                     /lib/x86_64-linux-gnu/libnsl-2.19.so
7f4a993ef000-7f4a995ee000 ---p 00017000 08:01 921780                     /lib/x86_64-linux-gnu/libnsl-2.19.so
7f4a995ee000-7f4a995ef000 r--p 00016000 08:01 921780                     /lib/x86_64-linux-gnu/libnsl-2.19.so
7f4a995ef000-7f4a995f0000 rw-p 00017000 08:01 921780                     /lib/x86_64-linux-gnu/libnsl-2.19.so
7f4a995f0000-7f4a995f2000 rw-p 00000000 00:00 0 
7f4a995f2000-7f4a995fb000 r-xp 00000000 08:01 921782                     /lib/x86_64-linux-gnu/libnss_compat-2.19.so
7f4a995fb000-7f4a997fa000 ---p 00009000 08:01 921782                     /lib/x86_64-linux-gnu/libnss_compat-2.19.so
7f4a997fa000-7f4a997fb000 r--p 00008000 08:01 921782                     /lib/x86_64-linux-gnu/libnss_compat-2.19.so
7f4a997fb000-7f4a997fc000 rw-p 00009000 08:01 921782                     /lib/x86_64-linux-gnu/libnss_compat-2.19.so
7f4a997fc000-7f4a99827000 r-xp 00000000 08:01 3802210                    /usr/lib/jvm/java-7-openjdk-amd64/jre/lib/amd64/libjava.so
7f4a99827000-7f4a99a26000 ---p 0002b000 08:01 3802210                    /usr/lib/jvm/java-7-openjdk-amd64/jre/lib/amd64/libjava.so
7f4a99a26000-7f4a99a27000 r--p 0002a000 08:01 3802210                    /usr/lib/jvm/java-7-openjdk-amd64/jre/lib/amd64/libjava.so
7f4a99a27000-7f4a99a29000 rw-p 0002b000 08:01 3802210                    /usr/lib/jvm/java-7-openjdk-amd64/jre/lib/amd64/libjava.so
7f4a99a29000-7f4a99a39000 r-xp 00000000 08:01 3802230                    /usr/lib/jvm/java-7-openjdk-amd64/jre/lib/amd64/libverify.so
7f4a99a39000-7f4a99c38000 ---p 00010000 08:01 3802230                    /usr/lib/jvm/java-7-openjdk-amd64/jre/lib/amd64/libverify.so
7f4a99c38000-7f4a99c3a000 r--p 0000f000 08:01 3802230                    /usr/lib/jvm/java-7-openjdk-amd64/jre/lib/amd64/libverify.so
7f4a99c3a000-7f4a99c3b000 rw-p 00011000 08:01 3802230                    /usr/lib/jvm/java-7-openjdk-amd64/jre/lib/amd64/libverify.so
7f4a99c3b000-7f4a99c42000 r-xp 00000000 08:01 921839                     /lib/x86_64-linux-gnu/librt-2.19.so
7f4a99c42000-7f4a99e41000 ---p 00007000 08:01 921839                     /lib/x86_64-linux-gnu/librt-2.19.so
7f4a99e41000-7f4a99e42000 r--p 00006000 08:01 921839                     /lib/x86_64-linux-gnu/librt-2.19.so
7f4a99e42000-7f4a99e43000 rw-p 00007000 08:01 921839                     /lib/x86_64-linux-gnu/librt-2.19.so
7f4a99e43000-7f4a99e59000 r-xp 00000000 08:01 921737                     /lib/x86_64-linux-gnu/libgcc_s.so.1
7f4a99e59000-7f4a9a058000 ---p 00016000 08:01 921737                     /lib/x86_64-linux-gnu/libgcc_s.so.1
7f4a9a058000-7f4a9a059000 rw-p 00015000 08:01 921737                     /lib/x86_64-linux-gnu/libgcc_s.so.1
7f4a9a059000-7f4a9a15e000 r-xp 00000000 08:01 921761                     /lib/x86_64-linux-gnu/libm-2.19.so
7f4a9a15e000-7f4a9a35d000 ---p 00105000 08:01 921761                     /lib/x86_64-linux-gnu/libm-2.19.so
7f4a9a35d000-7f4a9a35e000 r--p 00104000 08:01 921761                     /lib/x86_64-linux-gnu/libm-2.19.so
7f4a9a35e000-7f4a9a35f000 rw-p 00105000 08:01 921761                     /lib/x86_64-linux-gnu/libm-2.19.so
7f4a9a35f000-7f4a9a445000 r-xp 00000000 08:01 3680044                    /usr/lib/x86_64-linux-gnu/libstdc++.so.6.0.19
7f4a9a445000-7f4a9a644000 ---p 000e6000 08:01 3680044                    /usr/lib/x86_64-linux-gnu/libstdc++.so.6.0.19
7f4a9a644000-7f4a9a64c000 r--p 000e5000 08:01 3680044                    /usr/lib/x86_64-linux-gnu/libstdc++.so.6.0.19
7f4a9a64c000-7f4a9a64e000 rw-p 000ed000 08:01 3680044                    /usr/lib/x86_64-linux-gnu/libstdc++.so.6.0.19
7f4a9a64e000-7f4a9a663000 rw-p 00000000 00:00 0 
7f4a9a663000-7f4a9b179000 r-xp 00000000 08:01 3802238                    /usr/lib/jvm/java-7-openjdk-amd64/jre/lib/amd64/server/libjvm.so
7f4a9b179000-7f4a9b378000 ---p 00b16000 08:01 3802238                    /usr/lib/jvm/java-7-openjdk-amd64/jre/lib/amd64/server/libjvm.so
7f4a9b378000-7f4a9b412000 r--p 00b15000 08:01 3802238                    /usr/lib/jvm/java-7-openjdk-amd64/jre/lib/amd64/server/libjvm.so
7f4a9b412000-7f4a9b435000 rw-p 00baf000 08:01 3802238                    /usr/lib/jvm/java-7-openjdk-amd64/jre/lib/amd64/server/libjvm.so
7f4a9b435000-7f4a9b463000 rw-p 00000000 00:00 0 
7f4a9b463000-7f4a9b47b000 r-xp 00000000 08:01 921872                     /lib/x86_64-linux-gnu/libz.so.1.2.8
7f4a9b47b000-7f4a9b67a000 ---p 00018000 08:01 921872                     /lib/x86_64-linux-gnu/libz.so.1.2.8
7f4a9b67a000-7f4a9b67b000 r--p 00017000 08:01 921872                     /lib/x86_64-linux-gnu/libz.so.1.2.8
7f4a9b67b000-7f4a9b67c000 rw-p 00018000 08:01 921872                     /lib/x86_64-linux-gnu/libz.so.1.2.8
7f4a9b67c000-7f4a9b695000 r-xp 00000000 08:01 921831                     /lib/x86_64-linux-gnu/libpthread-2.19.so
7f4a9b695000-7f4a9b894000 ---p 00019000 08:01 921831                     /lib/x86_64-linux-gnu/libpthread-2.19.so
7f4a9b894000-7f4a9b895000 r--p 00018000 08:01 921831                     /lib/x86_64-linux-gnu/libpthread-2.19.so
7f4a9b895000-7f4a9b896000 rw-p 00019000 08:01 921831                     /lib/x86_64-linux-gnu/libpthread-2.19.so
7f4a9b896000-7f4a9b89a000 rw-p 00000000 00:00 0 
7f4a9b89a000-7f4a9b89d000 r-xp 00000000 08:01 921727                     /lib/x86_64-linux-gnu/libdl-2.19.so
7f4a9b89d000-7f4a9ba9c000 ---p 00003000 08:01 921727                     /lib/x86_64-linux-gnu/libdl-2.19.so
7f4a9ba9c000-7f4a9ba9d000 r--p 00002000 08:01 921727                     /lib/x86_64-linux-gnu/libdl-2.19.so
7f4a9ba9d000-7f4a9ba9e000 rw-p 00003000 08:01 921727                     /lib/x86_64-linux-gnu/libdl-2.19.so
7f4a9ba9e000-7f4a9bc59000 r-xp 00000000 08:01 921710                     /lib/x86_64-linux-gnu/libc-2.19.so
7f4a9bc59000-7f4a9be59000 ---p 001bb000 08:01 921710                     /lib/x86_64-linux-gnu/libc-2.19.so
7f4a9be59000-7f4a9be5d000 r--p 001bb000 08:01 921710                     /lib/x86_64-linux-gnu/libc-2.19.so
7f4a9be5d000-7f4a9be5f000 rw-p 001bf000 08:01 921710                     /lib/x86_64-linux-gnu/libc-2.19.so
7f4a9be5f000-7f4a9be64000 rw-p 00000000 00:00 0 
7f4a9be64000-7f4a9be71000 r-xp 00000000 08:01 3802234                    /usr/lib/jvm/java-7-openjdk-amd64/jre/lib/amd64/jli/libjli.so
7f4a9be71000-7f4a9c070000 ---p 0000d000 08:01 3802234                    /usr/lib/jvm/java-7-openjdk-amd64/jre/lib/amd64/jli/libjli.so
7f4a9c070000-7f4a9c071000 r--p 0000c000 08:01 3802234                    /usr/lib/jvm/java-7-openjdk-amd64/jre/lib/amd64/jli/libjli.so
7f4a9c071000-7f4a9c072000 rw-p 0000d000 08:01 3802234                    /usr/lib/jvm/java-7-openjdk-amd64/jre/lib/amd64/jli/libjli.so
7f4a9c072000-7f4a9c095000 r-xp 00000000 08:01 921686                     /lib/x86_64-linux-gnu/ld-2.19.so
7f4a9c098000-7f4a9c099000 rw-p 00000000 00:00 0 
7f4a9c099000-7f4a9c09d000 rw-s 00000000 00:04 5406761                    /SYSV00000000 (deleted)
7f4a9c09d000-7f4a9c0a0000 r--s 0000f000 08:01 3802246                    /usr/lib/jvm/java-7-openjdk-amd64/jre/lib/ext/icedtea-sound.jar
7f4a9c0a0000-7f4a9c0a1000 r--s 00002000 08:01 3802245                    /usr/lib/jvm/java-7-openjdk-amd64/jre/lib/ext/dnsns.jar
7f4a9c0a1000-7f4a9c0a5000 r--s 0003c000 08:01 3802251                    /usr/lib/jvm/java-7-openjdk-amd64/jre/lib/ext/sunpkcs11.jar
7f4a9c0a5000-7f4a9c0a9000 r--s 00034000 08:01 3802250                    /usr/lib/jvm/java-7-openjdk-amd64/jre/lib/ext/sunjce_provider.jar
7f4a9c0a9000-7f4a9c0ad000 r--s 00085000 08:01 3802249                    /usr/lib/jvm/java-7-openjdk-amd64/jre/lib/ext/localedata.jar
7f4a9c0ad000-7f4a9c0b7000 rw-p 00000000 00:00 0 
7f4a9c0b7000-7f4a9c16d000 rw-p 00000000 00:00 0 
7f4a9c16d000-7f4a9c170000 ---p 00000000 00:00 0 
7f4a9c170000-7f4a9c273000 rw-p 00000000 00:00 0                          [stack:5837]
7f4a9c273000-7f4a9c275000 r--s 00006000 08:01 137765                     /usr/share/java/java-atk-wrapper.jar
7f4a9c275000-7f4a9c277000 r--s 00012000 08:01 3802252                    /usr/lib/jvm/java-7-openjdk-amd64/jre/lib/ext/zipfs.jar
7f4a9c277000-7f4a9c288000 rw-p 00000000 00:00 0 
7f4a9c288000-7f4a9c290000 rw-s 00000000 08:01 1447068                    /tmp/hsperfdata_ted/5831
7f4a9c290000-7f4a9c291000 rw-p 00000000 00:00 0 
7f4a9c291000-7f4a9c292000 ---p 00000000 00:00 0 
7f4a9c292000-7f4a9c294000 rw-p 00000000 00:00 0 
7f4a9c294000-7f4a9c295000 r--p 00022000 08:01 921686                     /lib/x86_64-linux-gnu/ld-2.19.so
7f4a9c295000-7f4a9c296000 rw-p 00023000 08:01 921686                     /lib/x86_64-linux-gnu/ld-2.19.so
7f4a9c296000-7f4a9c297000 rw-p 00000000 00:00 0 
7fff6f970000-7fff6f991000 rw-p 00000000 00:00 0                          [stack]
7fff6f9fe000-7fff6fa00000 r-xp 00000000 00:00 0                          [vdso]
ffffffffff600000-ffffffffff601000 r-xp 00000000 00:00 0                  [vsyscall]

VM Arguments:
jvm_args: -Dfile.encoding=UTF-8 
java_command: CheckersGUI
Launcher Type: SUN_STANDARD

Environment Variables:
PATH=/usr/local/sbin:/usr/local/bin:/usr/sbin:/usr/bin:/sbin:/bin:/usr/games:/usr/local/games
USERNAME=ted
SHELL=/bin/bash
DISPLAY=:0.0

Signal Handlers:
SIGSEGV: [libjvm.so+0x9495e0], sa_mask[0]=0x7ffbfeff, sa_flags=0x10000004
SIGBUS: [libjvm.so+0x9495e0], sa_mask[0]=0x7ffbfeff, sa_flags=0x10000004
SIGFPE: [libjvm.so+0x7c3410], sa_mask[0]=0x7ffbfeff, sa_flags=0x10000004
SIGPIPE: [libjvm.so+0x7c3410], sa_mask[0]=0x7ffbfeff, sa_flags=0x10000004
SIGXFSZ: [libjvm.so+0x7c3410], sa_mask[0]=0x7ffbfeff, sa_flags=0x10000004
SIGILL: [libjvm.so+0x7c3410], sa_mask[0]=0x7ffbfeff, sa_flags=0x10000004
SIGUSR1: SIG_DFL, sa_mask[0]=0x00000000, sa_flags=0x00000000
SIGUSR2: [libjvm.so+0x7c32b0], sa_mask[0]=0x00000004, sa_flags=0x10000004
SIGHUP: [libjvm.so+0x7c3490], sa_mask[0]=0x7ffbfeff, sa_flags=0x10000004
SIGINT: [libjvm.so+0x7c3490], sa_mask[0]=0x7ffbfeff, sa_flags=0x10000004
SIGTERM: [libjvm.so+0x7c3490], sa_mask[0]=0x7ffbfeff, sa_flags=0x10000004
SIGQUIT: [libjvm.so+0x7c3490], sa_mask[0]=0x7ffbfeff, sa_flags=0x10000004
SIGTRAP: SIG_DFL, sa_mask[0]=0x00000000, sa_flags=0x00000000


---------------  S Y S T E M  ---------------

OS:LinuxMint 17.1 (rebecca)
uname:Linux 3.13.0-37-generic #64-Ubuntu SMP Mon Sep 22 21:28:38 UTC 2014 x86_64
libc:glibc 2.19 NPTL 2.19 
rlimit: STACK 8192k, CORE 0k, NPROC 15771, NOFILE 4096, AS infinity
load average:2.31 2.23 1.15

/proc/meminfo:
MemTotal:        2049920 kB
MemFree:           57208 kB
Buffers:             344 kB
Cached:            25036 kB
SwapCached:         7528 kB
Active:          1522444 kB
Inactive:         363172 kB
Active(anon):    1511700 kB
Inactive(anon):   352320 kB
Active(file):      10744 kB
Inactive(file):    10852 kB
Unevictable:           0 kB
Mlocked:               0 kB
SwapTotal:       2095100 kB
SwapFree:              0 kB
Dirty:               288 kB
Writeback:             0 kB
AnonPages:       1852968 kB
Mapped:            18404 kB
Shmem:              3620 kB
Slab:              35440 kB
SReclaimable:      12828 kB
SUnreclaim:        22612 kB
KernelStack:        6816 kB
PageTables:        36128 kB
NFS_Unstable:          0 kB
Bounce:                0 kB
WritebackTmp:          0 kB
CommitLimit:     3120060 kB
Committed_AS:    7212280 kB
VmallocTotal:   34359738367 kB
VmallocUsed:       26452 kB
VmallocChunk:   34359708583 kB
HardwareCorrupted:     0 kB
AnonHugePages:    706560 kB
HugePages_Total:       0
HugePages_Free:        0
HugePages_Rsvd:        0
HugePages_Surp:        0
Hugepagesize:       2048 kB
DirectMap4k:       49088 kB
DirectMap2M:     2048000 kB


CPU:total 2 (2 cores per cpu, 1 threads per core) family 6 model 60 stepping 3, cmov, cx8, fxsr, mmx, sse, sse2, sse3, ssse3, tsc

/proc/cpuinfo:
processor	: 0
vendor_id	: GenuineIntel
cpu family	: 6
model		: 60
model name	: Intel(R) Core(TM) i7-4710HQ CPU @ 2.50GHz
stepping	: 3
microcode	: 0x19
cpu MHz		: 2577.367
cache size	: 6144 KB
physical id	: 0
siblings	: 2
core id		: 0
cpu cores	: 2
apicid		: 0
initial apicid	: 0
fpu		: yes
fpu_exception	: yes
cpuid level	: 5
wp		: yes
flags		: fpu vme de pse tsc msr pae mce cx8 apic sep mtrr pge mca cmov pat pse36 clflush mmx fxsr sse sse2 ht syscall nx rdtscp lm constant_tsc rep_good nopl pni ssse3 lahf_lm
bogomips	: 5154.73
clflush size	: 64
cache_alignment	: 64
address sizes	: 39 bits physical, 48 bits virtual
power management:

processor	: 1
vendor_id	: GenuineIntel
cpu family	: 6
model		: 60
model name	: Intel(R) Core(TM) i7-4710HQ CPU @ 2.50GHz
stepping	: 3
microcode	: 0x19
cpu MHz		: 2577.367
cache size	: 6144 KB
physical id	: 0
siblings	: 2
core id		: 1
cpu cores	: 2
apicid		: 1
initial apicid	: 1
fpu		: yes
fpu_exception	: yes
cpuid level	: 5
wp		: yes
flags		: fpu vme de pse tsc msr pae mce cx8 apic sep mtrr pge mca cmov pat pse36 clflush mmx fxsr sse sse2 ht syscall nx rdtscp lm constant_tsc rep_good nopl pni ssse3 lahf_lm
bogomips	: 5154.73
clflush size	: 64
cache_alignment	: 64
address sizes	: 39 bits physical, 48 bits virtual
power management:



Memory: 4k page, physical 2049920k(57248k free), swap 2095100k(0k free)

vm_info: OpenJDK 64-Bit Server VM (24.65-b04) for linux-amd64 JRE (1.7.0_65-b32), built on Oct 22 2014 04:37:44 by "buildd" with gcc 4.8.2

time: Wed Jun  3 13:48:59 2015
elapsed time: 3 seconds

