#
# There is insufficient memory for the Java Runtime Environment to continue.
# Native memory allocation (malloc) failed to allocate 157810688 bytes for committing reserved memory.
# Possible reasons:
#   The system is out of physical RAM or swap space
#   In 32 bit mode, the process size limit was hit
# Possible solutions:
#   Reduce memory load on the system
#   Increase physical memory or swap space
#   Check if swap backing store is full
#   Use 64 bit Java on a 64 bit OS
#   Decrease Java heap size (-Xmx/-Xms)
#   Decrease number of Java threads
#   Decrease Java thread stack sizes (-Xss)
#   Set larger code cache with -XX:ReservedCodeCacheSize=
# This output file may be truncated or incomplete.
#
#  Out of Memory Error (os_linux.cpp:2809), pid=7798, tid=140707161396992
#
# JRE version: OpenJDK Runtime Environment (7.0_79-b14) (build 1.7.0_79-b14)
# Java VM: OpenJDK 64-Bit Server VM (24.79-b02 mixed mode linux-amd64 compressed oops)
# Derivative: IcedTea 2.5.5
# Distribution: Ubuntu 14.04 LTS, package 7u79-2.5.5-0ubuntu0.14.04.2
# Failed to write core dump. Core dumps have been disabled. To enable core dumping, try "ulimit -c unlimited" before starting Java again
#

---------------  T H R E A D  ---------------

Current thread (0x00007ff8f407e000):  VMThread [stack: 0x00007ff8f04f5000,0x00007ff8f05f6000] [id=7812]

Stack: [0x00007ff8f04f5000,0x00007ff8f05f6000],  sp=0x00007ff8f05f4490,  free space=1021k
Native frames: (J=compiled Java code, j=interpreted, Vv=VM code, C=native code)
V  [libjvm.so+0x94aec5]  VMError::report_and_die()+0x175
V  [libjvm.so+0x48b9c4]  report_vm_out_of_memory(char const*, int, unsigned long, char const*)+0x74
V  [libjvm.so+0x7c806b]  os::pd_commit_memory(char*, unsigned long, unsigned long, bool)+0xeb
V  [libjvm.so+0x7c2b0f]  os::commit_memory(char*, unsigned long, unsigned long, bool)+0x1f
V  [libjvm.so+0x83500b]  PSVirtualSpace::expand_by(unsigned long)+0x5b
V  [libjvm.so+0x835e60]  PSYoungGen::resize_generation(unsigned long, unsigned long)+0xb0
V  [libjvm.so+0x83654b]  PSYoungGen::resize(unsigned long, unsigned long)+0x1b
V  [libjvm.so+0x832830]  PSScavenge::invoke_no_policy()+0xde0
V  [libjvm.so+0x833008]  PSScavenge::invoke()+0x38
V  [libjvm.so+0x7e96f3]  ParallelScavengeHeap::failed_mem_allocate(unsigned long)+0x63
V  [libjvm.so+0x94c8c4]  VM_ParallelGCFailedAllocation::doit()+0x84
V  [libjvm.so+0x950dc7]  VM_Operation::evaluate()+0x47
V  [libjvm.so+0x94f738]  VMThread::evaluate_operation(VM_Operation*)+0x318
V  [libjvm.so+0x94fb99]  VMThread::loop()+0x219
V  [libjvm.so+0x94ffe2]  VMThread::run()+0x72
V  [libjvm.so+0x7c4f32]  java_start(Thread*)+0xf2

VM_Operation (0x00007ff8c13e8310): ParallelGCFailedAllocation, mode: safepoint, requested by thread 0x00007ff8f42a1800


---------------  P R O C E S S  ---------------

Java Threads: ( => current thread )
  0x00007ff8f400a000 JavaThread "DestroyJavaVM" [_thread_blocked, id=7803, stack(0x00007ff8fdd0c000,0x00007ff8fde0d000)]
  0x00007ff8f42a1800 JavaThread "AWT-EventQueue-0" [_thread_blocked, id=7825, stack(0x00007ff8c12eb000,0x00007ff8c13ec000)]
  0x00007ff8f42a0000 JavaThread "AWT-Shutdown" [_thread_blocked, id=7824, stack(0x00007ff8c13ec000,0x00007ff8c14ed000)]
  0x00007ff8f4212800 JavaThread "AWT-XAWT" daemon [_thread_in_native, id=7822, stack(0x00007ff8c1c6d000,0x00007ff8c1d6e000)]
  0x00007ff8f41ee000 JavaThread "Java2D Disposer" daemon [_thread_blocked, id=7821, stack(0x00007ff8c217e000,0x00007ff8c227f000)]
  0x00007ff8f40b7000 JavaThread "Service Thread" daemon [_thread_blocked, id=7818, stack(0x00007ff8d7bfc000,0x00007ff8d7cfd000)]
  0x00007ff8f40b5000 JavaThread "C2 CompilerThread1" daemon [_thread_blocked, id=7817, stack(0x00007ff8d7cfd000,0x00007ff8d7dfe000)]
  0x00007ff8f40b2000 JavaThread "C2 CompilerThread0" daemon [_thread_blocked, id=7816, stack(0x00007ff8d7dfe000,0x00007ff8d7eff000)]
  0x00007ff8f40b0000 JavaThread "Signal Dispatcher" daemon [_thread_blocked, id=7815, stack(0x00007ff8d7eff000,0x00007ff8d8000000)]
  0x00007ff8f4084800 JavaThread "Finalizer" daemon [_thread_blocked, id=7814, stack(0x00007ff8f02f3000,0x00007ff8f03f4000)]
  0x00007ff8f4082800 JavaThread "Reference Handler" daemon [_thread_blocked, id=7813, stack(0x00007ff8f03f4000,0x00007ff8f04f5000)]

Other Threads:
=>0x00007ff8f407e000 VMThread [stack: 0x00007ff8f04f5000,0x00007ff8f05f6000] [id=7812]
  0x00007ff8f40c2000 WatcherThread [stack: 0x00007ff8d7afb000,0x00007ff8d7bfc000] [id=7819]

VM state:at safepoint (normal execution)

VM Mutex/Monitor currently owned by a thread:  ([mutex/lock_event])
[0x00007ff8f4006360] Threads_lock - owner thread: 0x00007ff8f407e000
[0x00007ff8f4006860] Heap_lock - owner thread: 0x00007ff8f42a1800

Heap
 PSYoungGen      total 261120K, used 192K [0x00000007d6d00000, 0x00000007e7000000, 0x0000000800000000)
  eden space 257536K, 0% used [0x00000007d6d00000,0x00000007d6d00000,0x00000007e6880000)
  from space 3584K, 5% used [0x00000007e6880000,0x00000007e68b0000,0x00000007e6c00000)
  to   space 3072K, 0% used [0x00000007e6c00000,0x00000007e6c00000,0x00000007e6f00000)
 ParOldGen       total 83968K, used 2268K [0x0000000784800000, 0x0000000789a00000, 0x00000007d6d00000)
  object space 83968K, 2% used [0x0000000784800000,0x0000000784a370c8,0x0000000789a00000)
 PSPermGen       total 21504K, used 11209K [0x000000077a200000, 0x000000077b700000, 0x0000000784800000)
  object space 21504K, 52% used [0x000000077a200000,0x000000077acf25d0,0x000000077b700000)

Card table byte_map: [0x00007ff8fa523000,0x00007ff8fa953000] byte_map_base: 0x00007ff8f6952000

Polling page: 0x00007ff8fde30000

Code Cache  [0x00007ff8f1000000, 0x00007ff8f1270000, 0x00007ff8f4000000)
 total_blobs=658 nmethods=193 adapters=418 free_code_cache=48240Kb largest_free_block=49374272

Compilation events (10 events):
Event: 13.422 Thread 0x00007ff8f40b5000  194  s!         sun.misc.URLClassPath::getLoader (154 bytes)
Event: 13.430 Thread 0x00007ff8f40b2000  195             java.awt.Component::isEnabled (5 bytes)
Event: 13.430 Thread 0x00007ff8f40b2000 nmethod 195 0x00007ff8f108bb10 code [0x00007ff8f108bc40, 0x00007ff8f108bc98]
Event: 13.433 Thread 0x00007ff8f40b5000 nmethod 194 0x00007ff8f10e0c90 code [0x00007ff8f10e0e80, 0x00007ff8f10e1d00]
Event: 13.434 Thread 0x00007ff8f40b2000  196             java.awt.font.FontRenderContext::equals (127 bytes)
Event: 13.434 Thread 0x00007ff8f40b5000  197             sun.awt.SunHints$Value::hashCode (5 bytes)
Event: 13.435 Thread 0x00007ff8f40b5000 nmethod 197 0x00007ff8f10a6450 code [0x00007ff8f10a65a0, 0x00007ff8f10a6648]
Event: 13.436 Thread 0x00007ff8f40b2000 nmethod 196 0x00007ff8f10e0690 code [0x00007ff8f10e0820, 0x00007ff8f10e0a20]
Event: 15.305 Thread 0x00007ff8f40b5000  198  s          java.beans.ChangeListenerMap::get (25 bytes)
Event: 15.319 Thread 0x00007ff8f40b5000 nmethod 198 0x00007ff8f10e8dd0 code [0x00007ff8f10e8f60, 0x00007ff8f10e9748]

GC Heap History (10 events):
Event: 4.377 GC heap after
Heap after GC invocations=4 (full 0):
 PSYoungGen      total 69632K, used 2290K [0x00000007d6d00000, 0x00000007db600000, 0x0000000800000000)
  eden space 64512K, 0% used [0x00000007d6d00000,0x00000007d6d00000,0x00000007dac00000)
  from space 5120K, 44% used [0x00000007db100000,0x00000007db33c840,0x00000007db600000)
  to   space 5120K, 0% used [0x00000007dac00000,0x00000007dac00000,0x00000007db100000)
 ParOldGen       total 83968K, used 32K [0x0000000784800000, 0x0000000789a00000, 0x00000007d6d00000)
  object space 83968K, 0% used [0x0000000784800000,0x0000000784808000,0x0000000789a00000)
 PSPermGen       total 21504K, used 11112K [0x000000077a200000, 0x000000077b700000, 0x0000000784800000)
  object space 21504K, 51% used [0x000000077a200000,0x000000077acda140,0x000000077b700000)
}
Event: 6.825 GC heap before
{Heap before GC invocations=5 (full 0):
 PSYoungGen      total 69632K, used 66802K [0x00000007d6d00000, 0x00000007db600000, 0x0000000800000000)
  eden space 64512K, 100% used [0x00000007d6d00000,0x00000007dac00000,0x00000007dac00000)
  from space 5120K, 44% used [0x00000007db100000,0x00000007db33c840,0x00000007db600000)
  to   space 5120K, 0% used [0x00000007dac00000,0x00000007dac00000,0x00000007db100000)
 ParOldGen       total 83968K, used 32K [0x0000000784800000, 0x0000000789a00000, 0x00000007d6d00000)
  object space 83968K, 0% used [0x0000000784800000,0x0000000784808000,0x0000000789a00000)
 PSPermGen       total 21504K, used 11158K [0x000000077a200000, 0x000000077b700000, 0x0000000784800000)
  object space 21504K, 51% used [0x000000077a200000,0x000000077ace5890,0x000000077b700000)
Event: 6.830 GC heap after
Heap after GC invocations=5 (full 0):
 PSYoungGen      total 69632K, used 2322K [0x00000007d6d00000, 0x00000007df000000, 0x0000000800000000)
  eden space 64512K, 0% used [0x00000007d6d00000,0x00000007d6d00000,0x00000007dac00000)
  from space 5120K, 45% used [0x00000007dac00000,0x00000007dae44820,0x00000007db100000)
  to   space 2560K, 0% used [0x00000007ded80000,0x00000007ded80000,0x00000007df000000)
 ParOldGen       total 83968K, used 40K [0x0000000784800000, 0x0000000789a00000, 0x00000007d6d00000)
  object space 83968K, 0% used [0x0000000784800000,0x000000078480a000,0x0000000789a00000)
 PSPermGen       total 21504K, used 11158K [0x000000077a200000, 0x000000077b700000, 0x0000000784800000)
  object space 21504K, 51% used [0x000000077a200000,0x000000077ace5890,0x000000077b700000)
}
Event: 6.895 GC heap before
{Heap before GC invocations=6 (full 0):
 PSYoungGen      total 69632K, used 66834K [0x00000007d6d00000, 0x00000007df000000, 0x0000000800000000)
  eden space 64512K, 100% used [0x00000007d6d00000,0x00000007dac00000,0x00000007dac00000)
  from space 5120K, 45% used [0x00000007dac00000,0x00000007dae44820,0x00000007db100000)
  to   space 2560K, 0% used [0x00000007ded80000,0x00000007ded80000,0x00000007df000000)
 ParOldGen       total 83968K, used 40K [0x0000000784800000, 0x0000000789a00000, 0x00000007d6d00000)
  object space 83968K, 0% used [0x0000000784800000,0x000000078480a000,0x0000000789a00000)
 PSPermGen       total 21504K, used 11158K [0x000000077a200000, 0x000000077b700000, 0x0000000784800000)
  object space 21504K, 51% used [0x000000077a200000,0x000000077ace5890,0x000000077b700000)
Event: 6.901 GC heap after
Heap after GC invocations=6 (full 0):
 PSYoungGen      total 131584K, used 2242K [0x00000007d6d00000, 0x00000007df000000, 0x0000000800000000)
  eden space 129024K, 0% used [0x00000007d6d00000,0x00000007d6d00000,0x00000007deb00000)
  from space 2560K, 87% used [0x00000007ded80000,0x00000007defb0830,0x00000007df000000)
  to   space 2560K, 0% used [0x00000007deb00000,0x00000007deb00000,0x00000007ded80000)
 ParOldGen       total 83968K, used 48K [0x0000000784800000, 0x0000000789a00000, 0x00000007d6d00000)
  object space 83968K, 0% used [0x0000000784800000,0x000000078480c000,0x0000000789a00000)
 PSPermGen       total 21504K, used 11158K [0x000000077a200000, 0x000000077b700000, 0x0000000784800000)
  object space 21504K, 51% used [0x000000077a200000,0x000000077ace5890,0x000000077b700000)
}
Event: 9.404 GC heap before
{Heap before GC invocations=7 (full 0):
 PSYoungGen      total 131584K, used 131266K [0x00000007d6d00000, 0x00000007df000000, 0x0000000800000000)
  eden space 129024K, 100% used [0x00000007d6d00000,0x00000007deb00000,0x00000007deb00000)
  from space 2560K, 87% used [0x00000007ded80000,0x00000007defb0830,0x00000007df000000)
  to   space 2560K, 0% used [0x00000007deb00000,0x00000007deb00000,0x00000007ded80000)
 ParOldGen       total 83968K, used 48K [0x0000000784800000, 0x0000000789a00000, 0x00000007d6d00000)
  object space 83968K, 0% used [0x0000000784800000,0x000000078480c000,0x0000000789a00000)
 PSPermGen       total 21504K, used 11184K [0x000000077a200000, 0x000000077b700000, 0x0000000784800000)
  object space 21504K, 52% used [0x000000077a200000,0x000000077acec1d8,0x000000077b700000)
Event: 9.414 GC heap after
Heap after GC invocations=7 (full 0):
 PSYoungGen      total 131584K, used 160K [0x00000007d6d00000, 0x00000007e6f00000, 0x0000000800000000)
  eden space 129024K, 0% used [0x00000007d6d00000,0x00000007d6d00000,0x00000007deb00000)
  from space 2560K, 6% used [0x00000007deb00000,0x00000007deb28000,0x00000007ded80000)
  to   space 3072K, 0% used [0x00000007e6c00000,0x00000007e6c00000,0x00000007e6f00000)
 ParOldGen       total 83968K, used 2228K [0x0000000784800000, 0x0000000789a00000, 0x00000007d6d00000)
  object space 83968K, 2% used [0x0000000784800000,0x0000000784a2d0c8,0x0000000789a00000)
 PSPermGen       total 21504K, used 11184K [0x000000077a200000, 0x000000077b700000, 0x0000000784800000)
  object space 21504K, 52% used [0x000000077a200000,0x000000077acec1d8,0x000000077b700000)
}
Event: 13.149 GC heap before
{Heap before GC invocations=8 (full 0):
 PSYoungGen      total 131584K, used 129184K [0x00000007d6d00000, 0x00000007e6f00000, 0x0000000800000000)
  eden space 129024K, 100% used [0x00000007d6d00000,0x00000007deb00000,0x00000007deb00000)
  from space 2560K, 6% used [0x00000007deb00000,0x00000007deb28000,0x00000007ded80000)
  to   space 3072K, 0% used [0x00000007e6c00000,0x00000007e6c00000,0x00000007e6f00000)
 ParOldGen       total 83968K, used 2228K [0x0000000784800000, 0x0000000789a00000, 0x00000007d6d00000)
  object space 83968K, 2% used [0x0000000784800000,0x0000000784a2d0c8,0x0000000789a00000)
 PSPermGen       total 21504K, used 11199K [0x000000077a200000, 0x000000077b700000, 0x0000000784800000)
  object space 21504K, 52% used [0x000000077a200000,0x000000077acefd98,0x000000077b700000)
Event: 13.152 GC heap after
Heap after GC invocations=8 (full 0):
 PSYoungGen      total 260608K, used 192K [0x00000007d6d00000, 0x00000007e7000000, 0x0000000800000000)
  eden space 257536K, 0% used [0x00000007d6d00000,0x00000007d6d00000,0x00000007e6880000)
  from space 3072K, 6% used [0x00000007e6c00000,0x00000007e6c30000,0x00000007e6f00000)
  to   space 3584K, 0% used [0x00000007e6880000,0x00000007e6880000,0x00000007e6c00000)
 ParOldGen       total 83968K, used 2228K [0x0000000784800000, 0x0000000789a00000, 0x00000007d6d00000)
  object space 83968K, 2% used [0x0000000784800000,0x0000000784a2d0c8,0x0000000789a00000)
 PSPermGen       total 21504K, used 11199K [0x000000077a200000, 0x000000077b700000, 0x0000000784800000)
  object space 21504K, 52% used [0x000000077a200000,0x000000077acefd98,0x000000077b700000)
}
Event: 15.437 GC heap before
{Heap before GC invocations=9 (full 0):
 PSYoungGen      total 260608K, used 257728K [0x00000007d6d00000, 0x00000007e7000000, 0x0000000800000000)
  eden space 257536K, 100% used [0x00000007d6d00000,0x00000007e6880000,0x00000007e6880000)
  from space 3072K, 6% used [0x00000007e6c00000,0x00000007e6c30000,0x00000007e6f00000)
  to   space 3584K, 0% used [0x00000007e6880000,0x00000007e6880000,0x00000007e6c00000)
 ParOldGen       total 83968K, used 2228K [0x0000000784800000, 0x0000000789a00000, 0x00000007d6d00000)
  object space 83968K, 2% used [0x0000000784800000,0x0000000784a2d0c8,0x0000000789a00000)
 PSPermGen       total 21504K, used 11209K [0x000000077a200000, 0x000000077b700000, 0x0000000784800000)
  object space 21504K, 52% used [0x000000077a200000,0x000000077acf25d0,0x000000077b700000)

Deoptimization events (8 events):
Event: 0.286 Thread 0x00007ff8f400a000 Uncommon trap: reason=class_check action=maybe_recompile pc=0x00007ff8f107d658 method=java.util.Properties$LineReader.readLine()I @ 62
Event: 0.287 Thread 0x00007ff8f400a000 Uncommon trap: reason=class_check action=maybe_recompile pc=0x00007ff8f107d658 method=java.util.Properties$LineReader.readLine()I @ 62
Event: 0.289 Thread 0x00007ff8f400a000 Uncommon trap: reason=class_check action=maybe_recompile pc=0x00007ff8f107d658 method=java.util.Properties$LineReader.readLine()I @ 62
Event: 0.290 Thread 0x00007ff8f400a000 Uncommon trap: reason=class_check action=maybe_recompile pc=0x00007ff8f107d658 method=java.util.Properties$LineReader.readLine()I @ 62
Event: 0.623 Thread 0x00007ff8f400a000 Uncommon trap: reason=unloaded action=reinterpret pc=0x00007ff8f109886c method=java.lang.CharacterData.of(I)Ljava/lang/CharacterData; @ 96
Event: 1.702 Thread 0x00007ff8f429e800 Uncommon trap: reason=range_check action=make_not_entrant pc=0x00007ff8f108c064 method=java.awt.image.DirectColorModel.setFields()V @ 65
Event: 4.414 Thread 0x00007ff8f42a1800 Uncommon trap: reason=unreached action=reinterpret pc=0x00007ff8f10a9d94 method=java.awt.Component.isDisplayable()Z @ 4
Event: 13.419 Thread 0x00007ff8f42a1800 Uncommon trap: reason=null_check action=make_not_entrant pc=0x00007ff8f10a6f60 method=java.awt.KeyboardFocusManager.getMostRecentFocusOwner(Ljava/awt/Window;)Ljava/awt/Component; @ 9

Internal exceptions (10 events):
Event: 0.180 Thread 0x00007ff8f400a000 Threw 0x00000007d6d9fd50 at /build/buildd/openjdk-7-7u79-2.5.5/build/openjdk/hotspot/src/share/vm/prims/jvm.cpp:1284
Event: 0.248 Thread 0x00007ff8f400a000 Threw 0x00000007d6ecef20 at /build/buildd/openjdk-7-7u79-2.5.5/build/openjdk/hotspot/src/share/vm/prims/jvm.cpp:1284
Event: 0.249 Thread 0x00007ff8f400a000 Threw 0x00000007d6ed2540 at /build/buildd/openjdk-7-7u79-2.5.5/build/openjdk/hotspot/src/share/vm/prims/jvm.cpp:1284
Event: 0.316 Thread 0x00007ff8f400a000 Threw 0x00000007d706df08 at /build/buildd/openjdk-7-7u79-2.5.5/build/openjdk/hotspot/src/share/vm/prims/jvm.cpp:1284
Event: 0.316 Thread 0x00007ff8f400a000 Threw 0x00000007d706fad8 at /build/buildd/openjdk-7-7u79-2.5.5/build/openjdk/hotspot/src/share/vm/prims/jvm.cpp:1284
Event: 0.317 Thread 0x00007ff8f400a000 Threw 0x00000007d7073278 at /build/buildd/openjdk-7-7u79-2.5.5/build/openjdk/hotspot/src/share/vm/prims/jvm.cpp:1284
Event: 0.363 Thread 0x00007ff8f400a000 Threw 0x00000007d70ba878 at /build/buildd/openjdk-7-7u79-2.5.5/build/openjdk/hotspot/src/share/vm/prims/jvm.cpp:1284
Event: 4.146 Thread 0x00007ff8f42a1800 Threw 0x00000007d7954c98 at /build/buildd/openjdk-7-7u79-2.5.5/build/openjdk/hotspot/src/share/vm/prims/jni.cpp:747
Event: 4.183 Thread 0x00007ff8f42a1800 Threw 0x00000007d7959208 at /build/buildd/openjdk-7-7u79-2.5.5/build/openjdk/hotspot/src/share/vm/prims/jvm.cpp:1284
Event: 13.418 Thread 0x00007ff8f42a1800 Implicit null exception at 0x00007ff8f10a6ae4 to 0x00007ff8f10a6f55

Events (10 events):
Event: 6.950 Thread 0x00007ff8f40b5000 flushing nmethod 0x00007ff8f10a5a90
Event: 9.404 Executing VM operation: ParallelGCFailedAllocation
Event: 9.414 Executing VM operation: ParallelGCFailedAllocation done
Event: 9.491 Thread 0x00007ff8f40b5000 flushing nmethod 0x00007ff8f108b290
Event: 13.149 Executing VM operation: ParallelGCFailedAllocation
Event: 13.152 Executing VM operation: ParallelGCFailedAllocation done
Event: 13.418 Thread 0x00007ff8f42a1800 Uncommon trap: trap_request=0xfffffff4 fr.pc=0x00007ff8f10a6f60
Event: 13.419 Thread 0x00007ff8f42a1800 DEOPT PACKING pc=0x00007ff8f10a6f60 sp=0x00007ff8c13e8500
Event: 13.419 Thread 0x00007ff8f42a1800 DEOPT UNPACKING pc=0x00007ff8f1039445 sp=0x00007ff8c13e8448 mode 2
Event: 15.437 Executing VM operation: ParallelGCFailedAllocation


Dynamic libraries:
00400000-00401000 r-xp 00000000 08:04 548117                             /usr/lib/jvm/java-7-openjdk-amd64/jre/bin/java
00600000-00601000 r--p 00000000 08:04 548117                             /usr/lib/jvm/java-7-openjdk-amd64/jre/bin/java
00601000-00602000 rw-p 00001000 08:04 548117                             /usr/lib/jvm/java-7-openjdk-amd64/jre/bin/java
01b93000-01bb4000 rw-p 00000000 00:00 0                                  [heap]
77a200000-77b700000 rw-p 00000000 00:00 0 
77b700000-784800000 rw-p 00000000 00:00 0 
784800000-789a00000 rw-p 00000000 00:00 0 
789a00000-7d6d00000 rw-p 00000000 00:00 0 
7d6d00000-7e7000000 rw-p 00000000 00:00 0 
7f0680000-800000000 rw-p 00000000 00:00 0 
7ff88c000000-7ff88c1f3000 rw-p 00000000 00:00 0 
7ff88c1f3000-7ff890000000 ---p 00000000 00:00 0 
7ff894000000-7ff894059000 rw-p 00000000 00:00 0 
7ff894059000-7ff898000000 ---p 00000000 00:00 0 
7ff898000000-7ff898021000 rw-p 00000000 00:00 0 
7ff898021000-7ff89c000000 ---p 00000000 00:00 0 
7ff89c000000-7ff89c021000 rw-p 00000000 00:00 0 
7ff89c021000-7ff8a0000000 ---p 00000000 00:00 0 
7ff8a0000000-7ff8a0022000 rw-p 00000000 00:00 0 
7ff8a0022000-7ff8a4000000 ---p 00000000 00:00 0 
7ff8a4000000-7ff8a4021000 rw-p 00000000 00:00 0 
7ff8a4021000-7ff8a8000000 ---p 00000000 00:00 0 
7ff8a8000000-7ff8a8021000 rw-p 00000000 00:00 0 
7ff8a8021000-7ff8ac000000 ---p 00000000 00:00 0 
7ff8ac000000-7ff8ac5ed000 rw-p 00000000 00:00 0 
7ff8ac5ed000-7ff8b0000000 ---p 00000000 00:00 0 
7ff8b0000000-7ff8b064c000 rw-p 00000000 00:00 0 
7ff8b064c000-7ff8b4000000 ---p 00000000 00:00 0 
7ff8b4000000-7ff8b4021000 rw-p 00000000 00:00 0 
7ff8b4021000-7ff8b8000000 ---p 00000000 00:00 0 
7ff8b8000000-7ff8b8021000 rw-p 00000000 00:00 0 
7ff8b8021000-7ff8bc000000 ---p 00000000 00:00 0 
7ff8bc000000-7ff8bc021000 rw-p 00000000 00:00 0 
7ff8bc021000-7ff8c0000000 ---p 00000000 00:00 0 
7ff8c0eff000-7ff8c1060000 rw-p 00000000 00:00 0 
7ff8c1060000-7ff8c1064000 rw-s 00000000 00:05 10715172                   /SYSV00000000 (deleted)
7ff8c11bb000-7ff8c1294000 rw-p 00000000 00:00 0 
7ff8c1294000-7ff8c1295000 r--s 00000000 08:04 421267                     /var/cache/fontconfig/c05880de57d1f5e948fdfacc138775d9-le64.cache-4
7ff8c1295000-7ff8c12a0000 r--s 00000000 08:04 421260                     /var/cache/fontconfig/945677eb7aeaf62f1d50efc3fb3ec7d8-le64.cache-4
7ff8c12a0000-7ff8c12a2000 r--s 00000000 08:04 421262                     /var/cache/fontconfig/99e8ed0e538f840c565b6ed5dad60d56-le64.cache-4
7ff8c12a2000-7ff8c12a8000 r--s 00000000 08:04 421245                     /var/cache/fontconfig/2cd17615ca594fa2959ae173292e504c-le64.cache-4
7ff8c12a8000-7ff8c12a9000 r--s 00000000 08:04 421277                     /var/cache/fontconfig/e7071f4a29fa870f4323321c154eba04-le64.cache-4
7ff8c12a9000-7ff8c12aa000 r--s 00000000 08:04 421242                     /var/cache/fontconfig/0d8c3b2ac0904cb8a57a757ad11a4a08-le64.cache-4
7ff8c12aa000-7ff8c12b1000 r--s 00000000 08:04 421264                     /var/cache/fontconfig/a755afe4a08bf5b97852ceb7400b47bc-le64.cache-4
7ff8c12b1000-7ff8c12bd000 r--s 00000000 08:04 421255                     /var/cache/fontconfig/6d41288fd70b0be22e8c3a91e032eec0-le64.cache-4
7ff8c12bd000-7ff8c12d1000 r--s 00000000 08:04 421239                     /var/cache/fontconfig/04aabc0a78ac019cf9454389977116d2-le64.cache-4
7ff8c12d1000-7ff8c12d2000 r--s 00000000 08:04 421244                     /var/cache/fontconfig/1ac9eb803944fde146138c791f5cc56a-le64.cache-4
7ff8c12d2000-7ff8c12d6000 r--s 00000000 08:04 421248                     /var/cache/fontconfig/385c0604a188198f04d133e54aba7fe7-le64.cache-4
7ff8c12d6000-7ff8c12d7000 r--s 00000000 08:04 421274                     /var/cache/fontconfig/dc05db6664285cc2f12bf69c139ae4c3-le64.cache-4
7ff8c12d7000-7ff8c12d9000 r--s 00000000 08:04 421257                     /var/cache/fontconfig/767a8244fc0220cfb567a839d0392e0b-le64.cache-4
7ff8c12d9000-7ff8c12eb000 r--s 00000000 08:04 421240                     /var/cache/fontconfig/0bd3dc0958fa2205aaaa8ebb13e2872b-le64.cache-4
7ff8c12eb000-7ff8c12ee000 ---p 00000000 00:00 0 
7ff8c12ee000-7ff8c13ec000 rw-p 00000000 00:00 0                          [stack:7825]
7ff8c13ec000-7ff8c13ef000 ---p 00000000 00:00 0 
7ff8c13ef000-7ff8c14ed000 rw-p 00000000 00:00 0                          [stack:7824]
7ff8c14ed000-7ff8c14f0000 ---p 00000000 00:00 0 
7ff8c14f0000-7ff8c15ee000 rw-p 00000000 00:00 0 
7ff8c15ee000-7ff8c15fe000 r-xp 00000000 08:04 548168                     /usr/lib/jvm/java-7-openjdk-amd64/jre/lib/amd64/libnio.so
7ff8c15fe000-7ff8c17fe000 ---p 00010000 08:04 548168                     /usr/lib/jvm/java-7-openjdk-amd64/jre/lib/amd64/libnio.so
7ff8c17fe000-7ff8c17ff000 r--p 00010000 08:04 548168                     /usr/lib/jvm/java-7-openjdk-amd64/jre/lib/amd64/libnio.so
7ff8c17ff000-7ff8c1800000 rw-p 00011000 08:04 548168                     /usr/lib/jvm/java-7-openjdk-amd64/jre/lib/amd64/libnio.so
7ff8c1800000-7ff8c1817000 r-xp 00000000 08:04 548181                     /usr/lib/jvm/java-7-openjdk-amd64/jre/lib/amd64/libnet.so
7ff8c1817000-7ff8c1a16000 ---p 00017000 08:04 548181                     /usr/lib/jvm/java-7-openjdk-amd64/jre/lib/amd64/libnet.so
7ff8c1a16000-7ff8c1a17000 r--p 00016000 08:04 548181                     /usr/lib/jvm/java-7-openjdk-amd64/jre/lib/amd64/libnet.so
7ff8c1a17000-7ff8c1a18000 rw-p 00017000 08:04 548181                     /usr/lib/jvm/java-7-openjdk-amd64/jre/lib/amd64/libnet.so
7ff8c1a18000-7ff8c1a6a000 r-xp 00000000 08:04 548170                     /usr/lib/jvm/java-7-openjdk-amd64/jre/lib/amd64/libfontmanager.so
7ff8c1a6a000-7ff8c1c69000 ---p 00052000 08:04 548170                     /usr/lib/jvm/java-7-openjdk-amd64/jre/lib/amd64/libfontmanager.so
7ff8c1c69000-7ff8c1c6c000 r--p 00051000 08:04 548170                     /usr/lib/jvm/java-7-openjdk-amd64/jre/lib/amd64/libfontmanager.so
7ff8c1c6c000-7ff8c1c6d000 rw-p 00054000 08:04 548170                     /usr/lib/jvm/java-7-openjdk-amd64/jre/lib/amd64/libfontmanager.so
7ff8c1c6d000-7ff8c1c70000 ---p 00000000 00:00 0 
7ff8c1c70000-7ff8c1d6e000 rw-p 00000000 00:00 0                          [stack:7822]
7ff8c1d6e000-7ff8c1d73000 r-xp 00000000 08:04 547643                     /usr/lib/x86_64-linux-gnu/libXfixes.so.3.1.0
7ff8c1d73000-7ff8c1f72000 ---p 00005000 08:04 547643                     /usr/lib/x86_64-linux-gnu/libXfixes.so.3.1.0
7ff8c1f72000-7ff8c1f73000 r--p 00004000 08:04 547643                     /usr/lib/x86_64-linux-gnu/libXfixes.so.3.1.0
7ff8c1f73000-7ff8c1f74000 rw-p 00005000 08:04 547643                     /usr/lib/x86_64-linux-gnu/libXfixes.so.3.1.0
7ff8c1f74000-7ff8c1f7d000 r-xp 00000000 08:04 537115                     /usr/lib/x86_64-linux-gnu/libXcursor.so.1.0.2
7ff8c1f7d000-7ff8c217c000 ---p 00009000 08:04 537115                     /usr/lib/x86_64-linux-gnu/libXcursor.so.1.0.2
7ff8c217c000-7ff8c217d000 r--p 00008000 08:04 537115                     /usr/lib/x86_64-linux-gnu/libXcursor.so.1.0.2
7ff8c217d000-7ff8c217e000 rw-p 00009000 08:04 537115                     /usr/lib/x86_64-linux-gnu/libXcursor.so.1.0.2
7ff8c217e000-7ff8c2181000 ---p 00000000 00:00 0 
7ff8c2181000-7ff8c227f000 rw-p 00000000 00:00 0                          [stack:7821]
7ff8c227f000-7ff8c2283000 r-xp 00000000 08:04 4914                       /lib/x86_64-linux-gnu/libgpg-error.so.0.10.0
7ff8c2283000-7ff8c2482000 ---p 00004000 08:04 4914                       /lib/x86_64-linux-gnu/libgpg-error.so.0.10.0
7ff8c2482000-7ff8c2483000 r--p 00003000 08:04 4914                       /lib/x86_64-linux-gnu/libgpg-error.so.0.10.0
7ff8c2483000-7ff8c2484000 rw-p 00004000 08:04 4914                       /lib/x86_64-linux-gnu/libgpg-error.so.0.10.0
7ff8c2484000-7ff8c2486000 r-xp 00000000 08:04 4924                       /lib/x86_64-linux-gnu/libkeyutils.so.1.4
7ff8c2486000-7ff8c2686000 ---p 00002000 08:04 4924                       /lib/x86_64-linux-gnu/libkeyutils.so.1.4
7ff8c2686000-7ff8c2687000 r--p 00002000 08:04 4924                       /lib/x86_64-linux-gnu/libkeyutils.so.1.4
7ff8c2687000-7ff8c2688000 rw-p 00003000 08:04 4924                       /lib/x86_64-linux-gnu/libkeyutils.so.1.4
7ff8c2688000-7ff8c26c5000 r-xp 00000000 08:04 4985                       /lib/x86_64-linux-gnu/libpcre.so.3.13.1
7ff8c26c5000-7ff8c28c4000 ---p 0003d000 08:04 4985                       /lib/x86_64-linux-gnu/libpcre.so.3.13.1
7ff8c28c4000-7ff8c28c5000 r--p 0003c000 08:04 4985                       /lib/x86_64-linux-gnu/libpcre.so.3.13.1
7ff8c28c5000-7ff8c28c6000 rw-p 0003d000 08:04 4985                       /lib/x86_64-linux-gnu/libpcre.so.3.13.1
7ff8c28c6000-7ff8c28eb000 r-xp 00000000 08:04 4997                       /lib/x86_64-linux-gnu/libpng12.so.0.50.0
7ff8c28eb000-7ff8c2aea000 ---p 00025000 08:04 4997                       /lib/x86_64-linux-gnu/libpng12.so.0.50.0
7ff8c2aea000-7ff8c2aeb000 r--p 00024000 08:04 4997                       /lib/x86_64-linux-gnu/libpng12.so.0.50.0
7ff8c2aeb000-7ff8c2aec000 rw-p 00025000 08:04 4997                       /lib/x86_64-linux-gnu/libpng12.so.0.50.0
7ff8c2aec000-7ff8c2b30000 r-xp 00000000 08:04 1028                       /lib/x86_64-linux-gnu/libdbus-1.so.3.7.6
7ff8c2b30000-7ff8c2d2f000 ---p 00044000 08:04 1028                       /lib/x86_64-linux-gnu/libdbus-1.so.3.7.6
7ff8c2d2f000-7ff8c2d30000 r--p 00043000 08:04 1028                       /lib/x86_64-linux-gnu/libdbus-1.so.3.7.6
7ff8c2d30000-7ff8c2d31000 rw-p 00044000 08:04 1028                       /lib/x86_64-linux-gnu/libdbus-1.so.3.7.6
7ff8c2d31000-7ff8c2d6c000 r-xp 00000000 08:04 537963                     /usr/lib/x86_64-linux-gnu/libp11-kit.so.0.0.0
7ff8c2d6c000-7ff8c2f6b000 ---p 0003b000 08:04 537963                     /usr/lib/x86_64-linux-gnu/libp11-kit.so.0.0.0
7ff8c2f6b000-7ff8c2f71000 r--p 0003a000 08:04 537963                     /usr/lib/x86_64-linux-gnu/libp11-kit.so.0.0.0
7ff8c2f71000-7ff8c2f73000 rw-p 00040000 08:04 537963                     /usr/lib/x86_64-linux-gnu/libp11-kit.so.0.0.0
7ff8c2f73000-7ff8c2f85000 r-xp 00000000 08:04 547318                     /usr/lib/x86_64-linux-gnu/libtasn1.so.6.2.0
7ff8c2f85000-7ff8c3185000 ---p 00012000 08:04 547318                     /usr/lib/x86_64-linux-gnu/libtasn1.so.6.2.0
7ff8c3185000-7ff8c3186000 r--p 00012000 08:04 547318                     /usr/lib/x86_64-linux-gnu/libtasn1.so.6.2.0
7ff8c3186000-7ff8c3187000 rw-p 00013000 08:04 547318                     /usr/lib/x86_64-linux-gnu/libtasn1.so.6.2.0
7ff8c3187000-7ff8c3203000 r-xp 00000000 08:04 5260                       /lib/x86_64-linux-gnu/libgcrypt.so.11.8.2
7ff8c3203000-7ff8c3403000 ---p 0007c000 08:04 5260                       /lib/x86_64-linux-gnu/libgcrypt.so.11.8.2
7ff8c3403000-7ff8c3404000 r--p 0007c000 08:04 5260                       /lib/x86_64-linux-gnu/libgcrypt.so.11.8.2
7ff8c3404000-7ff8c3407000 rw-p 0007d000 08:04 5260                       /lib/x86_64-linux-gnu/libgcrypt.so.11.8.2
7ff8c3407000-7ff8c3411000 r-xp 00000000 08:04 547406                     /usr/lib/x86_64-linux-gnu/libkrb5support.so.0.1
7ff8c3411000-7ff8c3610000 ---p 0000a000 08:04 547406                     /usr/lib/x86_64-linux-gnu/libkrb5support.so.0.1
7ff8c3610000-7ff8c3611000 r--p 00009000 08:04 547406                     /usr/lib/x86_64-linux-gnu/libkrb5support.so.0.1
7ff8c3611000-7ff8c3612000 rw-p 0000a000 08:04 547406                     /usr/lib/x86_64-linux-gnu/libkrb5support.so.0.1
7ff8c3612000-7ff8c3615000 r-xp 00000000 08:04 4872                       /lib/x86_64-linux-gnu/libcom_err.so.2.1
7ff8c3615000-7ff8c3814000 ---p 00003000 08:04 4872                       /lib/x86_64-linux-gnu/libcom_err.so.2.1
7ff8c3814000-7ff8c3815000 r--p 00002000 08:04 4872                       /lib/x86_64-linux-gnu/libcom_err.so.2.1
7ff8c3815000-7ff8c3816000 rw-p 00003000 08:04 4872                       /lib/x86_64-linux-gnu/libcom_err.so.2.1
7ff8c3816000-7ff8c3842000 r-xp 00000000 08:04 547383                     /usr/lib/x86_64-linux-gnu/libk5crypto.so.3.1
7ff8c3842000-7ff8c3a41000 ---p 0002c000 08:04 547383                     /usr/lib/x86_64-linux-gnu/libk5crypto.so.3.1
7ff8c3a41000-7ff8c3a43000 r--p 0002b000 08:04 547383                     /usr/lib/x86_64-linux-gnu/libk5crypto.so.3.1
7ff8c3a43000-7ff8c3a44000 rw-p 0002d000 08:04 547383                     /usr/lib/x86_64-linux-gnu/libk5crypto.so.3.1
7ff8c3a44000-7ff8c3a45000 rw-p 00000000 00:00 0 
7ff8c3a45000-7ff8c3b01000 r-xp 00000000 08:04 534533                     /usr/lib/x86_64-linux-gnu/libkrb5.so.3.3
7ff8c3b01000-7ff8c3d01000 ---p 000bc000 08:04 534533                     /usr/lib/x86_64-linux-gnu/libkrb5.so.3.3
7ff8c3d01000-7ff8c3d0e000 r--p 000bc000 08:04 534533                     /usr/lib/x86_64-linux-gnu/libkrb5.so.3.3
7ff8c3d0e000-7ff8c3d10000 rw-p 000c9000 08:04 534533                     /usr/lib/x86_64-linux-gnu/libkrb5.so.3.3
7ff8c3d10000-7ff8c8000000 rw-p 00000000 00:00 0 
7ff8c8000000-7ff8c8021000 rw-p 00000000 00:00 0 
7ff8c8021000-7ff8cc000000 ---p 00000000 00:00 0 
7ff8cc000000-7ff8cc021000 rw-p 00000000 00:00 0 
7ff8cc021000-7ff8d0000000 ---p 00000000 00:00 0 
7ff8d0000000-7ff8d0021000 rw-p 00000000 00:00 0 
7ff8d0021000-7ff8d4000000 ---p 00000000 00:00 0 
7ff8d4000000-7ff8d4001000 r--s 00000000 08:04 401351                     /var/cache/fontconfig/4794a0821666d79190d59a36cb4f44b5-le64.cache-4
7ff8d4001000-7ff8d4006000 r--s 00000000 08:04 421259                     /var/cache/fontconfig/8801497958630a81b71ace7c5f9b32a8-le64.cache-4
7ff8d4006000-7ff8d400d000 r--s 00000000 08:04 421246                     /var/cache/fontconfig/3047814df9a2f067bd2d96a2b9c36e5a-le64.cache-4
7ff8d400d000-7ff8d4013000 r--s 00000000 08:04 421265                     /var/cache/fontconfig/b47c4e1ecd0709278f4910c18777a504-le64.cache-4
7ff8d4013000-7ff8d4026000 r--s 00000000 08:04 421271                     /var/cache/fontconfig/d52a8644073d54c13679302ca1180695-le64.cache-4
7ff8d4026000-7ff8d402f000 r--s 00000000 08:04 421249                     /var/cache/fontconfig/3f7329c5293ffd510edef78f73874cfd-le64.cache-4
7ff8d402f000-7ff8d403a000 r--s 00000000 08:04 421272                     /var/cache/fontconfig/d589a48862398ed80a3d6066f4f56f4c-le64.cache-4
7ff8d409a000-7ff8d409f000 r-xp 00000000 08:04 537119                     /usr/lib/x86_64-linux-gnu/libXdmcp.so.6.0.0
7ff8d409f000-7ff8d429e000 ---p 00005000 08:04 537119                     /usr/lib/x86_64-linux-gnu/libXdmcp.so.6.0.0
7ff8d429e000-7ff8d429f000 r--p 00004000 08:04 537119                     /usr/lib/x86_64-linux-gnu/libXdmcp.so.6.0.0
7ff8d429f000-7ff8d42a0000 rw-p 00005000 08:04 537119                     /usr/lib/x86_64-linux-gnu/libXdmcp.so.6.0.0
7ff8d42a0000-7ff8d42a2000 r-xp 00000000 08:04 537108                     /usr/lib/x86_64-linux-gnu/libXau.so.6.0.0
7ff8d42a2000-7ff8d44a2000 ---p 00002000 08:04 537108                     /usr/lib/x86_64-linux-gnu/libXau.so.6.0.0
7ff8d44a2000-7ff8d44a3000 r--p 00002000 08:04 537108                     /usr/lib/x86_64-linux-gnu/libXau.so.6.0.0
7ff8d44a3000-7ff8d44a4000 rw-p 00003000 08:04 537108                     /usr/lib/x86_64-linux-gnu/libXau.so.6.0.0
7ff8d44a4000-7ff8d44ab000 r-xp 00000000 08:04 537421                     /usr/lib/x86_64-linux-gnu/libffi.so.6.0.1
7ff8d44ab000-7ff8d46aa000 ---p 00007000 08:04 537421                     /usr/lib/x86_64-linux-gnu/libffi.so.6.0.1
7ff8d46aa000-7ff8d46ab000 r--p 00006000 08:04 537421                     /usr/lib/x86_64-linux-gnu/libffi.so.6.0.1
7ff8d46ab000-7ff8d46ac000 rw-p 00007000 08:04 537421                     /usr/lib/x86_64-linux-gnu/libffi.so.6.0.1
7ff8d46ac000-7ff8d46c3000 r-xp 00000000 08:04 5785                       /lib/x86_64-linux-gnu/libresolv-2.19.so
7ff8d46c3000-7ff8d48c3000 ---p 00017000 08:04 5785                       /lib/x86_64-linux-gnu/libresolv-2.19.so
7ff8d48c3000-7ff8d48c4000 r--p 00017000 08:04 5785                       /lib/x86_64-linux-gnu/libresolv-2.19.so
7ff8d48c4000-7ff8d48c5000 rw-p 00018000 08:04 5785                       /lib/x86_64-linux-gnu/libresolv-2.19.so
7ff8d48c5000-7ff8d48c7000 rw-p 00000000 00:00 0 
7ff8d48c7000-7ff8d48e7000 r-xp 00000000 08:04 5012                       /lib/x86_64-linux-gnu/libselinux.so.1
7ff8d48e7000-7ff8d4ae6000 ---p 00020000 08:04 5012                       /lib/x86_64-linux-gnu/libselinux.so.1
7ff8d4ae6000-7ff8d4ae7000 r--p 0001f000 08:04 5012                       /lib/x86_64-linux-gnu/libselinux.so.1
7ff8d4ae7000-7ff8d4ae8000 rw-p 00020000 08:04 5012                       /lib/x86_64-linux-gnu/libselinux.so.1
7ff8d4ae8000-7ff8d4aea000 rw-p 00000000 00:00 0 
7ff8d4aea000-7ff8d4bf0000 r-xp 00000000 08:04 4912                       /lib/x86_64-linux-gnu/libglib-2.0.so.0.4002.0
7ff8d4bf0000-7ff8d4def000 ---p 00106000 08:04 4912                       /lib/x86_64-linux-gnu/libglib-2.0.so.0.4002.0
7ff8d4def000-7ff8d4df0000 r--p 00105000 08:04 4912                       /lib/x86_64-linux-gnu/libglib-2.0.so.0.4002.0
7ff8d4df0000-7ff8d4df1000 rw-p 00106000 08:04 4912                       /lib/x86_64-linux-gnu/libglib-2.0.so.0.4002.0
7ff8d4df1000-7ff8d4df2000 rw-p 00000000 00:00 0 
7ff8d4df2000-7ff8d4df5000 r-xp 00000000 08:04 537555                     /usr/lib/x86_64-linux-gnu/libgmodule-2.0.so.0.4002.0
7ff8d4df5000-7ff8d4ff4000 ---p 00003000 08:04 537555                     /usr/lib/x86_64-linux-gnu/libgmodule-2.0.so.0.4002.0
7ff8d4ff4000-7ff8d4ff5000 r--p 00002000 08:04 537555                     /usr/lib/x86_64-linux-gnu/libgmodule-2.0.so.0.4002.0
7ff8d4ff5000-7ff8d4ff6000 rw-p 00003000 08:04 537555                     /usr/lib/x86_64-linux-gnu/libgmodule-2.0.so.0.4002.0
7ff8d4ff6000-7ff8d501d000 r-xp 00000000 08:04 4903                       /lib/x86_64-linux-gnu/libexpat.so.1.6.0
7ff8d501d000-7ff8d521d000 ---p 00027000 08:04 4903                       /lib/x86_64-linux-gnu/libexpat.so.1.6.0
7ff8d521d000-7ff8d521f000 r--p 00027000 08:04 4903                       /lib/x86_64-linux-gnu/libexpat.so.1.6.0
7ff8d521f000-7ff8d5220000 rw-p 00029000 08:04 4903                       /lib/x86_64-linux-gnu/libexpat.so.1.6.0
7ff8d5220000-7ff8d52bd000 r-xp 00000000 08:04 547404                     /usr/lib/x86_64-linux-gnu/libfreetype.so.6.11.1
7ff8d52bd000-7ff8d54bc000 ---p 0009d000 08:04 547404                     /usr/lib/x86_64-linux-gnu/libfreetype.so.6.11.1
7ff8d54bc000-7ff8d54c2000 r--p 0009c000 08:04 547404                     /usr/lib/x86_64-linux-gnu/libfreetype.so.6.11.1
7ff8d54c2000-7ff8d54c3000 rw-p 000a2000 08:04 547404                     /usr/lib/x86_64-linux-gnu/libfreetype.so.6.11.1
7ff8d54c3000-7ff8d54d2000 r-xp 00000000 08:04 537214                     /usr/lib/x86_64-linux-gnu/libavahi-client.so.3.2.9
7ff8d54d2000-7ff8d56d2000 ---p 0000f000 08:04 537214                     /usr/lib/x86_64-linux-gnu/libavahi-client.so.3.2.9
7ff8d56d2000-7ff8d56d3000 r--p 0000f000 08:04 537214                     /usr/lib/x86_64-linux-gnu/libavahi-client.so.3.2.9
7ff8d56d3000-7ff8d56d4000 rw-p 00010000 08:04 537214                     /usr/lib/x86_64-linux-gnu/libavahi-client.so.3.2.9
7ff8d56d4000-7ff8d56df000 r-xp 00000000 08:04 537216                     /usr/lib/x86_64-linux-gnu/libavahi-common.so.3.5.3
7ff8d56df000-7ff8d58de000 ---p 0000b000 08:04 537216                     /usr/lib/x86_64-linux-gnu/libavahi-common.so.3.5.3
7ff8d58de000-7ff8d58df000 r--p 0000a000 08:04 537216                     /usr/lib/x86_64-linux-gnu/libavahi-common.so.3.5.3
7ff8d58df000-7ff8d58e0000 rw-p 0000b000 08:04 537216                     /usr/lib/x86_64-linux-gnu/libavahi-common.so.3.5.3
7ff8d58e0000-7ff8d5996000 r-xp 00000000 08:04 547311                     /usr/lib/x86_64-linux-gnu/libgnutls.so.26.22.6
7ff8d5996000-7ff8d5b96000 ---p 000b6000 08:04 547311                     /usr/lib/x86_64-linux-gnu/libgnutls.so.26.22.6
7ff8d5b96000-7ff8d5b9c000 r--p 000b6000 08:04 547311                     /usr/lib/x86_64-linux-gnu/libgnutls.so.26.22.6
7ff8d5b9c000-7ff8d5b9d000 rw-p 000bc000 08:04 547311                     /usr/lib/x86_64-linux-gnu/libgnutls.so.26.22.6
7ff8d5b9d000-7ff8d5b9e000 rw-p 00000000 00:00 0 
7ff8d5b9e000-7ff8d5be1000 r-xp 00000000 08:04 531278                     /usr/lib/x86_64-linux-gnu/libgssapi_krb5.so.2.2
7ff8d5be1000-7ff8d5de1000 ---p 00043000 08:04 531278                     /usr/lib/x86_64-linux-gnu/libgssapi_krb5.so.2.2
7ff8d5de1000-7ff8d5de2000 r--p 00043000 08:04 531278                     /usr/lib/x86_64-linux-gnu/libgssapi_krb5.so.2.2
7ff8d5de2000-7ff8d5de4000 rw-p 00044000 08:04 531278                     /usr/lib/x86_64-linux-gnu/libgssapi_krb5.so.2.2
7ff8d5de4000-7ff8d5e01000 r-xp 00000000 08:04 538293                     /usr/lib/x86_64-linux-gnu/libxcb.so.1.1.0
7ff8d5e01000-7ff8d6001000 ---p 0001d000 08:04 538293                     /usr/lib/x86_64-linux-gnu/libxcb.so.1.1.0
7ff8d6001000-7ff8d6002000 r--p 0001d000 08:04 538293                     /usr/lib/x86_64-linux-gnu/libxcb.so.1.1.0
7ff8d6002000-7ff8d6003000 rw-p 0001e000 08:04 538293                     /usr/lib/x86_64-linux-gnu/libxcb.so.1.1.0
7ff8d6003000-7ff8d6052000 r-xp 00000000 08:04 537579                     /usr/lib/x86_64-linux-gnu/libgobject-2.0.so.0.4002.0
7ff8d6052000-7ff8d6252000 ---p 0004f000 08:04 537579                     /usr/lib/x86_64-linux-gnu/libgobject-2.0.so.0.4002.0
7ff8d6252000-7ff8d6253000 r--p 0004f000 08:04 537579                     /usr/lib/x86_64-linux-gnu/libgobject-2.0.so.0.4002.0
7ff8d6253000-7ff8d6254000 rw-p 00050000 08:04 537579                     /usr/lib/x86_64-linux-gnu/libgobject-2.0.so.0.4002.0
7ff8d6254000-7ff8d63c0000 r-xp 00000000 08:04 537539                     /usr/lib/x86_64-linux-gnu/libgio-2.0.so.0.4002.0
7ff8d63c0000-7ff8d65bf000 ---p 0016c000 08:04 537539                     /usr/lib/x86_64-linux-gnu/libgio-2.0.so.0.4002.0
7ff8d65bf000-7ff8d65c3000 r--p 0016b000 08:04 537539                     /usr/lib/x86_64-linux-gnu/libgio-2.0.so.0.4002.0
7ff8d65c3000-7ff8d65c5000 rw-p 0016f000 08:04 537539                     /usr/lib/x86_64-linux-gnu/libgio-2.0.so.0.4002.0
7ff8d65c5000-7ff8d65c7000 rw-p 00000000 00:00 0 
7ff8d65c7000-7ff8d6601000 r-xp 00000000 08:04 537455                     /usr/lib/x86_64-linux-gnu/libfontconfig.so.1.8.0
7ff8d6601000-7ff8d6800000 ---p 0003a000 08:04 537455                     /usr/lib/x86_64-linux-gnu/libfontconfig.so.1.8.0
7ff8d6800000-7ff8d6802000 r--p 00039000 08:04 537455                     /usr/lib/x86_64-linux-gnu/libfontconfig.so.1.8.0
7ff8d6802000-7ff8d6803000 rw-p 0003b000 08:04 537455                     /usr/lib/x86_64-linux-gnu/libfontconfig.so.1.8.0
7ff8d6803000-7ff8d686f000 r-xp 00000000 08:04 537319                     /usr/lib/x86_64-linux-gnu/libcups.so.2
7ff8d686f000-7ff8d6a6f000 ---p 0006c000 08:04 537319                     /usr/lib/x86_64-linux-gnu/libcups.so.2
7ff8d6a6f000-7ff8d6a76000 r--p 0006c000 08:04 537319                     /usr/lib/x86_64-linux-gnu/libcups.so.2
7ff8d6a76000-7ff8d6a77000 rw-p 00073000 08:04 537319                     /usr/lib/x86_64-linux-gnu/libcups.so.2
7ff8d6a77000-7ff8d6a86000 r-xp 00000000 08:04 547613                     /usr/lib/x86_64-linux-gnu/libXi.so.6.1.0
7ff8d6a86000-7ff8d6c85000 ---p 0000f000 08:04 547613                     /usr/lib/x86_64-linux-gnu/libXi.so.6.1.0
7ff8d6c85000-7ff8d6c86000 r--p 0000e000 08:04 547613                     /usr/lib/x86_64-linux-gnu/libXi.so.6.1.0
7ff8d6c86000-7ff8d6c87000 rw-p 0000f000 08:04 547613                     /usr/lib/x86_64-linux-gnu/libXi.so.6.1.0
7ff8d6c87000-7ff8d6c8c000 r-xp 00000000 08:04 537147                     /usr/lib/x86_64-linux-gnu/libXtst.so.6.1.0
7ff8d6c8c000-7ff8d6e8b000 ---p 00005000 08:04 537147                     /usr/lib/x86_64-linux-gnu/libXtst.so.6.1.0
7ff8d6e8b000-7ff8d6e8c000 r--p 00004000 08:04 537147                     /usr/lib/x86_64-linux-gnu/libXtst.so.6.1.0
7ff8d6e8c000-7ff8d6e8d000 rw-p 00005000 08:04 537147                     /usr/lib/x86_64-linux-gnu/libXtst.so.6.1.0
7ff8d6e8d000-7ff8d6e96000 r-xp 00000000 08:04 547441                     /usr/lib/x86_64-linux-gnu/libXrender.so.1.3.0
7ff8d6e96000-7ff8d7095000 ---p 00009000 08:04 547441                     /usr/lib/x86_64-linux-gnu/libXrender.so.1.3.0
7ff8d7095000-7ff8d7096000 r--p 00008000 08:04 547441                     /usr/lib/x86_64-linux-gnu/libXrender.so.1.3.0
7ff8d7096000-7ff8d7097000 rw-p 00009000 08:04 547441                     /usr/lib/x86_64-linux-gnu/libXrender.so.1.3.0
7ff8d7097000-7ff8d71c7000 r-xp 00000000 08:04 537104                     /usr/lib/x86_64-linux-gnu/libX11.so.6.3.0
7ff8d71c7000-7ff8d73c7000 ---p 00130000 08:04 537104                     /usr/lib/x86_64-linux-gnu/libX11.so.6.3.0
7ff8d73c7000-7ff8d73c8000 r--p 00130000 08:04 537104                     /usr/lib/x86_64-linux-gnu/libX11.so.6.3.0
7ff8d73c8000-7ff8d73cc000 rw-p 00131000 08:04 537104                     /usr/lib/x86_64-linux-gnu/libX11.so.6.3.0
7ff8d73cc000-7ff8d73dd000 r-xp 00000000 08:04 531255                     /usr/lib/x86_64-linux-gnu/libXext.so.6.4.0
7ff8d73dd000-7ff8d75dc000 ---p 00011000 08:04 531255                     /usr/lib/x86_64-linux-gnu/libXext.so.6.4.0
7ff8d75dc000-7ff8d75dd000 r--p 00010000 08:04 531255                     /usr/lib/x86_64-linux-gnu/libXext.so.6.4.0
7ff8d75dd000-7ff8d75de000 rw-p 00011000 08:04 531255                     /usr/lib/x86_64-linux-gnu/libXext.so.6.4.0
7ff8d75de000-7ff8d7626000 r-xp 00000000 08:04 548059                     /usr/lib/jvm/java-7-openjdk-amd64/jre/lib/amd64/xawt/libmawt.so
7ff8d7626000-7ff8d7825000 ---p 00048000 08:04 548059                     /usr/lib/jvm/java-7-openjdk-amd64/jre/lib/amd64/xawt/libmawt.so
7ff8d7825000-7ff8d7826000 r--p 00047000 08:04 548059                     /usr/lib/jvm/java-7-openjdk-amd64/jre/lib/amd64/xawt/libmawt.so
7ff8d7826000-7ff8d7829000 rw-p 00048000 08:04 548059                     /usr/lib/jvm/java-7-openjdk-amd64/jre/lib/amd64/xawt/libmawt.so
7ff8d7829000-7ff8d782a000 rw-p 00000000 00:00 0 
7ff8d782a000-7ff8d78ca000 r-xp 00000000 08:04 548153                     /usr/lib/jvm/java-7-openjdk-amd64/jre/lib/amd64/libawt.so
7ff8d78ca000-7ff8d7aca000 ---p 000a0000 08:04 548153                     /usr/lib/jvm/java-7-openjdk-amd64/jre/lib/amd64/libawt.so
7ff8d7aca000-7ff8d7acb000 r--p 000a0000 08:04 548153                     /usr/lib/jvm/java-7-openjdk-amd64/jre/lib/amd64/libawt.so
7ff8d7acb000-7ff8d7ad6000 rw-p 000a1000 08:04 548153                     /usr/lib/jvm/java-7-openjdk-amd64/jre/lib/amd64/libawt.so
7ff8d7ad6000-7ff8d7afb000 rw-p 00000000 00:00 0 
7ff8d7afb000-7ff8d7afc000 ---p 00000000 00:00 0 
7ff8d7afc000-7ff8d7bfc000 rw-p 00000000 00:00 0                          [stack:7819]
7ff8d7bfc000-7ff8d7bff000 ---p 00000000 00:00 0 
7ff8d7bff000-7ff8d7cfd000 rw-p 00000000 00:00 0                          [stack:7818]
7ff8d7cfd000-7ff8d7d00000 ---p 00000000 00:00 0 
7ff8d7d00000-7ff8d7dfe000 rw-p 00000000 00:00 0                          [stack:7817]
7ff8d7dfe000-7ff8d7e01000 ---p 00000000 00:00 0 
7ff8d7e01000-7ff8d7eff000 rw-p 00000000 00:00 0                          [stack:7816]
7ff8d7eff000-7ff8d7f02000 ---p 00000000 00:00 0 
7ff8d7f02000-7ff8d8000000 rw-p 00000000 00:00 0                          [stack:7815]
7ff8d8000000-7ff8d8021000 rw-p 00000000 00:00 0 
7ff8d8021000-7ff8dc000000 ---p 00000000 00:00 0 
7ff8dc000000-7ff8dc021000 rw-p 00000000 00:00 0 
7ff8dc021000-7ff8e0000000 ---p 00000000 00:00 0 
7ff8e0000000-7ff8e0021000 rw-p 00000000 00:00 0 
7ff8e0021000-7ff8e4000000 ---p 00000000 00:00 0 
7ff8e4000000-7ff8e4021000 rw-p 00000000 00:00 0 
7ff8e4021000-7ff8e8000000 ---p 00000000 00:00 0 
7ff8e8000000-7ff8e8021000 rw-p 00000000 00:00 0 
7ff8e8021000-7ff8ec000000 ---p 00000000 00:00 0 
7ff8ec000000-7ff8ec021000 rw-p 00000000 00:00 0 
7ff8ec021000-7ff8f0000000 ---p 00000000 00:00 0 
7ff8f002a000-7ff8f02f3000 r--p 00000000 08:04 534525                     /usr/lib/locale/locale-archive
7ff8f02f3000-7ff8f02f6000 ---p 00000000 00:00 0 
7ff8f02f6000-7ff8f03f4000 rw-p 00000000 00:00 0                          [stack:7814]
7ff8f03f4000-7ff8f03f7000 ---p 00000000 00:00 0 
7ff8f03f7000-7ff8f04f5000 rw-p 00000000 00:00 0                          [stack:7813]
7ff8f04f5000-7ff8f04f6000 ---p 00000000 00:00 0 
7ff8f04f6000-7ff8f1000000 rw-p 00000000 00:00 0                          [stack:7812]
7ff8f1000000-7ff8f1270000 rwxp 00000000 00:00 0 
7ff8f1270000-7ff8f4380000 rw-p 00000000 00:00 0 
7ff8f4380000-7ff8f8000000 ---p 00000000 00:00 0 
7ff8f8000000-7ff8f8001000 r--s 00000000 08:04 421252                     /var/cache/fontconfig/56cf4f4769d0f4abc89a4895d7bd3ae1-le64.cache-4
7ff8f8001000-7ff8f8004000 r--s 00000000 08:04 405706                     /var/cache/fontconfig/e13b20fdb08344e0e664864cc2ede53d-le64.cache-4
7ff8f807e000-7ff8f9332000 rw-p 00000000 00:00 0 
7ff8f9332000-7ff8f94e3000 r--s 01d27000 08:04 548188                     /usr/lib/jvm/java-7-openjdk-amd64/jre/lib/rt.jar
7ff8f94e3000-7ff8f9a35000 rw-p 00000000 00:00 0 
7ff8f9a35000-7ff8f9a36000 ---p 00000000 00:00 0 
7ff8f9a36000-7ff8f9b36000 rw-p 00000000 00:00 0                          [stack:7811]
7ff8f9b36000-7ff8f9b37000 ---p 00000000 00:00 0 
7ff8f9b37000-7ff8f9c37000 rw-p 00000000 00:00 0                          [stack:7810]
7ff8f9c37000-7ff8f9c38000 ---p 00000000 00:00 0 
7ff8f9c38000-7ff8f9d38000 rw-p 00000000 00:00 0                          [stack:7809]
7ff8f9d38000-7ff8f9d39000 ---p 00000000 00:00 0 
7ff8f9d39000-7ff8f9e39000 rw-p 00000000 00:00 0                          [stack:7808]
7ff8f9e39000-7ff8f9e3a000 ---p 00000000 00:00 0 
7ff8f9e3a000-7ff8f9f3a000 rw-p 00000000 00:00 0                          [stack:7807]
7ff8f9f3a000-7ff8f9f3b000 ---p 00000000 00:00 0 
7ff8f9f3b000-7ff8fa03b000 rw-p 00000000 00:00 0                          [stack:7806]
7ff8fa03b000-7ff8fa03c000 ---p 00000000 00:00 0 
7ff8fa03c000-7ff8fa13c000 rw-p 00000000 00:00 0                          [stack:7805]
7ff8fa13c000-7ff8fa13d000 ---p 00000000 00:00 0 
7ff8fa13d000-7ff8fa248000 rw-p 00000000 00:00 0                          [stack:7804]
7ff8fa248000-7ff8fa290000 rw-p 00000000 00:00 0 
7ff8fa290000-7ff8fa2b9000 rw-p 00000000 00:00 0 
7ff8fa2b9000-7ff8fa523000 rw-p 00000000 00:00 0 
7ff8fa523000-7ff8fa52e000 rw-p 00000000 00:00 0 
7ff8fa52e000-7ff8fa576000 rw-p 00000000 00:00 0 
7ff8fa576000-7ff8fa59f000 rw-p 00000000 00:00 0 
7ff8fa59f000-7ff8fa808000 rw-p 00000000 00:00 0 
7ff8fa808000-7ff8fa88a000 rw-p 00000000 00:00 0 
7ff8fa88a000-7ff8fa952000 rw-p 00000000 00:00 0 
7ff8fa952000-7ff8fa953000 rw-p 00000000 00:00 0 
7ff8fa953000-7ff8fa95b000 r-xp 00000000 08:04 548164                     /usr/lib/jvm/java-7-openjdk-amd64/jre/lib/amd64/libzip.so
7ff8fa95b000-7ff8fab5a000 ---p 00008000 08:04 548164                     /usr/lib/jvm/java-7-openjdk-amd64/jre/lib/amd64/libzip.so
7ff8fab5a000-7ff8fab5b000 r--p 00007000 08:04 548164                     /usr/lib/jvm/java-7-openjdk-amd64/jre/lib/amd64/libzip.so
7ff8fab5b000-7ff8fab5c000 rw-p 00008000 08:04 548164                     /usr/lib/jvm/java-7-openjdk-amd64/jre/lib/amd64/libzip.so
7ff8fab5c000-7ff8fab67000 r-xp 00000000 08:04 5787                       /lib/x86_64-linux-gnu/libnss_files-2.19.so
7ff8fab67000-7ff8fad66000 ---p 0000b000 08:04 5787                       /lib/x86_64-linux-gnu/libnss_files-2.19.so
7ff8fad66000-7ff8fad67000 r--p 0000a000 08:04 5787                       /lib/x86_64-linux-gnu/libnss_files-2.19.so
7ff8fad67000-7ff8fad68000 rw-p 0000b000 08:04 5787                       /lib/x86_64-linux-gnu/libnss_files-2.19.so
7ff8fad68000-7ff8fad73000 r-xp 00000000 08:04 5807                       /lib/x86_64-linux-gnu/libnss_nis-2.19.so
7ff8fad73000-7ff8faf72000 ---p 0000b000 08:04 5807                       /lib/x86_64-linux-gnu/libnss_nis-2.19.so
7ff8faf72000-7ff8faf73000 r--p 0000a000 08:04 5807                       /lib/x86_64-linux-gnu/libnss_nis-2.19.so
7ff8faf73000-7ff8faf74000 rw-p 0000b000 08:04 5807                       /lib/x86_64-linux-gnu/libnss_nis-2.19.so
7ff8faf74000-7ff8faf8b000 r-xp 00000000 08:04 5796                       /lib/x86_64-linux-gnu/libnsl-2.19.so
7ff8faf8b000-7ff8fb18a000 ---p 00017000 08:04 5796                       /lib/x86_64-linux-gnu/libnsl-2.19.so
7ff8fb18a000-7ff8fb18b000 r--p 00016000 08:04 5796                       /lib/x86_64-linux-gnu/libnsl-2.19.so
7ff8fb18b000-7ff8fb18c000 rw-p 00017000 08:04 5796                       /lib/x86_64-linux-gnu/libnsl-2.19.so
7ff8fb18c000-7ff8fb18e000 rw-p 00000000 00:00 0 
7ff8fb18e000-7ff8fb197000 r-xp 00000000 08:04 5795                       /lib/x86_64-linux-gnu/libnss_compat-2.19.so
7ff8fb197000-7ff8fb396000 ---p 00009000 08:04 5795                       /lib/x86_64-linux-gnu/libnss_compat-2.19.so
7ff8fb396000-7ff8fb397000 r--p 00008000 08:04 5795                       /lib/x86_64-linux-gnu/libnss_compat-2.19.so
7ff8fb397000-7ff8fb398000 rw-p 00009000 08:04 5795                       /lib/x86_64-linux-gnu/libnss_compat-2.19.so
7ff8fb398000-7ff8fb3c3000 r-xp 00000000 08:04 548180                     /usr/lib/jvm/java-7-openjdk-amd64/jre/lib/amd64/libjava.so
7ff8fb3c3000-7ff8fb5c3000 ---p 0002b000 08:04 548180                     /usr/lib/jvm/java-7-openjdk-amd64/jre/lib/amd64/libjava.so
7ff8fb5c3000-7ff8fb5c4000 r--p 0002b000 08:04 548180                     /usr/lib/jvm/java-7-openjdk-amd64/jre/lib/amd64/libjava.so
7ff8fb5c4000-7ff8fb5c6000 rw-p 0002c000 08:04 548180                     /usr/lib/jvm/java-7-openjdk-amd64/jre/lib/amd64/libjava.so
7ff8fb5c6000-7ff8fb5d6000 r-xp 00000000 08:04 548177                     /usr/lib/jvm/java-7-openjdk-amd64/jre/lib/amd64/libverify.so
7ff8fb5d6000-7ff8fb7d5000 ---p 00010000 08:04 548177                     /usr/lib/jvm/java-7-openjdk-amd64/jre/lib/amd64/libverify.so
7ff8fb7d5000-7ff8fb7d7000 r--p 0000f000 08:04 548177                     /usr/lib/jvm/java-7-openjdk-amd64/jre/lib/amd64/libverify.so
7ff8fb7d7000-7ff8fb7d8000 rw-p 00011000 08:04 548177                     /usr/lib/jvm/java-7-openjdk-amd64/jre/lib/amd64/libverify.so
7ff8fb7d8000-7ff8fb7df000 r-xp 00000000 08:04 5804                       /lib/x86_64-linux-gnu/librt-2.19.so
7ff8fb7df000-7ff8fb9de000 ---p 00007000 08:04 5804                       /lib/x86_64-linux-gnu/librt-2.19.so
7ff8fb9de000-7ff8fb9df000 r--p 00006000 08:04 5804                       /lib/x86_64-linux-gnu/librt-2.19.so
7ff8fb9df000-7ff8fb9e0000 rw-p 00007000 08:04 5804                       /lib/x86_64-linux-gnu/librt-2.19.so
7ff8fb9e0000-7ff8fb9f6000 r-xp 00000000 08:04 4908                       /lib/x86_64-linux-gnu/libgcc_s.so.1
7ff8fb9f6000-7ff8fbbf5000 ---p 00016000 08:04 4908                       /lib/x86_64-linux-gnu/libgcc_s.so.1
7ff8fbbf5000-7ff8fbbf6000 rw-p 00015000 08:04 4908                       /lib/x86_64-linux-gnu/libgcc_s.so.1
7ff8fbbf6000-7ff8fbcfb000 r-xp 00000000 08:04 5786                       /lib/x86_64-linux-gnu/libm-2.19.so
7ff8fbcfb000-7ff8fbefa000 ---p 00105000 08:04 5786                       /lib/x86_64-linux-gnu/libm-2.19.so
7ff8fbefa000-7ff8fbefb000 r--p 00104000 08:04 5786                       /lib/x86_64-linux-gnu/libm-2.19.so
7ff8fbefb000-7ff8fbefc000 rw-p 00105000 08:04 5786                       /lib/x86_64-linux-gnu/libm-2.19.so
7ff8fbefc000-7ff8fbfe2000 r-xp 00000000 08:04 538134                     /usr/lib/x86_64-linux-gnu/libstdc++.so.6.0.19
7ff8fbfe2000-7ff8fc1e1000 ---p 000e6000 08:04 538134                     /usr/lib/x86_64-linux-gnu/libstdc++.so.6.0.19
7ff8fc1e1000-7ff8fc1e9000 r--p 000e5000 08:04 538134                     /usr/lib/x86_64-linux-gnu/libstdc++.so.6.0.19
7ff8fc1e9000-7ff8fc1eb000 rw-p 000ed000 08:04 538134                     /usr/lib/x86_64-linux-gnu/libstdc++.so.6.0.19
7ff8fc1eb000-7ff8fc200000 rw-p 00000000 00:00 0 
7ff8fc200000-7ff8fcd18000 r-xp 00000000 08:04 548185                     /usr/lib/jvm/java-7-openjdk-amd64/jre/lib/amd64/server/libjvm.so
7ff8fcd18000-7ff8fcf18000 ---p 00b18000 08:04 548185                     /usr/lib/jvm/java-7-openjdk-amd64/jre/lib/amd64/server/libjvm.so
7ff8fcf18000-7ff8fcfb2000 r--p 00b18000 08:04 548185                     /usr/lib/jvm/java-7-openjdk-amd64/jre/lib/amd64/server/libjvm.so
7ff8fcfb2000-7ff8fcfd5000 rw-p 00bb2000 08:04 548185                     /usr/lib/jvm/java-7-openjdk-amd64/jre/lib/amd64/server/libjvm.so
7ff8fcfd5000-7ff8fd003000 rw-p 00000000 00:00 0 
7ff8fd003000-7ff8fd01b000 r-xp 00000000 08:04 5045                       /lib/x86_64-linux-gnu/libz.so.1.2.8
7ff8fd01b000-7ff8fd21a000 ---p 00018000 08:04 5045                       /lib/x86_64-linux-gnu/libz.so.1.2.8
7ff8fd21a000-7ff8fd21b000 r--p 00017000 08:04 5045                       /lib/x86_64-linux-gnu/libz.so.1.2.8
7ff8fd21b000-7ff8fd21c000 rw-p 00018000 08:04 5045                       /lib/x86_64-linux-gnu/libz.so.1.2.8
7ff8fd21c000-7ff8fd235000 r-xp 00000000 08:04 5802                       /lib/x86_64-linux-gnu/libpthread-2.19.so
7ff8fd235000-7ff8fd434000 ---p 00019000 08:04 5802                       /lib/x86_64-linux-gnu/libpthread-2.19.so
7ff8fd434000-7ff8fd435000 r--p 00018000 08:04 5802                       /lib/x86_64-linux-gnu/libpthread-2.19.so
7ff8fd435000-7ff8fd436000 rw-p 00019000 08:04 5802                       /lib/x86_64-linux-gnu/libpthread-2.19.so
7ff8fd436000-7ff8fd43a000 rw-p 00000000 00:00 0 
7ff8fd43a000-7ff8fd43d000 r-xp 00000000 08:04 5790                       /lib/x86_64-linux-gnu/libdl-2.19.so
7ff8fd43d000-7ff8fd63c000 ---p 00003000 08:04 5790                       /lib/x86_64-linux-gnu/libdl-2.19.so
7ff8fd63c000-7ff8fd63d000 r--p 00002000 08:04 5790                       /lib/x86_64-linux-gnu/libdl-2.19.so
7ff8fd63d000-7ff8fd63e000 rw-p 00003000 08:04 5790                       /lib/x86_64-linux-gnu/libdl-2.19.so
7ff8fd63e000-7ff8fd7f9000 r-xp 00000000 08:04 5801                       /lib/x86_64-linux-gnu/libc-2.19.so
7ff8fd7f9000-7ff8fd9f8000 ---p 001bb000 08:04 5801                       /lib/x86_64-linux-gnu/libc-2.19.so
7ff8fd9f8000-7ff8fd9fc000 r--p 001ba000 08:04 5801                       /lib/x86_64-linux-gnu/libc-2.19.so
7ff8fd9fc000-7ff8fd9fe000 rw-p 001be000 08:04 5801                       /lib/x86_64-linux-gnu/libc-2.19.so
7ff8fd9fe000-7ff8fda03000 rw-p 00000000 00:00 0 
7ff8fda03000-7ff8fda10000 r-xp 00000000 08:04 548156                     /usr/lib/jvm/java-7-openjdk-amd64/jre/lib/amd64/jli/libjli.so
7ff8fda10000-7ff8fdc0f000 ---p 0000d000 08:04 548156                     /usr/lib/jvm/java-7-openjdk-amd64/jre/lib/amd64/jli/libjli.so
7ff8fdc0f000-7ff8fdc10000 r--p 0000c000 08:04 548156                     /usr/lib/jvm/java-7-openjdk-amd64/jre/lib/amd64/jli/libjli.so
7ff8fdc10000-7ff8fdc11000 rw-p 0000d000 08:04 548156                     /usr/lib/jvm/java-7-openjdk-amd64/jre/lib/amd64/jli/libjli.so
7ff8fdc11000-7ff8fdc34000 r-xp 00000000 08:04 5798                       /lib/x86_64-linux-gnu/ld-2.19.so
7ff8fdc34000-7ff8fdc38000 r--s 00000000 08:04 421258                     /var/cache/fontconfig/7ef2298fde41cc6eeb7af42e48b7d293-le64.cache-4
7ff8fdc41000-7ff8fdc42000 rw-p 00000000 00:00 0 
7ff8fdc42000-7ff8fdc4c000 r--s 000ae000 08:04 548150                     /usr/lib/jvm/java-7-openjdk-amd64/jre/lib/resources.jar
7ff8fdc4c000-7ff8fdc56000 rw-p 00000000 00:00 0 
7ff8fdc56000-7ff8fdd0c000 rw-p 00000000 00:00 0 
7ff8fdd0c000-7ff8fdd0f000 ---p 00000000 00:00 0 
7ff8fdd0f000-7ff8fde12000 rw-p 00000000 00:00 0                          [stack:7803]
7ff8fde12000-7ff8fde13000 r--s 00000000 08:04 421266                     /var/cache/fontconfig/b9d506c9ac06c20b433354fa67a72993-le64.cache-4
7ff8fde13000-7ff8fde14000 r--s 00000000 08:04 421241                     /var/cache/fontconfig/0c9eb80ebd1c36541ebe2852d3bb0c49-le64.cache-4
7ff8fde14000-7ff8fde18000 r--s 00034000 08:04 548195                     /usr/lib/jvm/java-7-openjdk-amd64/jre/lib/ext/sunjce_provider.jar
7ff8fde18000-7ff8fde1b000 r--s 0000f000 08:04 548191                     /usr/lib/jvm/java-7-openjdk-amd64/jre/lib/ext/icedtea-sound.jar
7ff8fde1b000-7ff8fde1e000 r--s 00086000 08:04 548194                     /usr/lib/jvm/java-7-openjdk-amd64/jre/lib/ext/localedata.jar
7ff8fde1e000-7ff8fde1f000 r--s 00002000 08:04 548192                     /usr/lib/jvm/java-7-openjdk-amd64/jre/lib/ext/dnsns.jar
7ff8fde1f000-7ff8fde21000 r--s 00012000 08:04 548196                     /usr/lib/jvm/java-7-openjdk-amd64/jre/lib/ext/zipfs.jar
7ff8fde21000-7ff8fde25000 r--s 0003c000 08:04 548193                     /usr/lib/jvm/java-7-openjdk-amd64/jre/lib/ext/sunpkcs11.jar
7ff8fde25000-7ff8fde27000 r--s 00006000 08:04 8591                       /usr/share/java/java-atk-wrapper.jar
7ff8fde27000-7ff8fde2f000 rw-s 00000000 08:04 811438                     /tmp/hsperfdata_ted/7798
7ff8fde2f000-7ff8fde30000 rw-p 00000000 00:00 0 
7ff8fde30000-7ff8fde31000 ---p 00000000 00:00 0 
7ff8fde31000-7ff8fde33000 rw-p 00000000 00:00 0 
7ff8fde33000-7ff8fde34000 r--p 00022000 08:04 5798                       /lib/x86_64-linux-gnu/ld-2.19.so
7ff8fde34000-7ff8fde35000 rw-p 00023000 08:04 5798                       /lib/x86_64-linux-gnu/ld-2.19.so
7ff8fde35000-7ff8fde36000 rw-p 00000000 00:00 0 
7ffd6428c000-7ffd642ad000 rw-p 00000000 00:00 0                          [stack]
7ffd6435d000-7ffd6435f000 r--p 00000000 00:00 0                          [vvar]
7ffd6435f000-7ffd64361000 r-xp 00000000 00:00 0                          [vdso]
ffffffffff600000-ffffffffff601000 r-xp 00000000 00:00 0                  [vsyscall]

VM Arguments:
jvm_args: -Dfile.encoding=UTF-8 
java_command: CheckersGUI
Launcher Type: SUN_STANDARD

Environment Variables:
PATH=/usr/local/sbin:/usr/local/bin:/usr/sbin:/usr/bin:/sbin:/bin:/usr/games:/usr/local/games
USERNAME=ted
SHELL=/bin/bash
DISPLAY=:0

Signal Handlers:
SIGSEGV: [libjvm.so+0x94b9a0], sa_mask[0]=0x7ffbfeff, sa_flags=0x10000004
SIGBUS: [libjvm.so+0x94b9a0], sa_mask[0]=0x7ffbfeff, sa_flags=0x10000004
SIGFPE: [libjvm.so+0x7c3880], sa_mask[0]=0x7ffbfeff, sa_flags=0x10000004
SIGPIPE: [libjvm.so+0x7c3880], sa_mask[0]=0x7ffbfeff, sa_flags=0x10000004
SIGXFSZ: [libjvm.so+0x7c3880], sa_mask[0]=0x7ffbfeff, sa_flags=0x10000004
SIGILL: [libjvm.so+0x7c3880], sa_mask[0]=0x7ffbfeff, sa_flags=0x10000004
SIGUSR1: SIG_DFL, sa_mask[0]=0x00000000, sa_flags=0x00000000
SIGUSR2: [libjvm.so+0x7c3720], sa_mask[0]=0x00000004, sa_flags=0x10000004
SIGHUP: [libjvm.so+0x7c3900], sa_mask[0]=0x7ffbfeff, sa_flags=0x10000004
SIGINT: [libjvm.so+0x7c3900], sa_mask[0]=0x7ffbfeff, sa_flags=0x10000004
SIGTERM: [libjvm.so+0x7c3900], sa_mask[0]=0x7ffbfeff, sa_flags=0x10000004
SIGQUIT: [libjvm.so+0x7c3900], sa_mask[0]=0x7ffbfeff, sa_flags=0x10000004
SIGTRAP: SIG_DFL, sa_mask[0]=0x00000000, sa_flags=0x00000000


---------------  S Y S T E M  ---------------

OS:LinuxMint 17.1 (rebecca)
uname:Linux 3.19.0-18-generic #18~14.04.1-Ubuntu SMP Wed May 20 09:38:33 UTC 2015 x86_64
libc:glibc 2.19 NPTL 2.19 
rlimit: STACK 8192k, CORE 0k, NPROC 31284, NOFILE 4096, AS infinity
load average:0.18 0.37 0.28

/proc/meminfo:
MemTotal:        8089624 kB
MemFree:          139008 kB
MemAvailable:      83964 kB
Buffers:             484 kB
Cached:           387480 kB
SwapCached:            0 kB
Active:          7443732 kB
Inactive:         325428 kB
Active(anon):    7429688 kB
Inactive(anon):   312264 kB
Active(file):      14044 kB
Inactive(file):    13164 kB
Unevictable:          16 kB
Mlocked:              16 kB
SwapTotal:             0 kB
SwapFree:              0 kB
Dirty:               604 kB
Writeback:             0 kB
AnonPages:       7380288 kB
Mapped:           153432 kB
Shmem:            361740 kB
Slab:              67576 kB
SReclaimable:      31636 kB
SUnreclaim:        35940 kB
KernelStack:       17056 kB
PageTables:        43344 kB
NFS_Unstable:          0 kB
Bounce:                0 kB
WritebackTmp:          0 kB
CommitLimit:     4044812 kB
Committed_AS:   14634596 kB
VmallocTotal:   34359738367 kB
VmallocUsed:      364940 kB
VmallocChunk:   34359310176 kB
HardwareCorrupted:     0 kB
AnonHugePages:   5562368 kB
CmaTotal:              0 kB
CmaFree:               0 kB
HugePages_Total:       0
HugePages_Free:        0
HugePages_Rsvd:        0
HugePages_Surp:        0
Hugepagesize:       2048 kB
DirectMap4k:      122980 kB
DirectMap2M:     3985408 kB
DirectMap1G:     4194304 kB


CPU:total 8 (4 cores per cpu, 2 threads per core) family 6 model 60 stepping 3, cmov, cx8, fxsr, mmx, sse, sse2, sse3, ssse3, sse4.1, sse4.2, popcnt, avx, avx2, aes, erms, ht, tsc, tscinvbit

/proc/cpuinfo:
processor	: 0
vendor_id	: GenuineIntel
cpu family	: 6
model		: 60
model name	: Intel(R) Core(TM) i7-4710HQ CPU @ 2.50GHz
stepping	: 3
microcode	: 0x17
cpu MHz		: 3312.011
cache size	: 6144 KB
physical id	: 0
siblings	: 8
core id		: 0
cpu cores	: 4
apicid		: 0
initial apicid	: 0
fpu		: yes
fpu_exception	: yes
cpuid level	: 13
wp		: yes
flags		: fpu vme de pse tsc msr pae mce cx8 apic sep mtrr pge mca cmov pat pse36 clflush dts acpi mmx fxsr sse sse2 ss ht tm pbe syscall nx pdpe1gb rdtscp lm constant_tsc arch_perfmon pebs bts rep_good nopl xtopology nonstop_tsc aperfmperf eagerfpu pni pclmulqdq dtes64 monitor ds_cpl vmx est tm2 ssse3 fma cx16 xtpr pdcm pcid sse4_1 sse4_2 x2apic movbe popcnt tsc_deadline_timer aes xsave avx f16c rdrand lahf_lm abm ida arat epb pln pts dtherm tpr_shadow vnmi flexpriority ept vpid fsgsbase tsc_adjust bmi1 avx2 smep bmi2 erms invpcid xsaveopt
bugs		:
bogomips	: 4988.61
clflush size	: 64
cache_alignment	: 64
address sizes	: 39 bits physical, 48 bits virtual
power management:

processor	: 1
vendor_id	: GenuineIntel
cpu family	: 6
model		: 60
model name	: Intel(R) Core(TM) i7-4710HQ CPU @ 2.50GHz
stepping	: 3
microcode	: 0x17
cpu MHz		: 1300.683
cache size	: 6144 KB
physical id	: 0
siblings	: 8
core id		: 1
cpu cores	: 4
apicid		: 2
initial apicid	: 2
fpu		: yes
fpu_exception	: yes
cpuid level	: 13
wp		: yes
flags		: fpu vme de pse tsc msr pae mce cx8 apic sep mtrr pge mca cmov pat pse36 clflush dts acpi mmx fxsr sse sse2 ss ht tm pbe syscall nx pdpe1gb rdtscp lm constant_tsc arch_perfmon pebs bts rep_good nopl xtopology nonstop_tsc aperfmperf eagerfpu pni pclmulqdq dtes64 monitor ds_cpl vmx est tm2 ssse3 fma cx16 xtpr pdcm pcid sse4_1 sse4_2 x2apic movbe popcnt tsc_deadline_timer aes xsave avx f16c rdrand lahf_lm abm ida arat epb pln pts dtherm tpr_shadow vnmi flexpriority ept vpid fsgsbase tsc_adjust bmi1 avx2 smep bmi2 erms invpcid xsaveopt
bugs		:
bogomips	: 4988.61
clflush size	: 64
cache_alignment	: 64
address sizes	: 39 bits physical, 48 bits virtual
power management:

processor	: 2
vendor_id	: GenuineIntel
cpu family	: 6
model		: 60
model name	: Intel(R) Core(TM) i7-4710HQ CPU @ 2.50GHz
stepping	: 3
microcode	: 0x17
cpu MHz		: 1033.691
cache size	: 6144 KB
physical id	: 0
siblings	: 8
core id		: 2
cpu cores	: 4
apicid		: 4
initial apicid	: 4
fpu		: yes
fpu_exception	: yes
cpuid level	: 13
wp		: yes
flags		: fpu vme de pse tsc msr pae mce cx8 apic sep mtrr pge mca cmov pat pse36 clflush dts acpi mmx fxsr sse sse2 ss ht tm pbe syscall nx pdpe1gb rdtscp lm constant_tsc arch_perfmon pebs bts rep_good nopl xtopology nonstop_tsc aperfmperf eagerfpu pni pclmulqdq dtes64 monitor ds_cpl vmx est tm2 ssse3 fma cx16 xtpr pdcm pcid sse4_1 sse4_2 x2apic movbe popcnt tsc_deadline_timer aes xsave avx f16c rdrand lahf_lm abm ida arat epb pln pts dtherm tpr_shadow vnmi flexpriority ept vpid fsgsbase tsc_adjust bmi1 avx2 smep bmi2 erms invpcid xsaveopt
bugs		:
bogomips	: 4988.61
clflush size	: 64
cache_alignment	: 64
address sizes	: 39 bits physical, 48 bits virtual
power management:

processor	: 3
vendor_id	: GenuineIntel
cpu family	: 6
model		: 60
model name	: Intel(R) Core(TM) i7-4710HQ CPU @ 2.50GHz
stepping	: 3
microcode	: 0x17
cpu MHz		: 2309.863
cache size	: 6144 KB
physical id	: 0
siblings	: 8
core id		: 3
cpu cores	: 4
apicid		: 6
initial apicid	: 6
fpu		: yes
fpu_exception	: yes
cpuid level	: 13
wp		: yes
flags		: fpu vme de pse tsc msr pae mce cx8 apic sep mtrr pge mca cmov pat pse36 clflush dts acpi mmx fxsr sse sse2 ss ht tm pbe syscall nx pdpe1gb rdtscp lm constant_tsc arch_perfmon pebs bts rep_good nopl xtopology nonstop_tsc aperfmperf eagerfpu pni pclmulqdq dtes64 monitor ds_cpl vmx est tm2 ssse3 fma cx16 xtpr pdcm pcid sse4_1 sse4_2 x2apic movbe popcnt tsc_deadline_timer aes xsave avx f16c rdrand lahf_lm abm ida arat epb pln pts dtherm tpr_shadow vnmi flexpriority ept vpid fsgsbase tsc_adjust bmi1 avx2 smep bmi2 erms invpcid xsaveopt
bugs		:
bogomips	: 4988.61
clflush size	: 64
cache_alignment	: 64
address sizes	: 39 bits physical, 48 bits virtual
power management:

processor	: 4
vendor_id	: GenuineIntel
cpu family	: 6
model		: 60
model name	: Intel(R) Core(TM) i7-4710HQ CPU @ 2.50GHz
stepping	: 3
microcode	: 0x17
cpu MHz		: 965.527
cache size	: 6144 KB
physical id	: 0
siblings	: 8
core id		: 0
cpu cores	: 4
apicid		: 1
initial apicid	: 1
fpu		: yes
fpu_exception	: yes
cpuid level	: 13
wp		: yes
flags		: fpu vme de pse tsc msr pae mce cx8 apic sep mtrr pge mca cmov pat pse36 clflush dts acpi mmx fxsr sse sse2 ss ht tm pbe syscall nx pdpe1gb rdtscp lm constant_tsc arch_perfmon pebs bts rep_good nopl xtopology nonstop_tsc aperfmperf eagerfpu pni pclmulqdq dtes64 monitor ds_cpl vmx est tm2 ssse3 fma cx16 xtpr pdcm pcid sse4_1 sse4_2 x2apic movbe popcnt tsc_deadline_timer aes xsave avx f16c rdrand lahf_lm abm ida arat epb pln pts dtherm tpr_shadow vnmi flexpriority ept vpid fsgsbase tsc_adjust bmi1 avx2 smep bmi2 erms invpcid xsaveopt
bugs		:
bogomips	: 4988.61
clflush size	: 64
cache_alignment	: 64
address sizes	: 39 bits physical, 48 bits virtual
power management:

processor	: 5
vendor_id	: GenuineIntel
cpu family	: 6
model		: 60
model name	: Intel(R) Core(TM) i7-4710HQ CPU @ 2.50GHz
stepping	: 3
microcode	: 0x17
cpu MHz		: 3158.300
cache size	: 6144 KB
physical id	: 0
siblings	: 8
core id		: 1
cpu cores	: 4
apicid		: 3
initial apicid	: 3
fpu		: yes
fpu_exception	: yes
cpuid level	: 13
wp		: yes
flags		: fpu vme de pse tsc msr pae mce cx8 apic sep mtrr pge mca cmov pat pse36 clflush dts acpi mmx fxsr sse sse2 ss ht tm pbe syscall nx pdpe1gb rdtscp lm constant_tsc arch_perfmon pebs bts rep_good nopl xtopology nonstop_tsc aperfmperf eagerfpu pni pclmulqdq dtes64 monitor ds_cpl vmx est tm2 ssse3 fma cx16 xtpr pdcm pcid sse4_1 sse4_2 x2apic movbe popcnt tsc_deadline_timer aes xsave avx f16c rdrand lahf_lm abm ida arat epb pln pts dtherm tpr_shadow vnmi flexpriority ept vpid fsgsbase tsc_adjust bmi1 avx2 smep bmi2 erms invpcid xsaveopt
bugs		:
bogomips	: 4988.61
clflush size	: 64
cache_alignment	: 64
address sizes	: 39 bits physical, 48 bits virtual
power management:

processor	: 6
vendor_id	: GenuineIntel
cpu family	: 6
model		: 60
model name	: Intel(R) Core(TM) i7-4710HQ CPU @ 2.50GHz
stepping	: 3
microcode	: 0x17
cpu MHz		: 1081.835
cache size	: 6144 KB
physical id	: 0
siblings	: 8
core id		: 2
cpu cores	: 4
apicid		: 5
initial apicid	: 5
fpu		: yes
fpu_exception	: yes
cpuid level	: 13
wp		: yes
flags		: fpu vme de pse tsc msr pae mce cx8 apic sep mtrr pge mca cmov pat pse36 clflush dts acpi mmx fxsr sse sse2 ss ht tm pbe syscall nx pdpe1gb rdtscp lm constant_tsc arch_perfmon pebs bts rep_good nopl xtopology nonstop_tsc aperfmperf eagerfpu pni pclmulqdq dtes64 monitor ds_cpl vmx est tm2 ssse3 fma cx16 xtpr pdcm pcid sse4_1 sse4_2 x2apic movbe popcnt tsc_deadline_timer aes xsave avx f16c rdrand lahf_lm abm ida arat epb pln pts dtherm tpr_shadow vnmi flexpriority ept vpid fsgsbase tsc_adjust bmi1 avx2 smep bmi2 erms invpcid xsaveopt
bugs		:
bogomips	: 4988.61
clflush size	: 64
cache_alignment	: 64
address sizes	: 39 bits physical, 48 bits virtual
power management:

processor	: 7
vendor_id	: GenuineIntel
cpu family	: 6
model		: 60
model name	: Intel(R) Core(TM) i7-4710HQ CPU @ 2.50GHz
stepping	: 3
microcode	: 0x17
cpu MHz		: 984.472
cache size	: 6144 KB
physical id	: 0
siblings	: 8
core id		: 3
cpu cores	: 4
apicid		: 7
initial apicid	: 7
fpu		: yes
fpu_exception	: yes
cpuid level	: 13
wp		: yes
flags		: fpu vme de pse tsc msr pae mce cx8 apic sep mtrr pge mca cmov pat pse36 clflush dts acpi mmx fxsr sse sse2 ss ht tm pbe syscall nx pdpe1gb rdtscp lm constant_tsc arch_perfmon pebs bts rep_good nopl xtopology nonstop_tsc aperfmperf eagerfpu pni pclmulqdq dtes64 monitor ds_cpl vmx est tm2 ssse3 fma cx16 xtpr pdcm pcid sse4_1 sse4_2 x2apic movbe popcnt tsc_deadline_timer aes xsave avx f16c rdrand lahf_lm abm ida arat epb pln pts dtherm tpr_shadow vnmi flexpriority ept vpid fsgsbase tsc_adjust bmi1 avx2 smep bmi2 erms invpcid xsaveopt
bugs		:
bogomips	: 4988.61
clflush size	: 64
cache_alignment	: 64
address sizes	: 39 bits physical, 48 bits virtual
power management:



Memory: 4k page, physical 8089624k(140016k free), swap 0k(0k free)

vm_info: OpenJDK 64-Bit Server VM (24.79-b02) for linux-amd64 JRE (1.7.0_79-b14), built on Apr 16 2015 08:21:58 by "buildd" with gcc 4.8.2

time: Fri Jun  5 16:03:12 2015
elapsed time: 15 seconds

